[3.749s] Invoking command in '/home/tomasz/Desktop/sese_ws/src/python_parameters': DEBUGINFOD_URLS=https://debuginfod.ubuntu.com PYTHONPATH=/home/tomasz/Desktop/sese_ws/build/python_parameters/prefix_override:/usr/lib/python3/dist-packages/colcon_core/task/python/colcon_distutils_commands:/home/tomasz/Desktop/sese_ws/install/python_parameters/lib/python3.12/site-packages:${PYTHONPATH} /usr/bin/python3 -W ignore:setup.py install is deprecated setup.py egg_info --egg-base ../../build/python_parameters build --build-base /home/tomasz/Desktop/sese_ws/build/python_parameters/build install --record /home/tomasz/Desktop/sese_ws/build/python_parameters/install.log --single-version-externally-managed install_data
[4.508s] running egg_info
[4.565s] writing ../../build/python_parameters/python_parameters.egg-info/PKG-INFO
[4.566s] writing dependency_links to ../../build/python_parameters/python_parameters.egg-info/dependency_links.txt
[4.566s] writing entry points to ../../build/python_parameters/python_parameters.egg-info/entry_points.txt
[4.566s] writing requirements to ../../build/python_parameters/python_parameters.egg-info/requires.txt
[4.567s] writing top-level names to ../../build/python_parameters/python_parameters.egg-info/top_level.txt
[4.682s] reading manifest file '../../build/python_parameters/python_parameters.egg-info/SOURCES.txt'
[4.682s] adding license file 'LICENSE'
[4.684s] writing manifest file '../../build/python_parameters/python_parameters.egg-info/SOURCES.txt'
[4.684s] running build
[4.684s] running build_py
[4.685s] running install
[4.700s] running install_lib
[4.760s] running install_data
[4.761s] running install_egg_info
[4.824s] removing '/home/tomasz/Desktop/sese_ws/install/python_parameters/lib/python3.12/site-packages/python_parameters-0.0.0-py3.12.egg-info' (and everything under it)
[4.826s] Copying ../../build/python_parameters/python_parameters.egg-info to /home/tomasz/Desktop/sese_ws/install/python_parameters/lib/python3.12/site-packages/python_parameters-0.0.0-py3.12.egg-info
[4.829s] running install_scripts
[5.242s] Installing minimal_param_node script to /home/tomasz/Desktop/sese_ws/install/python_parameters/lib/python_parameters
[5.243s] writing list of installed files to '/home/tomasz/Desktop/sese_ws/build/python_parameters/install.log'
[5.313s] Invoked command in '/home/tomasz/Desktop/sese_ws/src/python_parameters' returned '0': DEBUGINFOD_URLS=https://debuginfod.ubuntu.com PYTHONPATH=/home/tomasz/Desktop/sese_ws/build/python_parameters/prefix_override:/usr/lib/python3/dist-packages/colcon_core/task/python/colcon_distutils_commands:/home/tomasz/Desktop/sese_ws/install/python_parameters/lib/python3.12/site-packages:${PYTHONPATH} /usr/bin/python3 -W ignore:setup.py install is deprecated setup.py egg_info --egg-base ../../build/python_parameters build --build-base /home/tomasz/Desktop/sese_ws/build/python_parameters/build install --record /home/tomasz/Desktop/sese_ws/build/python_parameters/install.log --single-version-externally-managed install_data
