[1.650s] Invoking command in '/home/tomasz/Desktop/sese_ws/src/gs_package': DEBUGINFOD_URLS=https://debuginfod.ubuntu.com PYTHONPATH=/home/tomasz/Desktop/sese_ws/build/gs_package/prefix_override:/usr/lib/python3/dist-packages/colcon_core/task/python/colcon_distutils_commands:/home/tomasz/Desktop/sese_ws/install/gs_package/lib/python3.12/site-packages:${PYTHONPATH} /usr/bin/python3 -W ignore:setup.py install is deprecated -W ignore:easy_install command is deprecated setup.py egg_info --egg-base ../../build/gs_package build --build-base /home/tomasz/Desktop/sese_ws/build/gs_package/build install --record /home/tomasz/Desktop/sese_ws/build/gs_package/install.log --single-version-externally-managed install_data
[1.972s] running egg_info
[1.997s] writing ../../build/gs_package/gs_package.egg-info/PKG-INFO
[1.998s] writing dependency_links to ../../build/gs_package/gs_package.egg-info/dependency_links.txt
[1.998s] writing entry points to ../../build/gs_package/gs_package.egg-info/entry_points.txt
[1.998s] writing requirements to ../../build/gs_package/gs_package.egg-info/requires.txt
[1.998s] writing top-level names to ../../build/gs_package/gs_package.egg-info/top_level.txt
[2.048s] reading manifest file '../../build/gs_package/gs_package.egg-info/SOURCES.txt'
[2.049s] adding license file 'LICENSE'
[2.049s] writing manifest file '../../build/gs_package/gs_package.egg-info/SOURCES.txt'
[2.049s] running build
[2.050s] running build_py
[2.050s] running install
[2.057s] running install_lib
[2.082s] running install_data
[2.083s] running install_egg_info
[2.110s] removing '/home/tomasz/Desktop/sese_ws/install/gs_package/lib/python3.12/site-packages/gs_package-0.0.0-py3.12.egg-info' (and everything under it)
[2.110s] Copying ../../build/gs_package/gs_package.egg-info to /home/tomasz/Desktop/sese_ws/install/gs_package/lib/python3.12/site-packages/gs_package-0.0.0-py3.12.egg-info
[2.111s] running install_scripts
[2.278s] Installing point script to /home/tomasz/Desktop/sese_ws/install/gs_package/lib/gs_package
[2.278s] Installing publish script to /home/tomasz/Desktop/sese_ws/install/gs_package/lib/gs_package
[2.278s] Installing subscribe script to /home/tomasz/Desktop/sese_ws/install/gs_package/lib/gs_package
[2.278s] writing list of installed files to '/home/tomasz/Desktop/sese_ws/build/gs_package/install.log'
[2.359s] Invoked command in '/home/tomasz/Desktop/sese_ws/src/gs_package' returned '0': DEBUGINFOD_URLS=https://debuginfod.ubuntu.com PYTHONPATH=/home/tomasz/Desktop/sese_ws/build/gs_package/prefix_override:/usr/lib/python3/dist-packages/colcon_core/task/python/colcon_distutils_commands:/home/tomasz/Desktop/sese_ws/install/gs_package/lib/python3.12/site-packages:${PYTHONPATH} /usr/bin/python3 -W ignore:setup.py install is deprecated -W ignore:easy_install command is deprecated setup.py egg_info --egg-base ../../build/gs_package build --build-base /home/tomasz/Desktop/sese_ws/build/gs_package/build install --record /home/tomasz/Desktop/sese_ws/build/gs_package/install.log --single-version-externally-managed install_data
