[5.733s] Invoking command in '/home/tomasz/Desktop/sese_ws/build/examples_rclpy_minimal_action_client': DEBUGINFOD_URLS=https://debuginfod.ubuntu.com PYTHONPATH=/home/tomasz/Desktop/sese_ws/build/examples_rclpy_minimal_action_client/prefix_override:/usr/lib/python3/dist-packages/colcon_core/task/python/colcon_distutils_commands:/home/tomasz/Desktop/sese_ws/install/examples_rclpy_minimal_action_client/lib/python3.12/site-packages:${PYTHONPATH} /usr/bin/python3 -W ignore:setup.py install is deprecated setup.py develop --editable --build-directory /home/tomasz/Desktop/sese_ws/build/examples_rclpy_minimal_action_client/build --no-deps symlink_data
[49.609s] running develop
[49.619s] running egg_info
[49.619s] creating examples_rclpy_minimal_action_client.egg-info
[49.619s] writing examples_rclpy_minimal_action_client.egg-info/PKG-INFO
[49.619s] writing dependency_links to examples_rclpy_minimal_action_client.egg-info/dependency_links.txt
[49.619s] writing entry points to examples_rclpy_minimal_action_client.egg-info/entry_points.txt
[49.619s] writing requirements to examples_rclpy_minimal_action_client.egg-info/requires.txt
[49.620s] writing top-level names to examples_rclpy_minimal_action_client.egg-info/top_level.txt
[49.620s] writing manifest file 'examples_rclpy_minimal_action_client.egg-info/SOURCES.txt'
[49.620s] reading manifest file 'examples_rclpy_minimal_action_client.egg-info/SOURCES.txt'
[49.620s] writing manifest file 'examples_rclpy_minimal_action_client.egg-info/SOURCES.txt'
[49.620s] running build_ext
[49.620s] Creating /home/tomasz/Desktop/sese_ws/install/examples_rclpy_minimal_action_client/lib/python3.12/site-packages/examples-rclpy-minimal-action-client.egg-link (link to .)
[49.621s] Installing client script to /home/tomasz/Desktop/sese_ws/install/examples_rclpy_minimal_action_client/lib/examples_rclpy_minimal_action_client
[49.621s] Installing client_asyncio script to /home/tomasz/Desktop/sese_ws/install/examples_rclpy_minimal_action_client/lib/examples_rclpy_minimal_action_client
[49.621s] Installing client_cancel script to /home/tomasz/Desktop/sese_ws/install/examples_rclpy_minimal_action_client/lib/examples_rclpy_minimal_action_client
[49.621s] Installing client_not_composable script to /home/tomasz/Desktop/sese_ws/install/examples_rclpy_minimal_action_client/lib/examples_rclpy_minimal_action_client
[49.621s] 
[49.626s] Installed /home/tomasz/Desktop/sese_ws/build/examples_rclpy_minimal_action_client
[49.626s] running symlink_data
[49.626s] creating /home/tomasz/Desktop/sese_ws/install/examples_rclpy_minimal_action_client/share/ament_index
[49.626s] creating /home/tomasz/Desktop/sese_ws/install/examples_rclpy_minimal_action_client/share/ament_index/resource_index
[49.626s] creating /home/tomasz/Desktop/sese_ws/install/examples_rclpy_minimal_action_client/share/ament_index/resource_index/packages
[49.626s] symbolically linking /home/tomasz/Desktop/sese_ws/build/examples_rclpy_minimal_action_client/resource/examples_rclpy_minimal_action_client -> /home/tomasz/Desktop/sese_ws/install/examples_rclpy_minimal_action_client/share/ament_index/resource_index/packages
[49.627s] symbolically linking /home/tomasz/Desktop/sese_ws/build/examples_rclpy_minimal_action_client/package.xml -> /home/tomasz/Desktop/sese_ws/install/examples_rclpy_minimal_action_client/share/examples_rclpy_minimal_action_client
[49.627s] /usr/lib/python3/dist-packages/setuptools/command/develop.py:40: EasyInstallDeprecationWarning: easy_install command is deprecated.
[49.627s] !!
[49.627s] 
[49.627s]         ********************************************************************************
[49.627s]         Please avoid running ``setup.py`` and ``easy_install``.
[49.628s]         Instead, use pypa/build, pypa/installer or other
[49.628s]         standards-based tools.
[49.628s] 
[49.628s]         See https://github.com/pypa/setuptools/issues/917 for details.
[49.628s]         ********************************************************************************
[49.628s] 
[49.629s] !!
[49.629s]   easy_install.initialize_options(self)
[49.945s] Invoked command in '/home/tomasz/Desktop/sese_ws/build/examples_rclpy_minimal_action_client' returned '0': DEBUGINFOD_URLS=https://debuginfod.ubuntu.com PYTHONPATH=/home/tomasz/Desktop/sese_ws/build/examples_rclpy_minimal_action_client/prefix_override:/usr/lib/python3/dist-packages/colcon_core/task/python/colcon_distutils_commands:/home/tomasz/Desktop/sese_ws/install/examples_rclpy_minimal_action_client/lib/python3.12/site-packages:${PYTHONPATH} /usr/bin/python3 -W ignore:setup.py install is deprecated setup.py develop --editable --build-directory /home/tomasz/Desktop/sese_ws/build/examples_rclpy_minimal_action_client/build --no-deps symlink_data
