[8.055s] Invoking command in '/home/tomasz/Desktop/sese_ws/build/examples_rclpy_minimal_publisher': DEBUGINFOD_URLS=https://debuginfod.ubuntu.com PYTHONPATH=/home/tomasz/Desktop/sese_ws/build/examples_rclpy_minimal_publisher/prefix_override:/usr/lib/python3/dist-packages/colcon_core/task/python/colcon_distutils_commands:/home/tomasz/Desktop/sese_ws/install/examples_rclpy_minimal_publisher/lib/python3.12/site-packages:${PYTHONPATH} /usr/bin/python3 -W ignore:setup.py install is deprecated setup.py develop --editable --build-directory /home/tomasz/Desktop/sese_ws/build/examples_rclpy_minimal_publisher/build --no-deps symlink_data
[9.116s] running develop
[9.116s] /usr/lib/python3/dist-packages/setuptools/command/develop.py:40: EasyInstallDeprecationWarning: easy_install command is deprecated.
[9.116s] !!
[9.116s] 
[9.116s]         ********************************************************************************
[9.116s]         Please avoid running ``setup.py`` and ``easy_install``.
[9.116s]         Instead, use pypa/build, pypa/installer or other
[9.117s]         standards-based tools.
[9.117s] 
[9.117s]         See https://github.com/pypa/setuptools/issues/917 for details.
[9.117s]         ********************************************************************************
[9.117s] 
[9.117s] !!
[9.117s]   easy_install.initialize_options(self)
[9.520s] running egg_info
[9.520s] creating examples_rclpy_minimal_publisher.egg-info
[9.557s] writing examples_rclpy_minimal_publisher.egg-info/PKG-INFO
[9.557s] writing dependency_links to examples_rclpy_minimal_publisher.egg-info/dependency_links.txt
[9.558s] writing entry points to examples_rclpy_minimal_publisher.egg-info/entry_points.txt
[9.558s] writing requirements to examples_rclpy_minimal_publisher.egg-info/requires.txt
[9.558s] writing top-level names to examples_rclpy_minimal_publisher.egg-info/top_level.txt
[9.558s] writing manifest file 'examples_rclpy_minimal_publisher.egg-info/SOURCES.txt'
[9.639s] reading manifest file 'examples_rclpy_minimal_publisher.egg-info/SOURCES.txt'
[9.639s] writing manifest file 'examples_rclpy_minimal_publisher.egg-info/SOURCES.txt'
[9.683s] running build_ext
[9.684s] Creating /home/tomasz/Desktop/sese_ws/install/examples_rclpy_minimal_publisher/lib/python3.12/site-packages/examples-rclpy-minimal-publisher.egg-link (link to .)
[9.684s] Installing publisher_local_function script to /home/tomasz/Desktop/sese_ws/install/examples_rclpy_minimal_publisher/lib/examples_rclpy_minimal_publisher
[9.684s] Installing publisher_member_function script to /home/tomasz/Desktop/sese_ws/install/examples_rclpy_minimal_publisher/lib/examples_rclpy_minimal_publisher
[9.684s] Installing publisher_old_school script to /home/tomasz/Desktop/sese_ws/install/examples_rclpy_minimal_publisher/lib/examples_rclpy_minimal_publisher
[9.684s] 
[9.684s] Installed /home/tomasz/Desktop/sese_ws/build/examples_rclpy_minimal_publisher
[9.685s] running symlink_data
[9.685s] creating /home/tomasz/Desktop/sese_ws/install/examples_rclpy_minimal_publisher/share/ament_index
[9.685s] creating /home/tomasz/Desktop/sese_ws/install/examples_rclpy_minimal_publisher/share/ament_index/resource_index
[9.685s] creating /home/tomasz/Desktop/sese_ws/install/examples_rclpy_minimal_publisher/share/ament_index/resource_index/packages
[9.685s] symbolically linking /home/tomasz/Desktop/sese_ws/build/examples_rclpy_minimal_publisher/resource/examples_rclpy_minimal_publisher -> /home/tomasz/Desktop/sese_ws/install/examples_rclpy_minimal_publisher/share/ament_index/resource_index/packages
[9.685s] symbolically linking /home/tomasz/Desktop/sese_ws/build/examples_rclpy_minimal_publisher/package.xml -> /home/tomasz/Desktop/sese_ws/install/examples_rclpy_minimal_publisher/share/examples_rclpy_minimal_publisher
[9.857s] Invoked command in '/home/tomasz/Desktop/sese_ws/build/examples_rclpy_minimal_publisher' returned '0': DEBUGINFOD_URLS=https://debuginfod.ubuntu.com PYTHONPATH=/home/tomasz/Desktop/sese_ws/build/examples_rclpy_minimal_publisher/prefix_override:/usr/lib/python3/dist-packages/colcon_core/task/python/colcon_distutils_commands:/home/tomasz/Desktop/sese_ws/install/examples_rclpy_minimal_publisher/lib/python3.12/site-packages:${PYTHONPATH} /usr/bin/python3 -W ignore:setup.py install is deprecated setup.py develop --editable --build-directory /home/tomasz/Desktop/sese_ws/build/examples_rclpy_minimal_publisher/build --no-deps symlink_data
