[0.032s] Invoking command in '/home/tomasz/Desktop/sese_ws/build/gs_cpp': CMAKE_PREFIX_PATH=${CMAKE_PREFIX_PATH}:/home/tomasz/Desktop/sese_ws/install/py_srvcli:/home/tomasz/Desktop/sese_ws/install/python_parameters:/home/tomasz/Desktop/sese_ws/install/py_pubsub:/home/tomasz/Desktop/sese_ws/install/my_package:/home/tomasz/Desktop/sese_ws/install/launch_testing_examples:/home/tomasz/Desktop/sese_ws/install/gs_package:/home/tomasz/Desktop/sese_ws/install/examples_rclpy_pointcloud_publisher:/home/tomasz/Desktop/sese_ws/install/examples_rclpy_minimal_subscriber:/home/tomasz/Desktop/sese_ws/install/examples_rclpy_minimal_service:/home/tomasz/Desktop/sese_ws/install/examples_rclpy_minimal_publisher:/home/tomasz/Desktop/sese_ws/install/examples_rclpy_minimal_client:/home/tomasz/Desktop/sese_ws/install/examples_rclpy_minimal_action_server:/home/tomasz/Desktop/sese_ws/install/examples_rclpy_minimal_action_client:/home/tomasz/Desktop/sese_ws/install/examples_rclpy_guard_conditions:/home/tomasz/Desktop/sese_ws/install/examples_rclpy_executors:/opt/ros/jazzy DEBUGINFOD_URLS=https://debuginfod.ubuntu.com /usr/bin/cmake --build /home/tomasz/Desktop/sese_ws/build/gs_cpp -- -j16 -l16
[0.742s] [ 75%] [32mBuilding CXX object CMakeFiles/publish.dir/src/gs_publisher.cpp.o[0m
[0.742s] [ 75%] Built target subscribe
[4.369s] [100%] [32m[1mLinking CXX executable publish[0m
[4.534s] [100%] Built target publish
[4.546s] Invoked command in '/home/tomasz/Desktop/sese_ws/build/gs_cpp' returned '0': CMAKE_PREFIX_PATH=${CMAKE_PREFIX_PATH}:/home/tomasz/Desktop/sese_ws/install/py_srvcli:/home/tomasz/Desktop/sese_ws/install/python_parameters:/home/tomasz/Desktop/sese_ws/install/py_pubsub:/home/tomasz/Desktop/sese_ws/install/my_package:/home/tomasz/Desktop/sese_ws/install/launch_testing_examples:/home/tomasz/Desktop/sese_ws/install/gs_package:/home/tomasz/Desktop/sese_ws/install/examples_rclpy_pointcloud_publisher:/home/tomasz/Desktop/sese_ws/install/examples_rclpy_minimal_subscriber:/home/tomasz/Desktop/sese_ws/install/examples_rclpy_minimal_service:/home/tomasz/Desktop/sese_ws/install/examples_rclpy_minimal_publisher:/home/tomasz/Desktop/sese_ws/install/examples_rclpy_minimal_client:/home/tomasz/Desktop/sese_ws/install/examples_rclpy_minimal_action_server:/home/tomasz/Desktop/sese_ws/install/examples_rclpy_minimal_action_client:/home/tomasz/Desktop/sese_ws/install/examples_rclpy_guard_conditions:/home/tomasz/Desktop/sese_ws/install/examples_rclpy_executors:/opt/ros/jazzy DEBUGINFOD_URLS=https://debuginfod.ubuntu.com /usr/bin/cmake --build /home/tomasz/Desktop/sese_ws/build/gs_cpp -- -j16 -l16
[4.547s] Invoking command in '/home/tomasz/Desktop/sese_ws/build/gs_cpp': CMAKE_PREFIX_PATH=${CMAKE_PREFIX_PATH}:/home/tomasz/Desktop/sese_ws/install/py_srvcli:/home/tomasz/Desktop/sese_ws/install/python_parameters:/home/tomasz/Desktop/sese_ws/install/py_pubsub:/home/tomasz/Desktop/sese_ws/install/my_package:/home/tomasz/Desktop/sese_ws/install/launch_testing_examples:/home/tomasz/Desktop/sese_ws/install/gs_package:/home/tomasz/Desktop/sese_ws/install/examples_rclpy_pointcloud_publisher:/home/tomasz/Desktop/sese_ws/install/examples_rclpy_minimal_subscriber:/home/tomasz/Desktop/sese_ws/install/examples_rclpy_minimal_service:/home/tomasz/Desktop/sese_ws/install/examples_rclpy_minimal_publisher:/home/tomasz/Desktop/sese_ws/install/examples_rclpy_minimal_client:/home/tomasz/Desktop/sese_ws/install/examples_rclpy_minimal_action_server:/home/tomasz/Desktop/sese_ws/install/examples_rclpy_minimal_action_client:/home/tomasz/Desktop/sese_ws/install/examples_rclpy_guard_conditions:/home/tomasz/Desktop/sese_ws/install/examples_rclpy_executors:/opt/ros/jazzy DEBUGINFOD_URLS=https://debuginfod.ubuntu.com /usr/bin/cmake --install /home/tomasz/Desktop/sese_ws/build/gs_cpp
[4.556s] -- Install configuration: ""
[4.556s] -- Installing: /home/tomasz/Desktop/sese_ws/install/gs_cpp/lib/gs_cpp/publish
[4.557s] -- Set non-toolchain portion of runtime path of "/home/tomasz/Desktop/sese_ws/install/gs_cpp/lib/gs_cpp/publish" to ""
[4.557s] -- Up-to-date: /home/tomasz/Desktop/sese_ws/install/gs_cpp/lib/gs_cpp/subscribe
[4.558s] -- Up-to-date: /home/tomasz/Desktop/sese_ws/install/gs_cpp/share/gs_cpp/launch
[4.558s] -- Up-to-date: /home/tomasz/Desktop/sese_ws/install/gs_cpp/share/gs_cpp/launch/vol.launch.py
[4.558s] -- Up-to-date: /home/tomasz/Desktop/sese_ws/install/gs_cpp/share/gs_cpp/config
[4.558s] -- Up-to-date: /home/tomasz/Desktop/sese_ws/install/gs_cpp/share/gs_cpp/config/volt_amp_count.rviz
[4.558s] -- Up-to-date: /home/tomasz/Desktop/sese_ws/install/gs_cpp/share/ament_index/resource_index/package_run_dependencies/gs_cpp
[4.558s] -- Up-to-date: /home/tomasz/Desktop/sese_ws/install/gs_cpp/share/ament_index/resource_index/parent_prefix_path/gs_cpp
[4.558s] -- Up-to-date: /home/tomasz/Desktop/sese_ws/install/gs_cpp/share/gs_cpp/environment/ament_prefix_path.sh
[4.558s] -- Up-to-date: /home/tomasz/Desktop/sese_ws/install/gs_cpp/share/gs_cpp/environment/ament_prefix_path.dsv
[4.558s] -- Up-to-date: /home/tomasz/Desktop/sese_ws/install/gs_cpp/share/gs_cpp/environment/path.sh
[4.558s] -- Up-to-date: /home/tomasz/Desktop/sese_ws/install/gs_cpp/share/gs_cpp/environment/path.dsv
[4.558s] -- Up-to-date: /home/tomasz/Desktop/sese_ws/install/gs_cpp/share/gs_cpp/local_setup.bash
[4.559s] -- Up-to-date: /home/tomasz/Desktop/sese_ws/install/gs_cpp/share/gs_cpp/local_setup.sh
[4.559s] -- Up-to-date: /home/tomasz/Desktop/sese_ws/install/gs_cpp/share/gs_cpp/local_setup.zsh
[4.559s] -- Up-to-date: /home/tomasz/Desktop/sese_ws/install/gs_cpp/share/gs_cpp/local_setup.dsv
[4.559s] -- Installing: /home/tomasz/Desktop/sese_ws/install/gs_cpp/share/gs_cpp/package.dsv
[4.559s] -- Up-to-date: /home/tomasz/Desktop/sese_ws/install/gs_cpp/share/ament_index/resource_index/packages/gs_cpp
[4.559s] -- Up-to-date: /home/tomasz/Desktop/sese_ws/install/gs_cpp/share/gs_cpp/cmake/gs_cppConfig.cmake
[4.559s] -- Up-to-date: /home/tomasz/Desktop/sese_ws/install/gs_cpp/share/gs_cpp/cmake/gs_cppConfig-version.cmake
[4.559s] -- Up-to-date: /home/tomasz/Desktop/sese_ws/install/gs_cpp/share/gs_cpp/package.xml
[4.560s] Invoked command in '/home/tomasz/Desktop/sese_ws/build/gs_cpp' returned '0': CMAKE_PREFIX_PATH=${CMAKE_PREFIX_PATH}:/home/tomasz/Desktop/sese_ws/install/py_srvcli:/home/tomasz/Desktop/sese_ws/install/python_parameters:/home/tomasz/Desktop/sese_ws/install/py_pubsub:/home/tomasz/Desktop/sese_ws/install/my_package:/home/tomasz/Desktop/sese_ws/install/launch_testing_examples:/home/tomasz/Desktop/sese_ws/install/gs_package:/home/tomasz/Desktop/sese_ws/install/examples_rclpy_pointcloud_publisher:/home/tomasz/Desktop/sese_ws/install/examples_rclpy_minimal_subscriber:/home/tomasz/Desktop/sese_ws/install/examples_rclpy_minimal_service:/home/tomasz/Desktop/sese_ws/install/examples_rclpy_minimal_publisher:/home/tomasz/Desktop/sese_ws/install/examples_rclpy_minimal_client:/home/tomasz/Desktop/sese_ws/install/examples_rclpy_minimal_action_server:/home/tomasz/Desktop/sese_ws/install/examples_rclpy_minimal_action_client:/home/tomasz/Desktop/sese_ws/install/examples_rclpy_guard_conditions:/home/tomasz/Desktop/sese_ws/install/examples_rclpy_executors:/opt/ros/jazzy DEBUGINFOD_URLS=https://debuginfod.ubuntu.com /usr/bin/cmake --install /home/tomasz/Desktop/sese_ws/build/gs_cpp
