[1.694s] Invoking command in '/home/tomasz/Desktop/sese_ws/src/python_parameters': DEBUGINFOD_URLS=https://debuginfod.ubuntu.com PYTHONPATH=/home/tomasz/Desktop/sese_ws/build/python_parameters/prefix_override:/usr/lib/python3/dist-packages/colcon_core/task/python/colcon_distutils_commands:/home/tomasz/Desktop/sese_ws/install/python_parameters/lib/python3.12/site-packages:${PYTHONPATH} /usr/bin/python3 -W ignore:setup.py install is deprecated -W ignore:easy_install command is deprecated setup.py egg_info --egg-base ../../build/python_parameters build --build-base /home/tomasz/Desktop/sese_ws/build/python_parameters/build install --record /home/tomasz/Desktop/sese_ws/build/python_parameters/install.log --single-version-externally-managed install_data
[2.022s] running egg_info
[2.047s] writing ../../build/python_parameters/python_parameters.egg-info/PKG-INFO
[2.047s] writing dependency_links to ../../build/python_parameters/python_parameters.egg-info/dependency_links.txt
[2.048s] writing entry points to ../../build/python_parameters/python_parameters.egg-info/entry_points.txt
[2.048s] writing requirements to ../../build/python_parameters/python_parameters.egg-info/requires.txt
[2.048s] writing top-level names to ../../build/python_parameters/python_parameters.egg-info/top_level.txt
[2.100s] reading manifest file '../../build/python_parameters/python_parameters.egg-info/SOURCES.txt'
[2.100s] adding license file 'LICENSE'
[2.101s] writing manifest file '../../build/python_parameters/python_parameters.egg-info/SOURCES.txt'
[2.101s] running build
[2.101s] running build_py
[2.101s] running install
[2.108s] running install_lib
[2.133s] running install_data
[2.134s] running install_egg_info
[2.160s] removing '/home/tomasz/Desktop/sese_ws/install/python_parameters/lib/python3.12/site-packages/python_parameters-0.0.0-py3.12.egg-info' (and everything under it)
[2.160s] Copying ../../build/python_parameters/python_parameters.egg-info to /home/tomasz/Desktop/sese_ws/install/python_parameters/lib/python3.12/site-packages/python_parameters-0.0.0-py3.12.egg-info
[2.161s] running install_scripts
[2.338s] Installing minimal_param_node script to /home/tomasz/Desktop/sese_ws/install/python_parameters/lib/python_parameters
[2.339s] writing list of installed files to '/home/tomasz/Desktop/sese_ws/build/python_parameters/install.log'
[2.402s] Invoked command in '/home/tomasz/Desktop/sese_ws/src/python_parameters' returned '0': DEBUGINFOD_URLS=https://debuginfod.ubuntu.com PYTHONPATH=/home/tomasz/Desktop/sese_ws/build/python_parameters/prefix_override:/usr/lib/python3/dist-packages/colcon_core/task/python/colcon_distutils_commands:/home/tomasz/Desktop/sese_ws/install/python_parameters/lib/python3.12/site-packages:${PYTHONPATH} /usr/bin/python3 -W ignore:setup.py install is deprecated -W ignore:easy_install command is deprecated setup.py egg_info --egg-base ../../build/python_parameters build --build-base /home/tomasz/Desktop/sese_ws/build/python_parameters/build install --record /home/tomasz/Desktop/sese_ws/build/python_parameters/install.log --single-version-externally-managed install_data
