[0.018s] Invoking command in '/home/tomasz/Desktop/sese_ws/build/gs_cpp': CMAKE_PREFIX_PATH=${CMAKE_PREFIX_PATH}:/home/tomasz/Desktop/sese_ws/install/py_srvcli:/home/tomasz/Desktop/sese_ws/install/python_parameters:/home/tomasz/Desktop/sese_ws/install/py_pubsub:/home/tomasz/Desktop/sese_ws/install/my_package:/home/tomasz/Desktop/sese_ws/install/launch_testing_examples:/home/tomasz/Desktop/sese_ws/install/gs_package:/home/tomasz/Desktop/sese_ws/install/examples_rclpy_pointcloud_publisher:/home/tomasz/Desktop/sese_ws/install/examples_rclpy_minimal_subscriber:/home/tomasz/Desktop/sese_ws/install/examples_rclpy_minimal_service:/home/tomasz/Desktop/sese_ws/install/examples_rclpy_minimal_publisher:/home/tomasz/Desktop/sese_ws/install/examples_rclpy_minimal_client:/home/tomasz/Desktop/sese_ws/install/examples_rclpy_minimal_action_server:/home/tomasz/Desktop/sese_ws/install/examples_rclpy_minimal_action_client:/home/tomasz/Desktop/sese_ws/install/examples_rclpy_guard_conditions:/home/tomasz/Desktop/sese_ws/install/examples_rclpy_executors:/opt/ros/jazzy DEBUGINFOD_URLS=https://debuginfod.ubuntu.com /usr/bin/cmake --build /home/tomasz/Desktop/sese_ws/build/gs_cpp -- -j16 -l16
[0.117s] [ 50%] Built target publish
[0.126s] [ 75%] [32mBuilding CXX object CMakeFiles/subscribe.dir/src/gs_transmitter.cpp.o[0m
[6.812s] [100%] [32m[1mLinking CXX executable subscribe[0m
[7.084s] [100%] Built target subscribe
[7.099s] Invoked command in '/home/tomasz/Desktop/sese_ws/build/gs_cpp' returned '0': CMAKE_PREFIX_PATH=${CMAKE_PREFIX_PATH}:/home/tomasz/Desktop/sese_ws/install/py_srvcli:/home/tomasz/Desktop/sese_ws/install/python_parameters:/home/tomasz/Desktop/sese_ws/install/py_pubsub:/home/tomasz/Desktop/sese_ws/install/my_package:/home/tomasz/Desktop/sese_ws/install/launch_testing_examples:/home/tomasz/Desktop/sese_ws/install/gs_package:/home/tomasz/Desktop/sese_ws/install/examples_rclpy_pointcloud_publisher:/home/tomasz/Desktop/sese_ws/install/examples_rclpy_minimal_subscriber:/home/tomasz/Desktop/sese_ws/install/examples_rclpy_minimal_service:/home/tomasz/Desktop/sese_ws/install/examples_rclpy_minimal_publisher:/home/tomasz/Desktop/sese_ws/install/examples_rclpy_minimal_client:/home/tomasz/Desktop/sese_ws/install/examples_rclpy_minimal_action_server:/home/tomasz/Desktop/sese_ws/install/examples_rclpy_minimal_action_client:/home/tomasz/Desktop/sese_ws/install/examples_rclpy_guard_conditions:/home/tomasz/Desktop/sese_ws/install/examples_rclpy_executors:/opt/ros/jazzy DEBUGINFOD_URLS=https://debuginfod.ubuntu.com /usr/bin/cmake --build /home/tomasz/Desktop/sese_ws/build/gs_cpp -- -j16 -l16
[7.111s] Invoking command in '/home/tomasz/Desktop/sese_ws/build/gs_cpp': CMAKE_PREFIX_PATH=${CMAKE_PREFIX_PATH}:/home/tomasz/Desktop/sese_ws/install/py_srvcli:/home/tomasz/Desktop/sese_ws/install/python_parameters:/home/tomasz/Desktop/sese_ws/install/py_pubsub:/home/tomasz/Desktop/sese_ws/install/my_package:/home/tomasz/Desktop/sese_ws/install/launch_testing_examples:/home/tomasz/Desktop/sese_ws/install/gs_package:/home/tomasz/Desktop/sese_ws/install/examples_rclpy_pointcloud_publisher:/home/tomasz/Desktop/sese_ws/install/examples_rclpy_minimal_subscriber:/home/tomasz/Desktop/sese_ws/install/examples_rclpy_minimal_service:/home/tomasz/Desktop/sese_ws/install/examples_rclpy_minimal_publisher:/home/tomasz/Desktop/sese_ws/install/examples_rclpy_minimal_client:/home/tomasz/Desktop/sese_ws/install/examples_rclpy_minimal_action_server:/home/tomasz/Desktop/sese_ws/install/examples_rclpy_minimal_action_client:/home/tomasz/Desktop/sese_ws/install/examples_rclpy_guard_conditions:/home/tomasz/Desktop/sese_ws/install/examples_rclpy_executors:/opt/ros/jazzy DEBUGINFOD_URLS=https://debuginfod.ubuntu.com /usr/bin/cmake --install /home/tomasz/Desktop/sese_ws/build/gs_cpp
[7.122s] -- Install configuration: ""
[7.122s] -- Up-to-date: /home/tomasz/Desktop/sese_ws/install/gs_cpp/lib/gs_cpp/publish
[7.123s] -- Installing: /home/tomasz/Desktop/sese_ws/install/gs_cpp/lib/gs_cpp/subscribe
[7.130s] -- Set non-toolchain portion of runtime path of "/home/tomasz/Desktop/sese_ws/install/gs_cpp/lib/gs_cpp/subscribe" to ""
[7.131s] -- Up-to-date: /home/tomasz/Desktop/sese_ws/install/gs_cpp/share/gs_cpp/launch
[7.131s] -- Up-to-date: /home/tomasz/Desktop/sese_ws/install/gs_cpp/share/gs_cpp/launch/vol.launch.py
[7.131s] -- Up-to-date: /home/tomasz/Desktop/sese_ws/install/gs_cpp/share/gs_cpp/config
[7.131s] -- Up-to-date: /home/tomasz/Desktop/sese_ws/install/gs_cpp/share/gs_cpp/config/volt_amp_count.rviz
[7.131s] -- Up-to-date: /home/tomasz/Desktop/sese_ws/install/gs_cpp/share/ament_index/resource_index/package_run_dependencies/gs_cpp
[7.131s] -- Up-to-date: /home/tomasz/Desktop/sese_ws/install/gs_cpp/share/ament_index/resource_index/parent_prefix_path/gs_cpp
[7.131s] -- Up-to-date: /home/tomasz/Desktop/sese_ws/install/gs_cpp/share/gs_cpp/environment/ament_prefix_path.sh
[7.131s] -- Up-to-date: /home/tomasz/Desktop/sese_ws/install/gs_cpp/share/gs_cpp/environment/ament_prefix_path.dsv
[7.131s] -- Up-to-date: /home/tomasz/Desktop/sese_ws/install/gs_cpp/share/gs_cpp/environment/path.sh
[7.131s] -- Up-to-date: /home/tomasz/Desktop/sese_ws/install/gs_cpp/share/gs_cpp/environment/path.dsv
[7.131s] -- Up-to-date: /home/tomasz/Desktop/sese_ws/install/gs_cpp/share/gs_cpp/local_setup.bash
[7.131s] -- Up-to-date: /home/tomasz/Desktop/sese_ws/install/gs_cpp/share/gs_cpp/local_setup.sh
[7.132s] -- Up-to-date: /home/tomasz/Desktop/sese_ws/install/gs_cpp/share/gs_cpp/local_setup.zsh
[7.132s] -- Up-to-date: /home/tomasz/Desktop/sese_ws/install/gs_cpp/share/gs_cpp/local_setup.dsv
[7.132s] -- Installing: /home/tomasz/Desktop/sese_ws/install/gs_cpp/share/gs_cpp/package.dsv
[7.132s] -- Up-to-date: /home/tomasz/Desktop/sese_ws/install/gs_cpp/share/ament_index/resource_index/packages/gs_cpp
[7.132s] -- Up-to-date: /home/tomasz/Desktop/sese_ws/install/gs_cpp/share/gs_cpp/cmake/gs_cppConfig.cmake
[7.132s] -- Up-to-date: /home/tomasz/Desktop/sese_ws/install/gs_cpp/share/gs_cpp/cmake/gs_cppConfig-version.cmake
[7.132s] -- Up-to-date: /home/tomasz/Desktop/sese_ws/install/gs_cpp/share/gs_cpp/package.xml
[7.134s] Invoked command in '/home/tomasz/Desktop/sese_ws/build/gs_cpp' returned '0': CMAKE_PREFIX_PATH=${CMAKE_PREFIX_PATH}:/home/tomasz/Desktop/sese_ws/install/py_srvcli:/home/tomasz/Desktop/sese_ws/install/python_parameters:/home/tomasz/Desktop/sese_ws/install/py_pubsub:/home/tomasz/Desktop/sese_ws/install/my_package:/home/tomasz/Desktop/sese_ws/install/launch_testing_examples:/home/tomasz/Desktop/sese_ws/install/gs_package:/home/tomasz/Desktop/sese_ws/install/examples_rclpy_pointcloud_publisher:/home/tomasz/Desktop/sese_ws/install/examples_rclpy_minimal_subscriber:/home/tomasz/Desktop/sese_ws/install/examples_rclpy_minimal_service:/home/tomasz/Desktop/sese_ws/install/examples_rclpy_minimal_publisher:/home/tomasz/Desktop/sese_ws/install/examples_rclpy_minimal_client:/home/tomasz/Desktop/sese_ws/install/examples_rclpy_minimal_action_server:/home/tomasz/Desktop/sese_ws/install/examples_rclpy_minimal_action_client:/home/tomasz/Desktop/sese_ws/install/examples_rclpy_guard_conditions:/home/tomasz/Desktop/sese_ws/install/examples_rclpy_executors:/opt/ros/jazzy DEBUGINFOD_URLS=https://debuginfod.ubuntu.com /usr/bin/cmake --install /home/tomasz/Desktop/sese_ws/build/gs_cpp
