[1.487s] Invoking command in '/home/tomasz/Desktop/sese_ws/src/gs_package': DEBUGINFOD_URLS=https://debuginfod.ubuntu.com PYTHONPATH=/home/tomasz/Desktop/sese_ws/build/gs_package/prefix_override:/usr/lib/python3/dist-packages/colcon_core/task/python/colcon_distutils_commands:/home/tomasz/Desktop/sese_ws/install/gs_package/lib/python3.12/site-packages:${PYTHONPATH} /usr/bin/python3 -W ignore:setup.py install is deprecated setup.py egg_info --egg-base ../../build/gs_package build --build-base /home/tomasz/Desktop/sese_ws/build/gs_package/build install --record /home/tomasz/Desktop/sese_ws/build/gs_package/install.log --single-version-externally-managed install_data
[1.779s] running egg_info
[1.801s] writing ../../build/gs_package/gs_package.egg-info/PKG-INFO
[1.801s] writing dependency_links to ../../build/gs_package/gs_package.egg-info/dependency_links.txt
[1.801s] writing entry points to ../../build/gs_package/gs_package.egg-info/entry_points.txt
[1.801s] writing requirements to ../../build/gs_package/gs_package.egg-info/requires.txt
[1.801s] writing top-level names to ../../build/gs_package/gs_package.egg-info/top_level.txt
[1.845s] reading manifest file '../../build/gs_package/gs_package.egg-info/SOURCES.txt'
[1.845s] adding license file 'LICENSE'
[1.846s] writing manifest file '../../build/gs_package/gs_package.egg-info/SOURCES.txt'
[1.846s] running build
[1.846s] running build_py
[1.847s] running install
[1.853s] running install_lib
[1.876s] running install_data
[1.876s] running install_egg_info
[1.899s] removing '/home/tomasz/Desktop/sese_ws/install/gs_package/lib/python3.12/site-packages/gs_package-0.0.0-py3.12.egg-info' (and everything under it)
[1.899s] Copying ../../build/gs_package/gs_package.egg-info to /home/tomasz/Desktop/sese_ws/install/gs_package/lib/python3.12/site-packages/gs_package-0.0.0-py3.12.egg-info
[1.900s] running install_scripts
[2.049s] Installing publish script to /home/tomasz/Desktop/sese_ws/install/gs_package/lib/gs_package
[2.049s] Installing subscribe script to /home/tomasz/Desktop/sese_ws/install/gs_package/lib/gs_package
[2.050s] writing list of installed files to '/home/tomasz/Desktop/sese_ws/build/gs_package/install.log'
[2.079s] Invoked command in '/home/tomasz/Desktop/sese_ws/src/gs_package' returned '0': DEBUGINFOD_URLS=https://debuginfod.ubuntu.com PYTHONPATH=/home/tomasz/Desktop/sese_ws/build/gs_package/prefix_override:/usr/lib/python3/dist-packages/colcon_core/task/python/colcon_distutils_commands:/home/tomasz/Desktop/sese_ws/install/gs_package/lib/python3.12/site-packages:${PYTHONPATH} /usr/bin/python3 -W ignore:setup.py install is deprecated setup.py egg_info --egg-base ../../build/gs_package build --build-base /home/tomasz/Desktop/sese_ws/build/gs_package/build install --record /home/tomasz/Desktop/sese_ws/build/gs_package/install.log --single-version-externally-managed install_data
