/home/tomasz/Desktop/sese_ws/install/sese_gs/lib/python3.12/site-packages/sese_gs/gs_batt_trial.py
/home/tomasz/Desktop/sese_ws/install/sese_gs/lib/python3.12/site-packages/sese_gs/gs_north_trial.py
/home/tomasz/Desktop/sese_ws/install/sese_gs/lib/python3.12/site-packages/sese_gs/gs_battery_transmiter.py
/home/tomasz/Desktop/sese_ws/install/sese_gs/lib/python3.12/site-packages/sese_gs/__init__.py
/home/tomasz/Desktop/sese_ws/install/sese_gs/lib/python3.12/site-packages/sese_gs/gs_north_transmiter.py
/home/tomasz/Desktop/sese_ws/install/sese_gs/lib/python3.12/site-packages/sese_gs/gs_net_force.py
/home/tomasz/Desktop/sese_ws/install/sese_gs/lib/python3.12/site-packages/sese_gs/__pycache__/gs_batt_trial.cpython-312.pyc
/home/tomasz/Desktop/sese_ws/install/sese_gs/lib/python3.12/site-packages/sese_gs/__pycache__/gs_north_trial.cpython-312.pyc
/home/tomasz/Desktop/sese_ws/install/sese_gs/lib/python3.12/site-packages/sese_gs/__pycache__/gs_battery_transmiter.cpython-312.pyc
/home/tomasz/Desktop/sese_ws/install/sese_gs/lib/python3.12/site-packages/sese_gs/__pycache__/__init__.cpython-312.pyc
/home/tomasz/Desktop/sese_ws/install/sese_gs/lib/python3.12/site-packages/sese_gs/__pycache__/gs_north_transmiter.cpython-312.pyc
/home/tomasz/Desktop/sese_ws/install/sese_gs/lib/python3.12/site-packages/sese_gs/__pycache__/gs_net_force.cpython-312.pyc
/home/tomasz/Desktop/sese_ws/install/sese_gs/share/ament_index/resource_index/packages/sese_gs
/home/tomasz/Desktop/sese_ws/install/sese_gs/share/sese_gs/package.xml
/home/tomasz/Desktop/sese_ws/install/sese_gs/lib/python3.12/site-packages/sese_gs-0.0.0-py3.12.egg-info/top_level.txt
/home/tomasz/Desktop/sese_ws/install/sese_gs/lib/python3.12/site-packages/sese_gs-0.0.0-py3.12.egg-info/dependency_links.txt
/home/tomasz/Desktop/sese_ws/install/sese_gs/lib/python3.12/site-packages/sese_gs-0.0.0-py3.12.egg-info/zip-safe
/home/tomasz/Desktop/sese_ws/install/sese_gs/lib/python3.12/site-packages/sese_gs-0.0.0-py3.12.egg-info/entry_points.txt
/home/tomasz/Desktop/sese_ws/install/sese_gs/lib/python3.12/site-packages/sese_gs-0.0.0-py3.12.egg-info/requires.txt
/home/tomasz/Desktop/sese_ws/install/sese_gs/lib/python3.12/site-packages/sese_gs-0.0.0-py3.12.egg-info/PKG-INFO
/home/tomasz/Desktop/sese_ws/install/sese_gs/lib/python3.12/site-packages/sese_gs-0.0.0-py3.12.egg-info/SOURCES.txt
/home/tomasz/Desktop/sese_ws/install/sese_gs/lib/sese_gs/public_battery
/home/tomasz/Desktop/sese_ws/install/sese_gs/lib/sese_gs/public_north
/home/tomasz/Desktop/sese_ws/install/sese_gs/lib/sese_gs/transmit_battery
/home/tomasz/Desktop/sese_ws/install/sese_gs/lib/sese_gs/transmit_force
/home/tomasz/Desktop/sese_ws/install/sese_gs/lib/sese_gs/transmit_north
