[0.284s] DEBUG:colcon:Command line arguments: ['/usr/bin/colcon', 'build']
[0.284s] DEBUG:colcon:Parsed command line arguments: Namespace(log_base=None, log_level=None, verb_name='build', build_base='build', install_base='install', merge_install=False, symlink_install=False, test_result_base=None, continue_on_error=False, executor='parallel', parallel_workers=16, event_handlers=None, ignore_user_meta=False, metas=['./colcon.meta'], base_paths=['.'], packages_ignore=None, packages_ignore_regex=None, paths=None, packages_up_to=None, packages_up_to_regex=None, packages_above=None, packages_above_and_dependencies=None, packages_above_depth=None, packages_select_by_dep=None, packages_skip_by_dep=None, packages_skip_up_to=None, packages_select_build_failed=False, packages_skip_build_finished=False, packages_select_test_failures=False, packages_skip_test_passed=False, packages_select=None, packages_skip=None, packages_select_regex=None, packages_skip_regex=None, packages_start=None, packages_end=None, allow_overriding=[], cmake_args=None, cmake_target=None, cmake_target_skip_unavailable=False, cmake_clean_cache=False, cmake_clean_first=False, cmake_force_configure=False, ament_cmake_args=None, catkin_cmake_args=None, catkin_skip_building_tests=False, mixin_files=None, mixin=None, verb_parser=<colcon_mixin.mixin.mixin_argument.MixinArgumentDecorator object at 0x77225efd86b0>, verb_extension=<colcon_core.verb.build.BuildVerb object at 0x77225f0f4d70>, main=<bound method BuildVerb.main of <colcon_core.verb.build.BuildVerb object at 0x77225f0f4d70>>, mixin_verb=('build',))
[0.383s] Level 1:colcon.colcon_core.package_discovery:discover_packages(colcon_meta) check parameters
[0.384s] Level 1:colcon.colcon_core.package_discovery:discover_packages(recursive) check parameters
[0.384s] Level 1:colcon.colcon_core.package_discovery:discover_packages(ignore) check parameters
[0.384s] Level 1:colcon.colcon_core.package_discovery:discover_packages(path) check parameters
[0.384s] Level 1:colcon.colcon_core.package_discovery:discover_packages(colcon_meta) discover
[0.384s] Level 1:colcon.colcon_core.package_discovery:discover_packages(recursive) discover
[0.384s] INFO:colcon.colcon_core.package_discovery:Crawling recursively for packages in '/home/tomasz/Desktop/sese_ws'
[0.384s] Level 1:colcon.colcon_core.package_identification:_identify(.) by extensions ['ignore', 'ignore_ament_install']
[0.385s] Level 1:colcon.colcon_core.package_identification:_identify(.) by extension 'ignore'
[0.385s] Level 1:colcon.colcon_core.package_identification:_identify(.) by extension 'ignore_ament_install'
[0.385s] Level 1:colcon.colcon_core.package_identification:_identify(.) by extensions ['colcon_pkg']
[0.385s] Level 1:colcon.colcon_core.package_identification:_identify(.) by extension 'colcon_pkg'
[0.385s] Level 1:colcon.colcon_core.package_identification:_identify(.) by extensions ['colcon_meta']
[0.385s] Level 1:colcon.colcon_core.package_identification:_identify(.) by extension 'colcon_meta'
[0.385s] Level 1:colcon.colcon_core.package_identification:_identify(.) by extensions ['ros']
[0.385s] Level 1:colcon.colcon_core.package_identification:_identify(.) by extension 'ros'
[0.450s] Level 1:colcon.colcon_core.package_identification:_identify(.) by extensions ['cmake', 'python']
[0.450s] Level 1:colcon.colcon_core.package_identification:_identify(.) by extension 'cmake'
[0.450s] Level 1:colcon.colcon_core.package_identification:_identify(.) by extension 'python'
[0.450s] Level 1:colcon.colcon_core.package_identification:_identify(.) by extensions ['python_setup_py']
[0.450s] Level 1:colcon.colcon_core.package_identification:_identify(.) by extension 'python_setup_py'
[0.450s] Level 1:colcon.colcon_core.package_identification:_identify(build) by extensions ['ignore', 'ignore_ament_install']
[0.451s] Level 1:colcon.colcon_core.package_identification:_identify(build) by extension 'ignore'
[0.451s] Level 1:colcon.colcon_core.package_identification:_identify(build) ignored
[0.451s] Level 1:colcon.colcon_core.package_identification:_identify(install) by extensions ['ignore', 'ignore_ament_install']
[0.452s] Level 1:colcon.colcon_core.package_identification:_identify(install) by extension 'ignore'
[0.452s] Level 1:colcon.colcon_core.package_identification:_identify(install) ignored
[0.452s] Level 1:colcon.colcon_core.package_identification:_identify(log) by extensions ['ignore', 'ignore_ament_install']
[0.452s] Level 1:colcon.colcon_core.package_identification:_identify(log) by extension 'ignore'
[0.452s] Level 1:colcon.colcon_core.package_identification:_identify(log) ignored
[0.453s] Level 1:colcon.colcon_core.package_identification:_identify(src) by extensions ['ignore', 'ignore_ament_install']
[0.453s] Level 1:colcon.colcon_core.package_identification:_identify(src) by extension 'ignore'
[0.453s] Level 1:colcon.colcon_core.package_identification:_identify(src) by extension 'ignore_ament_install'
[0.453s] Level 1:colcon.colcon_core.package_identification:_identify(src) by extensions ['colcon_pkg']
[0.453s] Level 1:colcon.colcon_core.package_identification:_identify(src) by extension 'colcon_pkg'
[0.453s] Level 1:colcon.colcon_core.package_identification:_identify(src) by extensions ['colcon_meta']
[0.453s] Level 1:colcon.colcon_core.package_identification:_identify(src) by extension 'colcon_meta'
[0.454s] Level 1:colcon.colcon_core.package_identification:_identify(src) by extensions ['ros']
[0.454s] Level 1:colcon.colcon_core.package_identification:_identify(src) by extension 'ros'
[0.454s] Level 1:colcon.colcon_core.package_identification:_identify(src) by extensions ['cmake', 'python']
[0.454s] Level 1:colcon.colcon_core.package_identification:_identify(src) by extension 'cmake'
[0.454s] Level 1:colcon.colcon_core.package_identification:_identify(src) by extension 'python'
[0.454s] Level 1:colcon.colcon_core.package_identification:_identify(src) by extensions ['python_setup_py']
[0.454s] Level 1:colcon.colcon_core.package_identification:_identify(src) by extension 'python_setup_py'
[0.455s] Level 1:colcon.colcon_core.package_identification:_identify(src/gs_package) by extensions ['ignore', 'ignore_ament_install']
[0.455s] Level 1:colcon.colcon_core.package_identification:_identify(src/gs_package) by extension 'ignore'
[0.455s] Level 1:colcon.colcon_core.package_identification:_identify(src/gs_package) by extension 'ignore_ament_install'
[0.455s] Level 1:colcon.colcon_core.package_identification:_identify(src/gs_package) by extensions ['colcon_pkg']
[0.455s] Level 1:colcon.colcon_core.package_identification:_identify(src/gs_package) by extension 'colcon_pkg'
[0.455s] Level 1:colcon.colcon_core.package_identification:_identify(src/gs_package) by extensions ['colcon_meta']
[0.455s] Level 1:colcon.colcon_core.package_identification:_identify(src/gs_package) by extension 'colcon_meta'
[0.455s] Level 1:colcon.colcon_core.package_identification:_identify(src/gs_package) by extensions ['ros']
[0.456s] Level 1:colcon.colcon_core.package_identification:_identify(src/gs_package) by extension 'ros'
[0.461s] DEBUG:colcon.colcon_core.package_identification:Package 'src/gs_package' with type 'ros.ament_python' and name 'gs_package'
[0.461s] Level 1:colcon.colcon_core.package_identification:_identify(src/my_package) by extensions ['ignore', 'ignore_ament_install']
[0.461s] Level 1:colcon.colcon_core.package_identification:_identify(src/my_package) by extension 'ignore'
[0.461s] Level 1:colcon.colcon_core.package_identification:_identify(src/my_package) by extension 'ignore_ament_install'
[0.462s] Level 1:colcon.colcon_core.package_identification:_identify(src/my_package) by extensions ['colcon_pkg']
[0.462s] Level 1:colcon.colcon_core.package_identification:_identify(src/my_package) by extension 'colcon_pkg'
[0.462s] Level 1:colcon.colcon_core.package_identification:_identify(src/my_package) by extensions ['colcon_meta']
[0.462s] Level 1:colcon.colcon_core.package_identification:_identify(src/my_package) by extension 'colcon_meta'
[0.462s] Level 1:colcon.colcon_core.package_identification:_identify(src/my_package) by extensions ['ros']
[0.462s] Level 1:colcon.colcon_core.package_identification:_identify(src/my_package) by extension 'ros'
[0.463s] DEBUG:colcon.colcon_core.package_identification:Package 'src/my_package' with type 'ros.ament_python' and name 'my_package'
[0.463s] Level 1:colcon.colcon_core.package_identification:_identify(src/py_pubsub) by extensions ['ignore', 'ignore_ament_install']
[0.464s] Level 1:colcon.colcon_core.package_identification:_identify(src/py_pubsub) by extension 'ignore'
[0.464s] Level 1:colcon.colcon_core.package_identification:_identify(src/py_pubsub) by extension 'ignore_ament_install'
[0.464s] Level 1:colcon.colcon_core.package_identification:_identify(src/py_pubsub) by extensions ['colcon_pkg']
[0.464s] Level 1:colcon.colcon_core.package_identification:_identify(src/py_pubsub) by extension 'colcon_pkg'
[0.464s] Level 1:colcon.colcon_core.package_identification:_identify(src/py_pubsub) by extensions ['colcon_meta']
[0.464s] Level 1:colcon.colcon_core.package_identification:_identify(src/py_pubsub) by extension 'colcon_meta'
[0.464s] Level 1:colcon.colcon_core.package_identification:_identify(src/py_pubsub) by extensions ['ros']
[0.464s] Level 1:colcon.colcon_core.package_identification:_identify(src/py_pubsub) by extension 'ros'
[0.465s] DEBUG:colcon.colcon_core.package_identification:Package 'src/py_pubsub' with type 'ros.ament_python' and name 'py_pubsub'
[0.466s] Level 1:colcon.colcon_core.package_identification:_identify(src/py_srvcli) by extensions ['ignore', 'ignore_ament_install']
[0.466s] Level 1:colcon.colcon_core.package_identification:_identify(src/py_srvcli) by extension 'ignore'
[0.466s] Level 1:colcon.colcon_core.package_identification:_identify(src/py_srvcli) by extension 'ignore_ament_install'
[0.466s] Level 1:colcon.colcon_core.package_identification:_identify(src/py_srvcli) by extensions ['colcon_pkg']
[0.466s] Level 1:colcon.colcon_core.package_identification:_identify(src/py_srvcli) by extension 'colcon_pkg'
[0.466s] Level 1:colcon.colcon_core.package_identification:_identify(src/py_srvcli) by extensions ['colcon_meta']
[0.466s] Level 1:colcon.colcon_core.package_identification:_identify(src/py_srvcli) by extension 'colcon_meta'
[0.467s] Level 1:colcon.colcon_core.package_identification:_identify(src/py_srvcli) by extensions ['ros']
[0.467s] Level 1:colcon.colcon_core.package_identification:_identify(src/py_srvcli) by extension 'ros'
[0.468s] DEBUG:colcon.colcon_core.package_identification:Package 'src/py_srvcli' with type 'ros.ament_python' and name 'py_srvcli'
[0.468s] Level 1:colcon.colcon_core.package_identification:_identify(src/python_parameters) by extensions ['ignore', 'ignore_ament_install']
[0.468s] Level 1:colcon.colcon_core.package_identification:_identify(src/python_parameters) by extension 'ignore'
[0.469s] Level 1:colcon.colcon_core.package_identification:_identify(src/python_parameters) by extension 'ignore_ament_install'
[0.469s] Level 1:colcon.colcon_core.package_identification:_identify(src/python_parameters) by extensions ['colcon_pkg']
[0.469s] Level 1:colcon.colcon_core.package_identification:_identify(src/python_parameters) by extension 'colcon_pkg'
[0.469s] Level 1:colcon.colcon_core.package_identification:_identify(src/python_parameters) by extensions ['colcon_meta']
[0.469s] Level 1:colcon.colcon_core.package_identification:_identify(src/python_parameters) by extension 'colcon_meta'
[0.469s] Level 1:colcon.colcon_core.package_identification:_identify(src/python_parameters) by extensions ['ros']
[0.469s] Level 1:colcon.colcon_core.package_identification:_identify(src/python_parameters) by extension 'ros'
[0.470s] DEBUG:colcon.colcon_core.package_identification:Package 'src/python_parameters' with type 'ros.ament_python' and name 'python_parameters'
[0.471s] Level 1:colcon.colcon_core.package_identification:_identify(src/tutorial_interfaces) by extensions ['ignore', 'ignore_ament_install']
[0.471s] Level 1:colcon.colcon_core.package_identification:_identify(src/tutorial_interfaces) by extension 'ignore'
[0.471s] Level 1:colcon.colcon_core.package_identification:_identify(src/tutorial_interfaces) by extension 'ignore_ament_install'
[0.471s] Level 1:colcon.colcon_core.package_identification:_identify(src/tutorial_interfaces) by extensions ['colcon_pkg']
[0.471s] Level 1:colcon.colcon_core.package_identification:_identify(src/tutorial_interfaces) by extension 'colcon_pkg'
[0.472s] Level 1:colcon.colcon_core.package_identification:_identify(src/tutorial_interfaces) by extensions ['colcon_meta']
[0.472s] Level 1:colcon.colcon_core.package_identification:_identify(src/tutorial_interfaces) by extension 'colcon_meta'
[0.472s] Level 1:colcon.colcon_core.package_identification:_identify(src/tutorial_interfaces) by extensions ['ros']
[0.472s] Level 1:colcon.colcon_core.package_identification:_identify(src/tutorial_interfaces) by extension 'ros'
[0.473s] DEBUG:colcon.colcon_core.package_identification:Package 'src/tutorial_interfaces' with type 'ros.ament_cmake' and name 'tutorial_interfaces'
[0.473s] Level 1:colcon.colcon_core.package_discovery:discover_packages(recursive) using defaults
[0.473s] Level 1:colcon.colcon_core.package_discovery:discover_packages(ignore) discover
[0.473s] Level 1:colcon.colcon_core.package_discovery:discover_packages(ignore) using defaults
[0.473s] Level 1:colcon.colcon_core.package_discovery:discover_packages(path) discover
[0.473s] Level 1:colcon.colcon_core.package_discovery:discover_packages(path) using defaults
[0.519s] Level 1:colcon.colcon_core.package_discovery:discover_packages(prefix_path) check parameters
[0.519s] Level 1:colcon.colcon_core.package_discovery:discover_packages(prefix_path) discover
[0.528s] DEBUG:colcon.colcon_installed_package_information.package_discovery:Found 29 installed packages in /home/tomasz/Desktop/sese_ws/install
[0.533s] DEBUG:colcon.colcon_installed_package_information.package_discovery:Found 381 installed packages in /opt/ros/jazzy
[0.538s] Level 1:colcon.colcon_core.package_discovery:discover_packages(prefix_path) using defaults
[0.671s] Level 5:colcon.colcon_core.verb:set package 'gs_package' build argument 'cmake_args' from command line to 'None'
[0.671s] Level 5:colcon.colcon_core.verb:set package 'gs_package' build argument 'cmake_target' from command line to 'None'
[0.671s] Level 5:colcon.colcon_core.verb:set package 'gs_package' build argument 'cmake_target_skip_unavailable' from command line to 'False'
[0.671s] Level 5:colcon.colcon_core.verb:set package 'gs_package' build argument 'cmake_clean_cache' from command line to 'False'
[0.672s] Level 5:colcon.colcon_core.verb:set package 'gs_package' build argument 'cmake_clean_first' from command line to 'False'
[0.672s] Level 5:colcon.colcon_core.verb:set package 'gs_package' build argument 'cmake_force_configure' from command line to 'False'
[0.672s] Level 5:colcon.colcon_core.verb:set package 'gs_package' build argument 'ament_cmake_args' from command line to 'None'
[0.672s] Level 5:colcon.colcon_core.verb:set package 'gs_package' build argument 'catkin_cmake_args' from command line to 'None'
[0.672s] Level 5:colcon.colcon_core.verb:set package 'gs_package' build argument 'catkin_skip_building_tests' from command line to 'False'
[0.672s] DEBUG:colcon.colcon_core.verb:Building package 'gs_package' with the following arguments: {'ament_cmake_args': None, 'build_base': '/home/tomasz/Desktop/sese_ws/build/gs_package', 'catkin_cmake_args': None, 'catkin_skip_building_tests': False, 'cmake_args': None, 'cmake_clean_cache': False, 'cmake_clean_first': False, 'cmake_force_configure': False, 'cmake_target': None, 'cmake_target_skip_unavailable': False, 'install_base': '/home/tomasz/Desktop/sese_ws/install/gs_package', 'merge_install': False, 'path': '/home/tomasz/Desktop/sese_ws/src/gs_package', 'symlink_install': False, 'test_result_base': None}
[0.672s] Level 5:colcon.colcon_core.verb:set package 'my_package' build argument 'cmake_args' from command line to 'None'
[0.673s] Level 5:colcon.colcon_core.verb:set package 'my_package' build argument 'cmake_target' from command line to 'None'
[0.673s] Level 5:colcon.colcon_core.verb:set package 'my_package' build argument 'cmake_target_skip_unavailable' from command line to 'False'
[0.673s] Level 5:colcon.colcon_core.verb:set package 'my_package' build argument 'cmake_clean_cache' from command line to 'False'
[0.673s] Level 5:colcon.colcon_core.verb:set package 'my_package' build argument 'cmake_clean_first' from command line to 'False'
[0.673s] Level 5:colcon.colcon_core.verb:set package 'my_package' build argument 'cmake_force_configure' from command line to 'False'
[0.673s] Level 5:colcon.colcon_core.verb:set package 'my_package' build argument 'ament_cmake_args' from command line to 'None'
[0.673s] Level 5:colcon.colcon_core.verb:set package 'my_package' build argument 'catkin_cmake_args' from command line to 'None'
[0.673s] Level 5:colcon.colcon_core.verb:set package 'my_package' build argument 'catkin_skip_building_tests' from command line to 'False'
[0.673s] DEBUG:colcon.colcon_core.verb:Building package 'my_package' with the following arguments: {'ament_cmake_args': None, 'build_base': '/home/tomasz/Desktop/sese_ws/build/my_package', 'catkin_cmake_args': None, 'catkin_skip_building_tests': False, 'cmake_args': None, 'cmake_clean_cache': False, 'cmake_clean_first': False, 'cmake_force_configure': False, 'cmake_target': None, 'cmake_target_skip_unavailable': False, 'install_base': '/home/tomasz/Desktop/sese_ws/install/my_package', 'merge_install': False, 'path': '/home/tomasz/Desktop/sese_ws/src/my_package', 'symlink_install': False, 'test_result_base': None}
[0.674s] Level 5:colcon.colcon_core.verb:set package 'py_pubsub' build argument 'cmake_args' from command line to 'None'
[0.674s] Level 5:colcon.colcon_core.verb:set package 'py_pubsub' build argument 'cmake_target' from command line to 'None'
[0.674s] Level 5:colcon.colcon_core.verb:set package 'py_pubsub' build argument 'cmake_target_skip_unavailable' from command line to 'False'
[0.674s] Level 5:colcon.colcon_core.verb:set package 'py_pubsub' build argument 'cmake_clean_cache' from command line to 'False'
[0.674s] Level 5:colcon.colcon_core.verb:set package 'py_pubsub' build argument 'cmake_clean_first' from command line to 'False'
[0.674s] Level 5:colcon.colcon_core.verb:set package 'py_pubsub' build argument 'cmake_force_configure' from command line to 'False'
[0.674s] Level 5:colcon.colcon_core.verb:set package 'py_pubsub' build argument 'ament_cmake_args' from command line to 'None'
[0.674s] Level 5:colcon.colcon_core.verb:set package 'py_pubsub' build argument 'catkin_cmake_args' from command line to 'None'
[0.674s] Level 5:colcon.colcon_core.verb:set package 'py_pubsub' build argument 'catkin_skip_building_tests' from command line to 'False'
[0.674s] DEBUG:colcon.colcon_core.verb:Building package 'py_pubsub' with the following arguments: {'ament_cmake_args': None, 'build_base': '/home/tomasz/Desktop/sese_ws/build/py_pubsub', 'catkin_cmake_args': None, 'catkin_skip_building_tests': False, 'cmake_args': None, 'cmake_clean_cache': False, 'cmake_clean_first': False, 'cmake_force_configure': False, 'cmake_target': None, 'cmake_target_skip_unavailable': False, 'install_base': '/home/tomasz/Desktop/sese_ws/install/py_pubsub', 'merge_install': False, 'path': '/home/tomasz/Desktop/sese_ws/src/py_pubsub', 'symlink_install': False, 'test_result_base': None}
[0.675s] Level 5:colcon.colcon_core.verb:set package 'python_parameters' build argument 'cmake_args' from command line to 'None'
[0.675s] Level 5:colcon.colcon_core.verb:set package 'python_parameters' build argument 'cmake_target' from command line to 'None'
[0.675s] Level 5:colcon.colcon_core.verb:set package 'python_parameters' build argument 'cmake_target_skip_unavailable' from command line to 'False'
[0.675s] Level 5:colcon.colcon_core.verb:set package 'python_parameters' build argument 'cmake_clean_cache' from command line to 'False'
[0.675s] Level 5:colcon.colcon_core.verb:set package 'python_parameters' build argument 'cmake_clean_first' from command line to 'False'
[0.675s] Level 5:colcon.colcon_core.verb:set package 'python_parameters' build argument 'cmake_force_configure' from command line to 'False'
[0.675s] Level 5:colcon.colcon_core.verb:set package 'python_parameters' build argument 'ament_cmake_args' from command line to 'None'
[0.675s] Level 5:colcon.colcon_core.verb:set package 'python_parameters' build argument 'catkin_cmake_args' from command line to 'None'
[0.675s] Level 5:colcon.colcon_core.verb:set package 'python_parameters' build argument 'catkin_skip_building_tests' from command line to 'False'
[0.675s] DEBUG:colcon.colcon_core.verb:Building package 'python_parameters' with the following arguments: {'ament_cmake_args': None, 'build_base': '/home/tomasz/Desktop/sese_ws/build/python_parameters', 'catkin_cmake_args': None, 'catkin_skip_building_tests': False, 'cmake_args': None, 'cmake_clean_cache': False, 'cmake_clean_first': False, 'cmake_force_configure': False, 'cmake_target': None, 'cmake_target_skip_unavailable': False, 'install_base': '/home/tomasz/Desktop/sese_ws/install/python_parameters', 'merge_install': False, 'path': '/home/tomasz/Desktop/sese_ws/src/python_parameters', 'symlink_install': False, 'test_result_base': None}
[0.676s] Level 5:colcon.colcon_core.verb:set package 'tutorial_interfaces' build argument 'cmake_args' from command line to 'None'
[0.676s] Level 5:colcon.colcon_core.verb:set package 'tutorial_interfaces' build argument 'cmake_target' from command line to 'None'
[0.676s] Level 5:colcon.colcon_core.verb:set package 'tutorial_interfaces' build argument 'cmake_target_skip_unavailable' from command line to 'False'
[0.676s] Level 5:colcon.colcon_core.verb:set package 'tutorial_interfaces' build argument 'cmake_clean_cache' from command line to 'False'
[0.676s] Level 5:colcon.colcon_core.verb:set package 'tutorial_interfaces' build argument 'cmake_clean_first' from command line to 'False'
[0.676s] Level 5:colcon.colcon_core.verb:set package 'tutorial_interfaces' build argument 'cmake_force_configure' from command line to 'False'
[0.676s] Level 5:colcon.colcon_core.verb:set package 'tutorial_interfaces' build argument 'ament_cmake_args' from command line to 'None'
[0.676s] Level 5:colcon.colcon_core.verb:set package 'tutorial_interfaces' build argument 'catkin_cmake_args' from command line to 'None'
[0.676s] Level 5:colcon.colcon_core.verb:set package 'tutorial_interfaces' build argument 'catkin_skip_building_tests' from command line to 'False'
[0.676s] DEBUG:colcon.colcon_core.verb:Building package 'tutorial_interfaces' with the following arguments: {'ament_cmake_args': None, 'build_base': '/home/tomasz/Desktop/sese_ws/build/tutorial_interfaces', 'catkin_cmake_args': None, 'catkin_skip_building_tests': False, 'cmake_args': None, 'cmake_clean_cache': False, 'cmake_clean_first': False, 'cmake_force_configure': False, 'cmake_target': None, 'cmake_target_skip_unavailable': False, 'install_base': '/home/tomasz/Desktop/sese_ws/install/tutorial_interfaces', 'merge_install': False, 'path': '/home/tomasz/Desktop/sese_ws/src/tutorial_interfaces', 'symlink_install': False, 'test_result_base': None}
[0.677s] Level 5:colcon.colcon_core.verb:set package 'py_srvcli' build argument 'cmake_args' from command line to 'None'
[0.677s] Level 5:colcon.colcon_core.verb:set package 'py_srvcli' build argument 'cmake_target' from command line to 'None'
[0.677s] Level 5:colcon.colcon_core.verb:set package 'py_srvcli' build argument 'cmake_target_skip_unavailable' from command line to 'False'
[0.677s] Level 5:colcon.colcon_core.verb:set package 'py_srvcli' build argument 'cmake_clean_cache' from command line to 'False'
[0.677s] Level 5:colcon.colcon_core.verb:set package 'py_srvcli' build argument 'cmake_clean_first' from command line to 'False'
[0.677s] Level 5:colcon.colcon_core.verb:set package 'py_srvcli' build argument 'cmake_force_configure' from command line to 'False'
[0.677s] Level 5:colcon.colcon_core.verb:set package 'py_srvcli' build argument 'ament_cmake_args' from command line to 'None'
[0.677s] Level 5:colcon.colcon_core.verb:set package 'py_srvcli' build argument 'catkin_cmake_args' from command line to 'None'
[0.678s] Level 5:colcon.colcon_core.verb:set package 'py_srvcli' build argument 'catkin_skip_building_tests' from command line to 'False'
[0.678s] DEBUG:colcon.colcon_core.verb:Building package 'py_srvcli' with the following arguments: {'ament_cmake_args': None, 'build_base': '/home/tomasz/Desktop/sese_ws/build/py_srvcli', 'catkin_cmake_args': None, 'catkin_skip_building_tests': False, 'cmake_args': None, 'cmake_clean_cache': False, 'cmake_clean_first': False, 'cmake_force_configure': False, 'cmake_target': None, 'cmake_target_skip_unavailable': False, 'install_base': '/home/tomasz/Desktop/sese_ws/install/py_srvcli', 'merge_install': False, 'path': '/home/tomasz/Desktop/sese_ws/src/py_srvcli', 'symlink_install': False, 'test_result_base': None}
[0.678s] INFO:colcon.colcon_core.executor:Executing jobs using 'parallel' executor
[0.680s] DEBUG:colcon.colcon_parallel_executor.executor.parallel:run_until_complete
[0.681s] INFO:colcon.colcon_ros.task.ament_cmake.build:Building ROS package in '/home/tomasz/Desktop/sese_ws/src/tutorial_interfaces' with build type 'ament_cmake'
[0.681s] INFO:colcon.colcon_cmake.task.cmake.build:Building CMake package in '/home/tomasz/Desktop/sese_ws/src/tutorial_interfaces'
[0.689s] INFO:colcon.colcon_core.plugin_system:Skipping extension 'colcon_core.shell.bat': Not used on non-Windows systems
[0.689s] INFO:colcon.colcon_core.shell:Skip shell extension 'powershell' for command environment: Not usable outside of PowerShell
[0.690s] DEBUG:colcon.colcon_core.shell:Skip shell extension 'dsv' for command environment
[0.704s] INFO:colcon.colcon_ros.task.ament_python.build:Building ROS package in '/home/tomasz/Desktop/sese_ws/src/gs_package' with build type 'ament_python'
[0.704s] Level 1:colcon.colcon_core.shell:create_environment_hook('gs_package', 'ament_prefix_path')
[0.705s] INFO:colcon.colcon_core.shell:Creating environment hook '/home/tomasz/Desktop/sese_ws/install/gs_package/share/gs_package/hook/ament_prefix_path.ps1'
[0.706s] INFO:colcon.colcon_core.shell:Creating environment descriptor '/home/tomasz/Desktop/sese_ws/install/gs_package/share/gs_package/hook/ament_prefix_path.dsv'
[0.707s] INFO:colcon.colcon_core.shell:Creating environment hook '/home/tomasz/Desktop/sese_ws/install/gs_package/share/gs_package/hook/ament_prefix_path.sh'
[0.709s] INFO:colcon.colcon_core.shell:Skip shell extension 'powershell' for command environment: Not usable outside of PowerShell
[0.709s] DEBUG:colcon.colcon_core.shell:Skip shell extension 'dsv' for command environment
[0.725s] INFO:colcon.colcon_ros.task.ament_python.build:Building ROS package in '/home/tomasz/Desktop/sese_ws/src/my_package' with build type 'ament_python'
[0.725s] Level 1:colcon.colcon_core.shell:create_environment_hook('my_package', 'ament_prefix_path')
[0.726s] INFO:colcon.colcon_core.shell:Creating environment hook '/home/tomasz/Desktop/sese_ws/install/my_package/share/my_package/hook/ament_prefix_path.ps1'
[0.728s] INFO:colcon.colcon_core.shell:Creating environment descriptor '/home/tomasz/Desktop/sese_ws/install/my_package/share/my_package/hook/ament_prefix_path.dsv'
[0.730s] INFO:colcon.colcon_core.shell:Creating environment hook '/home/tomasz/Desktop/sese_ws/install/my_package/share/my_package/hook/ament_prefix_path.sh'
[0.731s] INFO:colcon.colcon_core.shell:Skip shell extension 'powershell' for command environment: Not usable outside of PowerShell
[0.731s] DEBUG:colcon.colcon_core.shell:Skip shell extension 'dsv' for command environment
[0.746s] INFO:colcon.colcon_ros.task.ament_python.build:Building ROS package in '/home/tomasz/Desktop/sese_ws/src/py_pubsub' with build type 'ament_python'
[0.747s] Level 1:colcon.colcon_core.shell:create_environment_hook('py_pubsub', 'ament_prefix_path')
[0.747s] INFO:colcon.colcon_core.shell:Creating environment hook '/home/tomasz/Desktop/sese_ws/install/py_pubsub/share/py_pubsub/hook/ament_prefix_path.ps1'
[0.749s] INFO:colcon.colcon_core.shell:Creating environment descriptor '/home/tomasz/Desktop/sese_ws/install/py_pubsub/share/py_pubsub/hook/ament_prefix_path.dsv'
[0.750s] INFO:colcon.colcon_core.shell:Creating environment hook '/home/tomasz/Desktop/sese_ws/install/py_pubsub/share/py_pubsub/hook/ament_prefix_path.sh'
[0.752s] INFO:colcon.colcon_core.shell:Skip shell extension 'powershell' for command environment: Not usable outside of PowerShell
[0.752s] DEBUG:colcon.colcon_core.shell:Skip shell extension 'dsv' for command environment
[0.768s] INFO:colcon.colcon_ros.task.ament_python.build:Building ROS package in '/home/tomasz/Desktop/sese_ws/src/python_parameters' with build type 'ament_python'
[0.768s] Level 1:colcon.colcon_core.shell:create_environment_hook('python_parameters', 'ament_prefix_path')
[0.769s] INFO:colcon.colcon_core.shell:Creating environment hook '/home/tomasz/Desktop/sese_ws/install/python_parameters/share/python_parameters/hook/ament_prefix_path.ps1'
[0.770s] INFO:colcon.colcon_core.shell:Creating environment descriptor '/home/tomasz/Desktop/sese_ws/install/python_parameters/share/python_parameters/hook/ament_prefix_path.dsv'
[0.772s] INFO:colcon.colcon_core.shell:Creating environment hook '/home/tomasz/Desktop/sese_ws/install/python_parameters/share/python_parameters/hook/ament_prefix_path.sh'
[0.773s] INFO:colcon.colcon_core.shell:Skip shell extension 'powershell' for command environment: Not usable outside of PowerShell
[0.773s] DEBUG:colcon.colcon_core.shell:Skip shell extension 'dsv' for command environment
[0.802s] DEBUG:colcon.colcon_core.event_handler.log_command:Invoking command in '/home/tomasz/Desktop/sese_ws/build/tutorial_interfaces': CMAKE_PREFIX_PATH=${CMAKE_PREFIX_PATH}:/home/tomasz/Desktop/sese_ws/install/py_srvcli:/home/tomasz/Desktop/sese_ws/install/python_parameters:/home/tomasz/Desktop/sese_ws/install/py_pubsub:/home/tomasz/Desktop/sese_ws/install/my_package:/home/tomasz/Desktop/sese_ws/install/launch_testing_examples:/home/tomasz/Desktop/sese_ws/install/gs_package:/home/tomasz/Desktop/sese_ws/install/examples_rclpy_pointcloud_publisher:/home/tomasz/Desktop/sese_ws/install/examples_rclpy_minimal_subscriber:/home/tomasz/Desktop/sese_ws/install/examples_rclpy_minimal_service:/home/tomasz/Desktop/sese_ws/install/examples_rclpy_minimal_publisher:/home/tomasz/Desktop/sese_ws/install/examples_rclpy_minimal_client:/home/tomasz/Desktop/sese_ws/install/examples_rclpy_minimal_action_server:/home/tomasz/Desktop/sese_ws/install/examples_rclpy_minimal_action_client:/home/tomasz/Desktop/sese_ws/install/examples_rclpy_guard_conditions:/home/tomasz/Desktop/sese_ws/install/examples_rclpy_executors:/opt/ros/jazzy DEBUGINFOD_URLS=https://debuginfod.ubuntu.com /usr/bin/cmake --build /home/tomasz/Desktop/sese_ws/build/tutorial_interfaces -- -j16 -l16
[1.446s] INFO:colcon.colcon_core.task.python.build:Building Python package in '/home/tomasz/Desktop/sese_ws/src/gs_package'
[1.446s] INFO:colcon.colcon_core.shell:Skip shell extension 'powershell' for command environment: Not usable outside of PowerShell
[1.447s] DEBUG:colcon.colcon_core.shell:Skip shell extension 'dsv' for command environment
[2.044s] INFO:colcon.colcon_core.task.python.build:Building Python package in '/home/tomasz/Desktop/sese_ws/src/my_package'
[2.045s] INFO:colcon.colcon_core.shell:Skip shell extension 'powershell' for command environment: Not usable outside of PowerShell
[2.045s] DEBUG:colcon.colcon_core.shell:Skip shell extension 'dsv' for command environment
[2.647s] INFO:colcon.colcon_core.task.python.build:Building Python package in '/home/tomasz/Desktop/sese_ws/src/py_pubsub'
[2.648s] INFO:colcon.colcon_core.shell:Skip shell extension 'powershell' for command environment: Not usable outside of PowerShell
[2.648s] DEBUG:colcon.colcon_core.shell:Skip shell extension 'dsv' for command environment
[2.673s] DEBUG:colcon.colcon_core.event_handler.log_command:Invoked command in '/home/tomasz/Desktop/sese_ws/build/tutorial_interfaces' returned '0': CMAKE_PREFIX_PATH=${CMAKE_PREFIX_PATH}:/home/tomasz/Desktop/sese_ws/install/py_srvcli:/home/tomasz/Desktop/sese_ws/install/python_parameters:/home/tomasz/Desktop/sese_ws/install/py_pubsub:/home/tomasz/Desktop/sese_ws/install/my_package:/home/tomasz/Desktop/sese_ws/install/launch_testing_examples:/home/tomasz/Desktop/sese_ws/install/gs_package:/home/tomasz/Desktop/sese_ws/install/examples_rclpy_pointcloud_publisher:/home/tomasz/Desktop/sese_ws/install/examples_rclpy_minimal_subscriber:/home/tomasz/Desktop/sese_ws/install/examples_rclpy_minimal_service:/home/tomasz/Desktop/sese_ws/install/examples_rclpy_minimal_publisher:/home/tomasz/Desktop/sese_ws/install/examples_rclpy_minimal_client:/home/tomasz/Desktop/sese_ws/install/examples_rclpy_minimal_action_server:/home/tomasz/Desktop/sese_ws/install/examples_rclpy_minimal_action_client:/home/tomasz/Desktop/sese_ws/install/examples_rclpy_guard_conditions:/home/tomasz/Desktop/sese_ws/install/examples_rclpy_executors:/opt/ros/jazzy DEBUGINFOD_URLS=https://debuginfod.ubuntu.com /usr/bin/cmake --build /home/tomasz/Desktop/sese_ws/build/tutorial_interfaces -- -j16 -l16
[3.277s] INFO:colcon.colcon_core.task.python.build:Building Python package in '/home/tomasz/Desktop/sese_ws/src/python_parameters'
[3.277s] INFO:colcon.colcon_core.shell:Skip shell extension 'powershell' for command environment: Not usable outside of PowerShell
[3.277s] DEBUG:colcon.colcon_core.shell:Skip shell extension 'dsv' for command environment
[3.332s] DEBUG:colcon.colcon_core.event_handler.log_command:Invoking command in '/home/tomasz/Desktop/sese_ws/build/tutorial_interfaces': CMAKE_PREFIX_PATH=${CMAKE_PREFIX_PATH}:/home/tomasz/Desktop/sese_ws/install/py_srvcli:/home/tomasz/Desktop/sese_ws/install/python_parameters:/home/tomasz/Desktop/sese_ws/install/py_pubsub:/home/tomasz/Desktop/sese_ws/install/my_package:/home/tomasz/Desktop/sese_ws/install/launch_testing_examples:/home/tomasz/Desktop/sese_ws/install/gs_package:/home/tomasz/Desktop/sese_ws/install/examples_rclpy_pointcloud_publisher:/home/tomasz/Desktop/sese_ws/install/examples_rclpy_minimal_subscriber:/home/tomasz/Desktop/sese_ws/install/examples_rclpy_minimal_service:/home/tomasz/Desktop/sese_ws/install/examples_rclpy_minimal_publisher:/home/tomasz/Desktop/sese_ws/install/examples_rclpy_minimal_client:/home/tomasz/Desktop/sese_ws/install/examples_rclpy_minimal_action_server:/home/tomasz/Desktop/sese_ws/install/examples_rclpy_minimal_action_client:/home/tomasz/Desktop/sese_ws/install/examples_rclpy_guard_conditions:/home/tomasz/Desktop/sese_ws/install/examples_rclpy_executors:/opt/ros/jazzy DEBUGINFOD_URLS=https://debuginfod.ubuntu.com /usr/bin/cmake --install /home/tomasz/Desktop/sese_ws/build/tutorial_interfaces
[3.507s] Level 1:colcon.colcon_core.environment:create_environment_scripts_only(tutorial_interfaces)
[3.511s] DEBUG:colcon.colcon_core.event_handler.log_command:Invoked command in '/home/tomasz/Desktop/sese_ws/build/tutorial_interfaces' returned '0': CMAKE_PREFIX_PATH=${CMAKE_PREFIX_PATH}:/home/tomasz/Desktop/sese_ws/install/py_srvcli:/home/tomasz/Desktop/sese_ws/install/python_parameters:/home/tomasz/Desktop/sese_ws/install/py_pubsub:/home/tomasz/Desktop/sese_ws/install/my_package:/home/tomasz/Desktop/sese_ws/install/launch_testing_examples:/home/tomasz/Desktop/sese_ws/install/gs_package:/home/tomasz/Desktop/sese_ws/install/examples_rclpy_pointcloud_publisher:/home/tomasz/Desktop/sese_ws/install/examples_rclpy_minimal_subscriber:/home/tomasz/Desktop/sese_ws/install/examples_rclpy_minimal_service:/home/tomasz/Desktop/sese_ws/install/examples_rclpy_minimal_publisher:/home/tomasz/Desktop/sese_ws/install/examples_rclpy_minimal_client:/home/tomasz/Desktop/sese_ws/install/examples_rclpy_minimal_action_server:/home/tomasz/Desktop/sese_ws/install/examples_rclpy_minimal_action_client:/home/tomasz/Desktop/sese_ws/install/examples_rclpy_guard_conditions:/home/tomasz/Desktop/sese_ws/install/examples_rclpy_executors:/opt/ros/jazzy DEBUGINFOD_URLS=https://debuginfod.ubuntu.com /usr/bin/cmake --install /home/tomasz/Desktop/sese_ws/build/tutorial_interfaces
[3.516s] Level 1:colcon.colcon_core.environment:checking '/home/tomasz/Desktop/sese_ws/install/tutorial_interfaces' for CMake module files
[3.517s] Level 1:colcon.colcon_core.environment:checking '/home/tomasz/Desktop/sese_ws/install/tutorial_interfaces' for CMake config files
[3.518s] Level 1:colcon.colcon_core.shell:create_environment_hook('tutorial_interfaces', 'cmake_prefix_path')
[3.519s] INFO:colcon.colcon_core.shell:Creating environment hook '/home/tomasz/Desktop/sese_ws/install/tutorial_interfaces/share/tutorial_interfaces/hook/cmake_prefix_path.ps1'
[3.520s] INFO:colcon.colcon_core.shell:Creating environment descriptor '/home/tomasz/Desktop/sese_ws/install/tutorial_interfaces/share/tutorial_interfaces/hook/cmake_prefix_path.dsv'
[3.520s] INFO:colcon.colcon_core.shell:Creating environment hook '/home/tomasz/Desktop/sese_ws/install/tutorial_interfaces/share/tutorial_interfaces/hook/cmake_prefix_path.sh'
[3.522s] Level 1:colcon.colcon_core.environment:checking '/home/tomasz/Desktop/sese_ws/install/tutorial_interfaces/lib'
[3.522s] Level 1:colcon.colcon_core.shell:create_environment_hook('tutorial_interfaces', 'ld_library_path_lib')
[3.523s] INFO:colcon.colcon_core.shell:Creating environment hook '/home/tomasz/Desktop/sese_ws/install/tutorial_interfaces/share/tutorial_interfaces/hook/ld_library_path_lib.ps1'
[3.524s] INFO:colcon.colcon_core.shell:Creating environment descriptor '/home/tomasz/Desktop/sese_ws/install/tutorial_interfaces/share/tutorial_interfaces/hook/ld_library_path_lib.dsv'
[3.524s] INFO:colcon.colcon_core.shell:Creating environment hook '/home/tomasz/Desktop/sese_ws/install/tutorial_interfaces/share/tutorial_interfaces/hook/ld_library_path_lib.sh'
[3.525s] Level 1:colcon.colcon_core.environment:checking '/home/tomasz/Desktop/sese_ws/install/tutorial_interfaces/bin'
[3.525s] Level 1:colcon.colcon_core.environment:checking '/home/tomasz/Desktop/sese_ws/install/tutorial_interfaces/lib/pkgconfig/tutorial_interfaces.pc'
[3.526s] Level 1:colcon.colcon_core.environment:checking '/home/tomasz/Desktop/sese_ws/install/tutorial_interfaces/lib/python3.12/site-packages'
[3.526s] Level 1:colcon.colcon_core.shell:create_environment_hook('tutorial_interfaces', 'pythonpath')
[3.526s] INFO:colcon.colcon_core.shell:Creating environment hook '/home/tomasz/Desktop/sese_ws/install/tutorial_interfaces/share/tutorial_interfaces/hook/pythonpath.ps1'
[3.527s] INFO:colcon.colcon_core.shell:Creating environment descriptor '/home/tomasz/Desktop/sese_ws/install/tutorial_interfaces/share/tutorial_interfaces/hook/pythonpath.dsv'
[3.528s] INFO:colcon.colcon_core.shell:Creating environment hook '/home/tomasz/Desktop/sese_ws/install/tutorial_interfaces/share/tutorial_interfaces/hook/pythonpath.sh'
[3.529s] Level 1:colcon.colcon_core.environment:checking '/home/tomasz/Desktop/sese_ws/install/tutorial_interfaces/bin'
[3.530s] INFO:colcon.colcon_core.shell:Creating package script '/home/tomasz/Desktop/sese_ws/install/tutorial_interfaces/share/tutorial_interfaces/package.ps1'
[3.532s] INFO:colcon.colcon_core.shell:Creating package descriptor '/home/tomasz/Desktop/sese_ws/install/tutorial_interfaces/share/tutorial_interfaces/package.dsv'
[3.533s] INFO:colcon.colcon_core.shell:Creating package script '/home/tomasz/Desktop/sese_ws/install/tutorial_interfaces/share/tutorial_interfaces/package.sh'
[3.534s] INFO:colcon.colcon_core.shell:Creating package script '/home/tomasz/Desktop/sese_ws/install/tutorial_interfaces/share/tutorial_interfaces/package.bash'
[3.536s] INFO:colcon.colcon_core.shell:Creating package script '/home/tomasz/Desktop/sese_ws/install/tutorial_interfaces/share/tutorial_interfaces/package.zsh'
[3.537s] Level 1:colcon.colcon_core.environment:create_file_with_runtime_dependencies(/home/tomasz/Desktop/sese_ws/install/tutorial_interfaces/share/colcon-core/packages/tutorial_interfaces)
[3.878s] Level 1:colcon.colcon_core.environment:create_environment_scripts_only(tutorial_interfaces)
[3.878s] Level 1:colcon.colcon_core.environment:checking '/home/tomasz/Desktop/sese_ws/install/tutorial_interfaces' for CMake module files
[3.880s] Level 1:colcon.colcon_core.environment:checking '/home/tomasz/Desktop/sese_ws/install/tutorial_interfaces' for CMake config files
[3.881s] Level 1:colcon.colcon_core.shell:create_environment_hook('tutorial_interfaces', 'cmake_prefix_path')
[3.881s] INFO:colcon.colcon_core.shell:Creating environment hook '/home/tomasz/Desktop/sese_ws/install/tutorial_interfaces/share/tutorial_interfaces/hook/cmake_prefix_path.ps1'
[3.882s] INFO:colcon.colcon_core.shell:Creating environment descriptor '/home/tomasz/Desktop/sese_ws/install/tutorial_interfaces/share/tutorial_interfaces/hook/cmake_prefix_path.dsv'
[3.883s] INFO:colcon.colcon_core.shell:Creating environment hook '/home/tomasz/Desktop/sese_ws/install/tutorial_interfaces/share/tutorial_interfaces/hook/cmake_prefix_path.sh'
[3.884s] Level 1:colcon.colcon_core.environment:checking '/home/tomasz/Desktop/sese_ws/install/tutorial_interfaces/lib'
[3.884s] Level 1:colcon.colcon_core.shell:create_environment_hook('tutorial_interfaces', 'ld_library_path_lib')
[3.885s] INFO:colcon.colcon_core.shell:Creating environment hook '/home/tomasz/Desktop/sese_ws/install/tutorial_interfaces/share/tutorial_interfaces/hook/ld_library_path_lib.ps1'
[3.886s] INFO:colcon.colcon_core.shell:Creating environment descriptor '/home/tomasz/Desktop/sese_ws/install/tutorial_interfaces/share/tutorial_interfaces/hook/ld_library_path_lib.dsv'
[3.886s] INFO:colcon.colcon_core.shell:Creating environment hook '/home/tomasz/Desktop/sese_ws/install/tutorial_interfaces/share/tutorial_interfaces/hook/ld_library_path_lib.sh'
[3.887s] Level 1:colcon.colcon_core.environment:checking '/home/tomasz/Desktop/sese_ws/install/tutorial_interfaces/bin'
[3.887s] Level 1:colcon.colcon_core.environment:checking '/home/tomasz/Desktop/sese_ws/install/tutorial_interfaces/lib/pkgconfig/tutorial_interfaces.pc'
[3.888s] Level 1:colcon.colcon_core.environment:checking '/home/tomasz/Desktop/sese_ws/install/tutorial_interfaces/lib/python3.12/site-packages'
[3.888s] Level 1:colcon.colcon_core.shell:create_environment_hook('tutorial_interfaces', 'pythonpath')
[3.889s] INFO:colcon.colcon_core.shell:Creating environment hook '/home/tomasz/Desktop/sese_ws/install/tutorial_interfaces/share/tutorial_interfaces/hook/pythonpath.ps1'
[3.889s] INFO:colcon.colcon_core.shell:Creating environment descriptor '/home/tomasz/Desktop/sese_ws/install/tutorial_interfaces/share/tutorial_interfaces/hook/pythonpath.dsv'
[3.890s] INFO:colcon.colcon_core.shell:Creating environment hook '/home/tomasz/Desktop/sese_ws/install/tutorial_interfaces/share/tutorial_interfaces/hook/pythonpath.sh'
[3.891s] Level 1:colcon.colcon_core.environment:checking '/home/tomasz/Desktop/sese_ws/install/tutorial_interfaces/bin'
[3.892s] INFO:colcon.colcon_core.shell:Creating package script '/home/tomasz/Desktop/sese_ws/install/tutorial_interfaces/share/tutorial_interfaces/package.ps1'
[3.894s] INFO:colcon.colcon_core.shell:Creating package descriptor '/home/tomasz/Desktop/sese_ws/install/tutorial_interfaces/share/tutorial_interfaces/package.dsv'
[3.895s] INFO:colcon.colcon_core.shell:Creating package script '/home/tomasz/Desktop/sese_ws/install/tutorial_interfaces/share/tutorial_interfaces/package.sh'
[3.896s] INFO:colcon.colcon_core.shell:Creating package script '/home/tomasz/Desktop/sese_ws/install/tutorial_interfaces/share/tutorial_interfaces/package.bash'
[3.898s] INFO:colcon.colcon_core.shell:Creating package script '/home/tomasz/Desktop/sese_ws/install/tutorial_interfaces/share/tutorial_interfaces/package.zsh'
[3.899s] Level 1:colcon.colcon_core.environment:create_file_with_runtime_dependencies(/home/tomasz/Desktop/sese_ws/install/tutorial_interfaces/share/colcon-core/packages/tutorial_interfaces)
[3.899s] INFO:colcon.colcon_ros.task.ament_python.build:Building ROS package in '/home/tomasz/Desktop/sese_ws/src/py_srvcli' with build type 'ament_python'
[3.900s] Level 1:colcon.colcon_core.shell:create_environment_hook('py_srvcli', 'ament_prefix_path')
[3.900s] INFO:colcon.colcon_core.shell:Creating environment hook '/home/tomasz/Desktop/sese_ws/install/py_srvcli/share/py_srvcli/hook/ament_prefix_path.ps1'
[3.902s] INFO:colcon.colcon_core.shell:Creating environment descriptor '/home/tomasz/Desktop/sese_ws/install/py_srvcli/share/py_srvcli/hook/ament_prefix_path.dsv'
[3.903s] INFO:colcon.colcon_core.shell:Creating environment hook '/home/tomasz/Desktop/sese_ws/install/py_srvcli/share/py_srvcli/hook/ament_prefix_path.sh'
[3.904s] INFO:colcon.colcon_core.shell:Skip shell extension 'powershell' for command environment: Not usable outside of PowerShell
[3.904s] DEBUG:colcon.colcon_core.shell:Skip shell extension 'dsv' for command environment
[4.526s] INFO:colcon.colcon_core.task.python.build:Building Python package in '/home/tomasz/Desktop/sese_ws/src/py_srvcli'
[4.527s] INFO:colcon.colcon_core.shell:Skip shell extension 'powershell' for command environment: Not usable outside of PowerShell
[4.527s] DEBUG:colcon.colcon_core.shell:Skip shell extension 'dsv' for command environment
[4.979s] DEBUG:colcon.colcon_core.event_handler.log_command:Invoking command in '/home/tomasz/Desktop/sese_ws/src/gs_package': DEBUGINFOD_URLS=https://debuginfod.ubuntu.com PYTHONPATH=/home/tomasz/Desktop/sese_ws/build/gs_package/prefix_override:/usr/lib/python3/dist-packages/colcon_core/task/python/colcon_distutils_commands:/home/tomasz/Desktop/sese_ws/install/gs_package/lib/python3.12/site-packages:${PYTHONPATH} /usr/bin/python3 -W ignore:setup.py install is deprecated -W ignore:easy_install command is deprecated setup.py egg_info --egg-base ../../build/gs_package build --build-base /home/tomasz/Desktop/sese_ws/build/gs_package/build install --record /home/tomasz/Desktop/sese_ws/build/gs_package/install.log --single-version-externally-managed install_data
[4.995s] DEBUG:colcon.colcon_core.event_handler.log_command:Invoking command in '/home/tomasz/Desktop/sese_ws/src/my_package': DEBUGINFOD_URLS=https://debuginfod.ubuntu.com PYTHONPATH=/home/tomasz/Desktop/sese_ws/build/my_package/prefix_override:/usr/lib/python3/dist-packages/colcon_core/task/python/colcon_distutils_commands:/home/tomasz/Desktop/sese_ws/install/my_package/lib/python3.12/site-packages:${PYTHONPATH} /usr/bin/python3 -W ignore:setup.py install is deprecated -W ignore:easy_install command is deprecated setup.py egg_info --egg-base ../../build/my_package build --build-base /home/tomasz/Desktop/sese_ws/build/my_package/build install --record /home/tomasz/Desktop/sese_ws/build/my_package/install.log --single-version-externally-managed install_data
[5.017s] DEBUG:colcon.colcon_core.event_handler.log_command:Invoking command in '/home/tomasz/Desktop/sese_ws/src/python_parameters': DEBUGINFOD_URLS=https://debuginfod.ubuntu.com PYTHONPATH=/home/tomasz/Desktop/sese_ws/build/python_parameters/prefix_override:/usr/lib/python3/dist-packages/colcon_core/task/python/colcon_distutils_commands:/home/tomasz/Desktop/sese_ws/install/python_parameters/lib/python3.12/site-packages:${PYTHONPATH} /usr/bin/python3 -W ignore:setup.py install is deprecated -W ignore:easy_install command is deprecated setup.py egg_info --egg-base ../../build/python_parameters build --build-base /home/tomasz/Desktop/sese_ws/build/python_parameters/build install --record /home/tomasz/Desktop/sese_ws/build/python_parameters/install.log --single-version-externally-managed install_data
[5.044s] DEBUG:colcon.colcon_core.event_handler.log_command:Invoking command in '/home/tomasz/Desktop/sese_ws/src/py_pubsub': DEBUGINFOD_URLS=https://debuginfod.ubuntu.com PYTHONPATH=/home/tomasz/Desktop/sese_ws/build/py_pubsub/prefix_override:/usr/lib/python3/dist-packages/colcon_core/task/python/colcon_distutils_commands:/home/tomasz/Desktop/sese_ws/install/py_pubsub/lib/python3.12/site-packages:${PYTHONPATH} /usr/bin/python3 -W ignore:setup.py install is deprecated -W ignore:easy_install command is deprecated setup.py egg_info --egg-base ../../build/py_pubsub build --build-base /home/tomasz/Desktop/sese_ws/build/py_pubsub/build install --record /home/tomasz/Desktop/sese_ws/build/py_pubsub/install.log --single-version-externally-managed install_data
[6.222s] DEBUG:colcon.colcon_core.event_handler.log_command:Invoking command in '/home/tomasz/Desktop/sese_ws/src/py_srvcli': DEBUGINFOD_URLS=https://debuginfod.ubuntu.com PYTHONPATH=/home/tomasz/Desktop/sese_ws/build/py_srvcli/prefix_override:/usr/lib/python3/dist-packages/colcon_core/task/python/colcon_distutils_commands:/home/tomasz/Desktop/sese_ws/install/py_srvcli/lib/python3.12/site-packages:/home/tomasz/Desktop/sese_ws/install/tutorial_interfaces/lib/python3.12/site-packages:/home/tomasz/Desktop/sese_ws/install/py_srvcli/lib/python3.12/site-packages:/home/tomasz/Desktop/sese_ws/install/python_parameters/lib/python3.12/site-packages:/home/tomasz/Desktop/sese_ws/install/py_pubsub/lib/python3.12/site-packages:/home/tomasz/Desktop/sese_ws/install/my_package/lib/python3.12/site-packages:/home/tomasz/Desktop/sese_ws/build/launch_testing_examples:/home/tomasz/Desktop/sese_ws/install/launch_testing_examples/lib/python3.12/site-packages:/home/tomasz/Desktop/sese_ws/install/gs_package/lib/python3.12/site-packages:/home/tomasz/Desktop/sese_ws/build/examples_rclpy_pointcloud_publisher:/home/tomasz/Desktop/sese_ws/install/examples_rclpy_pointcloud_publisher/lib/python3.12/site-packages:/home/tomasz/Desktop/sese_ws/build/examples_rclpy_minimal_subscriber:/home/tomasz/Desktop/sese_ws/install/examples_rclpy_minimal_subscriber/lib/python3.12/site-packages:/home/tomasz/Desktop/sese_ws/build/examples_rclpy_minimal_service:/home/tomasz/Desktop/sese_ws/install/examples_rclpy_minimal_service/lib/python3.12/site-packages:/home/tomasz/Desktop/sese_ws/build/examples_rclpy_minimal_publisher:/home/tomasz/Desktop/sese_ws/install/examples_rclpy_minimal_publisher/lib/python3.12/site-packages:/home/tomasz/Desktop/sese_ws/build/examples_rclpy_minimal_client:/home/tomasz/Desktop/sese_ws/install/examples_rclpy_minimal_client/lib/python3.12/site-packages:/home/tomasz/Desktop/sese_ws/build/examples_rclpy_minimal_action_server:/home/tomasz/Desktop/sese_ws/install/examples_rclpy_minimal_action_server/lib/python3.12/site-packages:/home/tomasz/Desktop/sese_ws/build/examples_rclpy_minimal_action_client:/home/tomasz/Desktop/sese_ws/install/examples_rclpy_minimal_action_client/lib/python3.12/site-packages:/home/tomasz/Desktop/sese_ws/build/examples_rclpy_guard_conditions:/home/tomasz/Desktop/sese_ws/install/examples_rclpy_guard_conditions/lib/python3.12/site-packages:/home/tomasz/Desktop/sese_ws/build/examples_rclpy_executors:/home/tomasz/Desktop/sese_ws/install/examples_rclpy_executors/lib/python3.12/site-packages:/home/tomasz/Desktop/sese_ws/install/custom_action_interfaces/lib/python3.12/site-packages:/opt/ros/jazzy/lib/python3.12/site-packages /usr/bin/python3 -W ignore:setup.py install is deprecated -W ignore:easy_install command is deprecated setup.py egg_info --egg-base ../../build/py_srvcli build --build-base /home/tomasz/Desktop/sese_ws/build/py_srvcli/build install --record /home/tomasz/Desktop/sese_ws/build/py_srvcli/install.log --single-version-externally-managed install_data
[6.571s] Level 1:colcon.colcon_core.environment:checking '/home/tomasz/Desktop/sese_ws/install/my_package' for CMake module files
[6.572s] DEBUG:colcon.colcon_core.event_handler.log_command:Invoked command in '/home/tomasz/Desktop/sese_ws/src/my_package' returned '0': DEBUGINFOD_URLS=https://debuginfod.ubuntu.com PYTHONPATH=/home/tomasz/Desktop/sese_ws/build/my_package/prefix_override:/usr/lib/python3/dist-packages/colcon_core/task/python/colcon_distutils_commands:/home/tomasz/Desktop/sese_ws/install/my_package/lib/python3.12/site-packages:${PYTHONPATH} /usr/bin/python3 -W ignore:setup.py install is deprecated -W ignore:easy_install command is deprecated setup.py egg_info --egg-base ../../build/my_package build --build-base /home/tomasz/Desktop/sese_ws/build/my_package/build install --record /home/tomasz/Desktop/sese_ws/build/my_package/install.log --single-version-externally-managed install_data
[6.573s] Level 1:colcon.colcon_core.environment:checking '/home/tomasz/Desktop/sese_ws/install/my_package' for CMake config files
[6.574s] Level 1:colcon.colcon_core.environment:checking '/home/tomasz/Desktop/sese_ws/install/my_package/lib'
[6.575s] Level 1:colcon.colcon_core.environment:checking '/home/tomasz/Desktop/sese_ws/install/my_package/bin'
[6.575s] Level 1:colcon.colcon_core.environment:checking '/home/tomasz/Desktop/sese_ws/install/my_package/lib/pkgconfig/my_package.pc'
[6.575s] Level 1:colcon.colcon_core.environment:checking '/home/tomasz/Desktop/sese_ws/install/my_package/lib/python3.12/site-packages'
[6.575s] Level 1:colcon.colcon_core.shell:create_environment_hook('my_package', 'pythonpath')
[6.576s] INFO:colcon.colcon_core.shell:Creating environment hook '/home/tomasz/Desktop/sese_ws/install/my_package/share/my_package/hook/pythonpath.ps1'
[6.577s] INFO:colcon.colcon_core.shell:Creating environment descriptor '/home/tomasz/Desktop/sese_ws/install/my_package/share/my_package/hook/pythonpath.dsv'
[6.578s] INFO:colcon.colcon_core.shell:Creating environment hook '/home/tomasz/Desktop/sese_ws/install/my_package/share/my_package/hook/pythonpath.sh'
[6.579s] Level 1:colcon.colcon_core.environment:checking '/home/tomasz/Desktop/sese_ws/install/my_package/bin'
[6.579s] Level 1:colcon.colcon_core.environment:create_environment_scripts_only(my_package)
[6.580s] INFO:colcon.colcon_core.shell:Creating package script '/home/tomasz/Desktop/sese_ws/install/my_package/share/my_package/package.ps1'
[6.583s] INFO:colcon.colcon_core.shell:Creating package descriptor '/home/tomasz/Desktop/sese_ws/install/my_package/share/my_package/package.dsv'
[6.584s] INFO:colcon.colcon_core.shell:Creating package script '/home/tomasz/Desktop/sese_ws/install/my_package/share/my_package/package.sh'
[6.585s] INFO:colcon.colcon_core.shell:Creating package script '/home/tomasz/Desktop/sese_ws/install/my_package/share/my_package/package.bash'
[6.586s] INFO:colcon.colcon_core.shell:Creating package script '/home/tomasz/Desktop/sese_ws/install/my_package/share/my_package/package.zsh'
[6.586s] Level 1:colcon.colcon_core.environment:create_file_with_runtime_dependencies(/home/tomasz/Desktop/sese_ws/install/my_package/share/colcon-core/packages/my_package)
[6.589s] Level 1:colcon.colcon_core.environment:checking '/home/tomasz/Desktop/sese_ws/install/gs_package' for CMake module files
[6.591s] DEBUG:colcon.colcon_core.event_handler.log_command:Invoked command in '/home/tomasz/Desktop/sese_ws/src/gs_package' returned '0': DEBUGINFOD_URLS=https://debuginfod.ubuntu.com PYTHONPATH=/home/tomasz/Desktop/sese_ws/build/gs_package/prefix_override:/usr/lib/python3/dist-packages/colcon_core/task/python/colcon_distutils_commands:/home/tomasz/Desktop/sese_ws/install/gs_package/lib/python3.12/site-packages:${PYTHONPATH} /usr/bin/python3 -W ignore:setup.py install is deprecated -W ignore:easy_install command is deprecated setup.py egg_info --egg-base ../../build/gs_package build --build-base /home/tomasz/Desktop/sese_ws/build/gs_package/build install --record /home/tomasz/Desktop/sese_ws/build/gs_package/install.log --single-version-externally-managed install_data
[6.592s] Level 1:colcon.colcon_core.environment:checking '/home/tomasz/Desktop/sese_ws/install/gs_package' for CMake config files
[6.594s] Level 1:colcon.colcon_core.environment:checking '/home/tomasz/Desktop/sese_ws/install/gs_package/lib'
[6.595s] Level 1:colcon.colcon_core.environment:checking '/home/tomasz/Desktop/sese_ws/install/gs_package/bin'
[6.595s] Level 1:colcon.colcon_core.environment:checking '/home/tomasz/Desktop/sese_ws/install/gs_package/lib/pkgconfig/gs_package.pc'
[6.596s] Level 1:colcon.colcon_core.environment:checking '/home/tomasz/Desktop/sese_ws/install/gs_package/lib/python3.12/site-packages'
[6.596s] Level 1:colcon.colcon_core.shell:create_environment_hook('gs_package', 'pythonpath')
[6.596s] INFO:colcon.colcon_core.shell:Creating environment hook '/home/tomasz/Desktop/sese_ws/install/gs_package/share/gs_package/hook/pythonpath.ps1'
[6.597s] INFO:colcon.colcon_core.shell:Creating environment descriptor '/home/tomasz/Desktop/sese_ws/install/gs_package/share/gs_package/hook/pythonpath.dsv'
[6.598s] INFO:colcon.colcon_core.shell:Creating environment hook '/home/tomasz/Desktop/sese_ws/install/gs_package/share/gs_package/hook/pythonpath.sh'
[6.600s] Level 1:colcon.colcon_core.environment:checking '/home/tomasz/Desktop/sese_ws/install/gs_package/bin'
[6.600s] Level 1:colcon.colcon_core.environment:create_environment_scripts_only(gs_package)
[6.600s] INFO:colcon.colcon_core.shell:Creating package script '/home/tomasz/Desktop/sese_ws/install/gs_package/share/gs_package/package.ps1'
[6.602s] INFO:colcon.colcon_core.shell:Creating package descriptor '/home/tomasz/Desktop/sese_ws/install/gs_package/share/gs_package/package.dsv'
[6.603s] INFO:colcon.colcon_core.shell:Creating package script '/home/tomasz/Desktop/sese_ws/install/gs_package/share/gs_package/package.sh'
[6.604s] INFO:colcon.colcon_core.shell:Creating package script '/home/tomasz/Desktop/sese_ws/install/gs_package/share/gs_package/package.bash'
[6.606s] INFO:colcon.colcon_core.shell:Creating package script '/home/tomasz/Desktop/sese_ws/install/gs_package/share/gs_package/package.zsh'
[6.607s] Level 1:colcon.colcon_core.environment:create_file_with_runtime_dependencies(/home/tomasz/Desktop/sese_ws/install/gs_package/share/colcon-core/packages/gs_package)
[6.636s] Level 1:colcon.colcon_core.environment:checking '/home/tomasz/Desktop/sese_ws/install/python_parameters' for CMake module files
[6.637s] DEBUG:colcon.colcon_core.event_handler.log_command:Invoked command in '/home/tomasz/Desktop/sese_ws/src/python_parameters' returned '0': DEBUGINFOD_URLS=https://debuginfod.ubuntu.com PYTHONPATH=/home/tomasz/Desktop/sese_ws/build/python_parameters/prefix_override:/usr/lib/python3/dist-packages/colcon_core/task/python/colcon_distutils_commands:/home/tomasz/Desktop/sese_ws/install/python_parameters/lib/python3.12/site-packages:${PYTHONPATH} /usr/bin/python3 -W ignore:setup.py install is deprecated -W ignore:easy_install command is deprecated setup.py egg_info --egg-base ../../build/python_parameters build --build-base /home/tomasz/Desktop/sese_ws/build/python_parameters/build install --record /home/tomasz/Desktop/sese_ws/build/python_parameters/install.log --single-version-externally-managed install_data
[6.638s] Level 1:colcon.colcon_core.environment:checking '/home/tomasz/Desktop/sese_ws/install/python_parameters' for CMake config files
[6.639s] Level 1:colcon.colcon_core.environment:checking '/home/tomasz/Desktop/sese_ws/install/python_parameters/lib'
[6.639s] Level 1:colcon.colcon_core.environment:checking '/home/tomasz/Desktop/sese_ws/install/python_parameters/bin'
[6.639s] Level 1:colcon.colcon_core.environment:checking '/home/tomasz/Desktop/sese_ws/install/python_parameters/lib/pkgconfig/python_parameters.pc'
[6.640s] Level 1:colcon.colcon_core.environment:checking '/home/tomasz/Desktop/sese_ws/install/python_parameters/lib/python3.12/site-packages'
[6.640s] Level 1:colcon.colcon_core.shell:create_environment_hook('python_parameters', 'pythonpath')
[6.640s] INFO:colcon.colcon_core.shell:Creating environment hook '/home/tomasz/Desktop/sese_ws/install/python_parameters/share/python_parameters/hook/pythonpath.ps1'
[6.641s] INFO:colcon.colcon_core.shell:Creating environment descriptor '/home/tomasz/Desktop/sese_ws/install/python_parameters/share/python_parameters/hook/pythonpath.dsv'
[6.642s] INFO:colcon.colcon_core.shell:Creating environment hook '/home/tomasz/Desktop/sese_ws/install/python_parameters/share/python_parameters/hook/pythonpath.sh'
[6.644s] Level 1:colcon.colcon_core.environment:checking '/home/tomasz/Desktop/sese_ws/install/python_parameters/bin'
[6.644s] Level 1:colcon.colcon_core.environment:create_environment_scripts_only(python_parameters)
[6.644s] INFO:colcon.colcon_core.shell:Creating package script '/home/tomasz/Desktop/sese_ws/install/python_parameters/share/python_parameters/package.ps1'
[6.645s] INFO:colcon.colcon_core.shell:Creating package descriptor '/home/tomasz/Desktop/sese_ws/install/python_parameters/share/python_parameters/package.dsv'
[6.646s] INFO:colcon.colcon_core.shell:Creating package script '/home/tomasz/Desktop/sese_ws/install/python_parameters/share/python_parameters/package.sh'
[6.647s] INFO:colcon.colcon_core.shell:Creating package script '/home/tomasz/Desktop/sese_ws/install/python_parameters/share/python_parameters/package.bash'
[6.648s] INFO:colcon.colcon_core.shell:Creating package script '/home/tomasz/Desktop/sese_ws/install/python_parameters/share/python_parameters/package.zsh'
[6.649s] Level 1:colcon.colcon_core.environment:create_file_with_runtime_dependencies(/home/tomasz/Desktop/sese_ws/install/python_parameters/share/colcon-core/packages/python_parameters)
[6.656s] Level 1:colcon.colcon_core.environment:checking '/home/tomasz/Desktop/sese_ws/install/py_pubsub' for CMake module files
[6.658s] DEBUG:colcon.colcon_core.event_handler.log_command:Invoked command in '/home/tomasz/Desktop/sese_ws/src/py_pubsub' returned '0': DEBUGINFOD_URLS=https://debuginfod.ubuntu.com PYTHONPATH=/home/tomasz/Desktop/sese_ws/build/py_pubsub/prefix_override:/usr/lib/python3/dist-packages/colcon_core/task/python/colcon_distutils_commands:/home/tomasz/Desktop/sese_ws/install/py_pubsub/lib/python3.12/site-packages:${PYTHONPATH} /usr/bin/python3 -W ignore:setup.py install is deprecated -W ignore:easy_install command is deprecated setup.py egg_info --egg-base ../../build/py_pubsub build --build-base /home/tomasz/Desktop/sese_ws/build/py_pubsub/build install --record /home/tomasz/Desktop/sese_ws/build/py_pubsub/install.log --single-version-externally-managed install_data
[6.658s] Level 1:colcon.colcon_core.environment:checking '/home/tomasz/Desktop/sese_ws/install/py_pubsub' for CMake config files
[6.660s] Level 1:colcon.colcon_core.environment:checking '/home/tomasz/Desktop/sese_ws/install/py_pubsub/lib'
[6.660s] Level 1:colcon.colcon_core.environment:checking '/home/tomasz/Desktop/sese_ws/install/py_pubsub/bin'
[6.661s] Level 1:colcon.colcon_core.environment:checking '/home/tomasz/Desktop/sese_ws/install/py_pubsub/lib/pkgconfig/py_pubsub.pc'
[6.661s] Level 1:colcon.colcon_core.environment:checking '/home/tomasz/Desktop/sese_ws/install/py_pubsub/lib/python3.12/site-packages'
[6.661s] Level 1:colcon.colcon_core.shell:create_environment_hook('py_pubsub', 'pythonpath')
[6.662s] INFO:colcon.colcon_core.shell:Creating environment hook '/home/tomasz/Desktop/sese_ws/install/py_pubsub/share/py_pubsub/hook/pythonpath.ps1'
[6.663s] INFO:colcon.colcon_core.shell:Creating environment descriptor '/home/tomasz/Desktop/sese_ws/install/py_pubsub/share/py_pubsub/hook/pythonpath.dsv'
[6.664s] INFO:colcon.colcon_core.shell:Creating environment hook '/home/tomasz/Desktop/sese_ws/install/py_pubsub/share/py_pubsub/hook/pythonpath.sh'
[6.665s] Level 1:colcon.colcon_core.environment:checking '/home/tomasz/Desktop/sese_ws/install/py_pubsub/bin'
[6.666s] Level 1:colcon.colcon_core.environment:create_environment_scripts_only(py_pubsub)
[6.666s] INFO:colcon.colcon_core.shell:Creating package script '/home/tomasz/Desktop/sese_ws/install/py_pubsub/share/py_pubsub/package.ps1'
[6.668s] INFO:colcon.colcon_core.shell:Creating package descriptor '/home/tomasz/Desktop/sese_ws/install/py_pubsub/share/py_pubsub/package.dsv'
[6.669s] INFO:colcon.colcon_core.shell:Creating package script '/home/tomasz/Desktop/sese_ws/install/py_pubsub/share/py_pubsub/package.sh'
[6.670s] INFO:colcon.colcon_core.shell:Creating package script '/home/tomasz/Desktop/sese_ws/install/py_pubsub/share/py_pubsub/package.bash'
[6.671s] INFO:colcon.colcon_core.shell:Creating package script '/home/tomasz/Desktop/sese_ws/install/py_pubsub/share/py_pubsub/package.zsh'
[6.672s] Level 1:colcon.colcon_core.environment:create_file_with_runtime_dependencies(/home/tomasz/Desktop/sese_ws/install/py_pubsub/share/colcon-core/packages/py_pubsub)
[7.909s] Level 1:colcon.colcon_core.environment:checking '/home/tomasz/Desktop/sese_ws/install/py_srvcli' for CMake module files
[7.911s] DEBUG:colcon.colcon_core.event_handler.log_command:Invoked command in '/home/tomasz/Desktop/sese_ws/src/py_srvcli' returned '0': DEBUGINFOD_URLS=https://debuginfod.ubuntu.com PYTHONPATH=/home/tomasz/Desktop/sese_ws/build/py_srvcli/prefix_override:/usr/lib/python3/dist-packages/colcon_core/task/python/colcon_distutils_commands:/home/tomasz/Desktop/sese_ws/install/py_srvcli/lib/python3.12/site-packages:/home/tomasz/Desktop/sese_ws/install/tutorial_interfaces/lib/python3.12/site-packages:/home/tomasz/Desktop/sese_ws/install/py_srvcli/lib/python3.12/site-packages:/home/tomasz/Desktop/sese_ws/install/python_parameters/lib/python3.12/site-packages:/home/tomasz/Desktop/sese_ws/install/py_pubsub/lib/python3.12/site-packages:/home/tomasz/Desktop/sese_ws/install/my_package/lib/python3.12/site-packages:/home/tomasz/Desktop/sese_ws/build/launch_testing_examples:/home/tomasz/Desktop/sese_ws/install/launch_testing_examples/lib/python3.12/site-packages:/home/tomasz/Desktop/sese_ws/install/gs_package/lib/python3.12/site-packages:/home/tomasz/Desktop/sese_ws/build/examples_rclpy_pointcloud_publisher:/home/tomasz/Desktop/sese_ws/install/examples_rclpy_pointcloud_publisher/lib/python3.12/site-packages:/home/tomasz/Desktop/sese_ws/build/examples_rclpy_minimal_subscriber:/home/tomasz/Desktop/sese_ws/install/examples_rclpy_minimal_subscriber/lib/python3.12/site-packages:/home/tomasz/Desktop/sese_ws/build/examples_rclpy_minimal_service:/home/tomasz/Desktop/sese_ws/install/examples_rclpy_minimal_service/lib/python3.12/site-packages:/home/tomasz/Desktop/sese_ws/build/examples_rclpy_minimal_publisher:/home/tomasz/Desktop/sese_ws/install/examples_rclpy_minimal_publisher/lib/python3.12/site-packages:/home/tomasz/Desktop/sese_ws/build/examples_rclpy_minimal_client:/home/tomasz/Desktop/sese_ws/install/examples_rclpy_minimal_client/lib/python3.12/site-packages:/home/tomasz/Desktop/sese_ws/build/examples_rclpy_minimal_action_server:/home/tomasz/Desktop/sese_ws/install/examples_rclpy_minimal_action_server/lib/python3.12/site-packages:/home/tomasz/Desktop/sese_ws/build/examples_rclpy_minimal_action_client:/home/tomasz/Desktop/sese_ws/install/examples_rclpy_minimal_action_client/lib/python3.12/site-packages:/home/tomasz/Desktop/sese_ws/build/examples_rclpy_guard_conditions:/home/tomasz/Desktop/sese_ws/install/examples_rclpy_guard_conditions/lib/python3.12/site-packages:/home/tomasz/Desktop/sese_ws/build/examples_rclpy_executors:/home/tomasz/Desktop/sese_ws/install/examples_rclpy_executors/lib/python3.12/site-packages:/home/tomasz/Desktop/sese_ws/install/custom_action_interfaces/lib/python3.12/site-packages:/opt/ros/jazzy/lib/python3.12/site-packages /usr/bin/python3 -W ignore:setup.py install is deprecated -W ignore:easy_install command is deprecated setup.py egg_info --egg-base ../../build/py_srvcli build --build-base /home/tomasz/Desktop/sese_ws/build/py_srvcli/build install --record /home/tomasz/Desktop/sese_ws/build/py_srvcli/install.log --single-version-externally-managed install_data
[7.912s] Level 1:colcon.colcon_core.environment:checking '/home/tomasz/Desktop/sese_ws/install/py_srvcli' for CMake config files
[7.913s] Level 1:colcon.colcon_core.environment:checking '/home/tomasz/Desktop/sese_ws/install/py_srvcli/lib'
[7.913s] Level 1:colcon.colcon_core.environment:checking '/home/tomasz/Desktop/sese_ws/install/py_srvcli/bin'
[7.913s] Level 1:colcon.colcon_core.environment:checking '/home/tomasz/Desktop/sese_ws/install/py_srvcli/lib/pkgconfig/py_srvcli.pc'
[7.913s] Level 1:colcon.colcon_core.environment:checking '/home/tomasz/Desktop/sese_ws/install/py_srvcli/lib/python3.12/site-packages'
[7.914s] Level 1:colcon.colcon_core.shell:create_environment_hook('py_srvcli', 'pythonpath')
[7.914s] INFO:colcon.colcon_core.shell:Creating environment hook '/home/tomasz/Desktop/sese_ws/install/py_srvcli/share/py_srvcli/hook/pythonpath.ps1'
[7.915s] INFO:colcon.colcon_core.shell:Creating environment descriptor '/home/tomasz/Desktop/sese_ws/install/py_srvcli/share/py_srvcli/hook/pythonpath.dsv'
[7.916s] INFO:colcon.colcon_core.shell:Creating environment hook '/home/tomasz/Desktop/sese_ws/install/py_srvcli/share/py_srvcli/hook/pythonpath.sh'
[7.917s] Level 1:colcon.colcon_core.environment:checking '/home/tomasz/Desktop/sese_ws/install/py_srvcli/bin'
[7.918s] Level 1:colcon.colcon_core.environment:create_environment_scripts_only(py_srvcli)
[7.919s] INFO:colcon.colcon_core.shell:Creating package script '/home/tomasz/Desktop/sese_ws/install/py_srvcli/share/py_srvcli/package.ps1'
[7.920s] INFO:colcon.colcon_core.shell:Creating package descriptor '/home/tomasz/Desktop/sese_ws/install/py_srvcli/share/py_srvcli/package.dsv'
[7.921s] INFO:colcon.colcon_core.shell:Creating package script '/home/tomasz/Desktop/sese_ws/install/py_srvcli/share/py_srvcli/package.sh'
[7.921s] INFO:colcon.colcon_core.shell:Creating package script '/home/tomasz/Desktop/sese_ws/install/py_srvcli/share/py_srvcli/package.bash'
[7.922s] INFO:colcon.colcon_core.shell:Creating package script '/home/tomasz/Desktop/sese_ws/install/py_srvcli/share/py_srvcli/package.zsh'
[7.923s] Level 1:colcon.colcon_core.environment:create_file_with_runtime_dependencies(/home/tomasz/Desktop/sese_ws/install/py_srvcli/share/colcon-core/packages/py_srvcli)
[7.923s] DEBUG:colcon.colcon_parallel_executor.executor.parallel:closing loop
[7.925s] DEBUG:colcon.colcon_parallel_executor.executor.parallel:loop closed
[7.925s] DEBUG:colcon.colcon_parallel_executor.executor.parallel:run_until_complete finished with '0'
[7.925s] DEBUG:colcon.colcon_core.event_reactor:joining thread
[7.940s] INFO:colcon.colcon_core.plugin_system:Skipping extension 'colcon_notification.desktop_notification.terminal_notifier': Not used on non-Darwin systems
[7.940s] INFO:colcon.colcon_core.plugin_system:Skipping extension 'colcon_notification.desktop_notification.win32': Not used on non-Windows systems
[7.940s] INFO:colcon.colcon_notification.desktop_notification:Sending desktop notification using 'notify2'
[7.973s] DEBUG:colcon.colcon_core.event_reactor:joined thread
[7.975s] INFO:colcon.colcon_core.shell:Creating prefix script '/home/tomasz/Desktop/sese_ws/install/local_setup.ps1'
[7.977s] INFO:colcon.colcon_core.shell:Creating prefix util module '/home/tomasz/Desktop/sese_ws/install/_local_setup_util_ps1.py'
[7.980s] INFO:colcon.colcon_core.shell:Creating prefix chain script '/home/tomasz/Desktop/sese_ws/install/setup.ps1'
[7.985s] INFO:colcon.colcon_core.shell:Creating prefix script '/home/tomasz/Desktop/sese_ws/install/local_setup.sh'
[7.986s] INFO:colcon.colcon_core.shell:Creating prefix util module '/home/tomasz/Desktop/sese_ws/install/_local_setup_util_sh.py'
[7.987s] INFO:colcon.colcon_core.shell:Creating prefix chain script '/home/tomasz/Desktop/sese_ws/install/setup.sh'
[7.993s] INFO:colcon.colcon_core.shell:Creating prefix script '/home/tomasz/Desktop/sese_ws/install/local_setup.bash'
[7.994s] INFO:colcon.colcon_core.shell:Creating prefix chain script '/home/tomasz/Desktop/sese_ws/install/setup.bash'
[7.998s] INFO:colcon.colcon_core.shell:Creating prefix script '/home/tomasz/Desktop/sese_ws/install/local_setup.zsh'
[8.000s] INFO:colcon.colcon_core.shell:Creating prefix chain script '/home/tomasz/Desktop/sese_ws/install/setup.zsh'
