[1.443s] Invoking command in '/home/tomasz/Desktop/sese_ws/src/python_parameters': DEBUGINFOD_URLS=https://debuginfod.ubuntu.com PYTHONPATH=/home/tomasz/Desktop/sese_ws/build/python_parameters/prefix_override:/usr/lib/python3/dist-packages/colcon_core/task/python/colcon_distutils_commands:/home/tomasz/Desktop/sese_ws/install/python_parameters/lib/python3.12/site-packages:${PYTHONPATH} /usr/bin/python3 -W ignore:setup.py install is deprecated -W ignore:easy_install command is deprecated setup.py egg_info --egg-base ../../build/python_parameters build --build-base /home/tomasz/Desktop/sese_ws/build/python_parameters/build install --record /home/tomasz/Desktop/sese_ws/build/python_parameters/install.log --single-version-externally-managed install_data
[1.707s] running egg_info
[1.728s] writing ../../build/python_parameters/python_parameters.egg-info/PKG-INFO
[1.728s] writing dependency_links to ../../build/python_parameters/python_parameters.egg-info/dependency_links.txt
[1.728s] writing entry points to ../../build/python_parameters/python_parameters.egg-info/entry_points.txt
[1.729s] writing requirements to ../../build/python_parameters/python_parameters.egg-info/requires.txt
[1.729s] writing top-level names to ../../build/python_parameters/python_parameters.egg-info/top_level.txt
[1.772s] reading manifest file '../../build/python_parameters/python_parameters.egg-info/SOURCES.txt'
[1.772s] adding license file 'LICENSE'
[1.773s] writing manifest file '../../build/python_parameters/python_parameters.egg-info/SOURCES.txt'
[1.773s] running build
[1.773s] running build_py
[1.773s] running install
[1.779s] running install_lib
[1.800s] running install_data
[1.801s] running install_egg_info
[1.822s] removing '/home/tomasz/Desktop/sese_ws/install/python_parameters/lib/python3.12/site-packages/python_parameters-0.0.0-py3.12.egg-info' (and everything under it)
[1.822s] Copying ../../build/python_parameters/python_parameters.egg-info to /home/tomasz/Desktop/sese_ws/install/python_parameters/lib/python3.12/site-packages/python_parameters-0.0.0-py3.12.egg-info
[1.823s] running install_scripts
[1.959s] Installing minimal_param_node script to /home/tomasz/Desktop/sese_ws/install/python_parameters/lib/python_parameters
[1.959s] writing list of installed files to '/home/tomasz/Desktop/sese_ws/build/python_parameters/install.log'
[2.011s] Invoked command in '/home/tomasz/Desktop/sese_ws/src/python_parameters' returned '0': DEBUGINFOD_URLS=https://debuginfod.ubuntu.com PYTHONPATH=/home/tomasz/Desktop/sese_ws/build/python_parameters/prefix_override:/usr/lib/python3/dist-packages/colcon_core/task/python/colcon_distutils_commands:/home/tomasz/Desktop/sese_ws/install/python_parameters/lib/python3.12/site-packages:${PYTHONPATH} /usr/bin/python3 -W ignore:setup.py install is deprecated -W ignore:easy_install command is deprecated setup.py egg_info --egg-base ../../build/python_parameters build --build-base /home/tomasz/Desktop/sese_ws/build/python_parameters/build install --record /home/tomasz/Desktop/sese_ws/build/python_parameters/install.log --single-version-externally-managed install_data
