[1.760s] Invoking command in '/home/tomasz/Desktop/sese_ws/src/gs_package': DEBUGINFOD_URLS=https://debuginfod.ubuntu.com PYTHONPATH=/home/tomasz/Desktop/sese_ws/build/gs_package/prefix_override:/usr/lib/python3/dist-packages/colcon_core/task/python/colcon_distutils_commands:/home/tomasz/Desktop/sese_ws/install/gs_package/lib/python3.12/site-packages:${PYTHONPATH} /usr/bin/python3 -W ignore:setup.py install is deprecated -W ignore:easy_install command is deprecated setup.py egg_info --egg-base ../../build/gs_package build --build-base /home/tomasz/Desktop/sese_ws/build/gs_package/build install --record /home/tomasz/Desktop/sese_ws/build/gs_package/install.log --single-version-externally-managed install_data
[2.101s] running egg_info
[2.126s] writing ../../build/gs_package/gs_package.egg-info/PKG-INFO
[2.126s] writing dependency_links to ../../build/gs_package/gs_package.egg-info/dependency_links.txt
[2.126s] writing entry points to ../../build/gs_package/gs_package.egg-info/entry_points.txt
[2.126s] writing requirements to ../../build/gs_package/gs_package.egg-info/requires.txt
[2.127s] writing top-level names to ../../build/gs_package/gs_package.egg-info/top_level.txt
[2.178s] reading manifest file '../../build/gs_package/gs_package.egg-info/SOURCES.txt'
[2.179s] adding license file 'LICENSE'
[2.179s] writing manifest file '../../build/gs_package/gs_package.egg-info/SOURCES.txt'
[2.179s] running build
[2.179s] running build_py
[2.180s] copying gs_package/gs_transmitter.py -> /home/tomasz/Desktop/sese_ws/build/gs_package/build/lib/gs_package
[2.180s] running install
[2.187s] running install_lib
[2.212s] copying /home/tomasz/Desktop/sese_ws/build/gs_package/build/lib/gs_package/gs_transmitter.py -> /home/tomasz/Desktop/sese_ws/install/gs_package/lib/python3.12/site-packages/gs_package
[2.213s] byte-compiling /home/tomasz/Desktop/sese_ws/install/gs_package/lib/python3.12/site-packages/gs_package/gs_transmitter.py to gs_transmitter.cpython-312.pyc
[2.214s] running install_data
[2.215s] running install_egg_info
[2.242s] removing '/home/tomasz/Desktop/sese_ws/install/gs_package/lib/python3.12/site-packages/gs_package-0.0.0-py3.12.egg-info' (and everything under it)
[2.242s] Copying ../../build/gs_package/gs_package.egg-info to /home/tomasz/Desktop/sese_ws/install/gs_package/lib/python3.12/site-packages/gs_package-0.0.0-py3.12.egg-info
[2.243s] running install_scripts
[2.415s] Installing point script to /home/tomasz/Desktop/sese_ws/install/gs_package/lib/gs_package
[2.415s] Installing publish script to /home/tomasz/Desktop/sese_ws/install/gs_package/lib/gs_package
[2.415s] Installing subscribe script to /home/tomasz/Desktop/sese_ws/install/gs_package/lib/gs_package
[2.415s] Installing transmit script to /home/tomasz/Desktop/sese_ws/install/gs_package/lib/gs_package
[2.416s] writing list of installed files to '/home/tomasz/Desktop/sese_ws/build/gs_package/install.log'
[2.479s] Invoked command in '/home/tomasz/Desktop/sese_ws/src/gs_package' returned '0': DEBUGINFOD_URLS=https://debuginfod.ubuntu.com PYTHONPATH=/home/tomasz/Desktop/sese_ws/build/gs_package/prefix_override:/usr/lib/python3/dist-packages/colcon_core/task/python/colcon_distutils_commands:/home/tomasz/Desktop/sese_ws/install/gs_package/lib/python3.12/site-packages:${PYTHONPATH} /usr/bin/python3 -W ignore:setup.py install is deprecated -W ignore:easy_install command is deprecated setup.py egg_info --egg-base ../../build/gs_package build --build-base /home/tomasz/Desktop/sese_ws/build/gs_package/build install --record /home/tomasz/Desktop/sese_ws/build/gs_package/install.log --single-version-externally-managed install_data
