[0.829s] Invoking command in '/home/tomasz/Desktop/sese_ws/src/py_pubsub': DEBUGINFOD_URLS=https://debuginfod.ubuntu.com PYTHONPATH=/home/tomasz/Desktop/sese_ws/build/py_pubsub/prefix_override:/usr/lib/python3/dist-packages/colcon_core/task/python/colcon_distutils_commands:/home/tomasz/Desktop/sese_ws/install/py_pubsub/lib/python3.12/site-packages:${PYTHONPATH} /usr/bin/python3 -W ignore:setup.py install is deprecated setup.py egg_info --egg-base ../../build/py_pubsub build --build-base /home/tomasz/Desktop/sese_ws/build/py_pubsub/build install --record /home/tomasz/Desktop/sese_ws/build/py_pubsub/install.log --single-version-externally-managed install_data
[1.048s] running egg_info
[1.049s] creating ../../build/py_pubsub/py_pubsub.egg-info
[1.065s] writing ../../build/py_pubsub/py_pubsub.egg-info/PKG-INFO
[1.065s] writing dependency_links to ../../build/py_pubsub/py_pubsub.egg-info/dependency_links.txt
[1.065s] writing entry points to ../../build/py_pubsub/py_pubsub.egg-info/entry_points.txt
[1.065s] writing requirements to ../../build/py_pubsub/py_pubsub.egg-info/requires.txt
[1.065s] writing top-level names to ../../build/py_pubsub/py_pubsub.egg-info/top_level.txt
[1.065s] writing manifest file '../../build/py_pubsub/py_pubsub.egg-info/SOURCES.txt'
[1.098s] reading manifest file '../../build/py_pubsub/py_pubsub.egg-info/SOURCES.txt'
[1.098s] adding license file 'LICENSE'
[1.099s] writing manifest file '../../build/py_pubsub/py_pubsub.egg-info/SOURCES.txt'
[1.099s] running build
[1.099s] running build_py
[1.099s] creating /home/tomasz/Desktop/sese_ws/build/py_pubsub/build
[1.099s] creating /home/tomasz/Desktop/sese_ws/build/py_pubsub/build/lib
[1.099s] creating /home/tomasz/Desktop/sese_ws/build/py_pubsub/build/lib/py_pubsub
[1.099s] copying py_pubsub/publisher_member_function.py -> /home/tomasz/Desktop/sese_ws/build/py_pubsub/build/lib/py_pubsub
[1.099s] copying py_pubsub/__init__.py -> /home/tomasz/Desktop/sese_ws/build/py_pubsub/build/lib/py_pubsub
[1.099s] copying py_pubsub/subscriber_member_function.py -> /home/tomasz/Desktop/sese_ws/build/py_pubsub/build/lib/py_pubsub
[1.099s] running install
[1.104s] running install_lib
[1.122s] creating /home/tomasz/Desktop/sese_ws/install/py_pubsub/lib/python3.12/site-packages/py_pubsub
[1.122s] copying /home/tomasz/Desktop/sese_ws/build/py_pubsub/build/lib/py_pubsub/publisher_member_function.py -> /home/tomasz/Desktop/sese_ws/install/py_pubsub/lib/python3.12/site-packages/py_pubsub
[1.123s] copying /home/tomasz/Desktop/sese_ws/build/py_pubsub/build/lib/py_pubsub/__init__.py -> /home/tomasz/Desktop/sese_ws/install/py_pubsub/lib/python3.12/site-packages/py_pubsub
[1.123s] copying /home/tomasz/Desktop/sese_ws/build/py_pubsub/build/lib/py_pubsub/subscriber_member_function.py -> /home/tomasz/Desktop/sese_ws/install/py_pubsub/lib/python3.12/site-packages/py_pubsub
[1.123s] byte-compiling /home/tomasz/Desktop/sese_ws/install/py_pubsub/lib/python3.12/site-packages/py_pubsub/publisher_member_function.py to publisher_member_function.cpython-312.pyc
[1.124s] byte-compiling /home/tomasz/Desktop/sese_ws/install/py_pubsub/lib/python3.12/site-packages/py_pubsub/__init__.py to __init__.cpython-312.pyc
[1.124s] byte-compiling /home/tomasz/Desktop/sese_ws/install/py_pubsub/lib/python3.12/site-packages/py_pubsub/subscriber_member_function.py to subscriber_member_function.cpython-312.pyc
[1.124s] running install_data
[1.124s] creating /home/tomasz/Desktop/sese_ws/install/py_pubsub/share/ament_index
[1.124s] creating /home/tomasz/Desktop/sese_ws/install/py_pubsub/share/ament_index/resource_index
[1.124s] creating /home/tomasz/Desktop/sese_ws/install/py_pubsub/share/ament_index/resource_index/packages
[1.124s] copying resource/py_pubsub -> /home/tomasz/Desktop/sese_ws/install/py_pubsub/share/ament_index/resource_index/packages
[1.124s] copying package.xml -> /home/tomasz/Desktop/sese_ws/install/py_pubsub/share/py_pubsub
[1.124s] running install_egg_info
[1.142s] Copying ../../build/py_pubsub/py_pubsub.egg-info to /home/tomasz/Desktop/sese_ws/install/py_pubsub/lib/python3.12/site-packages/py_pubsub-0.0.0-py3.12.egg-info
[1.143s] running install_scripts
[1.260s] Installing listener script to /home/tomasz/Desktop/sese_ws/install/py_pubsub/lib/py_pubsub
[1.260s] Installing talker script to /home/tomasz/Desktop/sese_ws/install/py_pubsub/lib/py_pubsub
[1.260s] writing list of installed files to '/home/tomasz/Desktop/sese_ws/build/py_pubsub/install.log'
[1.288s] Invoked command in '/home/tomasz/Desktop/sese_ws/src/py_pubsub' returned '0': DEBUGINFOD_URLS=https://debuginfod.ubuntu.com PYTHONPATH=/home/tomasz/Desktop/sese_ws/build/py_pubsub/prefix_override:/usr/lib/python3/dist-packages/colcon_core/task/python/colcon_distutils_commands:/home/tomasz/Desktop/sese_ws/install/py_pubsub/lib/python3.12/site-packages:${PYTHONPATH} /usr/bin/python3 -W ignore:setup.py install is deprecated setup.py egg_info --egg-base ../../build/py_pubsub build --build-base /home/tomasz/Desktop/sese_ws/build/py_pubsub/build install --record /home/tomasz/Desktop/sese_ws/build/py_pubsub/install.log --single-version-externally-managed install_data
