[0.276s] DEBUG:colcon:Command line arguments: ['/usr/bin/colcon', 'build']
[0.276s] DEBUG:colcon:Parsed command line arguments: Namespace(log_base=None, log_level=None, verb_name='build', build_base='build', install_base='install', merge_install=False, symlink_install=False, test_result_base=None, continue_on_error=False, executor='parallel', parallel_workers=16, event_handlers=None, ignore_user_meta=False, metas=['./colcon.meta'], base_paths=['.'], packages_ignore=None, packages_ignore_regex=None, paths=None, packages_up_to=None, packages_up_to_regex=None, packages_above=None, packages_above_and_dependencies=None, packages_above_depth=None, packages_select_by_dep=None, packages_skip_by_dep=None, packages_skip_up_to=None, packages_select_build_failed=False, packages_skip_build_finished=False, packages_select_test_failures=False, packages_skip_test_passed=False, packages_select=None, packages_skip=None, packages_select_regex=None, packages_skip_regex=None, packages_start=None, packages_end=None, allow_overriding=[], cmake_args=None, cmake_target=None, cmake_target_skip_unavailable=False, cmake_clean_cache=False, cmake_clean_first=False, cmake_force_configure=False, ament_cmake_args=None, catkin_cmake_args=None, catkin_skip_building_tests=False, mixin_files=None, mixin=None, verb_parser=<colcon_mixin.mixin.mixin_argument.MixinArgumentDecorator object at 0x7efe3e0c4dd0>, verb_extension=<colcon_core.verb.build.BuildVerb object at 0x7efe3e1b7980>, main=<bound method BuildVerb.main of <colcon_core.verb.build.BuildVerb object at 0x7efe3e1b7980>>, mixin_verb=('build',))
[0.376s] Level 1:colcon.colcon_core.package_discovery:discover_packages(colcon_meta) check parameters
[0.377s] Level 1:colcon.colcon_core.package_discovery:discover_packages(recursive) check parameters
[0.377s] Level 1:colcon.colcon_core.package_discovery:discover_packages(ignore) check parameters
[0.377s] Level 1:colcon.colcon_core.package_discovery:discover_packages(path) check parameters
[0.377s] Level 1:colcon.colcon_core.package_discovery:discover_packages(colcon_meta) discover
[0.377s] Level 1:colcon.colcon_core.package_discovery:discover_packages(recursive) discover
[0.377s] INFO:colcon.colcon_core.package_discovery:Crawling recursively for packages in '/home/tomasz/Desktop/sese_ws'
[0.377s] Level 1:colcon.colcon_core.package_identification:_identify(.) by extensions ['ignore', 'ignore_ament_install']
[0.378s] Level 1:colcon.colcon_core.package_identification:_identify(.) by extension 'ignore'
[0.378s] Level 1:colcon.colcon_core.package_identification:_identify(.) by extension 'ignore_ament_install'
[0.378s] Level 1:colcon.colcon_core.package_identification:_identify(.) by extensions ['colcon_pkg']
[0.378s] Level 1:colcon.colcon_core.package_identification:_identify(.) by extension 'colcon_pkg'
[0.378s] Level 1:colcon.colcon_core.package_identification:_identify(.) by extensions ['colcon_meta']
[0.378s] Level 1:colcon.colcon_core.package_identification:_identify(.) by extension 'colcon_meta'
[0.378s] Level 1:colcon.colcon_core.package_identification:_identify(.) by extensions ['ros']
[0.378s] Level 1:colcon.colcon_core.package_identification:_identify(.) by extension 'ros'
[0.440s] Level 1:colcon.colcon_core.package_identification:_identify(.) by extensions ['cmake', 'python']
[0.440s] Level 1:colcon.colcon_core.package_identification:_identify(.) by extension 'cmake'
[0.440s] Level 1:colcon.colcon_core.package_identification:_identify(.) by extension 'python'
[0.440s] Level 1:colcon.colcon_core.package_identification:_identify(.) by extensions ['python_setup_py']
[0.440s] Level 1:colcon.colcon_core.package_identification:_identify(.) by extension 'python_setup_py'
[0.441s] Level 1:colcon.colcon_core.package_identification:_identify(build) by extensions ['ignore', 'ignore_ament_install']
[0.441s] Level 1:colcon.colcon_core.package_identification:_identify(build) by extension 'ignore'
[0.441s] Level 1:colcon.colcon_core.package_identification:_identify(build) ignored
[0.442s] Level 1:colcon.colcon_core.package_identification:_identify(install) by extensions ['ignore', 'ignore_ament_install']
[0.442s] Level 1:colcon.colcon_core.package_identification:_identify(install) by extension 'ignore'
[0.442s] Level 1:colcon.colcon_core.package_identification:_identify(install) ignored
[0.442s] Level 1:colcon.colcon_core.package_identification:_identify(log) by extensions ['ignore', 'ignore_ament_install']
[0.443s] Level 1:colcon.colcon_core.package_identification:_identify(log) by extension 'ignore'
[0.443s] Level 1:colcon.colcon_core.package_identification:_identify(log) ignored
[0.443s] Level 1:colcon.colcon_core.package_identification:_identify(src) by extensions ['ignore', 'ignore_ament_install']
[0.443s] Level 1:colcon.colcon_core.package_identification:_identify(src) by extension 'ignore'
[0.443s] Level 1:colcon.colcon_core.package_identification:_identify(src) by extension 'ignore_ament_install'
[0.443s] Level 1:colcon.colcon_core.package_identification:_identify(src) by extensions ['colcon_pkg']
[0.443s] Level 1:colcon.colcon_core.package_identification:_identify(src) by extension 'colcon_pkg'
[0.444s] Level 1:colcon.colcon_core.package_identification:_identify(src) by extensions ['colcon_meta']
[0.444s] Level 1:colcon.colcon_core.package_identification:_identify(src) by extension 'colcon_meta'
[0.444s] Level 1:colcon.colcon_core.package_identification:_identify(src) by extensions ['ros']
[0.444s] Level 1:colcon.colcon_core.package_identification:_identify(src) by extension 'ros'
[0.444s] Level 1:colcon.colcon_core.package_identification:_identify(src) by extensions ['cmake', 'python']
[0.444s] Level 1:colcon.colcon_core.package_identification:_identify(src) by extension 'cmake'
[0.444s] Level 1:colcon.colcon_core.package_identification:_identify(src) by extension 'python'
[0.444s] Level 1:colcon.colcon_core.package_identification:_identify(src) by extensions ['python_setup_py']
[0.444s] Level 1:colcon.colcon_core.package_identification:_identify(src) by extension 'python_setup_py'
[0.445s] Level 1:colcon.colcon_core.package_identification:_identify(src/custom_action_interfaces) by extensions ['ignore', 'ignore_ament_install']
[0.445s] Level 1:colcon.colcon_core.package_identification:_identify(src/custom_action_interfaces) by extension 'ignore'
[0.445s] Level 1:colcon.colcon_core.package_identification:_identify(src/custom_action_interfaces) by extension 'ignore_ament_install'
[0.445s] Level 1:colcon.colcon_core.package_identification:_identify(src/custom_action_interfaces) by extensions ['colcon_pkg']
[0.445s] Level 1:colcon.colcon_core.package_identification:_identify(src/custom_action_interfaces) by extension 'colcon_pkg'
[0.445s] Level 1:colcon.colcon_core.package_identification:_identify(src/custom_action_interfaces) by extensions ['colcon_meta']
[0.445s] Level 1:colcon.colcon_core.package_identification:_identify(src/custom_action_interfaces) by extension 'colcon_meta'
[0.446s] Level 1:colcon.colcon_core.package_identification:_identify(src/custom_action_interfaces) by extensions ['ros']
[0.446s] Level 1:colcon.colcon_core.package_identification:_identify(src/custom_action_interfaces) by extension 'ros'
[0.451s] DEBUG:colcon.colcon_core.package_identification:Package 'src/custom_action_interfaces' with type 'ros.ament_cmake' and name 'custom_action_interfaces'
[0.452s] Level 1:colcon.colcon_core.package_identification:_identify(src/my_package) by extensions ['ignore', 'ignore_ament_install']
[0.452s] Level 1:colcon.colcon_core.package_identification:_identify(src/my_package) by extension 'ignore'
[0.452s] Level 1:colcon.colcon_core.package_identification:_identify(src/my_package) by extension 'ignore_ament_install'
[0.452s] Level 1:colcon.colcon_core.package_identification:_identify(src/my_package) by extensions ['colcon_pkg']
[0.452s] Level 1:colcon.colcon_core.package_identification:_identify(src/my_package) by extension 'colcon_pkg'
[0.452s] Level 1:colcon.colcon_core.package_identification:_identify(src/my_package) by extensions ['colcon_meta']
[0.453s] Level 1:colcon.colcon_core.package_identification:_identify(src/my_package) by extension 'colcon_meta'
[0.453s] Level 1:colcon.colcon_core.package_identification:_identify(src/my_package) by extensions ['ros']
[0.453s] Level 1:colcon.colcon_core.package_identification:_identify(src/my_package) by extension 'ros'
[0.454s] DEBUG:colcon.colcon_core.package_identification:Package 'src/my_package' with type 'ros.ament_python' and name 'my_package'
[0.454s] Level 1:colcon.colcon_core.package_identification:_identify(src/py_pubsub) by extensions ['ignore', 'ignore_ament_install']
[0.455s] Level 1:colcon.colcon_core.package_identification:_identify(src/py_pubsub) by extension 'ignore'
[0.455s] Level 1:colcon.colcon_core.package_identification:_identify(src/py_pubsub) by extension 'ignore_ament_install'
[0.455s] Level 1:colcon.colcon_core.package_identification:_identify(src/py_pubsub) by extensions ['colcon_pkg']
[0.455s] Level 1:colcon.colcon_core.package_identification:_identify(src/py_pubsub) by extension 'colcon_pkg'
[0.455s] Level 1:colcon.colcon_core.package_identification:_identify(src/py_pubsub) by extensions ['colcon_meta']
[0.455s] Level 1:colcon.colcon_core.package_identification:_identify(src/py_pubsub) by extension 'colcon_meta'
[0.455s] Level 1:colcon.colcon_core.package_identification:_identify(src/py_pubsub) by extensions ['ros']
[0.455s] Level 1:colcon.colcon_core.package_identification:_identify(src/py_pubsub) by extension 'ros'
[0.456s] DEBUG:colcon.colcon_core.package_identification:Package 'src/py_pubsub' with type 'ros.ament_python' and name 'py_pubsub'
[0.457s] Level 1:colcon.colcon_core.package_identification:_identify(src/py_srvcli) by extensions ['ignore', 'ignore_ament_install']
[0.457s] Level 1:colcon.colcon_core.package_identification:_identify(src/py_srvcli) by extension 'ignore'
[0.457s] Level 1:colcon.colcon_core.package_identification:_identify(src/py_srvcli) by extension 'ignore_ament_install'
[0.457s] Level 1:colcon.colcon_core.package_identification:_identify(src/py_srvcli) by extensions ['colcon_pkg']
[0.457s] Level 1:colcon.colcon_core.package_identification:_identify(src/py_srvcli) by extension 'colcon_pkg'
[0.457s] Level 1:colcon.colcon_core.package_identification:_identify(src/py_srvcli) by extensions ['colcon_meta']
[0.457s] Level 1:colcon.colcon_core.package_identification:_identify(src/py_srvcli) by extension 'colcon_meta'
[0.458s] Level 1:colcon.colcon_core.package_identification:_identify(src/py_srvcli) by extensions ['ros']
[0.458s] Level 1:colcon.colcon_core.package_identification:_identify(src/py_srvcli) by extension 'ros'
[0.459s] DEBUG:colcon.colcon_core.package_identification:Package 'src/py_srvcli' with type 'ros.ament_python' and name 'py_srvcli'
[0.459s] Level 1:colcon.colcon_core.package_identification:_identify(src/python_parameters) by extensions ['ignore', 'ignore_ament_install']
[0.459s] Level 1:colcon.colcon_core.package_identification:_identify(src/python_parameters) by extension 'ignore'
[0.460s] Level 1:colcon.colcon_core.package_identification:_identify(src/python_parameters) by extension 'ignore_ament_install'
[0.460s] Level 1:colcon.colcon_core.package_identification:_identify(src/python_parameters) by extensions ['colcon_pkg']
[0.460s] Level 1:colcon.colcon_core.package_identification:_identify(src/python_parameters) by extension 'colcon_pkg'
[0.460s] Level 1:colcon.colcon_core.package_identification:_identify(src/python_parameters) by extensions ['colcon_meta']
[0.460s] Level 1:colcon.colcon_core.package_identification:_identify(src/python_parameters) by extension 'colcon_meta'
[0.460s] Level 1:colcon.colcon_core.package_identification:_identify(src/python_parameters) by extensions ['ros']
[0.460s] Level 1:colcon.colcon_core.package_identification:_identify(src/python_parameters) by extension 'ros'
[0.461s] DEBUG:colcon.colcon_core.package_identification:Package 'src/python_parameters' with type 'ros.ament_python' and name 'python_parameters'
[0.462s] Level 1:colcon.colcon_core.package_identification:_identify(src/tutorial_interfaces) by extensions ['ignore', 'ignore_ament_install']
[0.462s] Level 1:colcon.colcon_core.package_identification:_identify(src/tutorial_interfaces) by extension 'ignore'
[0.462s] Level 1:colcon.colcon_core.package_identification:_identify(src/tutorial_interfaces) by extension 'ignore_ament_install'
[0.462s] Level 1:colcon.colcon_core.package_identification:_identify(src/tutorial_interfaces) by extensions ['colcon_pkg']
[0.462s] Level 1:colcon.colcon_core.package_identification:_identify(src/tutorial_interfaces) by extension 'colcon_pkg'
[0.462s] Level 1:colcon.colcon_core.package_identification:_identify(src/tutorial_interfaces) by extensions ['colcon_meta']
[0.463s] Level 1:colcon.colcon_core.package_identification:_identify(src/tutorial_interfaces) by extension 'colcon_meta'
[0.463s] Level 1:colcon.colcon_core.package_identification:_identify(src/tutorial_interfaces) by extensions ['ros']
[0.463s] Level 1:colcon.colcon_core.package_identification:_identify(src/tutorial_interfaces) by extension 'ros'
[0.464s] DEBUG:colcon.colcon_core.package_identification:Package 'src/tutorial_interfaces' with type 'ros.ament_cmake' and name 'tutorial_interfaces'
[0.464s] Level 1:colcon.colcon_core.package_discovery:discover_packages(recursive) using defaults
[0.464s] Level 1:colcon.colcon_core.package_discovery:discover_packages(ignore) discover
[0.464s] Level 1:colcon.colcon_core.package_discovery:discover_packages(ignore) using defaults
[0.464s] Level 1:colcon.colcon_core.package_discovery:discover_packages(path) discover
[0.464s] Level 1:colcon.colcon_core.package_discovery:discover_packages(path) using defaults
[0.512s] Level 1:colcon.colcon_core.package_discovery:discover_packages(prefix_path) check parameters
[0.512s] Level 1:colcon.colcon_core.package_discovery:discover_packages(prefix_path) discover
[0.520s] DEBUG:colcon.colcon_installed_package_information.package_discovery:Found 27 installed packages in /home/tomasz/Desktop/sese_ws/install
[0.524s] DEBUG:colcon.colcon_installed_package_information.package_discovery:Found 308 installed packages in /opt/ros/jazzy
[0.530s] Level 1:colcon.colcon_core.package_discovery:discover_packages(prefix_path) using defaults
[0.641s] Level 5:colcon.colcon_core.verb:set package 'custom_action_interfaces' build argument 'cmake_args' from command line to 'None'
[0.641s] Level 5:colcon.colcon_core.verb:set package 'custom_action_interfaces' build argument 'cmake_target' from command line to 'None'
[0.641s] Level 5:colcon.colcon_core.verb:set package 'custom_action_interfaces' build argument 'cmake_target_skip_unavailable' from command line to 'False'
[0.642s] Level 5:colcon.colcon_core.verb:set package 'custom_action_interfaces' build argument 'cmake_clean_cache' from command line to 'False'
[0.642s] Level 5:colcon.colcon_core.verb:set package 'custom_action_interfaces' build argument 'cmake_clean_first' from command line to 'False'
[0.642s] Level 5:colcon.colcon_core.verb:set package 'custom_action_interfaces' build argument 'cmake_force_configure' from command line to 'False'
[0.642s] Level 5:colcon.colcon_core.verb:set package 'custom_action_interfaces' build argument 'ament_cmake_args' from command line to 'None'
[0.642s] Level 5:colcon.colcon_core.verb:set package 'custom_action_interfaces' build argument 'catkin_cmake_args' from command line to 'None'
[0.642s] Level 5:colcon.colcon_core.verb:set package 'custom_action_interfaces' build argument 'catkin_skip_building_tests' from command line to 'False'
[0.642s] DEBUG:colcon.colcon_core.verb:Building package 'custom_action_interfaces' with the following arguments: {'ament_cmake_args': None, 'build_base': '/home/tomasz/Desktop/sese_ws/build/custom_action_interfaces', 'catkin_cmake_args': None, 'catkin_skip_building_tests': False, 'cmake_args': None, 'cmake_clean_cache': False, 'cmake_clean_first': False, 'cmake_force_configure': False, 'cmake_target': None, 'cmake_target_skip_unavailable': False, 'install_base': '/home/tomasz/Desktop/sese_ws/install/custom_action_interfaces', 'merge_install': False, 'path': '/home/tomasz/Desktop/sese_ws/src/custom_action_interfaces', 'symlink_install': False, 'test_result_base': None}
[0.643s] Level 5:colcon.colcon_core.verb:set package 'my_package' build argument 'cmake_args' from command line to 'None'
[0.643s] Level 5:colcon.colcon_core.verb:set package 'my_package' build argument 'cmake_target' from command line to 'None'
[0.643s] Level 5:colcon.colcon_core.verb:set package 'my_package' build argument 'cmake_target_skip_unavailable' from command line to 'False'
[0.643s] Level 5:colcon.colcon_core.verb:set package 'my_package' build argument 'cmake_clean_cache' from command line to 'False'
[0.643s] Level 5:colcon.colcon_core.verb:set package 'my_package' build argument 'cmake_clean_first' from command line to 'False'
[0.643s] Level 5:colcon.colcon_core.verb:set package 'my_package' build argument 'cmake_force_configure' from command line to 'False'
[0.643s] Level 5:colcon.colcon_core.verb:set package 'my_package' build argument 'ament_cmake_args' from command line to 'None'
[0.643s] Level 5:colcon.colcon_core.verb:set package 'my_package' build argument 'catkin_cmake_args' from command line to 'None'
[0.643s] Level 5:colcon.colcon_core.verb:set package 'my_package' build argument 'catkin_skip_building_tests' from command line to 'False'
[0.643s] DEBUG:colcon.colcon_core.verb:Building package 'my_package' with the following arguments: {'ament_cmake_args': None, 'build_base': '/home/tomasz/Desktop/sese_ws/build/my_package', 'catkin_cmake_args': None, 'catkin_skip_building_tests': False, 'cmake_args': None, 'cmake_clean_cache': False, 'cmake_clean_first': False, 'cmake_force_configure': False, 'cmake_target': None, 'cmake_target_skip_unavailable': False, 'install_base': '/home/tomasz/Desktop/sese_ws/install/my_package', 'merge_install': False, 'path': '/home/tomasz/Desktop/sese_ws/src/my_package', 'symlink_install': False, 'test_result_base': None}
[0.644s] Level 5:colcon.colcon_core.verb:set package 'py_pubsub' build argument 'cmake_args' from command line to 'None'
[0.644s] Level 5:colcon.colcon_core.verb:set package 'py_pubsub' build argument 'cmake_target' from command line to 'None'
[0.644s] Level 5:colcon.colcon_core.verb:set package 'py_pubsub' build argument 'cmake_target_skip_unavailable' from command line to 'False'
[0.644s] Level 5:colcon.colcon_core.verb:set package 'py_pubsub' build argument 'cmake_clean_cache' from command line to 'False'
[0.644s] Level 5:colcon.colcon_core.verb:set package 'py_pubsub' build argument 'cmake_clean_first' from command line to 'False'
[0.644s] Level 5:colcon.colcon_core.verb:set package 'py_pubsub' build argument 'cmake_force_configure' from command line to 'False'
[0.644s] Level 5:colcon.colcon_core.verb:set package 'py_pubsub' build argument 'ament_cmake_args' from command line to 'None'
[0.644s] Level 5:colcon.colcon_core.verb:set package 'py_pubsub' build argument 'catkin_cmake_args' from command line to 'None'
[0.644s] Level 5:colcon.colcon_core.verb:set package 'py_pubsub' build argument 'catkin_skip_building_tests' from command line to 'False'
[0.644s] DEBUG:colcon.colcon_core.verb:Building package 'py_pubsub' with the following arguments: {'ament_cmake_args': None, 'build_base': '/home/tomasz/Desktop/sese_ws/build/py_pubsub', 'catkin_cmake_args': None, 'catkin_skip_building_tests': False, 'cmake_args': None, 'cmake_clean_cache': False, 'cmake_clean_first': False, 'cmake_force_configure': False, 'cmake_target': None, 'cmake_target_skip_unavailable': False, 'install_base': '/home/tomasz/Desktop/sese_ws/install/py_pubsub', 'merge_install': False, 'path': '/home/tomasz/Desktop/sese_ws/src/py_pubsub', 'symlink_install': False, 'test_result_base': None}
[0.645s] Level 5:colcon.colcon_core.verb:set package 'python_parameters' build argument 'cmake_args' from command line to 'None'
[0.645s] Level 5:colcon.colcon_core.verb:set package 'python_parameters' build argument 'cmake_target' from command line to 'None'
[0.645s] Level 5:colcon.colcon_core.verb:set package 'python_parameters' build argument 'cmake_target_skip_unavailable' from command line to 'False'
[0.645s] Level 5:colcon.colcon_core.verb:set package 'python_parameters' build argument 'cmake_clean_cache' from command line to 'False'
[0.645s] Level 5:colcon.colcon_core.verb:set package 'python_parameters' build argument 'cmake_clean_first' from command line to 'False'
[0.645s] Level 5:colcon.colcon_core.verb:set package 'python_parameters' build argument 'cmake_force_configure' from command line to 'False'
[0.645s] Level 5:colcon.colcon_core.verb:set package 'python_parameters' build argument 'ament_cmake_args' from command line to 'None'
[0.645s] Level 5:colcon.colcon_core.verb:set package 'python_parameters' build argument 'catkin_cmake_args' from command line to 'None'
[0.645s] Level 5:colcon.colcon_core.verb:set package 'python_parameters' build argument 'catkin_skip_building_tests' from command line to 'False'
[0.645s] DEBUG:colcon.colcon_core.verb:Building package 'python_parameters' with the following arguments: {'ament_cmake_args': None, 'build_base': '/home/tomasz/Desktop/sese_ws/build/python_parameters', 'catkin_cmake_args': None, 'catkin_skip_building_tests': False, 'cmake_args': None, 'cmake_clean_cache': False, 'cmake_clean_first': False, 'cmake_force_configure': False, 'cmake_target': None, 'cmake_target_skip_unavailable': False, 'install_base': '/home/tomasz/Desktop/sese_ws/install/python_parameters', 'merge_install': False, 'path': '/home/tomasz/Desktop/sese_ws/src/python_parameters', 'symlink_install': False, 'test_result_base': None}
[0.646s] Level 5:colcon.colcon_core.verb:set package 'tutorial_interfaces' build argument 'cmake_args' from command line to 'None'
[0.646s] Level 5:colcon.colcon_core.verb:set package 'tutorial_interfaces' build argument 'cmake_target' from command line to 'None'
[0.646s] Level 5:colcon.colcon_core.verb:set package 'tutorial_interfaces' build argument 'cmake_target_skip_unavailable' from command line to 'False'
[0.646s] Level 5:colcon.colcon_core.verb:set package 'tutorial_interfaces' build argument 'cmake_clean_cache' from command line to 'False'
[0.646s] Level 5:colcon.colcon_core.verb:set package 'tutorial_interfaces' build argument 'cmake_clean_first' from command line to 'False'
[0.646s] Level 5:colcon.colcon_core.verb:set package 'tutorial_interfaces' build argument 'cmake_force_configure' from command line to 'False'
[0.646s] Level 5:colcon.colcon_core.verb:set package 'tutorial_interfaces' build argument 'ament_cmake_args' from command line to 'None'
[0.646s] Level 5:colcon.colcon_core.verb:set package 'tutorial_interfaces' build argument 'catkin_cmake_args' from command line to 'None'
[0.646s] Level 5:colcon.colcon_core.verb:set package 'tutorial_interfaces' build argument 'catkin_skip_building_tests' from command line to 'False'
[0.646s] DEBUG:colcon.colcon_core.verb:Building package 'tutorial_interfaces' with the following arguments: {'ament_cmake_args': None, 'build_base': '/home/tomasz/Desktop/sese_ws/build/tutorial_interfaces', 'catkin_cmake_args': None, 'catkin_skip_building_tests': False, 'cmake_args': None, 'cmake_clean_cache': False, 'cmake_clean_first': False, 'cmake_force_configure': False, 'cmake_target': None, 'cmake_target_skip_unavailable': False, 'install_base': '/home/tomasz/Desktop/sese_ws/install/tutorial_interfaces', 'merge_install': False, 'path': '/home/tomasz/Desktop/sese_ws/src/tutorial_interfaces', 'symlink_install': False, 'test_result_base': None}
[0.647s] Level 5:colcon.colcon_core.verb:set package 'py_srvcli' build argument 'cmake_args' from command line to 'None'
[0.647s] Level 5:colcon.colcon_core.verb:set package 'py_srvcli' build argument 'cmake_target' from command line to 'None'
[0.647s] Level 5:colcon.colcon_core.verb:set package 'py_srvcli' build argument 'cmake_target_skip_unavailable' from command line to 'False'
[0.647s] Level 5:colcon.colcon_core.verb:set package 'py_srvcli' build argument 'cmake_clean_cache' from command line to 'False'
[0.647s] Level 5:colcon.colcon_core.verb:set package 'py_srvcli' build argument 'cmake_clean_first' from command line to 'False'
[0.647s] Level 5:colcon.colcon_core.verb:set package 'py_srvcli' build argument 'cmake_force_configure' from command line to 'False'
[0.647s] Level 5:colcon.colcon_core.verb:set package 'py_srvcli' build argument 'ament_cmake_args' from command line to 'None'
[0.647s] Level 5:colcon.colcon_core.verb:set package 'py_srvcli' build argument 'catkin_cmake_args' from command line to 'None'
[0.647s] Level 5:colcon.colcon_core.verb:set package 'py_srvcli' build argument 'catkin_skip_building_tests' from command line to 'False'
[0.647s] DEBUG:colcon.colcon_core.verb:Building package 'py_srvcli' with the following arguments: {'ament_cmake_args': None, 'build_base': '/home/tomasz/Desktop/sese_ws/build/py_srvcli', 'catkin_cmake_args': None, 'catkin_skip_building_tests': False, 'cmake_args': None, 'cmake_clean_cache': False, 'cmake_clean_first': False, 'cmake_force_configure': False, 'cmake_target': None, 'cmake_target_skip_unavailable': False, 'install_base': '/home/tomasz/Desktop/sese_ws/install/py_srvcli', 'merge_install': False, 'path': '/home/tomasz/Desktop/sese_ws/src/py_srvcli', 'symlink_install': False, 'test_result_base': None}
[0.648s] INFO:colcon.colcon_core.executor:Executing jobs using 'parallel' executor
[0.650s] DEBUG:colcon.colcon_parallel_executor.executor.parallel:run_until_complete
[0.651s] INFO:colcon.colcon_ros.task.ament_cmake.build:Building ROS package in '/home/tomasz/Desktop/sese_ws/src/tutorial_interfaces' with build type 'ament_cmake'
[0.651s] INFO:colcon.colcon_cmake.task.cmake.build:Building CMake package in '/home/tomasz/Desktop/sese_ws/src/tutorial_interfaces'
[0.657s] INFO:colcon.colcon_core.plugin_system:Skipping extension 'colcon_core.shell.bat': Not used on non-Windows systems
[0.657s] INFO:colcon.colcon_core.shell:Skip shell extension 'powershell' for command environment: Not usable outside of PowerShell
[0.657s] DEBUG:colcon.colcon_core.shell:Skip shell extension 'dsv' for command environment
[0.671s] INFO:colcon.colcon_ros.task.ament_cmake.build:Building ROS package in '/home/tomasz/Desktop/sese_ws/src/custom_action_interfaces' with build type 'ament_cmake'
[0.671s] INFO:colcon.colcon_cmake.task.cmake.build:Building CMake package in '/home/tomasz/Desktop/sese_ws/src/custom_action_interfaces'
[0.671s] INFO:colcon.colcon_core.shell:Skip shell extension 'powershell' for command environment: Not usable outside of PowerShell
[0.672s] DEBUG:colcon.colcon_core.shell:Skip shell extension 'dsv' for command environment
[0.684s] INFO:colcon.colcon_ros.task.ament_python.build:Building ROS package in '/home/tomasz/Desktop/sese_ws/src/my_package' with build type 'ament_python'
[0.685s] Level 1:colcon.colcon_core.shell:create_environment_hook('my_package', 'ament_prefix_path')
[0.685s] INFO:colcon.colcon_core.shell:Creating environment hook '/home/tomasz/Desktop/sese_ws/install/my_package/share/my_package/hook/ament_prefix_path.ps1'
[0.687s] INFO:colcon.colcon_core.shell:Creating environment descriptor '/home/tomasz/Desktop/sese_ws/install/my_package/share/my_package/hook/ament_prefix_path.dsv'
[0.689s] INFO:colcon.colcon_core.shell:Creating environment hook '/home/tomasz/Desktop/sese_ws/install/my_package/share/my_package/hook/ament_prefix_path.sh'
[0.691s] INFO:colcon.colcon_core.shell:Skip shell extension 'powershell' for command environment: Not usable outside of PowerShell
[0.691s] DEBUG:colcon.colcon_core.shell:Skip shell extension 'dsv' for command environment
[0.705s] INFO:colcon.colcon_ros.task.ament_python.build:Building ROS package in '/home/tomasz/Desktop/sese_ws/src/py_pubsub' with build type 'ament_python'
[0.705s] Level 1:colcon.colcon_core.shell:create_environment_hook('py_pubsub', 'ament_prefix_path')
[0.706s] INFO:colcon.colcon_core.shell:Creating environment hook '/home/tomasz/Desktop/sese_ws/install/py_pubsub/share/py_pubsub/hook/ament_prefix_path.ps1'
[0.707s] INFO:colcon.colcon_core.shell:Creating environment descriptor '/home/tomasz/Desktop/sese_ws/install/py_pubsub/share/py_pubsub/hook/ament_prefix_path.dsv'
[0.708s] INFO:colcon.colcon_core.shell:Creating environment hook '/home/tomasz/Desktop/sese_ws/install/py_pubsub/share/py_pubsub/hook/ament_prefix_path.sh'
[0.710s] INFO:colcon.colcon_core.shell:Skip shell extension 'powershell' for command environment: Not usable outside of PowerShell
[0.710s] DEBUG:colcon.colcon_core.shell:Skip shell extension 'dsv' for command environment
[0.723s] INFO:colcon.colcon_ros.task.ament_python.build:Building ROS package in '/home/tomasz/Desktop/sese_ws/src/python_parameters' with build type 'ament_python'
[0.724s] Level 1:colcon.colcon_core.shell:create_environment_hook('python_parameters', 'ament_prefix_path')
[0.725s] INFO:colcon.colcon_core.shell:Creating environment hook '/home/tomasz/Desktop/sese_ws/install/python_parameters/share/python_parameters/hook/ament_prefix_path.ps1'
[0.726s] INFO:colcon.colcon_core.shell:Creating environment descriptor '/home/tomasz/Desktop/sese_ws/install/python_parameters/share/python_parameters/hook/ament_prefix_path.dsv'
[0.727s] INFO:colcon.colcon_core.shell:Creating environment hook '/home/tomasz/Desktop/sese_ws/install/python_parameters/share/python_parameters/hook/ament_prefix_path.sh'
[0.729s] INFO:colcon.colcon_core.shell:Skip shell extension 'powershell' for command environment: Not usable outside of PowerShell
[0.729s] DEBUG:colcon.colcon_core.shell:Skip shell extension 'dsv' for command environment
[0.757s] DEBUG:colcon.colcon_core.event_handler.log_command:Invoking command in '/home/tomasz/Desktop/sese_ws/build/tutorial_interfaces': CMAKE_PREFIX_PATH=${CMAKE_PREFIX_PATH}:/home/tomasz/Desktop/sese_ws/install/python_parameters:/home/tomasz/Desktop/sese_ws/install/py_srvcli:/home/tomasz/Desktop/sese_ws/install/py_pubsub:/home/tomasz/Desktop/sese_ws/install/my_package:/home/tomasz/Desktop/sese_ws/install/launch_testing_examples:/home/tomasz/Desktop/sese_ws/install/examples_rclpy_pointcloud_publisher:/home/tomasz/Desktop/sese_ws/install/examples_rclpy_minimal_subscriber:/home/tomasz/Desktop/sese_ws/install/examples_rclpy_minimal_service:/home/tomasz/Desktop/sese_ws/install/examples_rclpy_minimal_publisher:/home/tomasz/Desktop/sese_ws/install/examples_rclpy_minimal_client:/home/tomasz/Desktop/sese_ws/install/examples_rclpy_minimal_action_server:/home/tomasz/Desktop/sese_ws/install/examples_rclpy_minimal_action_client:/home/tomasz/Desktop/sese_ws/install/examples_rclpy_guard_conditions:/home/tomasz/Desktop/sese_ws/install/examples_rclpy_executors:/opt/ros/jazzy DEBUGINFOD_URLS=https://debuginfod.ubuntu.com /usr/bin/cmake --build /home/tomasz/Desktop/sese_ws/build/tutorial_interfaces -- -j16 -l16
[0.765s] DEBUG:colcon.colcon_core.event_handler.log_command:Invoking command in '/home/tomasz/Desktop/sese_ws/build/custom_action_interfaces': CMAKE_PREFIX_PATH=${CMAKE_PREFIX_PATH}:/home/tomasz/Desktop/sese_ws/install/python_parameters:/home/tomasz/Desktop/sese_ws/install/py_srvcli:/home/tomasz/Desktop/sese_ws/install/py_pubsub:/home/tomasz/Desktop/sese_ws/install/my_package:/home/tomasz/Desktop/sese_ws/install/launch_testing_examples:/home/tomasz/Desktop/sese_ws/install/examples_rclpy_pointcloud_publisher:/home/tomasz/Desktop/sese_ws/install/examples_rclpy_minimal_subscriber:/home/tomasz/Desktop/sese_ws/install/examples_rclpy_minimal_service:/home/tomasz/Desktop/sese_ws/install/examples_rclpy_minimal_publisher:/home/tomasz/Desktop/sese_ws/install/examples_rclpy_minimal_client:/home/tomasz/Desktop/sese_ws/install/examples_rclpy_minimal_action_server:/home/tomasz/Desktop/sese_ws/install/examples_rclpy_minimal_action_client:/home/tomasz/Desktop/sese_ws/install/examples_rclpy_guard_conditions:/home/tomasz/Desktop/sese_ws/install/examples_rclpy_executors:/opt/ros/jazzy DEBUGINFOD_URLS=https://debuginfod.ubuntu.com /usr/bin/cmake /home/tomasz/Desktop/sese_ws/src/custom_action_interfaces -DCMAKE_INSTALL_PREFIX=/home/tomasz/Desktop/sese_ws/install/custom_action_interfaces
[1.505s] INFO:colcon.colcon_core.task.python.build:Building Python package in '/home/tomasz/Desktop/sese_ws/src/my_package'
[1.506s] INFO:colcon.colcon_core.shell:Skip shell extension 'powershell' for command environment: Not usable outside of PowerShell
[1.506s] DEBUG:colcon.colcon_core.shell:Skip shell extension 'dsv' for command environment
[2.159s] INFO:colcon.colcon_core.task.python.build:Building Python package in '/home/tomasz/Desktop/sese_ws/src/py_pubsub'
[2.160s] INFO:colcon.colcon_core.shell:Skip shell extension 'powershell' for command environment: Not usable outside of PowerShell
[2.160s] DEBUG:colcon.colcon_core.shell:Skip shell extension 'dsv' for command environment
[2.193s] DEBUG:colcon.colcon_core.event_handler.log_command:Invoked command in '/home/tomasz/Desktop/sese_ws/build/tutorial_interfaces' returned '0': CMAKE_PREFIX_PATH=${CMAKE_PREFIX_PATH}:/home/tomasz/Desktop/sese_ws/install/python_parameters:/home/tomasz/Desktop/sese_ws/install/py_srvcli:/home/tomasz/Desktop/sese_ws/install/py_pubsub:/home/tomasz/Desktop/sese_ws/install/my_package:/home/tomasz/Desktop/sese_ws/install/launch_testing_examples:/home/tomasz/Desktop/sese_ws/install/examples_rclpy_pointcloud_publisher:/home/tomasz/Desktop/sese_ws/install/examples_rclpy_minimal_subscriber:/home/tomasz/Desktop/sese_ws/install/examples_rclpy_minimal_service:/home/tomasz/Desktop/sese_ws/install/examples_rclpy_minimal_publisher:/home/tomasz/Desktop/sese_ws/install/examples_rclpy_minimal_client:/home/tomasz/Desktop/sese_ws/install/examples_rclpy_minimal_action_server:/home/tomasz/Desktop/sese_ws/install/examples_rclpy_minimal_action_client:/home/tomasz/Desktop/sese_ws/install/examples_rclpy_guard_conditions:/home/tomasz/Desktop/sese_ws/install/examples_rclpy_executors:/opt/ros/jazzy DEBUGINFOD_URLS=https://debuginfod.ubuntu.com /usr/bin/cmake --build /home/tomasz/Desktop/sese_ws/build/tutorial_interfaces -- -j16 -l16
[2.829s] INFO:colcon.colcon_core.task.python.build:Building Python package in '/home/tomasz/Desktop/sese_ws/src/python_parameters'
[2.829s] INFO:colcon.colcon_core.shell:Skip shell extension 'powershell' for command environment: Not usable outside of PowerShell
[2.829s] DEBUG:colcon.colcon_core.shell:Skip shell extension 'dsv' for command environment
[2.882s] DEBUG:colcon.colcon_core.event_handler.log_command:Invoking command in '/home/tomasz/Desktop/sese_ws/build/tutorial_interfaces': CMAKE_PREFIX_PATH=${CMAKE_PREFIX_PATH}:/home/tomasz/Desktop/sese_ws/install/python_parameters:/home/tomasz/Desktop/sese_ws/install/py_srvcli:/home/tomasz/Desktop/sese_ws/install/py_pubsub:/home/tomasz/Desktop/sese_ws/install/my_package:/home/tomasz/Desktop/sese_ws/install/launch_testing_examples:/home/tomasz/Desktop/sese_ws/install/examples_rclpy_pointcloud_publisher:/home/tomasz/Desktop/sese_ws/install/examples_rclpy_minimal_subscriber:/home/tomasz/Desktop/sese_ws/install/examples_rclpy_minimal_service:/home/tomasz/Desktop/sese_ws/install/examples_rclpy_minimal_publisher:/home/tomasz/Desktop/sese_ws/install/examples_rclpy_minimal_client:/home/tomasz/Desktop/sese_ws/install/examples_rclpy_minimal_action_server:/home/tomasz/Desktop/sese_ws/install/examples_rclpy_minimal_action_client:/home/tomasz/Desktop/sese_ws/install/examples_rclpy_guard_conditions:/home/tomasz/Desktop/sese_ws/install/examples_rclpy_executors:/opt/ros/jazzy DEBUGINFOD_URLS=https://debuginfod.ubuntu.com /usr/bin/cmake --install /home/tomasz/Desktop/sese_ws/build/tutorial_interfaces
[3.057s] Level 1:colcon.colcon_core.environment:create_environment_scripts_only(tutorial_interfaces)
[3.058s] DEBUG:colcon.colcon_core.event_handler.log_command:Invoked command in '/home/tomasz/Desktop/sese_ws/build/tutorial_interfaces' returned '0': CMAKE_PREFIX_PATH=${CMAKE_PREFIX_PATH}:/home/tomasz/Desktop/sese_ws/install/python_parameters:/home/tomasz/Desktop/sese_ws/install/py_srvcli:/home/tomasz/Desktop/sese_ws/install/py_pubsub:/home/tomasz/Desktop/sese_ws/install/my_package:/home/tomasz/Desktop/sese_ws/install/launch_testing_examples:/home/tomasz/Desktop/sese_ws/install/examples_rclpy_pointcloud_publisher:/home/tomasz/Desktop/sese_ws/install/examples_rclpy_minimal_subscriber:/home/tomasz/Desktop/sese_ws/install/examples_rclpy_minimal_service:/home/tomasz/Desktop/sese_ws/install/examples_rclpy_minimal_publisher:/home/tomasz/Desktop/sese_ws/install/examples_rclpy_minimal_client:/home/tomasz/Desktop/sese_ws/install/examples_rclpy_minimal_action_server:/home/tomasz/Desktop/sese_ws/install/examples_rclpy_minimal_action_client:/home/tomasz/Desktop/sese_ws/install/examples_rclpy_guard_conditions:/home/tomasz/Desktop/sese_ws/install/examples_rclpy_executors:/opt/ros/jazzy DEBUGINFOD_URLS=https://debuginfod.ubuntu.com /usr/bin/cmake --install /home/tomasz/Desktop/sese_ws/build/tutorial_interfaces
[3.066s] Level 1:colcon.colcon_core.environment:checking '/home/tomasz/Desktop/sese_ws/install/tutorial_interfaces' for CMake module files
[3.069s] Level 1:colcon.colcon_core.environment:checking '/home/tomasz/Desktop/sese_ws/install/tutorial_interfaces' for CMake config files
[3.070s] Level 1:colcon.colcon_core.shell:create_environment_hook('tutorial_interfaces', 'cmake_prefix_path')
[3.070s] INFO:colcon.colcon_core.shell:Creating environment hook '/home/tomasz/Desktop/sese_ws/install/tutorial_interfaces/share/tutorial_interfaces/hook/cmake_prefix_path.ps1'
[3.072s] INFO:colcon.colcon_core.shell:Creating environment descriptor '/home/tomasz/Desktop/sese_ws/install/tutorial_interfaces/share/tutorial_interfaces/hook/cmake_prefix_path.dsv'
[3.073s] INFO:colcon.colcon_core.shell:Creating environment hook '/home/tomasz/Desktop/sese_ws/install/tutorial_interfaces/share/tutorial_interfaces/hook/cmake_prefix_path.sh'
[3.075s] Level 1:colcon.colcon_core.environment:checking '/home/tomasz/Desktop/sese_ws/install/tutorial_interfaces/lib'
[3.076s] Level 1:colcon.colcon_core.shell:create_environment_hook('tutorial_interfaces', 'ld_library_path_lib')
[3.076s] INFO:colcon.colcon_core.shell:Creating environment hook '/home/tomasz/Desktop/sese_ws/install/tutorial_interfaces/share/tutorial_interfaces/hook/ld_library_path_lib.ps1'
[3.078s] INFO:colcon.colcon_core.shell:Creating environment descriptor '/home/tomasz/Desktop/sese_ws/install/tutorial_interfaces/share/tutorial_interfaces/hook/ld_library_path_lib.dsv'
[3.079s] INFO:colcon.colcon_core.shell:Creating environment hook '/home/tomasz/Desktop/sese_ws/install/tutorial_interfaces/share/tutorial_interfaces/hook/ld_library_path_lib.sh'
[3.080s] Level 1:colcon.colcon_core.environment:checking '/home/tomasz/Desktop/sese_ws/install/tutorial_interfaces/bin'
[3.080s] Level 1:colcon.colcon_core.environment:checking '/home/tomasz/Desktop/sese_ws/install/tutorial_interfaces/lib/pkgconfig/tutorial_interfaces.pc'
[3.081s] Level 1:colcon.colcon_core.environment:checking '/home/tomasz/Desktop/sese_ws/install/tutorial_interfaces/lib/python3.12/site-packages'
[3.081s] Level 1:colcon.colcon_core.shell:create_environment_hook('tutorial_interfaces', 'pythonpath')
[3.082s] INFO:colcon.colcon_core.shell:Creating environment hook '/home/tomasz/Desktop/sese_ws/install/tutorial_interfaces/share/tutorial_interfaces/hook/pythonpath.ps1'
[3.083s] INFO:colcon.colcon_core.shell:Creating environment descriptor '/home/tomasz/Desktop/sese_ws/install/tutorial_interfaces/share/tutorial_interfaces/hook/pythonpath.dsv'
[3.084s] INFO:colcon.colcon_core.shell:Creating environment hook '/home/tomasz/Desktop/sese_ws/install/tutorial_interfaces/share/tutorial_interfaces/hook/pythonpath.sh'
[3.086s] Level 1:colcon.colcon_core.environment:checking '/home/tomasz/Desktop/sese_ws/install/tutorial_interfaces/bin'
[3.087s] INFO:colcon.colcon_core.shell:Creating package script '/home/tomasz/Desktop/sese_ws/install/tutorial_interfaces/share/tutorial_interfaces/package.ps1'
[3.089s] INFO:colcon.colcon_core.shell:Creating package descriptor '/home/tomasz/Desktop/sese_ws/install/tutorial_interfaces/share/tutorial_interfaces/package.dsv'
[3.091s] INFO:colcon.colcon_core.shell:Creating package script '/home/tomasz/Desktop/sese_ws/install/tutorial_interfaces/share/tutorial_interfaces/package.sh'
[3.093s] INFO:colcon.colcon_core.shell:Creating package script '/home/tomasz/Desktop/sese_ws/install/tutorial_interfaces/share/tutorial_interfaces/package.bash'
[3.095s] INFO:colcon.colcon_core.shell:Creating package script '/home/tomasz/Desktop/sese_ws/install/tutorial_interfaces/share/tutorial_interfaces/package.zsh'
[3.097s] Level 1:colcon.colcon_core.environment:create_file_with_runtime_dependencies(/home/tomasz/Desktop/sese_ws/install/tutorial_interfaces/share/colcon-core/packages/tutorial_interfaces)
[3.386s] Level 1:colcon.colcon_core.environment:create_environment_scripts_only(tutorial_interfaces)
[3.387s] Level 1:colcon.colcon_core.environment:checking '/home/tomasz/Desktop/sese_ws/install/tutorial_interfaces' for CMake module files
[3.388s] Level 1:colcon.colcon_core.environment:checking '/home/tomasz/Desktop/sese_ws/install/tutorial_interfaces' for CMake config files
[3.389s] Level 1:colcon.colcon_core.shell:create_environment_hook('tutorial_interfaces', 'cmake_prefix_path')
[3.390s] INFO:colcon.colcon_core.shell:Creating environment hook '/home/tomasz/Desktop/sese_ws/install/tutorial_interfaces/share/tutorial_interfaces/hook/cmake_prefix_path.ps1'
[3.391s] INFO:colcon.colcon_core.shell:Creating environment descriptor '/home/tomasz/Desktop/sese_ws/install/tutorial_interfaces/share/tutorial_interfaces/hook/cmake_prefix_path.dsv'
[3.391s] INFO:colcon.colcon_core.shell:Creating environment hook '/home/tomasz/Desktop/sese_ws/install/tutorial_interfaces/share/tutorial_interfaces/hook/cmake_prefix_path.sh'
[3.393s] Level 1:colcon.colcon_core.environment:checking '/home/tomasz/Desktop/sese_ws/install/tutorial_interfaces/lib'
[3.393s] Level 1:colcon.colcon_core.shell:create_environment_hook('tutorial_interfaces', 'ld_library_path_lib')
[3.394s] INFO:colcon.colcon_core.shell:Creating environment hook '/home/tomasz/Desktop/sese_ws/install/tutorial_interfaces/share/tutorial_interfaces/hook/ld_library_path_lib.ps1'
[3.395s] INFO:colcon.colcon_core.shell:Creating environment descriptor '/home/tomasz/Desktop/sese_ws/install/tutorial_interfaces/share/tutorial_interfaces/hook/ld_library_path_lib.dsv'
[3.396s] INFO:colcon.colcon_core.shell:Creating environment hook '/home/tomasz/Desktop/sese_ws/install/tutorial_interfaces/share/tutorial_interfaces/hook/ld_library_path_lib.sh'
[3.397s] Level 1:colcon.colcon_core.environment:checking '/home/tomasz/Desktop/sese_ws/install/tutorial_interfaces/bin'
[3.397s] Level 1:colcon.colcon_core.environment:checking '/home/tomasz/Desktop/sese_ws/install/tutorial_interfaces/lib/pkgconfig/tutorial_interfaces.pc'
[3.397s] Level 1:colcon.colcon_core.environment:checking '/home/tomasz/Desktop/sese_ws/install/tutorial_interfaces/lib/python3.12/site-packages'
[3.398s] Level 1:colcon.colcon_core.shell:create_environment_hook('tutorial_interfaces', 'pythonpath')
[3.398s] INFO:colcon.colcon_core.shell:Creating environment hook '/home/tomasz/Desktop/sese_ws/install/tutorial_interfaces/share/tutorial_interfaces/hook/pythonpath.ps1'
[3.399s] INFO:colcon.colcon_core.shell:Creating environment descriptor '/home/tomasz/Desktop/sese_ws/install/tutorial_interfaces/share/tutorial_interfaces/hook/pythonpath.dsv'
[3.400s] INFO:colcon.colcon_core.shell:Creating environment hook '/home/tomasz/Desktop/sese_ws/install/tutorial_interfaces/share/tutorial_interfaces/hook/pythonpath.sh'
[3.401s] Level 1:colcon.colcon_core.environment:checking '/home/tomasz/Desktop/sese_ws/install/tutorial_interfaces/bin'
[3.402s] INFO:colcon.colcon_core.shell:Creating package script '/home/tomasz/Desktop/sese_ws/install/tutorial_interfaces/share/tutorial_interfaces/package.ps1'
[3.403s] INFO:colcon.colcon_core.shell:Creating package descriptor '/home/tomasz/Desktop/sese_ws/install/tutorial_interfaces/share/tutorial_interfaces/package.dsv'
[3.404s] INFO:colcon.colcon_core.shell:Creating package script '/home/tomasz/Desktop/sese_ws/install/tutorial_interfaces/share/tutorial_interfaces/package.sh'
[3.406s] INFO:colcon.colcon_core.shell:Creating package script '/home/tomasz/Desktop/sese_ws/install/tutorial_interfaces/share/tutorial_interfaces/package.bash'
[3.407s] INFO:colcon.colcon_core.shell:Creating package script '/home/tomasz/Desktop/sese_ws/install/tutorial_interfaces/share/tutorial_interfaces/package.zsh'
[3.408s] Level 1:colcon.colcon_core.environment:create_file_with_runtime_dependencies(/home/tomasz/Desktop/sese_ws/install/tutorial_interfaces/share/colcon-core/packages/tutorial_interfaces)
[3.408s] INFO:colcon.colcon_ros.task.ament_python.build:Building ROS package in '/home/tomasz/Desktop/sese_ws/src/py_srvcli' with build type 'ament_python'
[3.409s] Level 1:colcon.colcon_core.shell:create_environment_hook('py_srvcli', 'ament_prefix_path')
[3.409s] INFO:colcon.colcon_core.shell:Creating environment hook '/home/tomasz/Desktop/sese_ws/install/py_srvcli/share/py_srvcli/hook/ament_prefix_path.ps1'
[3.411s] INFO:colcon.colcon_core.shell:Creating environment descriptor '/home/tomasz/Desktop/sese_ws/install/py_srvcli/share/py_srvcli/hook/ament_prefix_path.dsv'
[3.412s] INFO:colcon.colcon_core.shell:Creating environment hook '/home/tomasz/Desktop/sese_ws/install/py_srvcli/share/py_srvcli/hook/ament_prefix_path.sh'
[3.413s] INFO:colcon.colcon_core.shell:Skip shell extension 'powershell' for command environment: Not usable outside of PowerShell
[3.413s] DEBUG:colcon.colcon_core.shell:Skip shell extension 'dsv' for command environment
[4.022s] INFO:colcon.colcon_core.task.python.build:Building Python package in '/home/tomasz/Desktop/sese_ws/src/py_srvcli'
[4.022s] INFO:colcon.colcon_core.shell:Skip shell extension 'powershell' for command environment: Not usable outside of PowerShell
[4.022s] DEBUG:colcon.colcon_core.shell:Skip shell extension 'dsv' for command environment
[4.399s] DEBUG:colcon.colcon_core.event_handler.log_command:Invoking command in '/home/tomasz/Desktop/sese_ws/src/my_package': DEBUGINFOD_URLS=https://debuginfod.ubuntu.com PYTHONPATH=/home/tomasz/Desktop/sese_ws/build/my_package/prefix_override:/usr/lib/python3/dist-packages/colcon_core/task/python/colcon_distutils_commands:/home/tomasz/Desktop/sese_ws/install/my_package/lib/python3.12/site-packages:${PYTHONPATH} /usr/bin/python3 -W ignore:setup.py install is deprecated setup.py egg_info --egg-base ../../build/my_package build --build-base /home/tomasz/Desktop/sese_ws/build/my_package/build install --record /home/tomasz/Desktop/sese_ws/build/my_package/install.log --single-version-externally-managed install_data
[4.470s] DEBUG:colcon.colcon_core.event_handler.log_command:Invoking command in '/home/tomasz/Desktop/sese_ws/src/py_pubsub': DEBUGINFOD_URLS=https://debuginfod.ubuntu.com PYTHONPATH=/home/tomasz/Desktop/sese_ws/build/py_pubsub/prefix_override:/usr/lib/python3/dist-packages/colcon_core/task/python/colcon_distutils_commands:/home/tomasz/Desktop/sese_ws/install/py_pubsub/lib/python3.12/site-packages:${PYTHONPATH} /usr/bin/python3 -W ignore:setup.py install is deprecated setup.py egg_info --egg-base ../../build/py_pubsub build --build-base /home/tomasz/Desktop/sese_ws/build/py_pubsub/build install --record /home/tomasz/Desktop/sese_ws/build/py_pubsub/install.log --single-version-externally-managed install_data
[4.473s] DEBUG:colcon.colcon_core.event_handler.log_command:Invoking command in '/home/tomasz/Desktop/sese_ws/src/python_parameters': DEBUGINFOD_URLS=https://debuginfod.ubuntu.com PYTHONPATH=/home/tomasz/Desktop/sese_ws/build/python_parameters/prefix_override:/usr/lib/python3/dist-packages/colcon_core/task/python/colcon_distutils_commands:/home/tomasz/Desktop/sese_ws/install/python_parameters/lib/python3.12/site-packages:${PYTHONPATH} /usr/bin/python3 -W ignore:setup.py install is deprecated setup.py egg_info --egg-base ../../build/python_parameters build --build-base /home/tomasz/Desktop/sese_ws/build/python_parameters/build install --record /home/tomasz/Desktop/sese_ws/build/python_parameters/install.log --single-version-externally-managed install_data
[5.606s] DEBUG:colcon.colcon_core.event_handler.log_command:Invoking command in '/home/tomasz/Desktop/sese_ws/src/py_srvcli': DEBUGINFOD_URLS=https://debuginfod.ubuntu.com PYTHONPATH=/home/tomasz/Desktop/sese_ws/build/py_srvcli/prefix_override:/usr/lib/python3/dist-packages/colcon_core/task/python/colcon_distutils_commands:/home/tomasz/Desktop/sese_ws/install/py_srvcli/lib/python3.12/site-packages:/home/tomasz/Desktop/sese_ws/install/tutorial_interfaces/lib/python3.12/site-packages:/home/tomasz/Desktop/sese_ws/install/python_parameters/lib/python3.12/site-packages:/home/tomasz/Desktop/sese_ws/install/py_srvcli/lib/python3.12/site-packages:/home/tomasz/Desktop/sese_ws/install/py_pubsub/lib/python3.12/site-packages:/home/tomasz/Desktop/sese_ws/install/my_package/lib/python3.12/site-packages:/home/tomasz/Desktop/sese_ws/build/launch_testing_examples:/home/tomasz/Desktop/sese_ws/install/launch_testing_examples/lib/python3.12/site-packages:/home/tomasz/Desktop/sese_ws/build/examples_rclpy_pointcloud_publisher:/home/tomasz/Desktop/sese_ws/install/examples_rclpy_pointcloud_publisher/lib/python3.12/site-packages:/home/tomasz/Desktop/sese_ws/build/examples_rclpy_minimal_subscriber:/home/tomasz/Desktop/sese_ws/install/examples_rclpy_minimal_subscriber/lib/python3.12/site-packages:/home/tomasz/Desktop/sese_ws/build/examples_rclpy_minimal_service:/home/tomasz/Desktop/sese_ws/install/examples_rclpy_minimal_service/lib/python3.12/site-packages:/home/tomasz/Desktop/sese_ws/build/examples_rclpy_minimal_publisher:/home/tomasz/Desktop/sese_ws/install/examples_rclpy_minimal_publisher/lib/python3.12/site-packages:/home/tomasz/Desktop/sese_ws/build/examples_rclpy_minimal_client:/home/tomasz/Desktop/sese_ws/install/examples_rclpy_minimal_client/lib/python3.12/site-packages:/home/tomasz/Desktop/sese_ws/build/examples_rclpy_minimal_action_server:/home/tomasz/Desktop/sese_ws/install/examples_rclpy_minimal_action_server/lib/python3.12/site-packages:/home/tomasz/Desktop/sese_ws/build/examples_rclpy_minimal_action_client:/home/tomasz/Desktop/sese_ws/install/examples_rclpy_minimal_action_client/lib/python3.12/site-packages:/home/tomasz/Desktop/sese_ws/build/examples_rclpy_guard_conditions:/home/tomasz/Desktop/sese_ws/install/examples_rclpy_guard_conditions/lib/python3.12/site-packages:/home/tomasz/Desktop/sese_ws/build/examples_rclpy_executors:/home/tomasz/Desktop/sese_ws/install/examples_rclpy_executors/lib/python3.12/site-packages:/opt/ros/jazzy/lib/python3.12/site-packages /usr/bin/python3 -W ignore:setup.py install is deprecated setup.py egg_info --egg-base ../../build/py_srvcli build --build-base /home/tomasz/Desktop/sese_ws/build/py_srvcli/build install --record /home/tomasz/Desktop/sese_ws/build/py_srvcli/install.log --single-version-externally-managed install_data
[5.910s] Level 1:colcon.colcon_core.environment:checking '/home/tomasz/Desktop/sese_ws/install/my_package' for CMake module files
[5.912s] DEBUG:colcon.colcon_core.event_handler.log_command:Invoked command in '/home/tomasz/Desktop/sese_ws/src/my_package' returned '0': DEBUGINFOD_URLS=https://debuginfod.ubuntu.com PYTHONPATH=/home/tomasz/Desktop/sese_ws/build/my_package/prefix_override:/usr/lib/python3/dist-packages/colcon_core/task/python/colcon_distutils_commands:/home/tomasz/Desktop/sese_ws/install/my_package/lib/python3.12/site-packages:${PYTHONPATH} /usr/bin/python3 -W ignore:setup.py install is deprecated setup.py egg_info --egg-base ../../build/my_package build --build-base /home/tomasz/Desktop/sese_ws/build/my_package/build install --record /home/tomasz/Desktop/sese_ws/build/my_package/install.log --single-version-externally-managed install_data
[5.913s] Level 1:colcon.colcon_core.environment:checking '/home/tomasz/Desktop/sese_ws/install/my_package' for CMake config files
[5.915s] Level 1:colcon.colcon_core.environment:checking '/home/tomasz/Desktop/sese_ws/install/my_package/lib'
[5.915s] Level 1:colcon.colcon_core.environment:checking '/home/tomasz/Desktop/sese_ws/install/my_package/bin'
[5.915s] Level 1:colcon.colcon_core.environment:checking '/home/tomasz/Desktop/sese_ws/install/my_package/lib/pkgconfig/my_package.pc'
[5.916s] Level 1:colcon.colcon_core.environment:checking '/home/tomasz/Desktop/sese_ws/install/my_package/lib/python3.12/site-packages'
[5.916s] Level 1:colcon.colcon_core.shell:create_environment_hook('my_package', 'pythonpath')
[5.917s] INFO:colcon.colcon_core.shell:Creating environment hook '/home/tomasz/Desktop/sese_ws/install/my_package/share/my_package/hook/pythonpath.ps1'
[5.918s] INFO:colcon.colcon_core.shell:Creating environment descriptor '/home/tomasz/Desktop/sese_ws/install/my_package/share/my_package/hook/pythonpath.dsv'
[5.919s] INFO:colcon.colcon_core.shell:Creating environment hook '/home/tomasz/Desktop/sese_ws/install/my_package/share/my_package/hook/pythonpath.sh'
[5.921s] Level 1:colcon.colcon_core.environment:checking '/home/tomasz/Desktop/sese_ws/install/my_package/bin'
[5.922s] Level 1:colcon.colcon_core.environment:create_environment_scripts_only(my_package)
[5.922s] INFO:colcon.colcon_core.shell:Creating package script '/home/tomasz/Desktop/sese_ws/install/my_package/share/my_package/package.ps1'
[5.924s] INFO:colcon.colcon_core.shell:Creating package descriptor '/home/tomasz/Desktop/sese_ws/install/my_package/share/my_package/package.dsv'
[5.925s] INFO:colcon.colcon_core.shell:Creating package script '/home/tomasz/Desktop/sese_ws/install/my_package/share/my_package/package.sh'
[5.927s] INFO:colcon.colcon_core.shell:Creating package script '/home/tomasz/Desktop/sese_ws/install/my_package/share/my_package/package.bash'
[5.928s] INFO:colcon.colcon_core.shell:Creating package script '/home/tomasz/Desktop/sese_ws/install/my_package/share/my_package/package.zsh'
[5.929s] Level 1:colcon.colcon_core.environment:create_file_with_runtime_dependencies(/home/tomasz/Desktop/sese_ws/install/my_package/share/colcon-core/packages/my_package)
[6.005s] Level 1:colcon.colcon_core.environment:checking '/home/tomasz/Desktop/sese_ws/install/py_pubsub' for CMake module files
[6.007s] DEBUG:colcon.colcon_core.event_handler.log_command:Invoked command in '/home/tomasz/Desktop/sese_ws/src/py_pubsub' returned '0': DEBUGINFOD_URLS=https://debuginfod.ubuntu.com PYTHONPATH=/home/tomasz/Desktop/sese_ws/build/py_pubsub/prefix_override:/usr/lib/python3/dist-packages/colcon_core/task/python/colcon_distutils_commands:/home/tomasz/Desktop/sese_ws/install/py_pubsub/lib/python3.12/site-packages:${PYTHONPATH} /usr/bin/python3 -W ignore:setup.py install is deprecated setup.py egg_info --egg-base ../../build/py_pubsub build --build-base /home/tomasz/Desktop/sese_ws/build/py_pubsub/build install --record /home/tomasz/Desktop/sese_ws/build/py_pubsub/install.log --single-version-externally-managed install_data
[6.008s] Level 1:colcon.colcon_core.environment:checking '/home/tomasz/Desktop/sese_ws/install/py_pubsub' for CMake config files
[6.010s] Level 1:colcon.colcon_core.environment:checking '/home/tomasz/Desktop/sese_ws/install/py_pubsub/lib'
[6.011s] Level 1:colcon.colcon_core.environment:checking '/home/tomasz/Desktop/sese_ws/install/py_pubsub/bin'
[6.011s] Level 1:colcon.colcon_core.environment:checking '/home/tomasz/Desktop/sese_ws/install/py_pubsub/lib/pkgconfig/py_pubsub.pc'
[6.012s] Level 1:colcon.colcon_core.environment:checking '/home/tomasz/Desktop/sese_ws/install/py_pubsub/lib/python3.12/site-packages'
[6.012s] Level 1:colcon.colcon_core.shell:create_environment_hook('py_pubsub', 'pythonpath')
[6.013s] INFO:colcon.colcon_core.shell:Creating environment hook '/home/tomasz/Desktop/sese_ws/install/py_pubsub/share/py_pubsub/hook/pythonpath.ps1'
[6.014s] INFO:colcon.colcon_core.shell:Creating environment descriptor '/home/tomasz/Desktop/sese_ws/install/py_pubsub/share/py_pubsub/hook/pythonpath.dsv'
[6.015s] INFO:colcon.colcon_core.shell:Creating environment hook '/home/tomasz/Desktop/sese_ws/install/py_pubsub/share/py_pubsub/hook/pythonpath.sh'
[6.017s] Level 1:colcon.colcon_core.environment:checking '/home/tomasz/Desktop/sese_ws/install/py_pubsub/bin'
[6.017s] Level 1:colcon.colcon_core.environment:create_environment_scripts_only(py_pubsub)
[6.018s] INFO:colcon.colcon_core.shell:Creating package script '/home/tomasz/Desktop/sese_ws/install/py_pubsub/share/py_pubsub/package.ps1'
[6.020s] INFO:colcon.colcon_core.shell:Creating package descriptor '/home/tomasz/Desktop/sese_ws/install/py_pubsub/share/py_pubsub/package.dsv'
[6.021s] INFO:colcon.colcon_core.shell:Creating package script '/home/tomasz/Desktop/sese_ws/install/py_pubsub/share/py_pubsub/package.sh'
[6.023s] INFO:colcon.colcon_core.shell:Creating package script '/home/tomasz/Desktop/sese_ws/install/py_pubsub/share/py_pubsub/package.bash'
[6.024s] INFO:colcon.colcon_core.shell:Creating package script '/home/tomasz/Desktop/sese_ws/install/py_pubsub/share/py_pubsub/package.zsh'
[6.025s] Level 1:colcon.colcon_core.environment:create_file_with_runtime_dependencies(/home/tomasz/Desktop/sese_ws/install/py_pubsub/share/colcon-core/packages/py_pubsub)
[6.035s] Level 1:colcon.colcon_core.environment:checking '/home/tomasz/Desktop/sese_ws/install/python_parameters' for CMake module files
[6.037s] DEBUG:colcon.colcon_core.event_handler.log_command:Invoked command in '/home/tomasz/Desktop/sese_ws/src/python_parameters' returned '0': DEBUGINFOD_URLS=https://debuginfod.ubuntu.com PYTHONPATH=/home/tomasz/Desktop/sese_ws/build/python_parameters/prefix_override:/usr/lib/python3/dist-packages/colcon_core/task/python/colcon_distutils_commands:/home/tomasz/Desktop/sese_ws/install/python_parameters/lib/python3.12/site-packages:${PYTHONPATH} /usr/bin/python3 -W ignore:setup.py install is deprecated setup.py egg_info --egg-base ../../build/python_parameters build --build-base /home/tomasz/Desktop/sese_ws/build/python_parameters/build install --record /home/tomasz/Desktop/sese_ws/build/python_parameters/install.log --single-version-externally-managed install_data
[6.038s] Level 1:colcon.colcon_core.environment:checking '/home/tomasz/Desktop/sese_ws/install/python_parameters' for CMake config files
[6.039s] Level 1:colcon.colcon_core.environment:checking '/home/tomasz/Desktop/sese_ws/install/python_parameters/lib'
[6.040s] Level 1:colcon.colcon_core.environment:checking '/home/tomasz/Desktop/sese_ws/install/python_parameters/bin'
[6.040s] Level 1:colcon.colcon_core.environment:checking '/home/tomasz/Desktop/sese_ws/install/python_parameters/lib/pkgconfig/python_parameters.pc'
[6.040s] Level 1:colcon.colcon_core.environment:checking '/home/tomasz/Desktop/sese_ws/install/python_parameters/lib/python3.12/site-packages'
[6.041s] Level 1:colcon.colcon_core.shell:create_environment_hook('python_parameters', 'pythonpath')
[6.041s] INFO:colcon.colcon_core.shell:Creating environment hook '/home/tomasz/Desktop/sese_ws/install/python_parameters/share/python_parameters/hook/pythonpath.ps1'
[6.042s] INFO:colcon.colcon_core.shell:Creating environment descriptor '/home/tomasz/Desktop/sese_ws/install/python_parameters/share/python_parameters/hook/pythonpath.dsv'
[6.043s] INFO:colcon.colcon_core.shell:Creating environment hook '/home/tomasz/Desktop/sese_ws/install/python_parameters/share/python_parameters/hook/pythonpath.sh'
[6.044s] Level 1:colcon.colcon_core.environment:checking '/home/tomasz/Desktop/sese_ws/install/python_parameters/bin'
[6.044s] Level 1:colcon.colcon_core.environment:create_environment_scripts_only(python_parameters)
[6.045s] INFO:colcon.colcon_core.shell:Creating package script '/home/tomasz/Desktop/sese_ws/install/python_parameters/share/python_parameters/package.ps1'
[6.046s] INFO:colcon.colcon_core.shell:Creating package descriptor '/home/tomasz/Desktop/sese_ws/install/python_parameters/share/python_parameters/package.dsv'
[6.047s] INFO:colcon.colcon_core.shell:Creating package script '/home/tomasz/Desktop/sese_ws/install/python_parameters/share/python_parameters/package.sh'
[6.048s] INFO:colcon.colcon_core.shell:Creating package script '/home/tomasz/Desktop/sese_ws/install/python_parameters/share/python_parameters/package.bash'
[6.049s] INFO:colcon.colcon_core.shell:Creating package script '/home/tomasz/Desktop/sese_ws/install/python_parameters/share/python_parameters/package.zsh'
[6.050s] Level 1:colcon.colcon_core.environment:create_file_with_runtime_dependencies(/home/tomasz/Desktop/sese_ws/install/python_parameters/share/colcon-core/packages/python_parameters)
[7.251s] Level 1:colcon.colcon_core.environment:checking '/home/tomasz/Desktop/sese_ws/install/py_srvcli' for CMake module files
[7.252s] DEBUG:colcon.colcon_core.event_handler.log_command:Invoked command in '/home/tomasz/Desktop/sese_ws/src/py_srvcli' returned '0': DEBUGINFOD_URLS=https://debuginfod.ubuntu.com PYTHONPATH=/home/tomasz/Desktop/sese_ws/build/py_srvcli/prefix_override:/usr/lib/python3/dist-packages/colcon_core/task/python/colcon_distutils_commands:/home/tomasz/Desktop/sese_ws/install/py_srvcli/lib/python3.12/site-packages:/home/tomasz/Desktop/sese_ws/install/tutorial_interfaces/lib/python3.12/site-packages:/home/tomasz/Desktop/sese_ws/install/python_parameters/lib/python3.12/site-packages:/home/tomasz/Desktop/sese_ws/install/py_srvcli/lib/python3.12/site-packages:/home/tomasz/Desktop/sese_ws/install/py_pubsub/lib/python3.12/site-packages:/home/tomasz/Desktop/sese_ws/install/my_package/lib/python3.12/site-packages:/home/tomasz/Desktop/sese_ws/build/launch_testing_examples:/home/tomasz/Desktop/sese_ws/install/launch_testing_examples/lib/python3.12/site-packages:/home/tomasz/Desktop/sese_ws/build/examples_rclpy_pointcloud_publisher:/home/tomasz/Desktop/sese_ws/install/examples_rclpy_pointcloud_publisher/lib/python3.12/site-packages:/home/tomasz/Desktop/sese_ws/build/examples_rclpy_minimal_subscriber:/home/tomasz/Desktop/sese_ws/install/examples_rclpy_minimal_subscriber/lib/python3.12/site-packages:/home/tomasz/Desktop/sese_ws/build/examples_rclpy_minimal_service:/home/tomasz/Desktop/sese_ws/install/examples_rclpy_minimal_service/lib/python3.12/site-packages:/home/tomasz/Desktop/sese_ws/build/examples_rclpy_minimal_publisher:/home/tomasz/Desktop/sese_ws/install/examples_rclpy_minimal_publisher/lib/python3.12/site-packages:/home/tomasz/Desktop/sese_ws/build/examples_rclpy_minimal_client:/home/tomasz/Desktop/sese_ws/install/examples_rclpy_minimal_client/lib/python3.12/site-packages:/home/tomasz/Desktop/sese_ws/build/examples_rclpy_minimal_action_server:/home/tomasz/Desktop/sese_ws/install/examples_rclpy_minimal_action_server/lib/python3.12/site-packages:/home/tomasz/Desktop/sese_ws/build/examples_rclpy_minimal_action_client:/home/tomasz/Desktop/sese_ws/install/examples_rclpy_minimal_action_client/lib/python3.12/site-packages:/home/tomasz/Desktop/sese_ws/build/examples_rclpy_guard_conditions:/home/tomasz/Desktop/sese_ws/install/examples_rclpy_guard_conditions/lib/python3.12/site-packages:/home/tomasz/Desktop/sese_ws/build/examples_rclpy_executors:/home/tomasz/Desktop/sese_ws/install/examples_rclpy_executors/lib/python3.12/site-packages:/opt/ros/jazzy/lib/python3.12/site-packages /usr/bin/python3 -W ignore:setup.py install is deprecated setup.py egg_info --egg-base ../../build/py_srvcli build --build-base /home/tomasz/Desktop/sese_ws/build/py_srvcli/build install --record /home/tomasz/Desktop/sese_ws/build/py_srvcli/install.log --single-version-externally-managed install_data
[7.253s] Level 1:colcon.colcon_core.environment:checking '/home/tomasz/Desktop/sese_ws/install/py_srvcli' for CMake config files
[7.254s] Level 1:colcon.colcon_core.environment:checking '/home/tomasz/Desktop/sese_ws/install/py_srvcli/lib'
[7.254s] Level 1:colcon.colcon_core.environment:checking '/home/tomasz/Desktop/sese_ws/install/py_srvcli/bin'
[7.255s] Level 1:colcon.colcon_core.environment:checking '/home/tomasz/Desktop/sese_ws/install/py_srvcli/lib/pkgconfig/py_srvcli.pc'
[7.255s] Level 1:colcon.colcon_core.environment:checking '/home/tomasz/Desktop/sese_ws/install/py_srvcli/lib/python3.12/site-packages'
[7.255s] Level 1:colcon.colcon_core.shell:create_environment_hook('py_srvcli', 'pythonpath')
[7.256s] INFO:colcon.colcon_core.shell:Creating environment hook '/home/tomasz/Desktop/sese_ws/install/py_srvcli/share/py_srvcli/hook/pythonpath.ps1'
[7.257s] INFO:colcon.colcon_core.shell:Creating environment descriptor '/home/tomasz/Desktop/sese_ws/install/py_srvcli/share/py_srvcli/hook/pythonpath.dsv'
[7.258s] INFO:colcon.colcon_core.shell:Creating environment hook '/home/tomasz/Desktop/sese_ws/install/py_srvcli/share/py_srvcli/hook/pythonpath.sh'
[7.259s] Level 1:colcon.colcon_core.environment:checking '/home/tomasz/Desktop/sese_ws/install/py_srvcli/bin'
[7.259s] Level 1:colcon.colcon_core.environment:create_environment_scripts_only(py_srvcli)
[7.260s] INFO:colcon.colcon_core.shell:Creating package script '/home/tomasz/Desktop/sese_ws/install/py_srvcli/share/py_srvcli/package.ps1'
[7.261s] INFO:colcon.colcon_core.shell:Creating package descriptor '/home/tomasz/Desktop/sese_ws/install/py_srvcli/share/py_srvcli/package.dsv'
[7.262s] INFO:colcon.colcon_core.shell:Creating package script '/home/tomasz/Desktop/sese_ws/install/py_srvcli/share/py_srvcli/package.sh'
[7.263s] INFO:colcon.colcon_core.shell:Creating package script '/home/tomasz/Desktop/sese_ws/install/py_srvcli/share/py_srvcli/package.bash'
[7.264s] INFO:colcon.colcon_core.shell:Creating package script '/home/tomasz/Desktop/sese_ws/install/py_srvcli/share/py_srvcli/package.zsh'
[7.265s] Level 1:colcon.colcon_core.environment:create_file_with_runtime_dependencies(/home/tomasz/Desktop/sese_ws/install/py_srvcli/share/colcon-core/packages/py_srvcli)
[9.973s] DEBUG:colcon.colcon_core.event_handler.log_command:Invoked command in '/home/tomasz/Desktop/sese_ws/build/custom_action_interfaces' returned '0': CMAKE_PREFIX_PATH=${CMAKE_PREFIX_PATH}:/home/tomasz/Desktop/sese_ws/install/python_parameters:/home/tomasz/Desktop/sese_ws/install/py_srvcli:/home/tomasz/Desktop/sese_ws/install/py_pubsub:/home/tomasz/Desktop/sese_ws/install/my_package:/home/tomasz/Desktop/sese_ws/install/launch_testing_examples:/home/tomasz/Desktop/sese_ws/install/examples_rclpy_pointcloud_publisher:/home/tomasz/Desktop/sese_ws/install/examples_rclpy_minimal_subscriber:/home/tomasz/Desktop/sese_ws/install/examples_rclpy_minimal_service:/home/tomasz/Desktop/sese_ws/install/examples_rclpy_minimal_publisher:/home/tomasz/Desktop/sese_ws/install/examples_rclpy_minimal_client:/home/tomasz/Desktop/sese_ws/install/examples_rclpy_minimal_action_server:/home/tomasz/Desktop/sese_ws/install/examples_rclpy_minimal_action_client:/home/tomasz/Desktop/sese_ws/install/examples_rclpy_guard_conditions:/home/tomasz/Desktop/sese_ws/install/examples_rclpy_executors:/opt/ros/jazzy DEBUGINFOD_URLS=https://debuginfod.ubuntu.com /usr/bin/cmake /home/tomasz/Desktop/sese_ws/src/custom_action_interfaces -DCMAKE_INSTALL_PREFIX=/home/tomasz/Desktop/sese_ws/install/custom_action_interfaces
[9.974s] DEBUG:colcon.colcon_core.event_handler.log_command:Invoking command in '/home/tomasz/Desktop/sese_ws/build/custom_action_interfaces': CMAKE_PREFIX_PATH=${CMAKE_PREFIX_PATH}:/home/tomasz/Desktop/sese_ws/install/python_parameters:/home/tomasz/Desktop/sese_ws/install/py_srvcli:/home/tomasz/Desktop/sese_ws/install/py_pubsub:/home/tomasz/Desktop/sese_ws/install/my_package:/home/tomasz/Desktop/sese_ws/install/launch_testing_examples:/home/tomasz/Desktop/sese_ws/install/examples_rclpy_pointcloud_publisher:/home/tomasz/Desktop/sese_ws/install/examples_rclpy_minimal_subscriber:/home/tomasz/Desktop/sese_ws/install/examples_rclpy_minimal_service:/home/tomasz/Desktop/sese_ws/install/examples_rclpy_minimal_publisher:/home/tomasz/Desktop/sese_ws/install/examples_rclpy_minimal_client:/home/tomasz/Desktop/sese_ws/install/examples_rclpy_minimal_action_server:/home/tomasz/Desktop/sese_ws/install/examples_rclpy_minimal_action_client:/home/tomasz/Desktop/sese_ws/install/examples_rclpy_guard_conditions:/home/tomasz/Desktop/sese_ws/install/examples_rclpy_executors:/opt/ros/jazzy DEBUGINFOD_URLS=https://debuginfod.ubuntu.com /usr/bin/cmake --build /home/tomasz/Desktop/sese_ws/build/custom_action_interfaces -- -j16 -l16
[13.690s] DEBUG:colcon.colcon_core.event_handler.log_command:Invoked command in '/home/tomasz/Desktop/sese_ws/build/custom_action_interfaces' returned '0': CMAKE_PREFIX_PATH=${CMAKE_PREFIX_PATH}:/home/tomasz/Desktop/sese_ws/install/python_parameters:/home/tomasz/Desktop/sese_ws/install/py_srvcli:/home/tomasz/Desktop/sese_ws/install/py_pubsub:/home/tomasz/Desktop/sese_ws/install/my_package:/home/tomasz/Desktop/sese_ws/install/launch_testing_examples:/home/tomasz/Desktop/sese_ws/install/examples_rclpy_pointcloud_publisher:/home/tomasz/Desktop/sese_ws/install/examples_rclpy_minimal_subscriber:/home/tomasz/Desktop/sese_ws/install/examples_rclpy_minimal_service:/home/tomasz/Desktop/sese_ws/install/examples_rclpy_minimal_publisher:/home/tomasz/Desktop/sese_ws/install/examples_rclpy_minimal_client:/home/tomasz/Desktop/sese_ws/install/examples_rclpy_minimal_action_server:/home/tomasz/Desktop/sese_ws/install/examples_rclpy_minimal_action_client:/home/tomasz/Desktop/sese_ws/install/examples_rclpy_guard_conditions:/home/tomasz/Desktop/sese_ws/install/examples_rclpy_executors:/opt/ros/jazzy DEBUGINFOD_URLS=https://debuginfod.ubuntu.com /usr/bin/cmake --build /home/tomasz/Desktop/sese_ws/build/custom_action_interfaces -- -j16 -l16
[13.753s] DEBUG:colcon.colcon_core.event_handler.log_command:Invoking command in '/home/tomasz/Desktop/sese_ws/build/custom_action_interfaces': CMAKE_PREFIX_PATH=${CMAKE_PREFIX_PATH}:/home/tomasz/Desktop/sese_ws/install/python_parameters:/home/tomasz/Desktop/sese_ws/install/py_srvcli:/home/tomasz/Desktop/sese_ws/install/py_pubsub:/home/tomasz/Desktop/sese_ws/install/my_package:/home/tomasz/Desktop/sese_ws/install/launch_testing_examples:/home/tomasz/Desktop/sese_ws/install/examples_rclpy_pointcloud_publisher:/home/tomasz/Desktop/sese_ws/install/examples_rclpy_minimal_subscriber:/home/tomasz/Desktop/sese_ws/install/examples_rclpy_minimal_service:/home/tomasz/Desktop/sese_ws/install/examples_rclpy_minimal_publisher:/home/tomasz/Desktop/sese_ws/install/examples_rclpy_minimal_client:/home/tomasz/Desktop/sese_ws/install/examples_rclpy_minimal_action_server:/home/tomasz/Desktop/sese_ws/install/examples_rclpy_minimal_action_client:/home/tomasz/Desktop/sese_ws/install/examples_rclpy_guard_conditions:/home/tomasz/Desktop/sese_ws/install/examples_rclpy_executors:/opt/ros/jazzy DEBUGINFOD_URLS=https://debuginfod.ubuntu.com /usr/bin/cmake --install /home/tomasz/Desktop/sese_ws/build/custom_action_interfaces
[13.829s] Level 1:colcon.colcon_core.environment:create_environment_scripts_only(custom_action_interfaces)
[13.829s] Level 1:colcon.colcon_core.environment:checking '/home/tomasz/Desktop/sese_ws/install/custom_action_interfaces' for CMake module files
[13.829s] DEBUG:colcon.colcon_core.event_handler.log_command:Invoked command in '/home/tomasz/Desktop/sese_ws/build/custom_action_interfaces' returned '0': CMAKE_PREFIX_PATH=${CMAKE_PREFIX_PATH}:/home/tomasz/Desktop/sese_ws/install/python_parameters:/home/tomasz/Desktop/sese_ws/install/py_srvcli:/home/tomasz/Desktop/sese_ws/install/py_pubsub:/home/tomasz/Desktop/sese_ws/install/my_package:/home/tomasz/Desktop/sese_ws/install/launch_testing_examples:/home/tomasz/Desktop/sese_ws/install/examples_rclpy_pointcloud_publisher:/home/tomasz/Desktop/sese_ws/install/examples_rclpy_minimal_subscriber:/home/tomasz/Desktop/sese_ws/install/examples_rclpy_minimal_service:/home/tomasz/Desktop/sese_ws/install/examples_rclpy_minimal_publisher:/home/tomasz/Desktop/sese_ws/install/examples_rclpy_minimal_client:/home/tomasz/Desktop/sese_ws/install/examples_rclpy_minimal_action_server:/home/tomasz/Desktop/sese_ws/install/examples_rclpy_minimal_action_client:/home/tomasz/Desktop/sese_ws/install/examples_rclpy_guard_conditions:/home/tomasz/Desktop/sese_ws/install/examples_rclpy_executors:/opt/ros/jazzy DEBUGINFOD_URLS=https://debuginfod.ubuntu.com /usr/bin/cmake --install /home/tomasz/Desktop/sese_ws/build/custom_action_interfaces
[13.830s] Level 1:colcon.colcon_core.environment:checking '/home/tomasz/Desktop/sese_ws/install/custom_action_interfaces' for CMake config files
[13.830s] Level 1:colcon.colcon_core.shell:create_environment_hook('custom_action_interfaces', 'cmake_prefix_path')
[13.830s] INFO:colcon.colcon_core.shell:Creating environment hook '/home/tomasz/Desktop/sese_ws/install/custom_action_interfaces/share/custom_action_interfaces/hook/cmake_prefix_path.ps1'
[13.831s] INFO:colcon.colcon_core.shell:Creating environment descriptor '/home/tomasz/Desktop/sese_ws/install/custom_action_interfaces/share/custom_action_interfaces/hook/cmake_prefix_path.dsv'
[13.831s] INFO:colcon.colcon_core.shell:Creating environment hook '/home/tomasz/Desktop/sese_ws/install/custom_action_interfaces/share/custom_action_interfaces/hook/cmake_prefix_path.sh'
[13.831s] Level 1:colcon.colcon_core.environment:checking '/home/tomasz/Desktop/sese_ws/install/custom_action_interfaces/lib'
[13.831s] Level 1:colcon.colcon_core.shell:create_environment_hook('custom_action_interfaces', 'ld_library_path_lib')
[13.832s] INFO:colcon.colcon_core.shell:Creating environment hook '/home/tomasz/Desktop/sese_ws/install/custom_action_interfaces/share/custom_action_interfaces/hook/ld_library_path_lib.ps1'
[13.832s] INFO:colcon.colcon_core.shell:Creating environment descriptor '/home/tomasz/Desktop/sese_ws/install/custom_action_interfaces/share/custom_action_interfaces/hook/ld_library_path_lib.dsv'
[13.832s] INFO:colcon.colcon_core.shell:Creating environment hook '/home/tomasz/Desktop/sese_ws/install/custom_action_interfaces/share/custom_action_interfaces/hook/ld_library_path_lib.sh'
[13.832s] Level 1:colcon.colcon_core.environment:checking '/home/tomasz/Desktop/sese_ws/install/custom_action_interfaces/bin'
[13.832s] Level 1:colcon.colcon_core.environment:checking '/home/tomasz/Desktop/sese_ws/install/custom_action_interfaces/lib/pkgconfig/custom_action_interfaces.pc'
[13.833s] Level 1:colcon.colcon_core.environment:checking '/home/tomasz/Desktop/sese_ws/install/custom_action_interfaces/lib/python3.12/site-packages'
[13.833s] Level 1:colcon.colcon_core.shell:create_environment_hook('custom_action_interfaces', 'pythonpath')
[13.833s] INFO:colcon.colcon_core.shell:Creating environment hook '/home/tomasz/Desktop/sese_ws/install/custom_action_interfaces/share/custom_action_interfaces/hook/pythonpath.ps1'
[13.833s] INFO:colcon.colcon_core.shell:Creating environment descriptor '/home/tomasz/Desktop/sese_ws/install/custom_action_interfaces/share/custom_action_interfaces/hook/pythonpath.dsv'
[13.833s] INFO:colcon.colcon_core.shell:Creating environment hook '/home/tomasz/Desktop/sese_ws/install/custom_action_interfaces/share/custom_action_interfaces/hook/pythonpath.sh'
[13.834s] Level 1:colcon.colcon_core.environment:checking '/home/tomasz/Desktop/sese_ws/install/custom_action_interfaces/bin'
[13.834s] INFO:colcon.colcon_core.shell:Creating package script '/home/tomasz/Desktop/sese_ws/install/custom_action_interfaces/share/custom_action_interfaces/package.ps1'
[13.834s] INFO:colcon.colcon_core.shell:Creating package descriptor '/home/tomasz/Desktop/sese_ws/install/custom_action_interfaces/share/custom_action_interfaces/package.dsv'
[13.834s] INFO:colcon.colcon_core.shell:Creating package script '/home/tomasz/Desktop/sese_ws/install/custom_action_interfaces/share/custom_action_interfaces/package.sh'
[13.835s] INFO:colcon.colcon_core.shell:Creating package script '/home/tomasz/Desktop/sese_ws/install/custom_action_interfaces/share/custom_action_interfaces/package.bash'
[13.835s] INFO:colcon.colcon_core.shell:Creating package script '/home/tomasz/Desktop/sese_ws/install/custom_action_interfaces/share/custom_action_interfaces/package.zsh'
[13.835s] Level 1:colcon.colcon_core.environment:create_file_with_runtime_dependencies(/home/tomasz/Desktop/sese_ws/install/custom_action_interfaces/share/colcon-core/packages/custom_action_interfaces)
[13.899s] Level 1:colcon.colcon_core.environment:create_environment_scripts_only(custom_action_interfaces)
[13.899s] Level 1:colcon.colcon_core.environment:checking '/home/tomasz/Desktop/sese_ws/install/custom_action_interfaces' for CMake module files
[13.900s] Level 1:colcon.colcon_core.environment:checking '/home/tomasz/Desktop/sese_ws/install/custom_action_interfaces' for CMake config files
[13.900s] Level 1:colcon.colcon_core.shell:create_environment_hook('custom_action_interfaces', 'cmake_prefix_path')
[13.900s] INFO:colcon.colcon_core.shell:Creating environment hook '/home/tomasz/Desktop/sese_ws/install/custom_action_interfaces/share/custom_action_interfaces/hook/cmake_prefix_path.ps1'
[13.901s] INFO:colcon.colcon_core.shell:Creating environment descriptor '/home/tomasz/Desktop/sese_ws/install/custom_action_interfaces/share/custom_action_interfaces/hook/cmake_prefix_path.dsv'
[13.901s] INFO:colcon.colcon_core.shell:Creating environment hook '/home/tomasz/Desktop/sese_ws/install/custom_action_interfaces/share/custom_action_interfaces/hook/cmake_prefix_path.sh'
[13.901s] Level 1:colcon.colcon_core.environment:checking '/home/tomasz/Desktop/sese_ws/install/custom_action_interfaces/lib'
[13.901s] Level 1:colcon.colcon_core.shell:create_environment_hook('custom_action_interfaces', 'ld_library_path_lib')
[13.901s] INFO:colcon.colcon_core.shell:Creating environment hook '/home/tomasz/Desktop/sese_ws/install/custom_action_interfaces/share/custom_action_interfaces/hook/ld_library_path_lib.ps1'
[13.902s] INFO:colcon.colcon_core.shell:Creating environment descriptor '/home/tomasz/Desktop/sese_ws/install/custom_action_interfaces/share/custom_action_interfaces/hook/ld_library_path_lib.dsv'
[13.902s] INFO:colcon.colcon_core.shell:Creating environment hook '/home/tomasz/Desktop/sese_ws/install/custom_action_interfaces/share/custom_action_interfaces/hook/ld_library_path_lib.sh'
[13.902s] Level 1:colcon.colcon_core.environment:checking '/home/tomasz/Desktop/sese_ws/install/custom_action_interfaces/bin'
[13.902s] Level 1:colcon.colcon_core.environment:checking '/home/tomasz/Desktop/sese_ws/install/custom_action_interfaces/lib/pkgconfig/custom_action_interfaces.pc'
[13.903s] Level 1:colcon.colcon_core.environment:checking '/home/tomasz/Desktop/sese_ws/install/custom_action_interfaces/lib/python3.12/site-packages'
[13.903s] Level 1:colcon.colcon_core.shell:create_environment_hook('custom_action_interfaces', 'pythonpath')
[13.903s] INFO:colcon.colcon_core.shell:Creating environment hook '/home/tomasz/Desktop/sese_ws/install/custom_action_interfaces/share/custom_action_interfaces/hook/pythonpath.ps1'
[13.903s] INFO:colcon.colcon_core.shell:Creating environment descriptor '/home/tomasz/Desktop/sese_ws/install/custom_action_interfaces/share/custom_action_interfaces/hook/pythonpath.dsv'
[13.903s] INFO:colcon.colcon_core.shell:Creating environment hook '/home/tomasz/Desktop/sese_ws/install/custom_action_interfaces/share/custom_action_interfaces/hook/pythonpath.sh'
[13.904s] Level 1:colcon.colcon_core.environment:checking '/home/tomasz/Desktop/sese_ws/install/custom_action_interfaces/bin'
[13.904s] INFO:colcon.colcon_core.shell:Creating package script '/home/tomasz/Desktop/sese_ws/install/custom_action_interfaces/share/custom_action_interfaces/package.ps1'
[13.904s] INFO:colcon.colcon_core.shell:Creating package descriptor '/home/tomasz/Desktop/sese_ws/install/custom_action_interfaces/share/custom_action_interfaces/package.dsv'
[13.905s] INFO:colcon.colcon_core.shell:Creating package script '/home/tomasz/Desktop/sese_ws/install/custom_action_interfaces/share/custom_action_interfaces/package.sh'
[13.905s] INFO:colcon.colcon_core.shell:Creating package script '/home/tomasz/Desktop/sese_ws/install/custom_action_interfaces/share/custom_action_interfaces/package.bash'
[13.905s] INFO:colcon.colcon_core.shell:Creating package script '/home/tomasz/Desktop/sese_ws/install/custom_action_interfaces/share/custom_action_interfaces/package.zsh'
[13.906s] Level 1:colcon.colcon_core.environment:create_file_with_runtime_dependencies(/home/tomasz/Desktop/sese_ws/install/custom_action_interfaces/share/colcon-core/packages/custom_action_interfaces)
[13.906s] DEBUG:colcon.colcon_parallel_executor.executor.parallel:closing loop
[13.906s] DEBUG:colcon.colcon_parallel_executor.executor.parallel:loop closed
[13.906s] DEBUG:colcon.colcon_parallel_executor.executor.parallel:run_until_complete finished with '0'
[13.906s] DEBUG:colcon.colcon_core.event_reactor:joining thread
[13.912s] INFO:colcon.colcon_core.plugin_system:Skipping extension 'colcon_notification.desktop_notification.terminal_notifier': Not used on non-Darwin systems
[13.912s] INFO:colcon.colcon_core.plugin_system:Skipping extension 'colcon_notification.desktop_notification.win32': Not used on non-Windows systems
[13.912s] INFO:colcon.colcon_notification.desktop_notification:Sending desktop notification using 'notify2'
[13.922s] DEBUG:colcon.colcon_core.event_reactor:joined thread
[13.923s] INFO:colcon.colcon_core.shell:Creating prefix script '/home/tomasz/Desktop/sese_ws/install/local_setup.ps1'
[13.924s] INFO:colcon.colcon_core.shell:Creating prefix util module '/home/tomasz/Desktop/sese_ws/install/_local_setup_util_ps1.py'
[13.925s] INFO:colcon.colcon_core.shell:Creating prefix chain script '/home/tomasz/Desktop/sese_ws/install/setup.ps1'
[13.926s] INFO:colcon.colcon_core.shell:Creating prefix script '/home/tomasz/Desktop/sese_ws/install/local_setup.sh'
[13.927s] INFO:colcon.colcon_core.shell:Creating prefix util module '/home/tomasz/Desktop/sese_ws/install/_local_setup_util_sh.py'
[13.927s] INFO:colcon.colcon_core.shell:Creating prefix chain script '/home/tomasz/Desktop/sese_ws/install/setup.sh'
[13.928s] INFO:colcon.colcon_core.shell:Creating prefix script '/home/tomasz/Desktop/sese_ws/install/local_setup.bash'
[13.929s] INFO:colcon.colcon_core.shell:Creating prefix chain script '/home/tomasz/Desktop/sese_ws/install/setup.bash'
[13.930s] INFO:colcon.colcon_core.shell:Creating prefix script '/home/tomasz/Desktop/sese_ws/install/local_setup.zsh'
[13.931s] INFO:colcon.colcon_core.shell:Creating prefix chain script '/home/tomasz/Desktop/sese_ws/install/setup.zsh'
