[2.106s] Invoking command in '/home/tomasz/Desktop/sese_ws/src/gs_package': DEBUGINFOD_URLS=https://debuginfod.ubuntu.com PYTHONPATH=/home/tomasz/Desktop/sese_ws/build/gs_package/prefix_override:/usr/lib/python3/dist-packages/colcon_core/task/python/colcon_distutils_commands:/home/tomasz/Desktop/sese_ws/install/gs_package/lib/python3.12/site-packages:${PYTHONPATH} /usr/bin/python3 -W ignore:setup.py install is deprecated setup.py egg_info --egg-base ../../build/gs_package build --build-base /home/tomasz/Desktop/sese_ws/build/gs_package/build install --record /home/tomasz/Desktop/sese_ws/build/gs_package/install.log --single-version-externally-managed install_data
[2.403s] running egg_info
[2.425s] writing ../../build/gs_package/gs_package.egg-info/PKG-INFO
[2.426s] writing dependency_links to ../../build/gs_package/gs_package.egg-info/dependency_links.txt
[2.426s] writing entry points to ../../build/gs_package/gs_package.egg-info/entry_points.txt
[2.426s] writing requirements to ../../build/gs_package/gs_package.egg-info/requires.txt
[2.426s] writing top-level names to ../../build/gs_package/gs_package.egg-info/top_level.txt
[2.471s] reading manifest file '../../build/gs_package/gs_package.egg-info/SOURCES.txt'
[2.472s] adding license file 'LICENSE'
[2.472s] writing manifest file '../../build/gs_package/gs_package.egg-info/SOURCES.txt'
[2.472s] running build
[2.472s] running build_py
[2.472s] running install
[2.478s] running install_lib
[2.502s] running install_data
[2.502s] running install_egg_info
[2.525s] removing '/home/tomasz/Desktop/sese_ws/install/gs_package/lib/python3.12/site-packages/gs_package-0.0.0-py3.12.egg-info' (and everything under it)
[2.526s] Copying ../../build/gs_package/gs_package.egg-info to /home/tomasz/Desktop/sese_ws/install/gs_package/lib/python3.12/site-packages/gs_package-0.0.0-py3.12.egg-info
[2.527s] running install_scripts
[2.678s] Installing publish script to /home/tomasz/Desktop/sese_ws/install/gs_package/lib/gs_package
[2.679s] Installing subscribe script to /home/tomasz/Desktop/sese_ws/install/gs_package/lib/gs_package
[2.679s] writing list of installed files to '/home/tomasz/Desktop/sese_ws/build/gs_package/install.log'
[2.731s] Invoked command in '/home/tomasz/Desktop/sese_ws/src/gs_package' returned '0': DEBUGINFOD_URLS=https://debuginfod.ubuntu.com PYTHONPATH=/home/tomasz/Desktop/sese_ws/build/gs_package/prefix_override:/usr/lib/python3/dist-packages/colcon_core/task/python/colcon_distutils_commands:/home/tomasz/Desktop/sese_ws/install/gs_package/lib/python3.12/site-packages:${PYTHONPATH} /usr/bin/python3 -W ignore:setup.py install is deprecated setup.py egg_info --egg-base ../../build/gs_package build --build-base /home/tomasz/Desktop/sese_ws/build/gs_package/build install --record /home/tomasz/Desktop/sese_ws/build/gs_package/install.log --single-version-externally-managed install_data
