[0.038s] Invoking command in '/home/tomasz/Desktop/sese_ws/build/examples_rclcpp_minimal_client': CMAKE_PREFIX_PATH=${CMAKE_PREFIX_PATH}:/opt/ros/jazzy DEBUGINFOD_URLS=https://debuginfod.ubuntu.com /usr/bin/cmake /home/tomasz/Desktop/sese_ws/src/examples/rclcpp/services/minimal_client -DAMENT_CMAKE_SYMLINK_INSTALL=1 -DCMAKE_INSTALL_PREFIX=/home/tomasz/Desktop/sese_ws/install/examples_rclcpp_minimal_client
[1.465s] -- The C compiler identification is GNU 13.2.0
[1.466s] -- The CXX compiler identification is GNU 13.2.0
[1.466s] -- Detecting C compiler ABI info
[1.466s] -- Detecting C compiler ABI info - done
[1.466s] -- Check for working C compiler: /usr/bin/cc - skipped
[1.466s] -- Detecting C compile features
[1.466s] -- Detecting C compile features - done
[1.466s] -- Detecting CXX compiler ABI info
[1.467s] -- Detecting CXX compiler ABI info - done
[1.467s] -- Check for working CXX compiler: /usr/bin/c++ - skipped
[1.467s] -- Detecting CXX compile features
[1.467s] -- Detecting CXX compile features - done
[1.467s] -- Found ament_cmake: 2.5.2 (/opt/ros/jazzy/share/ament_cmake/cmake)
[1.467s] -- Found Python3: /usr/bin/python3 (found version "3.12.3") found components: Interpreter 
[1.467s] -- Override CMake install command with custom implementation using symlinks instead of copying resources
[1.467s] -- Found example_interfaces: 0.12.0 (/opt/ros/jazzy/share/example_interfaces/cmake)
[1.468s] -- Found rosidl_generator_c: 4.6.4 (/opt/ros/jazzy/share/rosidl_generator_c/cmake)
[1.469s] -- Found rosidl_generator_cpp: 4.6.4 (/opt/ros/jazzy/share/rosidl_generator_cpp/cmake)
[1.471s] -- Using all available rosidl_typesupport_c: rosidl_typesupport_fastrtps_c;rosidl_typesupport_introspection_c
[1.488s] -- Using all available rosidl_typesupport_cpp: rosidl_typesupport_fastrtps_cpp;rosidl_typesupport_introspection_cpp
[1.658s] -- Found rclcpp: 28.1.5 (/opt/ros/jazzy/share/rclcpp/cmake)
[1.742s] -- Found rmw_implementation_cmake: 7.3.1 (/opt/ros/jazzy/share/rmw_implementation_cmake/cmake)
[1.747s] -- Found rmw_fastrtps_cpp: 8.4.1 (/opt/ros/jazzy/share/rmw_fastrtps_cpp/cmake)
[1.891s] -- Found OpenSSL: /usr/lib/x86_64-linux-gnu/libcrypto.so (found version "3.0.13")  
[1.923s] -- Found FastRTPS: /opt/ros/jazzy/include (Required is at least version "2.13") 
[1.963s] -- Using RMW implementation 'rmw_fastrtps_cpp' as default
[2.103s] -- Found ament_lint_auto: 0.17.1 (/opt/ros/jazzy/share/ament_lint_auto/cmake)
[2.269s] -- Added test 'copyright' to check source files copyright and LICENSE
[2.270s] -- Added test 'cppcheck' to perform static code analysis on C / C++ code
[2.271s] -- Configured cppcheck include dirs: 
[2.271s] -- Configured cppcheck exclude dirs and/or files: 
[2.272s] -- Added test 'cpplint' to check C / C++ code against the Google style
[2.272s] -- Configured cpplint exclude dirs and/or files: 
[2.273s] -- Added test 'lint_cmake' to check CMake code style
[2.274s] -- Added test 'uncrustify' to check C / C++ code style
[2.274s] -- Configured uncrustify additional arguments: 
[2.275s] -- Added test 'xmllint' to check XML markup files
[2.278s] -- Configuring done (2.2s)
[2.296s] -- Generating done (0.0s)
[2.299s] -- Build files have been written to: /home/tomasz/Desktop/sese_ws/build/examples_rclcpp_minimal_client
[2.342s] Invoked command in '/home/tomasz/Desktop/sese_ws/build/examples_rclcpp_minimal_client' returned '0': CMAKE_PREFIX_PATH=${CMAKE_PREFIX_PATH}:/opt/ros/jazzy DEBUGINFOD_URLS=https://debuginfod.ubuntu.com /usr/bin/cmake /home/tomasz/Desktop/sese_ws/src/examples/rclcpp/services/minimal_client -DAMENT_CMAKE_SYMLINK_INSTALL=1 -DCMAKE_INSTALL_PREFIX=/home/tomasz/Desktop/sese_ws/install/examples_rclcpp_minimal_client
[2.344s] Invoking command in '/home/tomasz/Desktop/sese_ws/build/examples_rclcpp_minimal_client': CMAKE_PREFIX_PATH=${CMAKE_PREFIX_PATH}:/opt/ros/jazzy DEBUGINFOD_URLS=https://debuginfod.ubuntu.com /usr/bin/cmake --build /home/tomasz/Desktop/sese_ws/build/examples_rclcpp_minimal_client -- -j16 -l16
[2.407s] [ 50%] [32mBuilding CXX object CMakeFiles/client_main.dir/main.cpp.o[0m
[55.987s] [100%] [32m[1mLinking CXX executable client_main[0m
[57.140s] [100%] Built target client_main
[57.454s] Invoked command in '/home/tomasz/Desktop/sese_ws/build/examples_rclcpp_minimal_client' returned '0': CMAKE_PREFIX_PATH=${CMAKE_PREFIX_PATH}:/opt/ros/jazzy DEBUGINFOD_URLS=https://debuginfod.ubuntu.com /usr/bin/cmake --build /home/tomasz/Desktop/sese_ws/build/examples_rclcpp_minimal_client -- -j16 -l16
[57.586s] Invoking command in '/home/tomasz/Desktop/sese_ws/build/examples_rclcpp_minimal_client': CMAKE_PREFIX_PATH=${CMAKE_PREFIX_PATH}:/opt/ros/jazzy DEBUGINFOD_URLS=https://debuginfod.ubuntu.com /usr/bin/cmake --install /home/tomasz/Desktop/sese_ws/build/examples_rclcpp_minimal_client
[57.625s] -- Install configuration: ""
[57.628s] -- Execute custom install script
[57.632s] -- Symlinking: /home/tomasz/Desktop/sese_ws/install/examples_rclcpp_minimal_client/lib/examples_rclcpp_minimal_client/client_main
[57.682s] -- Symlinking: /home/tomasz/Desktop/sese_ws/install/examples_rclcpp_minimal_client/share/ament_index/resource_index/package_run_dependencies/examples_rclcpp_minimal_client
[57.733s] -- Symlinking: /home/tomasz/Desktop/sese_ws/install/examples_rclcpp_minimal_client/share/ament_index/resource_index/parent_prefix_path/examples_rclcpp_minimal_client
[57.780s] -- Symlinking: /home/tomasz/Desktop/sese_ws/install/examples_rclcpp_minimal_client/share/examples_rclcpp_minimal_client/environment/ament_prefix_path.sh
[57.839s] -- Symlinking: /home/tomasz/Desktop/sese_ws/install/examples_rclcpp_minimal_client/share/examples_rclcpp_minimal_client/environment/ament_prefix_path.dsv
[57.870s] -- Symlinking: /home/tomasz/Desktop/sese_ws/install/examples_rclcpp_minimal_client/share/examples_rclcpp_minimal_client/environment/path.sh
[57.912s] -- Symlinking: /home/tomasz/Desktop/sese_ws/install/examples_rclcpp_minimal_client/share/examples_rclcpp_minimal_client/environment/path.dsv
[57.967s] -- Symlinking: /home/tomasz/Desktop/sese_ws/install/examples_rclcpp_minimal_client/share/examples_rclcpp_minimal_client/local_setup.bash
[58.004s] -- Symlinking: /home/tomasz/Desktop/sese_ws/install/examples_rclcpp_minimal_client/share/examples_rclcpp_minimal_client/local_setup.sh
[58.063s] -- Symlinking: /home/tomasz/Desktop/sese_ws/install/examples_rclcpp_minimal_client/share/examples_rclcpp_minimal_client/local_setup.zsh
[58.123s] -- Symlinking: /home/tomasz/Desktop/sese_ws/install/examples_rclcpp_minimal_client/share/examples_rclcpp_minimal_client/local_setup.dsv
[58.174s] -- Symlinking: /home/tomasz/Desktop/sese_ws/install/examples_rclcpp_minimal_client/share/examples_rclcpp_minimal_client/package.dsv
[58.227s] -- Symlinking: /home/tomasz/Desktop/sese_ws/install/examples_rclcpp_minimal_client/share/ament_index/resource_index/packages/examples_rclcpp_minimal_client
[58.275s] -- Symlinking: /home/tomasz/Desktop/sese_ws/install/examples_rclcpp_minimal_client/share/examples_rclcpp_minimal_client/cmake/examples_rclcpp_minimal_clientConfig.cmake
[58.298s] -- Symlinking: /home/tomasz/Desktop/sese_ws/install/examples_rclcpp_minimal_client/share/examples_rclcpp_minimal_client/cmake/examples_rclcpp_minimal_clientConfig-version.cmake
[58.353s] -- Symlinking: /home/tomasz/Desktop/sese_ws/install/examples_rclcpp_minimal_client/share/examples_rclcpp_minimal_client/package.xml
[58.406s] Invoked command in '/home/tomasz/Desktop/sese_ws/build/examples_rclcpp_minimal_client' returned '0': CMAKE_PREFIX_PATH=${CMAKE_PREFIX_PATH}:/opt/ros/jazzy DEBUGINFOD_URLS=https://debuginfod.ubuntu.com /usr/bin/cmake --install /home/tomasz/Desktop/sese_ws/build/examples_rclcpp_minimal_client
