[ 50%] Built target subscribe
[ 75%] [32mBuilding CXX object CMakeFiles/publish.dir/src/gs_publisher.cpp.o[0m
[01m[K/home/tomasz/Desktop/sese_ws/src/gs_cpp/src/gs_publisher.cpp:[m[K In lambda function:
[01m[K/home/tomasz/Desktop/sese_ws/src/gs_cpp/src/gs_publisher.cpp:56:24:[m[K [01;35m[Kwarning: [m[Kleft operand of comma operator has no effect [[01;35m[K]8;;https://gcc.gnu.org/onlinedocs/gcc/Warning-Options.html#index-Wunused-value-Wunused-value]8;;[m[K]
   56 |         marker.text = ([01;35m[K"Voltage: %f"[m[K, curr_voltage);
      |                        [01;35m[K^~~~~~~~~~~~~[m[K
[100%] [32m[1mLinking CXX executable publish[0m
[100%] Built target publish
-- Install configuration: ""
-- Installing: /home/tomasz/Desktop/sese_ws/install/gs_cpp/lib/gs_cpp/publish
-- Set non-toolchain portion of runtime path of "/home/tomasz/Desktop/sese_ws/install/gs_cpp/lib/gs_cpp/publish" to ""
-- Up-to-date: /home/tomasz/Desktop/sese_ws/install/gs_cpp/lib/gs_cpp/subscribe
-- Up-to-date: /home/tomasz/Desktop/sese_ws/install/gs_cpp/share/gs_cpp/launch
-- Up-to-date: /home/tomasz/Desktop/sese_ws/install/gs_cpp/share/gs_cpp/launch/vol.launch.py
-- Up-to-date: /home/tomasz/Desktop/sese_ws/install/gs_cpp/share/gs_cpp/config
-- Up-to-date: /home/tomasz/Desktop/sese_ws/install/gs_cpp/share/gs_cpp/config/volt_amp_count.rviz
-- Up-to-date: /home/tomasz/Desktop/sese_ws/install/gs_cpp/share/ament_index/resource_index/package_run_dependencies/gs_cpp
-- Up-to-date: /home/tomasz/Desktop/sese_ws/install/gs_cpp/share/ament_index/resource_index/parent_prefix_path/gs_cpp
-- Up-to-date: /home/tomasz/Desktop/sese_ws/install/gs_cpp/share/gs_cpp/environment/ament_prefix_path.sh
-- Up-to-date: /home/tomasz/Desktop/sese_ws/install/gs_cpp/share/gs_cpp/environment/ament_prefix_path.dsv
-- Up-to-date: /home/tomasz/Desktop/sese_ws/install/gs_cpp/share/gs_cpp/environment/path.sh
-- Up-to-date: /home/tomasz/Desktop/sese_ws/install/gs_cpp/share/gs_cpp/environment/path.dsv
-- Up-to-date: /home/tomasz/Desktop/sese_ws/install/gs_cpp/share/gs_cpp/local_setup.bash
-- Up-to-date: /home/tomasz/Desktop/sese_ws/install/gs_cpp/share/gs_cpp/local_setup.sh
-- Up-to-date: /home/tomasz/Desktop/sese_ws/install/gs_cpp/share/gs_cpp/local_setup.zsh
-- Up-to-date: /home/tomasz/Desktop/sese_ws/install/gs_cpp/share/gs_cpp/local_setup.dsv
-- Installing: /home/tomasz/Desktop/sese_ws/install/gs_cpp/share/gs_cpp/package.dsv
-- Up-to-date: /home/tomasz/Desktop/sese_ws/install/gs_cpp/share/ament_index/resource_index/packages/gs_cpp
-- Up-to-date: /home/tomasz/Desktop/sese_ws/install/gs_cpp/share/gs_cpp/cmake/gs_cppConfig.cmake
-- Up-to-date: /home/tomasz/Desktop/sese_ws/install/gs_cpp/share/gs_cpp/cmake/gs_cppConfig-version.cmake
-- Up-to-date: /home/tomasz/Desktop/sese_ws/install/gs_cpp/share/gs_cpp/package.xml
