[4.306s] Invoking command in '/home/tomasz/Desktop/sese_ws/src/gs_package': DEBUGINFOD_URLS=https://debuginfod.ubuntu.com PYTHONPATH=/home/tomasz/Desktop/sese_ws/build/gs_package/prefix_override:/usr/lib/python3/dist-packages/colcon_core/task/python/colcon_distutils_commands:/home/tomasz/Desktop/sese_ws/install/gs_package/lib/python3.12/site-packages:${PYTHONPATH} /usr/bin/python3 -W ignore:setup.py install is deprecated -W ignore:easy_install command is deprecated setup.py egg_info --egg-base ../../build/gs_package build --build-base /home/tomasz/Desktop/sese_ws/build/gs_package/build install --record /home/tomasz/Desktop/sese_ws/build/gs_package/install.log --single-version-externally-managed install_data
[5.090s] running egg_info
[5.151s] writing ../../build/gs_package/gs_package.egg-info/PKG-INFO
[5.151s] writing dependency_links to ../../build/gs_package/gs_package.egg-info/dependency_links.txt
[5.152s] writing entry points to ../../build/gs_package/gs_package.egg-info/entry_points.txt
[5.152s] writing requirements to ../../build/gs_package/gs_package.egg-info/requires.txt
[5.152s] writing top-level names to ../../build/gs_package/gs_package.egg-info/top_level.txt
[5.275s] reading manifest file '../../build/gs_package/gs_package.egg-info/SOURCES.txt'
[5.275s] adding license file 'LICENSE'
[5.277s] writing manifest file '../../build/gs_package/gs_package.egg-info/SOURCES.txt'
[5.277s] running build
[5.277s] running build_py
[5.278s] copying gs_package/gs_batt_sub.py -> /home/tomasz/Desktop/sese_ws/build/gs_package/build/lib/gs_package
[5.279s] running install
[5.294s] running install_lib
[5.357s] copying /home/tomasz/Desktop/sese_ws/build/gs_package/build/lib/gs_package/gs_batt_sub.py -> /home/tomasz/Desktop/sese_ws/install/gs_package/lib/python3.12/site-packages/gs_package
[5.359s] byte-compiling /home/tomasz/Desktop/sese_ws/install/gs_package/lib/python3.12/site-packages/gs_package/gs_batt_sub.py to gs_batt_sub.cpython-312.pyc
[5.361s] running install_data
[5.361s] running install_egg_info
[5.426s] removing '/home/tomasz/Desktop/sese_ws/install/gs_package/lib/python3.12/site-packages/gs_package-0.0.0-py3.12.egg-info' (and everything under it)
[5.427s] Copying ../../build/gs_package/gs_package.egg-info to /home/tomasz/Desktop/sese_ws/install/gs_package/lib/python3.12/site-packages/gs_package-0.0.0-py3.12.egg-info
[5.429s] running install_scripts
[5.842s] Installing point script to /home/tomasz/Desktop/sese_ws/install/gs_package/lib/gs_package
[5.843s] Installing publish script to /home/tomasz/Desktop/sese_ws/install/gs_package/lib/gs_package
[5.843s] Installing subscribe script to /home/tomasz/Desktop/sese_ws/install/gs_package/lib/gs_package
[5.844s] writing list of installed files to '/home/tomasz/Desktop/sese_ws/build/gs_package/install.log'
[5.925s] Invoked command in '/home/tomasz/Desktop/sese_ws/src/gs_package' returned '0': DEBUGINFOD_URLS=https://debuginfod.ubuntu.com PYTHONPATH=/home/tomasz/Desktop/sese_ws/build/gs_package/prefix_override:/usr/lib/python3/dist-packages/colcon_core/task/python/colcon_distutils_commands:/home/tomasz/Desktop/sese_ws/install/gs_package/lib/python3.12/site-packages:${PYTHONPATH} /usr/bin/python3 -W ignore:setup.py install is deprecated -W ignore:easy_install command is deprecated setup.py egg_info --egg-base ../../build/gs_package build --build-base /home/tomasz/Desktop/sese_ws/build/gs_package/build install --record /home/tomasz/Desktop/sese_ws/build/gs_package/install.log --single-version-externally-managed install_data
