[1.697s] Invoking command in '/home/tomasz/Desktop/sese_ws/src/gs_package': DEBUGINFOD_URLS=https://debuginfod.ubuntu.com PYTHONPATH=/home/tomasz/Desktop/sese_ws/build/gs_package/prefix_override:/usr/lib/python3/dist-packages/colcon_core/task/python/colcon_distutils_commands:/home/tomasz/Desktop/sese_ws/install/gs_package/lib/python3.12/site-packages:${PYTHONPATH} /usr/bin/python3 -W ignore:setup.py install is deprecated -W ignore:easy_install command is deprecated setup.py egg_info --egg-base ../../build/gs_package build --build-base /home/tomasz/Desktop/sese_ws/build/gs_package/build install --record /home/tomasz/Desktop/sese_ws/build/gs_package/install.log --single-version-externally-managed install_data
[2.029s] running egg_info
[2.054s] writing ../../build/gs_package/gs_package.egg-info/PKG-INFO
[2.054s] writing dependency_links to ../../build/gs_package/gs_package.egg-info/dependency_links.txt
[2.054s] writing entry points to ../../build/gs_package/gs_package.egg-info/entry_points.txt
[2.054s] writing requirements to ../../build/gs_package/gs_package.egg-info/requires.txt
[2.054s] writing top-level names to ../../build/gs_package/gs_package.egg-info/top_level.txt
[2.105s] reading manifest file '../../build/gs_package/gs_package.egg-info/SOURCES.txt'
[2.105s] adding license file 'LICENSE'
[2.106s] writing manifest file '../../build/gs_package/gs_package.egg-info/SOURCES.txt'
[2.106s] running build
[2.106s] running build_py
[2.106s] copying gs_package/gs_transmitter.py -> /home/tomasz/Desktop/sese_ws/build/gs_package/build/lib/gs_package
[2.107s] running install
[2.113s] running install_lib
[2.139s] copying /home/tomasz/Desktop/sese_ws/build/gs_package/build/lib/gs_package/gs_transmitter.py -> /home/tomasz/Desktop/sese_ws/install/gs_package/lib/python3.12/site-packages/gs_package
[2.142s] byte-compiling /home/tomasz/Desktop/sese_ws/install/gs_package/lib/python3.12/site-packages/gs_package/gs_transmitter.py to gs_transmitter.cpython-312.pyc
[2.142s] running install_data
[2.142s] running install_egg_info
[2.167s] removing '/home/tomasz/Desktop/sese_ws/install/gs_package/lib/python3.12/site-packages/gs_package-0.0.0-py3.12.egg-info' (and everything under it)
[2.168s] Copying ../../build/gs_package/gs_package.egg-info to /home/tomasz/Desktop/sese_ws/install/gs_package/lib/python3.12/site-packages/gs_package-0.0.0-py3.12.egg-info
[2.169s] running install_scripts
[2.340s] Installing point script to /home/tomasz/Desktop/sese_ws/install/gs_package/lib/gs_package
[2.340s] Installing publish script to /home/tomasz/Desktop/sese_ws/install/gs_package/lib/gs_package
[2.340s] Installing subscribe script to /home/tomasz/Desktop/sese_ws/install/gs_package/lib/gs_package
[2.340s] Installing transmit script to /home/tomasz/Desktop/sese_ws/install/gs_package/lib/gs_package
[2.340s] writing list of installed files to '/home/tomasz/Desktop/sese_ws/build/gs_package/install.log'
[2.392s] Invoked command in '/home/tomasz/Desktop/sese_ws/src/gs_package' returned '0': DEBUGINFOD_URLS=https://debuginfod.ubuntu.com PYTHONPATH=/home/tomasz/Desktop/sese_ws/build/gs_package/prefix_override:/usr/lib/python3/dist-packages/colcon_core/task/python/colcon_distutils_commands:/home/tomasz/Desktop/sese_ws/install/gs_package/lib/python3.12/site-packages:${PYTHONPATH} /usr/bin/python3 -W ignore:setup.py install is deprecated -W ignore:easy_install command is deprecated setup.py egg_info --egg-base ../../build/gs_package build --build-base /home/tomasz/Desktop/sese_ws/build/gs_package/build install --record /home/tomasz/Desktop/sese_ws/build/gs_package/install.log --single-version-externally-managed install_data
