[0.646s] Invoking command in '/home/tomasz/Desktop/sese_ws/src/my_package': DEBUGINFOD_URLS=https://debuginfod.ubuntu.com PYTHONPATH=/home/tomasz/Desktop/sese_ws/build/my_package/prefix_override:/usr/lib/python3/dist-packages/colcon_core/task/python/colcon_distutils_commands:/home/tomasz/Desktop/sese_ws/install/my_package/lib/python3.12/site-packages:${PYTHONPATH} /usr/bin/python3 -W ignore:setup.py install is deprecated setup.py egg_info --egg-base ../../build/my_package build --build-base /home/tomasz/Desktop/sese_ws/build/my_package/build install --record /home/tomasz/Desktop/sese_ws/build/my_package/install.log --single-version-externally-managed install_data
[0.863s] running egg_info
[0.863s] creating ../../build/my_package/my_package.egg-info
[0.879s] writing ../../build/my_package/my_package.egg-info/PKG-INFO
[0.880s] writing dependency_links to ../../build/my_package/my_package.egg-info/dependency_links.txt
[0.880s] writing entry points to ../../build/my_package/my_package.egg-info/entry_points.txt
[0.880s] writing requirements to ../../build/my_package/my_package.egg-info/requires.txt
[0.880s] writing top-level names to ../../build/my_package/my_package.egg-info/top_level.txt
[0.880s] writing manifest file '../../build/my_package/my_package.egg-info/SOURCES.txt'
[0.913s] reading manifest file '../../build/my_package/my_package.egg-info/SOURCES.txt'
[0.913s] adding license file 'LICENSE'
[0.913s] writing manifest file '../../build/my_package/my_package.egg-info/SOURCES.txt'
[0.913s] running build
[0.913s] running build_py
[0.913s] creating /home/tomasz/Desktop/sese_ws/build/my_package/build
[0.914s] creating /home/tomasz/Desktop/sese_ws/build/my_package/build/lib
[0.914s] creating /home/tomasz/Desktop/sese_ws/build/my_package/build/lib/my_package
[0.914s] copying my_package/my_node.py -> /home/tomasz/Desktop/sese_ws/build/my_package/build/lib/my_package
[0.914s] copying my_package/__init__.py -> /home/tomasz/Desktop/sese_ws/build/my_package/build/lib/my_package
[0.914s] running install
[0.919s] running install_lib
[0.935s] creating /home/tomasz/Desktop/sese_ws/install/my_package/lib/python3.12/site-packages/my_package
[0.936s] copying /home/tomasz/Desktop/sese_ws/build/my_package/build/lib/my_package/my_node.py -> /home/tomasz/Desktop/sese_ws/install/my_package/lib/python3.12/site-packages/my_package
[0.936s] copying /home/tomasz/Desktop/sese_ws/build/my_package/build/lib/my_package/__init__.py -> /home/tomasz/Desktop/sese_ws/install/my_package/lib/python3.12/site-packages/my_package
[0.936s] byte-compiling /home/tomasz/Desktop/sese_ws/install/my_package/lib/python3.12/site-packages/my_package/my_node.py to my_node.cpython-312.pyc
[0.936s] byte-compiling /home/tomasz/Desktop/sese_ws/install/my_package/lib/python3.12/site-packages/my_package/__init__.py to __init__.cpython-312.pyc
[0.937s] running install_data
[0.937s] creating /home/tomasz/Desktop/sese_ws/install/my_package/share/ament_index
[0.937s] creating /home/tomasz/Desktop/sese_ws/install/my_package/share/ament_index/resource_index
[0.937s] creating /home/tomasz/Desktop/sese_ws/install/my_package/share/ament_index/resource_index/packages
[0.937s] copying resource/my_package -> /home/tomasz/Desktop/sese_ws/install/my_package/share/ament_index/resource_index/packages
[0.937s] copying package.xml -> /home/tomasz/Desktop/sese_ws/install/my_package/share/my_package
[0.937s] running install_egg_info
[0.955s] Copying ../../build/my_package/my_package.egg-info to /home/tomasz/Desktop/sese_ws/install/my_package/lib/python3.12/site-packages/my_package-0.0.0-py3.12.egg-info
[0.956s] running install_scripts
[1.070s] Installing my_node script to /home/tomasz/Desktop/sese_ws/install/my_package/lib/my_package
[1.071s] writing list of installed files to '/home/tomasz/Desktop/sese_ws/build/my_package/install.log'
[1.091s] Invoked command in '/home/tomasz/Desktop/sese_ws/src/my_package' returned '0': DEBUGINFOD_URLS=https://debuginfod.ubuntu.com PYTHONPATH=/home/tomasz/Desktop/sese_ws/build/my_package/prefix_override:/usr/lib/python3/dist-packages/colcon_core/task/python/colcon_distutils_commands:/home/tomasz/Desktop/sese_ws/install/my_package/lib/python3.12/site-packages:${PYTHONPATH} /usr/bin/python3 -W ignore:setup.py install is deprecated setup.py egg_info --egg-base ../../build/my_package build --build-base /home/tomasz/Desktop/sese_ws/build/my_package/build install --record /home/tomasz/Desktop/sese_ws/build/my_package/install.log --single-version-externally-managed install_data
