[1.470s] Invoking command in '/home/tomasz/Desktop/sese_ws/src/my_package': DEBUGINFOD_URLS=https://debuginfod.ubuntu.com PYTHONPATH=/home/tomasz/Desktop/sese_ws/build/my_package/prefix_override:/usr/lib/python3/dist-packages/colcon_core/task/python/colcon_distutils_commands:/home/tomasz/Desktop/sese_ws/install/my_package/lib/python3.12/site-packages:${PYTHONPATH} /usr/bin/python3 -W ignore:setup.py install is deprecated -W ignore:easy_install command is deprecated setup.py egg_info --egg-base ../../build/my_package build --build-base /home/tomasz/Desktop/sese_ws/build/my_package/build install --record /home/tomasz/Desktop/sese_ws/build/my_package/install.log --single-version-externally-managed install_data
[1.742s] running egg_info
[1.762s] writing ../../build/my_package/my_package.egg-info/PKG-INFO
[1.762s] writing dependency_links to ../../build/my_package/my_package.egg-info/dependency_links.txt
[1.762s] writing entry points to ../../build/my_package/my_package.egg-info/entry_points.txt
[1.762s] writing requirements to ../../build/my_package/my_package.egg-info/requires.txt
[1.762s] writing top-level names to ../../build/my_package/my_package.egg-info/top_level.txt
[1.803s] reading manifest file '../../build/my_package/my_package.egg-info/SOURCES.txt'
[1.803s] adding license file 'LICENSE'
[1.804s] writing manifest file '../../build/my_package/my_package.egg-info/SOURCES.txt'
[1.804s] running build
[1.804s] running build_py
[1.804s] running install
[1.809s] running install_lib
[1.831s] running install_data
[1.832s] running install_egg_info
[1.853s] removing '/home/tomasz/Desktop/sese_ws/install/my_package/lib/python3.12/site-packages/my_package-0.0.0-py3.12.egg-info' (and everything under it)
[1.853s] Copying ../../build/my_package/my_package.egg-info to /home/tomasz/Desktop/sese_ws/install/my_package/lib/python3.12/site-packages/my_package-0.0.0-py3.12.egg-info
[1.854s] running install_scripts
[1.990s] Installing my_node script to /home/tomasz/Desktop/sese_ws/install/my_package/lib/my_package
[1.990s] writing list of installed files to '/home/tomasz/Desktop/sese_ws/build/my_package/install.log'
[2.034s] Invoked command in '/home/tomasz/Desktop/sese_ws/src/my_package' returned '0': DEBUGINFOD_URLS=https://debuginfod.ubuntu.com PYTHONPATH=/home/tomasz/Desktop/sese_ws/build/my_package/prefix_override:/usr/lib/python3/dist-packages/colcon_core/task/python/colcon_distutils_commands:/home/tomasz/Desktop/sese_ws/install/my_package/lib/python3.12/site-packages:${PYTHONPATH} /usr/bin/python3 -W ignore:setup.py install is deprecated -W ignore:easy_install command is deprecated setup.py egg_info --egg-base ../../build/my_package build --build-base /home/tomasz/Desktop/sese_ws/build/my_package/build install --record /home/tomasz/Desktop/sese_ws/build/my_package/install.log --single-version-externally-managed install_data
