running egg_info
creating ../../build/gs_package/gs_package.egg-info
writing ../../build/gs_package/gs_package.egg-info/PKG-INFO
writing dependency_links to ../../build/gs_package/gs_package.egg-info/dependency_links.txt
writing requirements to ../../build/gs_package/gs_package.egg-info/requires.txt
writing top-level names to ../../build/gs_package/gs_package.egg-info/top_level.txt
writing manifest file '../../build/gs_package/gs_package.egg-info/SOURCES.txt'
reading manifest file '../../build/gs_package/gs_package.egg-info/SOURCES.txt'
adding license file 'LICENSE'
writing manifest file '../../build/gs_package/gs_package.egg-info/SOURCES.txt'
running build
running build_py
creating /home/tomasz/Desktop/sese_ws/build/gs_package/build
creating /home/tomasz/Desktop/sese_ws/build/gs_package/build/lib
creating /home/tomasz/Desktop/sese_ws/build/gs_package/build/lib/gs_package
copying gs_package/__init__.py -> /home/tomasz/Desktop/sese_ws/build/gs_package/build/lib/gs_package
running install
running install_lib
creating /home/tomasz/Desktop/sese_ws/install/gs_package/lib/python3.12/site-packages/gs_package
copying /home/tomasz/Desktop/sese_ws/build/gs_package/build/lib/gs_package/__init__.py -> /home/tomasz/Desktop/sese_ws/install/gs_package/lib/python3.12/site-packages/gs_package
byte-compiling /home/tomasz/Desktop/sese_ws/install/gs_package/lib/python3.12/site-packages/gs_package/__init__.py to __init__.cpython-312.pyc
running install_data
creating /home/tomasz/Desktop/sese_ws/install/gs_package/share/ament_index
creating /home/tomasz/Desktop/sese_ws/install/gs_package/share/ament_index/resource_index
creating /home/tomasz/Desktop/sese_ws/install/gs_package/share/ament_index/resource_index/packages
copying resource/gs_package -> /home/tomasz/Desktop/sese_ws/install/gs_package/share/ament_index/resource_index/packages
copying package.xml -> /home/tomasz/Desktop/sese_ws/install/gs_package/share/gs_package
running install_egg_info
Copying ../../build/gs_package/gs_package.egg-info to /home/tomasz/Desktop/sese_ws/install/gs_package/lib/python3.12/site-packages/gs_package-0.0.0-py3.12.egg-info
running install_scripts
writing list of installed files to '/home/tomasz/Desktop/sese_ws/build/gs_package/install.log'
