[5.420s] Invoking command in '/home/tomasz/Desktop/sese_ws/src/my_package': DEBUGINFOD_URLS=https://debuginfod.ubuntu.com PYTHONPATH=/home/tomasz/Desktop/sese_ws/build/my_package/prefix_override:/usr/lib/python3/dist-packages/colcon_core/task/python/colcon_distutils_commands:/home/tomasz/Desktop/sese_ws/install/my_package/lib/python3.12/site-packages:${PYTHONPATH} /usr/bin/python3 -W ignore:setup.py install is deprecated -W ignore:easy_install command is deprecated setup.py egg_info --egg-base ../../build/my_package build --build-base /home/tomasz/Desktop/sese_ws/build/my_package/build install --record /home/tomasz/Desktop/sese_ws/build/my_package/install.log --single-version-externally-managed install_data
[6.242s] running egg_info
[6.307s] writing ../../build/my_package/my_package.egg-info/PKG-INFO
[6.308s] writing dependency_links to ../../build/my_package/my_package.egg-info/dependency_links.txt
[6.309s] writing entry points to ../../build/my_package/my_package.egg-info/entry_points.txt
[6.309s] writing requirements to ../../build/my_package/my_package.egg-info/requires.txt
[6.309s] writing top-level names to ../../build/my_package/my_package.egg-info/top_level.txt
[6.440s] reading manifest file '../../build/my_package/my_package.egg-info/SOURCES.txt'
[6.441s] adding license file 'LICENSE'
[6.442s] writing manifest file '../../build/my_package/my_package.egg-info/SOURCES.txt'
[6.442s] running build
[6.443s] running build_py
[6.443s] running install
[6.459s] running install_lib
[6.528s] running install_data
[6.529s] running install_egg_info
[6.599s] removing '/home/tomasz/Desktop/sese_ws/install/my_package/lib/python3.12/site-packages/my_package-0.0.0-py3.12.egg-info' (and everything under it)
[6.600s] Copying ../../build/my_package/my_package.egg-info to /home/tomasz/Desktop/sese_ws/install/my_package/lib/python3.12/site-packages/my_package-0.0.0-py3.12.egg-info
[6.602s] running install_scripts
[7.021s] Installing my_node script to /home/tomasz/Desktop/sese_ws/install/my_package/lib/my_package
[7.022s] writing list of installed files to '/home/tomasz/Desktop/sese_ws/build/my_package/install.log'
[7.129s] Invoked command in '/home/tomasz/Desktop/sese_ws/src/my_package' returned '0': DEBUGINFOD_URLS=https://debuginfod.ubuntu.com PYTHONPATH=/home/tomasz/Desktop/sese_ws/build/my_package/prefix_override:/usr/lib/python3/dist-packages/colcon_core/task/python/colcon_distutils_commands:/home/tomasz/Desktop/sese_ws/install/my_package/lib/python3.12/site-packages:${PYTHONPATH} /usr/bin/python3 -W ignore:setup.py install is deprecated -W ignore:easy_install command is deprecated setup.py egg_info --egg-base ../../build/my_package build --build-base /home/tomasz/Desktop/sese_ws/build/my_package/build install --record /home/tomasz/Desktop/sese_ws/build/my_package/install.log --single-version-externally-managed install_data
