[0.037s] Invoking command in '/home/tomasz/Desktop/sese_ws/build/gs_cpp': CMAKE_PREFIX_PATH=${CMAKE_PREFIX_PATH}:/home/tomasz/Desktop/sese_ws/install/py_srvcli:/home/tomasz/Desktop/sese_ws/install/python_parameters:/home/tomasz/Desktop/sese_ws/install/py_pubsub:/home/tomasz/Desktop/sese_ws/install/my_package:/home/tomasz/Desktop/sese_ws/install/launch_testing_examples:/home/tomasz/Desktop/sese_ws/install/gs_package:/home/tomasz/Desktop/sese_ws/install/examples_rclpy_pointcloud_publisher:/home/tomasz/Desktop/sese_ws/install/examples_rclpy_minimal_subscriber:/home/tomasz/Desktop/sese_ws/install/examples_rclpy_minimal_service:/home/tomasz/Desktop/sese_ws/install/examples_rclpy_minimal_publisher:/home/tomasz/Desktop/sese_ws/install/examples_rclpy_minimal_client:/home/tomasz/Desktop/sese_ws/install/examples_rclpy_minimal_action_server:/home/tomasz/Desktop/sese_ws/install/examples_rclpy_minimal_action_client:/home/tomasz/Desktop/sese_ws/install/examples_rclpy_guard_conditions:/home/tomasz/Desktop/sese_ws/install/examples_rclpy_executors:/opt/ros/jazzy DEBUGINFOD_URLS=https://debuginfod.ubuntu.com /usr/bin/cmake --build /home/tomasz/Desktop/sese_ws/build/gs_cpp -- -j16 -l16
[0.233s] [ 50%] Built target subscribe
[0.250s] [ 75%] [32mBuilding CXX object CMakeFiles/publish.dir/src/gs_publisher.cpp.o[0m
[5.776s] [01m[K/home/tomasz/Desktop/sese_ws/src/gs_cpp/src/gs_publisher.cpp:[m[K In lambda function:
[5.776s] [01m[K/home/tomasz/Desktop/sese_ws/src/gs_cpp/src/gs_publisher.cpp:56:50:[m[K [01;35m[Kwarning: [m[Kright operand of comma operator has no effect [[01;35m[K]8;;https://gcc.gnu.org/onlinedocs/gcc/Warning-Options.html#index-Wunused-value-Wunused-value]8;;[m[K]
[5.776s]    56 |         marker.text = "Voltage: %f", curr_voltage[01;35m[K;[m[K
[5.777s]       |                                                  [01;35m[K^[m[K
[8.413s] [100%] [32m[1mLinking CXX executable publish[0m
[8.573s] [100%] Built target publish
[8.589s] Invoked command in '/home/tomasz/Desktop/sese_ws/build/gs_cpp' returned '0': CMAKE_PREFIX_PATH=${CMAKE_PREFIX_PATH}:/home/tomasz/Desktop/sese_ws/install/py_srvcli:/home/tomasz/Desktop/sese_ws/install/python_parameters:/home/tomasz/Desktop/sese_ws/install/py_pubsub:/home/tomasz/Desktop/sese_ws/install/my_package:/home/tomasz/Desktop/sese_ws/install/launch_testing_examples:/home/tomasz/Desktop/sese_ws/install/gs_package:/home/tomasz/Desktop/sese_ws/install/examples_rclpy_pointcloud_publisher:/home/tomasz/Desktop/sese_ws/install/examples_rclpy_minimal_subscriber:/home/tomasz/Desktop/sese_ws/install/examples_rclpy_minimal_service:/home/tomasz/Desktop/sese_ws/install/examples_rclpy_minimal_publisher:/home/tomasz/Desktop/sese_ws/install/examples_rclpy_minimal_client:/home/tomasz/Desktop/sese_ws/install/examples_rclpy_minimal_action_server:/home/tomasz/Desktop/sese_ws/install/examples_rclpy_minimal_action_client:/home/tomasz/Desktop/sese_ws/install/examples_rclpy_guard_conditions:/home/tomasz/Desktop/sese_ws/install/examples_rclpy_executors:/opt/ros/jazzy DEBUGINFOD_URLS=https://debuginfod.ubuntu.com /usr/bin/cmake --build /home/tomasz/Desktop/sese_ws/build/gs_cpp -- -j16 -l16
[8.603s] Invoking command in '/home/tomasz/Desktop/sese_ws/build/gs_cpp': CMAKE_PREFIX_PATH=${CMAKE_PREFIX_PATH}:/home/tomasz/Desktop/sese_ws/install/py_srvcli:/home/tomasz/Desktop/sese_ws/install/python_parameters:/home/tomasz/Desktop/sese_ws/install/py_pubsub:/home/tomasz/Desktop/sese_ws/install/my_package:/home/tomasz/Desktop/sese_ws/install/launch_testing_examples:/home/tomasz/Desktop/sese_ws/install/gs_package:/home/tomasz/Desktop/sese_ws/install/examples_rclpy_pointcloud_publisher:/home/tomasz/Desktop/sese_ws/install/examples_rclpy_minimal_subscriber:/home/tomasz/Desktop/sese_ws/install/examples_rclpy_minimal_service:/home/tomasz/Desktop/sese_ws/install/examples_rclpy_minimal_publisher:/home/tomasz/Desktop/sese_ws/install/examples_rclpy_minimal_client:/home/tomasz/Desktop/sese_ws/install/examples_rclpy_minimal_action_server:/home/tomasz/Desktop/sese_ws/install/examples_rclpy_minimal_action_client:/home/tomasz/Desktop/sese_ws/install/examples_rclpy_guard_conditions:/home/tomasz/Desktop/sese_ws/install/examples_rclpy_executors:/opt/ros/jazzy DEBUGINFOD_URLS=https://debuginfod.ubuntu.com /usr/bin/cmake --install /home/tomasz/Desktop/sese_ws/build/gs_cpp
[8.614s] -- Install configuration: ""
[8.614s] -- Installing: /home/tomasz/Desktop/sese_ws/install/gs_cpp/lib/gs_cpp/publish
[8.616s] -- Set non-toolchain portion of runtime path of "/home/tomasz/Desktop/sese_ws/install/gs_cpp/lib/gs_cpp/publish" to ""
[8.616s] -- Up-to-date: /home/tomasz/Desktop/sese_ws/install/gs_cpp/lib/gs_cpp/subscribe
[8.617s] -- Up-to-date: /home/tomasz/Desktop/sese_ws/install/gs_cpp/share/gs_cpp/launch
[8.617s] -- Up-to-date: /home/tomasz/Desktop/sese_ws/install/gs_cpp/share/gs_cpp/launch/vol.launch.py
[8.617s] -- Up-to-date: /home/tomasz/Desktop/sese_ws/install/gs_cpp/share/gs_cpp/config
[8.617s] -- Up-to-date: /home/tomasz/Desktop/sese_ws/install/gs_cpp/share/gs_cpp/config/volt_amp_count.rviz
[8.617s] -- Up-to-date: /home/tomasz/Desktop/sese_ws/install/gs_cpp/share/ament_index/resource_index/package_run_dependencies/gs_cpp
[8.617s] -- Up-to-date: /home/tomasz/Desktop/sese_ws/install/gs_cpp/share/ament_index/resource_index/parent_prefix_path/gs_cpp
[8.617s] -- Up-to-date: /home/tomasz/Desktop/sese_ws/install/gs_cpp/share/gs_cpp/environment/ament_prefix_path.sh
[8.618s] -- Up-to-date: /home/tomasz/Desktop/sese_ws/install/gs_cpp/share/gs_cpp/environment/ament_prefix_path.dsv
[8.618s] -- Up-to-date: /home/tomasz/Desktop/sese_ws/install/gs_cpp/share/gs_cpp/environment/path.sh
[8.618s] -- Up-to-date: /home/tomasz/Desktop/sese_ws/install/gs_cpp/share/gs_cpp/environment/path.dsv
[8.618s] -- Up-to-date: /home/tomasz/Desktop/sese_ws/install/gs_cpp/share/gs_cpp/local_setup.bash
[8.618s] -- Up-to-date: /home/tomasz/Desktop/sese_ws/install/gs_cpp/share/gs_cpp/local_setup.sh
[8.618s] -- Up-to-date: /home/tomasz/Desktop/sese_ws/install/gs_cpp/share/gs_cpp/local_setup.zsh
[8.618s] -- Up-to-date: /home/tomasz/Desktop/sese_ws/install/gs_cpp/share/gs_cpp/local_setup.dsv
[8.618s] -- Installing: /home/tomasz/Desktop/sese_ws/install/gs_cpp/share/gs_cpp/package.dsv
[8.618s] -- Up-to-date: /home/tomasz/Desktop/sese_ws/install/gs_cpp/share/ament_index/resource_index/packages/gs_cpp
[8.618s] -- Up-to-date: /home/tomasz/Desktop/sese_ws/install/gs_cpp/share/gs_cpp/cmake/gs_cppConfig.cmake
[8.618s] -- Up-to-date: /home/tomasz/Desktop/sese_ws/install/gs_cpp/share/gs_cpp/cmake/gs_cppConfig-version.cmake
[8.618s] -- Up-to-date: /home/tomasz/Desktop/sese_ws/install/gs_cpp/share/gs_cpp/package.xml
[8.621s] Invoked command in '/home/tomasz/Desktop/sese_ws/build/gs_cpp' returned '0': CMAKE_PREFIX_PATH=${CMAKE_PREFIX_PATH}:/home/tomasz/Desktop/sese_ws/install/py_srvcli:/home/tomasz/Desktop/sese_ws/install/python_parameters:/home/tomasz/Desktop/sese_ws/install/py_pubsub:/home/tomasz/Desktop/sese_ws/install/my_package:/home/tomasz/Desktop/sese_ws/install/launch_testing_examples:/home/tomasz/Desktop/sese_ws/install/gs_package:/home/tomasz/Desktop/sese_ws/install/examples_rclpy_pointcloud_publisher:/home/tomasz/Desktop/sese_ws/install/examples_rclpy_minimal_subscriber:/home/tomasz/Desktop/sese_ws/install/examples_rclpy_minimal_service:/home/tomasz/Desktop/sese_ws/install/examples_rclpy_minimal_publisher:/home/tomasz/Desktop/sese_ws/install/examples_rclpy_minimal_client:/home/tomasz/Desktop/sese_ws/install/examples_rclpy_minimal_action_server:/home/tomasz/Desktop/sese_ws/install/examples_rclpy_minimal_action_client:/home/tomasz/Desktop/sese_ws/install/examples_rclpy_guard_conditions:/home/tomasz/Desktop/sese_ws/install/examples_rclpy_executors:/opt/ros/jazzy DEBUGINFOD_URLS=https://debuginfod.ubuntu.com /usr/bin/cmake --install /home/tomasz/Desktop/sese_ws/build/gs_cpp
