[0.035s] Invoking command in '/home/tomasz/Desktop/sese_ws/build/examples_rclcpp_multithreaded_executor': CMAKE_PREFIX_PATH=${CMAKE_PREFIX_PATH}:/opt/ros/jazzy DEBUGINFOD_URLS=https://debuginfod.ubuntu.com /usr/bin/cmake /home/tomasz/Desktop/sese_ws/src/examples/rclcpp/executors/multithreaded_executor -DAMENT_CMAKE_SYMLINK_INSTALL=1 -DCMAKE_INSTALL_PREFIX=/home/tomasz/Desktop/sese_ws/install/examples_rclcpp_multithreaded_executor
[2.293s] -- The C compiler identification is GNU 13.2.0
[2.295s] -- The CXX compiler identification is GNU 13.2.0
[2.295s] -- Detecting C compiler ABI info
[2.295s] -- Detecting C compiler ABI info - done
[2.296s] -- Check for working C compiler: /usr/bin/cc - skipped
[2.296s] -- Detecting C compile features
[2.296s] -- Detecting C compile features - done
[2.297s] -- Detecting CXX compiler ABI info
[2.297s] -- Detecting CXX compiler ABI info - done
[2.298s] -- Check for working CXX compiler: /usr/bin/c++ - skipped
[2.299s] -- Detecting CXX compile features
[2.299s] -- Detecting CXX compile features - done
[2.299s] -- Found ament_cmake: 2.5.2 (/opt/ros/jazzy/share/ament_cmake/cmake)
[2.299s] -- Found Python3: /usr/bin/python3 (found version "3.12.3") found components: Interpreter 
[2.300s] -- Override CMake install command with custom implementation using symlinks instead of copying resources
[2.300s] -- Found rclcpp: 28.1.5 (/opt/ros/jazzy/share/rclcpp/cmake)
[2.301s] -- Found rosidl_generator_c: 4.6.4 (/opt/ros/jazzy/share/rosidl_generator_c/cmake)
[2.301s] -- Found rosidl_generator_cpp: 4.6.4 (/opt/ros/jazzy/share/rosidl_generator_cpp/cmake)
[2.301s] -- Using all available rosidl_typesupport_c: rosidl_typesupport_fastrtps_c;rosidl_typesupport_introspection_c
[2.301s] -- Using all available rosidl_typesupport_cpp: rosidl_typesupport_fastrtps_cpp;rosidl_typesupport_introspection_cpp
[2.302s] -- Found rmw_implementation_cmake: 7.3.1 (/opt/ros/jazzy/share/rmw_implementation_cmake/cmake)
[2.302s] -- Found rmw_fastrtps_cpp: 8.4.1 (/opt/ros/jazzy/share/rmw_fastrtps_cpp/cmake)
[2.302s] -- Found OpenSSL: /usr/lib/x86_64-linux-gnu/libcrypto.so (found version "3.0.13")  
[2.302s] -- Found FastRTPS: /opt/ros/jazzy/include (Required is at least version "2.13") 
[2.302s] -- Using RMW implementation 'rmw_fastrtps_cpp' as default
[2.302s] -- Found std_msgs: 5.3.5 (/opt/ros/jazzy/share/std_msgs/cmake)
[2.302s] -- Found ament_lint_auto: 0.17.1 (/opt/ros/jazzy/share/ament_lint_auto/cmake)
[2.303s] -- Added test 'copyright' to check source files copyright and LICENSE
[2.303s] -- Added test 'cppcheck' to perform static code analysis on C / C++ code
[2.303s] -- Configured cppcheck include dirs: 
[2.303s] -- Configured cppcheck exclude dirs and/or files: 
[2.303s] -- Added test 'cpplint' to check C / C++ code against the Google style
[2.303s] -- Configured cpplint exclude dirs and/or files: 
[2.304s] -- Added test 'lint_cmake' to check CMake code style
[2.304s] -- Added test 'uncrustify' to check C / C++ code style
[2.304s] -- Configured uncrustify additional arguments: 
[2.304s] -- Added test 'xmllint' to check XML markup files
[2.304s] -- Configuring done (2.2s)
[2.304s] -- Generating done (0.0s)
[2.304s] -- Build files have been written to: /home/tomasz/Desktop/sese_ws/build/examples_rclcpp_multithreaded_executor
[2.319s] Invoked command in '/home/tomasz/Desktop/sese_ws/build/examples_rclcpp_multithreaded_executor' returned '0': CMAKE_PREFIX_PATH=${CMAKE_PREFIX_PATH}:/opt/ros/jazzy DEBUGINFOD_URLS=https://debuginfod.ubuntu.com /usr/bin/cmake /home/tomasz/Desktop/sese_ws/src/examples/rclcpp/executors/multithreaded_executor -DAMENT_CMAKE_SYMLINK_INSTALL=1 -DCMAKE_INSTALL_PREFIX=/home/tomasz/Desktop/sese_ws/install/examples_rclcpp_multithreaded_executor
[2.326s] Invoking command in '/home/tomasz/Desktop/sese_ws/build/examples_rclcpp_multithreaded_executor': CMAKE_PREFIX_PATH=${CMAKE_PREFIX_PATH}:/opt/ros/jazzy DEBUGINFOD_URLS=https://debuginfod.ubuntu.com /usr/bin/cmake --build /home/tomasz/Desktop/sese_ws/build/examples_rclcpp_multithreaded_executor -- -j16 -l16
[2.383s] [ 50%] [32mBuilding CXX object CMakeFiles/multithreaded_executor.dir/multithreaded_executor.cpp.o[0m
[41.212s] [100%] [32m[1mLinking CXX executable multithreaded_executor[0m
[42.163s] [100%] Built target multithreaded_executor
[42.284s] Invoked command in '/home/tomasz/Desktop/sese_ws/build/examples_rclcpp_multithreaded_executor' returned '0': CMAKE_PREFIX_PATH=${CMAKE_PREFIX_PATH}:/opt/ros/jazzy DEBUGINFOD_URLS=https://debuginfod.ubuntu.com /usr/bin/cmake --build /home/tomasz/Desktop/sese_ws/build/examples_rclcpp_multithreaded_executor -- -j16 -l16
[42.375s] Invoking command in '/home/tomasz/Desktop/sese_ws/build/examples_rclcpp_multithreaded_executor': CMAKE_PREFIX_PATH=${CMAKE_PREFIX_PATH}:/opt/ros/jazzy DEBUGINFOD_URLS=https://debuginfod.ubuntu.com /usr/bin/cmake --install /home/tomasz/Desktop/sese_ws/build/examples_rclcpp_multithreaded_executor
[49.706s] -- Install configuration: ""
[49.706s] -- Execute custom install script
[49.706s] -- Symlinking: /home/tomasz/Desktop/sese_ws/install/examples_rclcpp_multithreaded_executor/lib/examples_rclcpp_multithreaded_executor/multithreaded_executor
[49.707s] -- Symlinking: /home/tomasz/Desktop/sese_ws/install/examples_rclcpp_multithreaded_executor/share/ament_index/resource_index/package_run_dependencies/examples_rclcpp_multithreaded_executor
[49.707s] -- Symlinking: /home/tomasz/Desktop/sese_ws/install/examples_rclcpp_multithreaded_executor/share/ament_index/resource_index/parent_prefix_path/examples_rclcpp_multithreaded_executor
[49.707s] -- Symlinking: /home/tomasz/Desktop/sese_ws/install/examples_rclcpp_multithreaded_executor/share/examples_rclcpp_multithreaded_executor/environment/ament_prefix_path.sh
[49.707s] -- Symlinking: /home/tomasz/Desktop/sese_ws/install/examples_rclcpp_multithreaded_executor/share/examples_rclcpp_multithreaded_executor/environment/ament_prefix_path.dsv
[49.707s] -- Symlinking: /home/tomasz/Desktop/sese_ws/install/examples_rclcpp_multithreaded_executor/share/examples_rclcpp_multithreaded_executor/environment/path.sh
[49.707s] -- Symlinking: /home/tomasz/Desktop/sese_ws/install/examples_rclcpp_multithreaded_executor/share/examples_rclcpp_multithreaded_executor/environment/path.dsv
[49.708s] -- Symlinking: /home/tomasz/Desktop/sese_ws/install/examples_rclcpp_multithreaded_executor/share/examples_rclcpp_multithreaded_executor/local_setup.bash
[49.708s] -- Symlinking: /home/tomasz/Desktop/sese_ws/install/examples_rclcpp_multithreaded_executor/share/examples_rclcpp_multithreaded_executor/local_setup.sh
[49.708s] -- Symlinking: /home/tomasz/Desktop/sese_ws/install/examples_rclcpp_multithreaded_executor/share/examples_rclcpp_multithreaded_executor/local_setup.zsh
[49.708s] -- Symlinking: /home/tomasz/Desktop/sese_ws/install/examples_rclcpp_multithreaded_executor/share/examples_rclcpp_multithreaded_executor/local_setup.dsv
[49.708s] -- Symlinking: /home/tomasz/Desktop/sese_ws/install/examples_rclcpp_multithreaded_executor/share/examples_rclcpp_multithreaded_executor/package.dsv
[49.708s] -- Symlinking: /home/tomasz/Desktop/sese_ws/install/examples_rclcpp_multithreaded_executor/share/ament_index/resource_index/packages/examples_rclcpp_multithreaded_executor
[49.709s] -- Symlinking: /home/tomasz/Desktop/sese_ws/install/examples_rclcpp_multithreaded_executor/share/examples_rclcpp_multithreaded_executor/cmake/examples_rclcpp_multithreaded_executorConfig.cmake
[49.709s] -- Symlinking: /home/tomasz/Desktop/sese_ws/install/examples_rclcpp_multithreaded_executor/share/examples_rclcpp_multithreaded_executor/cmake/examples_rclcpp_multithreaded_executorConfig-version.cmake
[49.709s] -- Symlinking: /home/tomasz/Desktop/sese_ws/install/examples_rclcpp_multithreaded_executor/share/examples_rclcpp_multithreaded_executor/package.xml
[51.214s] Invoked command in '/home/tomasz/Desktop/sese_ws/build/examples_rclcpp_multithreaded_executor' returned '0': CMAKE_PREFIX_PATH=${CMAKE_PREFIX_PATH}:/opt/ros/jazzy DEBUGINFOD_URLS=https://debuginfod.ubuntu.com /usr/bin/cmake --install /home/tomasz/Desktop/sese_ws/build/examples_rclcpp_multithreaded_executor
