[5.664s] Invoking command in '/home/tomasz/Desktop/sese_ws/build/examples_rclpy_minimal_action_server': DEBUGINFOD_URLS=https://debuginfod.ubuntu.com PYTHONPATH=/home/tomasz/Desktop/sese_ws/build/examples_rclpy_minimal_action_server/prefix_override:/usr/lib/python3/dist-packages/colcon_core/task/python/colcon_distutils_commands:/home/tomasz/Desktop/sese_ws/install/examples_rclpy_minimal_action_server/lib/python3.12/site-packages:${PYTHONPATH} /usr/bin/python3 -W ignore:setup.py install is deprecated setup.py develop --editable --build-directory /home/tomasz/Desktop/sese_ws/build/examples_rclpy_minimal_action_server/build --no-deps symlink_data
[49.523s] /usr/lib/python3/dist-packages/setuptools/command/develop.py:40: EasyInstallDeprecationWarning: easy_install command is deprecated.
[49.535s] !!
[49.535s] 
[49.535s]         ********************************************************************************
[49.535s]         Please avoid running ``setup.py`` and ``easy_install``.
[49.536s]         Instead, use pypa/build, pypa/installer or other
[49.536s]         standards-based tools.
[49.536s] 
[49.536s]         See https://github.com/pypa/setuptools/issues/917 for details.
[49.536s]         ********************************************************************************
[49.536s] 
[49.536s] !!
[49.537s]   easy_install.initialize_options(self)
[49.537s] running develop
[49.537s] running egg_info
[49.537s] creating examples_rclpy_minimal_action_server.egg-info
[49.537s] writing examples_rclpy_minimal_action_server.egg-info/PKG-INFO
[49.537s] writing dependency_links to examples_rclpy_minimal_action_server.egg-info/dependency_links.txt
[49.537s] writing entry points to examples_rclpy_minimal_action_server.egg-info/entry_points.txt
[49.538s] writing requirements to examples_rclpy_minimal_action_server.egg-info/requires.txt
[49.538s] writing top-level names to examples_rclpy_minimal_action_server.egg-info/top_level.txt
[49.538s] writing manifest file 'examples_rclpy_minimal_action_server.egg-info/SOURCES.txt'
[49.538s] reading manifest file 'examples_rclpy_minimal_action_server.egg-info/SOURCES.txt'
[49.538s] writing manifest file 'examples_rclpy_minimal_action_server.egg-info/SOURCES.txt'
[49.558s] running build_ext
[49.558s] Creating /home/tomasz/Desktop/sese_ws/install/examples_rclpy_minimal_action_server/lib/python3.12/site-packages/examples-rclpy-minimal-action-server.egg-link (link to .)
[49.559s] Installing server script to /home/tomasz/Desktop/sese_ws/install/examples_rclpy_minimal_action_server/lib/examples_rclpy_minimal_action_server
[49.560s] Installing server_defer script to /home/tomasz/Desktop/sese_ws/install/examples_rclpy_minimal_action_server/lib/examples_rclpy_minimal_action_server
[49.560s] Installing server_not_composable script to /home/tomasz/Desktop/sese_ws/install/examples_rclpy_minimal_action_server/lib/examples_rclpy_minimal_action_server
[49.560s] Installing server_queue_goals script to /home/tomasz/Desktop/sese_ws/install/examples_rclpy_minimal_action_server/lib/examples_rclpy_minimal_action_server
[49.560s] Installing server_single_goal script to /home/tomasz/Desktop/sese_ws/install/examples_rclpy_minimal_action_server/lib/examples_rclpy_minimal_action_server
[49.560s] 
[49.560s] Installed /home/tomasz/Desktop/sese_ws/build/examples_rclpy_minimal_action_server
[49.561s] running symlink_data
[49.561s] creating /home/tomasz/Desktop/sese_ws/install/examples_rclpy_minimal_action_server/share/ament_index
[49.561s] creating /home/tomasz/Desktop/sese_ws/install/examples_rclpy_minimal_action_server/share/ament_index/resource_index
[49.561s] creating /home/tomasz/Desktop/sese_ws/install/examples_rclpy_minimal_action_server/share/ament_index/resource_index/packages
[49.561s] symbolically linking /home/tomasz/Desktop/sese_ws/build/examples_rclpy_minimal_action_server/resource/examples_rclpy_minimal_action_server -> /home/tomasz/Desktop/sese_ws/install/examples_rclpy_minimal_action_server/share/ament_index/resource_index/packages
[49.561s] symbolically linking /home/tomasz/Desktop/sese_ws/build/examples_rclpy_minimal_action_server/package.xml -> /home/tomasz/Desktop/sese_ws/install/examples_rclpy_minimal_action_server/share/examples_rclpy_minimal_action_server
[49.700s] Invoked command in '/home/tomasz/Desktop/sese_ws/build/examples_rclpy_minimal_action_server' returned '0': DEBUGINFOD_URLS=https://debuginfod.ubuntu.com PYTHONPATH=/home/tomasz/Desktop/sese_ws/build/examples_rclpy_minimal_action_server/prefix_override:/usr/lib/python3/dist-packages/colcon_core/task/python/colcon_distutils_commands:/home/tomasz/Desktop/sese_ws/install/examples_rclpy_minimal_action_server/lib/python3.12/site-packages:${PYTHONPATH} /usr/bin/python3 -W ignore:setup.py install is deprecated setup.py develop --editable --build-directory /home/tomasz/Desktop/sese_ws/build/examples_rclpy_minimal_action_server/build --no-deps symlink_data
