[0.041s] Invoking command in '/home/tomasz/Desktop/sese_ws/build/examples_rclcpp_cbg_executor': CMAKE_PREFIX_PATH=${CMAKE_PREFIX_PATH}:/opt/ros/jazzy DEBUGINFOD_URLS=https://debuginfod.ubuntu.com /usr/bin/cmake /home/tomasz/Desktop/sese_ws/src/examples/rclcpp/executors/cbg_executor -DAMENT_CMAKE_SYMLINK_INSTALL=1 -DCMAKE_INSTALL_PREFIX=/home/tomasz/Desktop/sese_ws/install/examples_rclcpp_cbg_executor
[1.457s] -- The C compiler identification is GNU 13.2.0
[1.457s] -- The CXX compiler identification is GNU 13.2.0
[1.457s] -- Detecting C compiler ABI info
[1.457s] -- Detecting C compiler ABI info - done
[1.458s] -- Check for working C compiler: /usr/bin/cc - skipped
[1.458s] -- Detecting C compile features
[1.458s] -- Detecting C compile features - done
[1.459s] -- Detecting CXX compiler ABI info
[1.459s] -- Detecting CXX compiler ABI info - done
[1.460s] -- Check for working CXX compiler: /usr/bin/c++ - skipped
[1.460s] -- Detecting CXX compile features
[1.460s] -- Detecting CXX compile features - done
[1.460s] -- Found ament_cmake: 2.5.2 (/opt/ros/jazzy/share/ament_cmake/cmake)
[1.461s] -- Found Python3: /usr/bin/python3 (found version "3.12.3") found components: Interpreter 
[1.461s] -- Override CMake install command with custom implementation using symlinks instead of copying resources
[1.461s] -- Found rclcpp: 28.1.5 (/opt/ros/jazzy/share/rclcpp/cmake)
[1.461s] -- Found rosidl_generator_c: 4.6.4 (/opt/ros/jazzy/share/rosidl_generator_c/cmake)
[1.462s] -- Found rosidl_generator_cpp: 4.6.4 (/opt/ros/jazzy/share/rosidl_generator_cpp/cmake)
[1.493s] -- Using all available rosidl_typesupport_c: rosidl_typesupport_fastrtps_c;rosidl_typesupport_introspection_c
[1.497s] -- Using all available rosidl_typesupport_cpp: rosidl_typesupport_fastrtps_cpp;rosidl_typesupport_introspection_cpp
[1.635s] -- Found rmw_implementation_cmake: 7.3.1 (/opt/ros/jazzy/share/rmw_implementation_cmake/cmake)
[1.643s] -- Found rmw_fastrtps_cpp: 8.4.1 (/opt/ros/jazzy/share/rmw_fastrtps_cpp/cmake)
[1.789s] -- Found OpenSSL: /usr/lib/x86_64-linux-gnu/libcrypto.so (found version "3.0.13")  
[1.825s] -- Found FastRTPS: /opt/ros/jazzy/include (Required is at least version "2.13") 
[1.866s] -- Using RMW implementation 'rmw_fastrtps_cpp' as default
[2.015s] -- Found std_msgs: 5.3.5 (/opt/ros/jazzy/share/std_msgs/cmake)
[2.048s] -- Found ament_lint_auto: 0.17.1 (/opt/ros/jazzy/share/ament_lint_auto/cmake)
[2.255s] -- Added test 'copyright' to check source files copyright and LICENSE
[2.258s] -- Added test 'cppcheck' to perform static code analysis on C / C++ code
[2.258s] -- Configured cppcheck include dirs: /home/tomasz/Desktop/sese_ws/src/examples/rclcpp/executors/cbg_executor/include
[2.258s] -- Configured cppcheck exclude dirs and/or files: 
[2.261s] -- Added test 'cpplint' to check C / C++ code against the Google style
[2.261s] -- Configured cpplint exclude dirs and/or files: 
[2.262s] -- Added test 'lint_cmake' to check CMake code style
[2.265s] -- Added test 'uncrustify' to check C / C++ code style
[2.265s] -- Configured uncrustify additional arguments: 
[2.266s] -- Added test 'xmllint' to check XML markup files
[2.271s] -- Configuring done (2.2s)
[2.301s] -- Generating done (0.0s)
[2.305s] -- Build files have been written to: /home/tomasz/Desktop/sese_ws/build/examples_rclcpp_cbg_executor
[2.353s] Invoked command in '/home/tomasz/Desktop/sese_ws/build/examples_rclcpp_cbg_executor' returned '0': CMAKE_PREFIX_PATH=${CMAKE_PREFIX_PATH}:/opt/ros/jazzy DEBUGINFOD_URLS=https://debuginfod.ubuntu.com /usr/bin/cmake /home/tomasz/Desktop/sese_ws/src/examples/rclcpp/executors/cbg_executor -DAMENT_CMAKE_SYMLINK_INSTALL=1 -DCMAKE_INSTALL_PREFIX=/home/tomasz/Desktop/sese_ws/install/examples_rclcpp_cbg_executor
[2.354s] Invoking command in '/home/tomasz/Desktop/sese_ws/build/examples_rclcpp_cbg_executor': CMAKE_PREFIX_PATH=${CMAKE_PREFIX_PATH}:/opt/ros/jazzy DEBUGINFOD_URLS=https://debuginfod.ubuntu.com /usr/bin/cmake --build /home/tomasz/Desktop/sese_ws/build/examples_rclcpp_cbg_executor -- -j16 -l16
[2.437s] [ 20%] [32mBuilding CXX object CMakeFiles/ping.dir/src/ping.cpp.o[0m
[2.437s] [ 20%] [32mBuilding CXX object CMakeFiles/pong.dir/src/pong.cpp.o[0m
[2.438s] [ 30%] [32mBuilding CXX object CMakeFiles/ping.dir/src/examples_rclcpp_cbg_executor/ping_node.cpp.o[0m
[2.445s] [ 40%] [32mBuilding CXX object CMakeFiles/ping_pong.dir/src/examples_rclcpp_cbg_executor/ping_node.cpp.o[0m
[2.450s] [ 50%] [32mBuilding CXX object CMakeFiles/pong.dir/src/examples_rclcpp_cbg_executor/pong_node.cpp.o[0m
[2.451s] [ 60%] [32mBuilding CXX object CMakeFiles/ping_pong.dir/src/ping_pong.cpp.o[0m
[2.451s] [ 70%] [32mBuilding CXX object CMakeFiles/ping_pong.dir/src/examples_rclcpp_cbg_executor/pong_node.cpp.o[0m
[59.413s] [ 80%] [32m[1mLinking CXX executable pong[0m
[60.508s] [ 80%] Built target pong
[67.764s] [ 90%] [32m[1mLinking CXX executable ping[0m
[68.224s] [ 90%] Built target ping
[68.546s] [100%] [32m[1mLinking CXX executable ping_pong[0m
[68.927s] [100%] Built target ping_pong
[68.956s] Invoked command in '/home/tomasz/Desktop/sese_ws/build/examples_rclcpp_cbg_executor' returned '0': CMAKE_PREFIX_PATH=${CMAKE_PREFIX_PATH}:/opt/ros/jazzy DEBUGINFOD_URLS=https://debuginfod.ubuntu.com /usr/bin/cmake --build /home/tomasz/Desktop/sese_ws/build/examples_rclcpp_cbg_executor -- -j16 -l16
[68.990s] Invoking command in '/home/tomasz/Desktop/sese_ws/build/examples_rclcpp_cbg_executor': CMAKE_PREFIX_PATH=${CMAKE_PREFIX_PATH}:/opt/ros/jazzy DEBUGINFOD_URLS=https://debuginfod.ubuntu.com /usr/bin/cmake --install /home/tomasz/Desktop/sese_ws/build/examples_rclcpp_cbg_executor
[68.998s] -- Install configuration: ""
[68.999s] -- Execute custom install script
[68.999s] -- Symlinking: /home/tomasz/Desktop/sese_ws/install/examples_rclcpp_cbg_executor/lib/examples_rclcpp_cbg_executor/ping
[69.009s] -- Symlinking: /home/tomasz/Desktop/sese_ws/install/examples_rclcpp_cbg_executor/lib/examples_rclcpp_cbg_executor/pong
[69.018s] -- Symlinking: /home/tomasz/Desktop/sese_ws/install/examples_rclcpp_cbg_executor/lib/examples_rclcpp_cbg_executor/ping_pong
[69.030s] -- Symlinking: /home/tomasz/Desktop/sese_ws/install/examples_rclcpp_cbg_executor/include/examples_rclcpp_cbg_executor/ping_node.hpp
[69.039s] -- Symlinking: /home/tomasz/Desktop/sese_ws/install/examples_rclcpp_cbg_executor/include/examples_rclcpp_cbg_executor/pong_node.hpp
[69.048s] -- Symlinking: /home/tomasz/Desktop/sese_ws/install/examples_rclcpp_cbg_executor/share/ament_index/resource_index/package_run_dependencies/examples_rclcpp_cbg_executor
[69.057s] -- Symlinking: /home/tomasz/Desktop/sese_ws/install/examples_rclcpp_cbg_executor/share/ament_index/resource_index/parent_prefix_path/examples_rclcpp_cbg_executor
[69.066s] -- Symlinking: /home/tomasz/Desktop/sese_ws/install/examples_rclcpp_cbg_executor/share/examples_rclcpp_cbg_executor/environment/ament_prefix_path.sh
[69.075s] -- Symlinking: /home/tomasz/Desktop/sese_ws/install/examples_rclcpp_cbg_executor/share/examples_rclcpp_cbg_executor/environment/ament_prefix_path.dsv
[69.084s] -- Symlinking: /home/tomasz/Desktop/sese_ws/install/examples_rclcpp_cbg_executor/share/examples_rclcpp_cbg_executor/environment/path.sh
[69.094s] -- Symlinking: /home/tomasz/Desktop/sese_ws/install/examples_rclcpp_cbg_executor/share/examples_rclcpp_cbg_executor/environment/path.dsv
[69.104s] -- Symlinking: /home/tomasz/Desktop/sese_ws/install/examples_rclcpp_cbg_executor/share/examples_rclcpp_cbg_executor/local_setup.bash
[69.112s] -- Symlinking: /home/tomasz/Desktop/sese_ws/install/examples_rclcpp_cbg_executor/share/examples_rclcpp_cbg_executor/local_setup.sh
[69.121s] -- Symlinking: /home/tomasz/Desktop/sese_ws/install/examples_rclcpp_cbg_executor/share/examples_rclcpp_cbg_executor/local_setup.zsh
[69.129s] -- Symlinking: /home/tomasz/Desktop/sese_ws/install/examples_rclcpp_cbg_executor/share/examples_rclcpp_cbg_executor/local_setup.dsv
[69.137s] -- Symlinking: /home/tomasz/Desktop/sese_ws/install/examples_rclcpp_cbg_executor/share/examples_rclcpp_cbg_executor/package.dsv
[69.146s] -- Symlinking: /home/tomasz/Desktop/sese_ws/install/examples_rclcpp_cbg_executor/share/ament_index/resource_index/packages/examples_rclcpp_cbg_executor
[69.155s] -- Symlinking: /home/tomasz/Desktop/sese_ws/install/examples_rclcpp_cbg_executor/share/examples_rclcpp_cbg_executor/cmake/ament_cmake_export_dependencies-extras.cmake
[69.164s] -- Symlinking: /home/tomasz/Desktop/sese_ws/install/examples_rclcpp_cbg_executor/share/examples_rclcpp_cbg_executor/cmake/examples_rclcpp_cbg_executorConfig.cmake
[69.173s] -- Symlinking: /home/tomasz/Desktop/sese_ws/install/examples_rclcpp_cbg_executor/share/examples_rclcpp_cbg_executor/cmake/examples_rclcpp_cbg_executorConfig-version.cmake
[69.181s] -- Symlinking: /home/tomasz/Desktop/sese_ws/install/examples_rclcpp_cbg_executor/share/examples_rclcpp_cbg_executor/package.xml
[69.193s] Invoked command in '/home/tomasz/Desktop/sese_ws/build/examples_rclcpp_cbg_executor' returned '0': CMAKE_PREFIX_PATH=${CMAKE_PREFIX_PATH}:/opt/ros/jazzy DEBUGINFOD_URLS=https://debuginfod.ubuntu.com /usr/bin/cmake --install /home/tomasz/Desktop/sese_ws/build/examples_rclcpp_cbg_executor
