[4.269s] Invoking command in '/home/tomasz/Desktop/sese_ws/src/my_package': DEBUGINFOD_URLS=https://debuginfod.ubuntu.com PYTHONPATH=/home/tomasz/Desktop/sese_ws/build/my_package/prefix_override:/usr/lib/python3/dist-packages/colcon_core/task/python/colcon_distutils_commands:/home/tomasz/Desktop/sese_ws/install/my_package/lib/python3.12/site-packages:${PYTHONPATH} /usr/bin/python3 -W ignore:setup.py install is deprecated -W ignore:easy_install command is deprecated setup.py egg_info --egg-base ../../build/my_package build --build-base /home/tomasz/Desktop/sese_ws/build/my_package/build install --record /home/tomasz/Desktop/sese_ws/build/my_package/install.log --single-version-externally-managed install_data
[5.056s] running egg_info
[5.128s] writing ../../build/my_package/my_package.egg-info/PKG-INFO
[5.129s] writing dependency_links to ../../build/my_package/my_package.egg-info/dependency_links.txt
[5.129s] writing entry points to ../../build/my_package/my_package.egg-info/entry_points.txt
[5.130s] writing requirements to ../../build/my_package/my_package.egg-info/requires.txt
[5.130s] writing top-level names to ../../build/my_package/my_package.egg-info/top_level.txt
[5.276s] reading manifest file '../../build/my_package/my_package.egg-info/SOURCES.txt'
[5.277s] adding license file 'LICENSE'
[5.279s] writing manifest file '../../build/my_package/my_package.egg-info/SOURCES.txt'
[5.282s] running build
[5.282s] running build_py
[5.282s] running install
[5.297s] running install_lib
[5.388s] running install_data
[5.388s] running install_egg_info
[5.460s] removing '/home/tomasz/Desktop/sese_ws/install/my_package/lib/python3.12/site-packages/my_package-0.0.0-py3.12.egg-info' (and everything under it)
[5.461s] Copying ../../build/my_package/my_package.egg-info to /home/tomasz/Desktop/sese_ws/install/my_package/lib/python3.12/site-packages/my_package-0.0.0-py3.12.egg-info
[5.464s] running install_scripts
[5.910s] Installing my_node script to /home/tomasz/Desktop/sese_ws/install/my_package/lib/my_package
[5.910s] writing list of installed files to '/home/tomasz/Desktop/sese_ws/build/my_package/install.log'
[6.020s] Invoked command in '/home/tomasz/Desktop/sese_ws/src/my_package' returned '0': DEBUGINFOD_URLS=https://debuginfod.ubuntu.com PYTHONPATH=/home/tomasz/Desktop/sese_ws/build/my_package/prefix_override:/usr/lib/python3/dist-packages/colcon_core/task/python/colcon_distutils_commands:/home/tomasz/Desktop/sese_ws/install/my_package/lib/python3.12/site-packages:${PYTHONPATH} /usr/bin/python3 -W ignore:setup.py install is deprecated -W ignore:easy_install command is deprecated setup.py egg_info --egg-base ../../build/my_package build --build-base /home/tomasz/Desktop/sese_ws/build/my_package/build install --record /home/tomasz/Desktop/sese_ws/build/my_package/install.log --single-version-externally-managed install_data
