[7.658s] Invoking command in '/home/tomasz/Desktop/sese_ws/build/examples_rclpy_minimal_service': DEBUGINFOD_URLS=https://debuginfod.ubuntu.com PYTHONPATH=/home/tomasz/Desktop/sese_ws/build/examples_rclpy_minimal_service/prefix_override:/usr/lib/python3/dist-packages/colcon_core/task/python/colcon_distutils_commands:/home/tomasz/Desktop/sese_ws/install/examples_rclpy_minimal_service/lib/python3.12/site-packages:${PYTHONPATH} /usr/bin/python3 -W ignore:setup.py install is deprecated setup.py develop --editable --build-directory /home/tomasz/Desktop/sese_ws/build/examples_rclpy_minimal_service/build --no-deps symlink_data
[8.433s] running develop
[8.435s] /usr/lib/python3/dist-packages/setuptools/command/develop.py:40: EasyInstallDeprecationWarning: easy_install command is deprecated.
[8.435s] !!
[8.435s] 
[8.435s]         ********************************************************************************
[8.435s]         Please avoid running ``setup.py`` and ``easy_install``.
[8.435s]         Instead, use pypa/build, pypa/installer or other
[8.436s]         standards-based tools.
[8.436s] 
[8.436s]         See https://github.com/pypa/setuptools/issues/917 for details.
[8.436s]         ********************************************************************************
[8.436s] 
[8.436s] !!
[8.436s]   easy_install.initialize_options(self)
[8.844s] running egg_info
[8.844s] creating examples_rclpy_minimal_service.egg-info
[8.879s] writing examples_rclpy_minimal_service.egg-info/PKG-INFO
[8.879s] writing dependency_links to examples_rclpy_minimal_service.egg-info/dependency_links.txt
[8.880s] writing entry points to examples_rclpy_minimal_service.egg-info/entry_points.txt
[8.880s] writing requirements to examples_rclpy_minimal_service.egg-info/requires.txt
[8.880s] writing top-level names to examples_rclpy_minimal_service.egg-info/top_level.txt
[8.881s] writing manifest file 'examples_rclpy_minimal_service.egg-info/SOURCES.txt'
[8.971s] reading manifest file 'examples_rclpy_minimal_service.egg-info/SOURCES.txt'
[8.973s] writing manifest file 'examples_rclpy_minimal_service.egg-info/SOURCES.txt'
[9.013s] running build_ext
[9.021s] Creating /home/tomasz/Desktop/sese_ws/install/examples_rclpy_minimal_service/lib/python3.12/site-packages/examples-rclpy-minimal-service.egg-link (link to .)
[9.022s] Installing service script to /home/tomasz/Desktop/sese_ws/install/examples_rclpy_minimal_service/lib/examples_rclpy_minimal_service
[9.023s] Installing service_member_function script to /home/tomasz/Desktop/sese_ws/install/examples_rclpy_minimal_service/lib/examples_rclpy_minimal_service
[9.023s] 
[9.023s] Installed /home/tomasz/Desktop/sese_ws/build/examples_rclpy_minimal_service
[9.024s] running symlink_data
[9.024s] creating /home/tomasz/Desktop/sese_ws/install/examples_rclpy_minimal_service/share/ament_index
[9.033s] creating /home/tomasz/Desktop/sese_ws/install/examples_rclpy_minimal_service/share/ament_index/resource_index
[9.033s] creating /home/tomasz/Desktop/sese_ws/install/examples_rclpy_minimal_service/share/ament_index/resource_index/packages
[9.033s] symbolically linking /home/tomasz/Desktop/sese_ws/build/examples_rclpy_minimal_service/resource/examples_rclpy_minimal_service -> /home/tomasz/Desktop/sese_ws/install/examples_rclpy_minimal_service/share/ament_index/resource_index/packages
[9.033s] symbolically linking /home/tomasz/Desktop/sese_ws/build/examples_rclpy_minimal_service/package.xml -> /home/tomasz/Desktop/sese_ws/install/examples_rclpy_minimal_service/share/examples_rclpy_minimal_service
[9.243s] Invoked command in '/home/tomasz/Desktop/sese_ws/build/examples_rclpy_minimal_service' returned '0': DEBUGINFOD_URLS=https://debuginfod.ubuntu.com PYTHONPATH=/home/tomasz/Desktop/sese_ws/build/examples_rclpy_minimal_service/prefix_override:/usr/lib/python3/dist-packages/colcon_core/task/python/colcon_distutils_commands:/home/tomasz/Desktop/sese_ws/install/examples_rclpy_minimal_service/lib/python3.12/site-packages:${PYTHONPATH} /usr/bin/python3 -W ignore:setup.py install is deprecated setup.py develop --editable --build-directory /home/tomasz/Desktop/sese_ws/build/examples_rclpy_minimal_service/build --no-deps symlink_data
