[4.274s] Invoking command in '/home/tomasz/Desktop/sese_ws/src/gs_package': DEBUGINFOD_URLS=https://debuginfod.ubuntu.com PYTHONPATH=/home/tomasz/Desktop/sese_ws/build/gs_package/prefix_override:/usr/lib/python3/dist-packages/colcon_core/task/python/colcon_distutils_commands:/home/tomasz/Desktop/sese_ws/install/gs_package/lib/python3.12/site-packages:${PYTHONPATH} /usr/bin/python3 -W ignore:setup.py install is deprecated -W ignore:easy_install command is deprecated setup.py egg_info --egg-base ../../build/gs_package build --build-base /home/tomasz/Desktop/sese_ws/build/gs_package/build install --record /home/tomasz/Desktop/sese_ws/build/gs_package/install.log --single-version-externally-managed install_data
[5.062s] running egg_info
[5.122s] writing ../../build/gs_package/gs_package.egg-info/PKG-INFO
[5.123s] writing dependency_links to ../../build/gs_package/gs_package.egg-info/dependency_links.txt
[5.123s] writing entry points to ../../build/gs_package/gs_package.egg-info/entry_points.txt
[5.124s] writing requirements to ../../build/gs_package/gs_package.egg-info/requires.txt
[5.124s] writing top-level names to ../../build/gs_package/gs_package.egg-info/top_level.txt
[5.246s] reading manifest file '../../build/gs_package/gs_package.egg-info/SOURCES.txt'
[5.246s] adding license file 'LICENSE'
[5.248s] writing manifest file '../../build/gs_package/gs_package.egg-info/SOURCES.txt'
[5.249s] running build
[5.250s] running build_py
[5.250s] running install
[5.264s] running install_lib
[5.329s] running install_data
[5.329s] running install_egg_info
[5.392s] removing '/home/tomasz/Desktop/sese_ws/install/gs_package/lib/python3.12/site-packages/gs_package-0.0.0-py3.12.egg-info' (and everything under it)
[5.393s] Copying ../../build/gs_package/gs_package.egg-info to /home/tomasz/Desktop/sese_ws/install/gs_package/lib/python3.12/site-packages/gs_package-0.0.0-py3.12.egg-info
[5.395s] running install_scripts
[5.810s] Installing point script to /home/tomasz/Desktop/sese_ws/install/gs_package/lib/gs_package
[5.810s] Installing publish script to /home/tomasz/Desktop/sese_ws/install/gs_package/lib/gs_package
[5.811s] Installing subscribe script to /home/tomasz/Desktop/sese_ws/install/gs_package/lib/gs_package
[5.812s] writing list of installed files to '/home/tomasz/Desktop/sese_ws/build/gs_package/install.log'
[5.885s] Invoked command in '/home/tomasz/Desktop/sese_ws/src/gs_package' returned '0': DEBUGINFOD_URLS=https://debuginfod.ubuntu.com PYTHONPATH=/home/tomasz/Desktop/sese_ws/build/gs_package/prefix_override:/usr/lib/python3/dist-packages/colcon_core/task/python/colcon_distutils_commands:/home/tomasz/Desktop/sese_ws/install/gs_package/lib/python3.12/site-packages:${PYTHONPATH} /usr/bin/python3 -W ignore:setup.py install is deprecated -W ignore:easy_install command is deprecated setup.py egg_info --egg-base ../../build/gs_package build --build-base /home/tomasz/Desktop/sese_ws/build/gs_package/build install --record /home/tomasz/Desktop/sese_ws/build/gs_package/install.log --single-version-externally-managed install_data
