[0.045s] Invoking command in '/home/tomasz/Desktop/sese_ws/build/examples_rclcpp_async_client': CMAKE_PREFIX_PATH=${CMAKE_PREFIX_PATH}:/opt/ros/jazzy DEBUGINFOD_URLS=https://debuginfod.ubuntu.com /usr/bin/cmake /home/tomasz/Desktop/sese_ws/src/examples/rclcpp/services/async_client -DAMENT_CMAKE_SYMLINK_INSTALL=1 -DCMAKE_INSTALL_PREFIX=/home/tomasz/Desktop/sese_ws/install/examples_rclcpp_async_client
[1.453s] -- The C compiler identification is GNU 13.2.0
[1.453s] -- The CXX compiler identification is GNU 13.2.0
[1.454s] -- Detecting C compiler ABI info
[1.454s] -- Detecting C compiler ABI info - done
[1.454s] -- Check for working C compiler: /usr/bin/cc - skipped
[1.454s] -- Detecting C compile features
[1.455s] -- Detecting C compile features - done
[1.456s] -- Detecting CXX compiler ABI info
[1.457s] -- Detecting CXX compiler ABI info - done
[1.457s] -- Check for working CXX compiler: /usr/bin/c++ - skipped
[1.459s] -- Detecting CXX compile features
[1.459s] -- Detecting CXX compile features - done
[1.460s] -- Found ament_cmake: 2.5.2 (/opt/ros/jazzy/share/ament_cmake/cmake)
[1.461s] -- Found Python3: /usr/bin/python3 (found version "3.12.3") found components: Interpreter 
[1.461s] -- Override CMake install command with custom implementation using symlinks instead of copying resources
[1.461s] -- Found example_interfaces: 0.12.0 (/opt/ros/jazzy/share/example_interfaces/cmake)
[1.462s] -- Found rosidl_generator_c: 4.6.4 (/opt/ros/jazzy/share/rosidl_generator_c/cmake)
[1.462s] -- Found rosidl_generator_cpp: 4.6.4 (/opt/ros/jazzy/share/rosidl_generator_cpp/cmake)
[1.499s] -- Using all available rosidl_typesupport_c: rosidl_typesupport_fastrtps_c;rosidl_typesupport_introspection_c
[1.500s] -- Using all available rosidl_typesupport_cpp: rosidl_typesupport_fastrtps_cpp;rosidl_typesupport_introspection_cpp
[1.672s] -- Found rclcpp: 28.1.5 (/opt/ros/jazzy/share/rclcpp/cmake)
[1.763s] -- Found rmw_implementation_cmake: 7.3.1 (/opt/ros/jazzy/share/rmw_implementation_cmake/cmake)
[1.768s] -- Found rmw_fastrtps_cpp: 8.4.1 (/opt/ros/jazzy/share/rmw_fastrtps_cpp/cmake)
[1.907s] -- Found OpenSSL: /usr/lib/x86_64-linux-gnu/libcrypto.so (found version "3.0.13")  
[1.940s] -- Found FastRTPS: /opt/ros/jazzy/include (Required is at least version "2.13") 
[1.977s] -- Using RMW implementation 'rmw_fastrtps_cpp' as default
[2.113s] -- Found ament_lint_auto: 0.17.1 (/opt/ros/jazzy/share/ament_lint_auto/cmake)
[2.306s] -- Added test 'copyright' to check source files copyright and LICENSE
[2.307s] -- Added test 'cppcheck' to perform static code analysis on C / C++ code
[2.307s] -- Configured cppcheck include dirs: 
[2.307s] -- Configured cppcheck exclude dirs and/or files: 
[2.308s] -- Added test 'cpplint' to check C / C++ code against the Google style
[2.308s] -- Configured cpplint exclude dirs and/or files: 
[2.309s] -- Added test 'lint_cmake' to check CMake code style
[2.310s] -- Added test 'uncrustify' to check C / C++ code style
[2.310s] -- Configured uncrustify additional arguments: 
[2.310s] -- Added test 'xmllint' to check XML markup files
[2.312s] -- Configuring done (2.2s)
[2.352s] -- Generating done (0.0s)
[2.352s] -- Build files have been written to: /home/tomasz/Desktop/sese_ws/build/examples_rclcpp_async_client
[2.361s] Invoked command in '/home/tomasz/Desktop/sese_ws/build/examples_rclcpp_async_client' returned '0': CMAKE_PREFIX_PATH=${CMAKE_PREFIX_PATH}:/opt/ros/jazzy DEBUGINFOD_URLS=https://debuginfod.ubuntu.com /usr/bin/cmake /home/tomasz/Desktop/sese_ws/src/examples/rclcpp/services/async_client -DAMENT_CMAKE_SYMLINK_INSTALL=1 -DCMAKE_INSTALL_PREFIX=/home/tomasz/Desktop/sese_ws/install/examples_rclcpp_async_client
[2.362s] Invoking command in '/home/tomasz/Desktop/sese_ws/build/examples_rclcpp_async_client': CMAKE_PREFIX_PATH=${CMAKE_PREFIX_PATH}:/opt/ros/jazzy DEBUGINFOD_URLS=https://debuginfod.ubuntu.com /usr/bin/cmake --build /home/tomasz/Desktop/sese_ws/build/examples_rclcpp_async_client -- -j16 -l16
[2.456s] [ 50%] [32mBuilding CXX object CMakeFiles/client_main.dir/main.cpp.o[0m
[56.648s] [100%] [32m[1mLinking CXX executable client_main[0m
[57.545s] [100%] Built target client_main
[57.693s] Invoked command in '/home/tomasz/Desktop/sese_ws/build/examples_rclcpp_async_client' returned '0': CMAKE_PREFIX_PATH=${CMAKE_PREFIX_PATH}:/opt/ros/jazzy DEBUGINFOD_URLS=https://debuginfod.ubuntu.com /usr/bin/cmake --build /home/tomasz/Desktop/sese_ws/build/examples_rclcpp_async_client -- -j16 -l16
[57.827s] Invoking command in '/home/tomasz/Desktop/sese_ws/build/examples_rclcpp_async_client': CMAKE_PREFIX_PATH=${CMAKE_PREFIX_PATH}:/opt/ros/jazzy DEBUGINFOD_URLS=https://debuginfod.ubuntu.com /usr/bin/cmake --install /home/tomasz/Desktop/sese_ws/build/examples_rclcpp_async_client
[57.853s] -- Install configuration: ""
[57.854s] -- Execute custom install script
[57.855s] -- Symlinking: /home/tomasz/Desktop/sese_ws/install/examples_rclcpp_async_client/lib/examples_rclcpp_async_client/client_main
[57.923s] -- Symlinking: /home/tomasz/Desktop/sese_ws/install/examples_rclcpp_async_client/share/ament_index/resource_index/package_run_dependencies/examples_rclcpp_async_client
[57.970s] -- Symlinking: /home/tomasz/Desktop/sese_ws/install/examples_rclcpp_async_client/share/ament_index/resource_index/parent_prefix_path/examples_rclcpp_async_client
[58.035s] -- Symlinking: /home/tomasz/Desktop/sese_ws/install/examples_rclcpp_async_client/share/examples_rclcpp_async_client/environment/ament_prefix_path.sh
[58.102s] -- Symlinking: /home/tomasz/Desktop/sese_ws/install/examples_rclcpp_async_client/share/examples_rclcpp_async_client/environment/ament_prefix_path.dsv
[58.156s] -- Symlinking: /home/tomasz/Desktop/sese_ws/install/examples_rclcpp_async_client/share/examples_rclcpp_async_client/environment/path.sh
[58.204s] -- Symlinking: /home/tomasz/Desktop/sese_ws/install/examples_rclcpp_async_client/share/examples_rclcpp_async_client/environment/path.dsv
[58.231s] -- Symlinking: /home/tomasz/Desktop/sese_ws/install/examples_rclcpp_async_client/share/examples_rclcpp_async_client/local_setup.bash
[58.267s] -- Symlinking: /home/tomasz/Desktop/sese_ws/install/examples_rclcpp_async_client/share/examples_rclcpp_async_client/local_setup.sh
[58.310s] -- Symlinking: /home/tomasz/Desktop/sese_ws/install/examples_rclcpp_async_client/share/examples_rclcpp_async_client/local_setup.zsh
[58.377s] -- Symlinking: /home/tomasz/Desktop/sese_ws/install/examples_rclcpp_async_client/share/examples_rclcpp_async_client/local_setup.dsv
[58.465s] -- Symlinking: /home/tomasz/Desktop/sese_ws/install/examples_rclcpp_async_client/share/examples_rclcpp_async_client/package.dsv
[58.521s] -- Symlinking: /home/tomasz/Desktop/sese_ws/install/examples_rclcpp_async_client/share/ament_index/resource_index/packages/examples_rclcpp_async_client
[58.597s] -- Symlinking: /home/tomasz/Desktop/sese_ws/install/examples_rclcpp_async_client/share/examples_rclcpp_async_client/cmake/examples_rclcpp_async_clientConfig.cmake
[58.647s] -- Symlinking: /home/tomasz/Desktop/sese_ws/install/examples_rclcpp_async_client/share/examples_rclcpp_async_client/cmake/examples_rclcpp_async_clientConfig-version.cmake
[58.718s] -- Symlinking: /home/tomasz/Desktop/sese_ws/install/examples_rclcpp_async_client/share/examples_rclcpp_async_client/package.xml
[58.791s] Invoked command in '/home/tomasz/Desktop/sese_ws/build/examples_rclcpp_async_client' returned '0': CMAKE_PREFIX_PATH=${CMAKE_PREFIX_PATH}:/opt/ros/jazzy DEBUGINFOD_URLS=https://debuginfod.ubuntu.com /usr/bin/cmake --install /home/tomasz/Desktop/sese_ws/build/examples_rclcpp_async_client
