[1.451s] Invoking command in '/home/tomasz/Desktop/sese_ws/src/my_package': DEBUGINFOD_URLS=https://debuginfod.ubuntu.com PYTHONPATH=/home/tomasz/Desktop/sese_ws/build/my_package/prefix_override:/usr/lib/python3/dist-packages/colcon_core/task/python/colcon_distutils_commands:/home/tomasz/Desktop/sese_ws/install/my_package/lib/python3.12/site-packages:${PYTHONPATH} /usr/bin/python3 -W ignore:setup.py install is deprecated -W ignore:easy_install command is deprecated setup.py egg_info --egg-base ../../build/my_package build --build-base /home/tomasz/Desktop/sese_ws/build/my_package/build install --record /home/tomasz/Desktop/sese_ws/build/my_package/install.log --single-version-externally-managed install_data
[1.713s] running egg_info
[1.732s] writing ../../build/my_package/my_package.egg-info/PKG-INFO
[1.732s] writing dependency_links to ../../build/my_package/my_package.egg-info/dependency_links.txt
[1.733s] writing entry points to ../../build/my_package/my_package.egg-info/entry_points.txt
[1.733s] writing requirements to ../../build/my_package/my_package.egg-info/requires.txt
[1.733s] writing top-level names to ../../build/my_package/my_package.egg-info/top_level.txt
[1.772s] reading manifest file '../../build/my_package/my_package.egg-info/SOURCES.txt'
[1.773s] adding license file 'LICENSE'
[1.773s] writing manifest file '../../build/my_package/my_package.egg-info/SOURCES.txt'
[1.773s] running build
[1.773s] running build_py
[1.773s] running install
[1.778s] running install_lib
[1.799s] running install_data
[1.799s] running install_egg_info
[1.820s] removing '/home/tomasz/Desktop/sese_ws/install/my_package/lib/python3.12/site-packages/my_package-0.0.0-py3.12.egg-info' (and everything under it)
[1.820s] Copying ../../build/my_package/my_package.egg-info to /home/tomasz/Desktop/sese_ws/install/my_package/lib/python3.12/site-packages/my_package-0.0.0-py3.12.egg-info
[1.821s] running install_scripts
[1.953s] Installing my_node script to /home/tomasz/Desktop/sese_ws/install/my_package/lib/my_package
[1.953s] writing list of installed files to '/home/tomasz/Desktop/sese_ws/build/my_package/install.log'
[1.991s] Invoked command in '/home/tomasz/Desktop/sese_ws/src/my_package' returned '0': DEBUGINFOD_URLS=https://debuginfod.ubuntu.com PYTHONPATH=/home/tomasz/Desktop/sese_ws/build/my_package/prefix_override:/usr/lib/python3/dist-packages/colcon_core/task/python/colcon_distutils_commands:/home/tomasz/Desktop/sese_ws/install/my_package/lib/python3.12/site-packages:${PYTHONPATH} /usr/bin/python3 -W ignore:setup.py install is deprecated -W ignore:easy_install command is deprecated setup.py egg_info --egg-base ../../build/my_package build --build-base /home/tomasz/Desktop/sese_ws/build/my_package/build install --record /home/tomasz/Desktop/sese_ws/build/my_package/install.log --single-version-externally-managed install_data
