[0.833s] Invoking command in '/home/tomasz/Desktop/sese_ws/src/my_package': DEBUGINFOD_URLS=https://debuginfod.ubuntu.com PYTHONPATH=/home/tomasz/Desktop/sese_ws/build/my_package/prefix_override:/usr/lib/python3/dist-packages/colcon_core/task/python/colcon_distutils_commands:/home/tomasz/Desktop/sese_ws/install/my_package/lib/python3.12/site-packages:${PYTHONPATH} /usr/bin/python3 -W ignore:setup.py install is deprecated setup.py egg_info --egg-base ../../build/my_package build --build-base /home/tomasz/Desktop/sese_ws/build/my_package/build install --record /home/tomasz/Desktop/sese_ws/build/my_package/install.log --single-version-externally-managed install_data
[1.052s] running egg_info
[1.068s] writing ../../build/my_package/my_package.egg-info/PKG-INFO
[1.069s] writing dependency_links to ../../build/my_package/my_package.egg-info/dependency_links.txt
[1.069s] writing entry points to ../../build/my_package/my_package.egg-info/entry_points.txt
[1.069s] writing requirements to ../../build/my_package/my_package.egg-info/requires.txt
[1.069s] writing top-level names to ../../build/my_package/my_package.egg-info/top_level.txt
[1.102s] reading manifest file '../../build/my_package/my_package.egg-info/SOURCES.txt'
[1.102s] adding license file 'LICENSE'
[1.102s] writing manifest file '../../build/my_package/my_package.egg-info/SOURCES.txt'
[1.103s] running build
[1.103s] running build_py
[1.103s] running install
[1.108s] running install_lib
[1.126s] running install_data
[1.126s] copying package.xml -> /home/tomasz/Desktop/sese_ws/install/my_package/share/my_package
[1.126s] running install_egg_info
[1.144s] removing '/home/tomasz/Desktop/sese_ws/install/my_package/lib/python3.12/site-packages/my_package-0.0.0-py3.12.egg-info' (and everything under it)
[1.144s] Copying ../../build/my_package/my_package.egg-info to /home/tomasz/Desktop/sese_ws/install/my_package/lib/python3.12/site-packages/my_package-0.0.0-py3.12.egg-info
[1.145s] running install_scripts
[1.261s] Installing my_node script to /home/tomasz/Desktop/sese_ws/install/my_package/lib/my_package
[1.262s] writing list of installed files to '/home/tomasz/Desktop/sese_ws/build/my_package/install.log'
[1.286s] Invoked command in '/home/tomasz/Desktop/sese_ws/src/my_package' returned '0': DEBUGINFOD_URLS=https://debuginfod.ubuntu.com PYTHONPATH=/home/tomasz/Desktop/sese_ws/build/my_package/prefix_override:/usr/lib/python3/dist-packages/colcon_core/task/python/colcon_distutils_commands:/home/tomasz/Desktop/sese_ws/install/my_package/lib/python3.12/site-packages:${PYTHONPATH} /usr/bin/python3 -W ignore:setup.py install is deprecated setup.py egg_info --egg-base ../../build/my_package build --build-base /home/tomasz/Desktop/sese_ws/build/my_package/build install --record /home/tomasz/Desktop/sese_ws/build/my_package/install.log --single-version-externally-managed install_data
