[0.915s] Invoking command in '/home/tomasz/Desktop/sese_ws/src/gs_package': DEBUGINFOD_URLS=https://debuginfod.ubuntu.com PYTHONPATH=/home/tomasz/Desktop/sese_ws/build/gs_package/prefix_override:/usr/lib/python3/dist-packages/colcon_core/task/python/colcon_distutils_commands:/home/tomasz/Desktop/sese_ws/install/gs_package/lib/python3.12/site-packages:${PYTHONPATH} /usr/bin/python3 -W ignore:setup.py install is deprecated -W ignore:easy_install command is deprecated setup.py egg_info --egg-base ../../build/gs_package build --build-base /home/tomasz/Desktop/sese_ws/build/gs_package/build install --record /home/tomasz/Desktop/sese_ws/build/gs_package/install.log --single-version-externally-managed install_data
[1.163s] running egg_info
[1.182s] writing ../../build/gs_package/gs_package.egg-info/PKG-INFO
[1.182s] writing dependency_links to ../../build/gs_package/gs_package.egg-info/dependency_links.txt
[1.182s] writing entry points to ../../build/gs_package/gs_package.egg-info/entry_points.txt
[1.182s] writing requirements to ../../build/gs_package/gs_package.egg-info/requires.txt
[1.182s] writing top-level names to ../../build/gs_package/gs_package.egg-info/top_level.txt
[1.220s] reading manifest file '../../build/gs_package/gs_package.egg-info/SOURCES.txt'
[1.221s] adding license file 'LICENSE'
[1.221s] writing manifest file '../../build/gs_package/gs_package.egg-info/SOURCES.txt'
[1.221s] running build
[1.221s] running build_py
[1.222s] copying gs_package/gs_transmiter.py -> /home/tomasz/Desktop/sese_ws/build/gs_package/build/lib/gs_package
[1.222s] copying gs_package/gs_robot_state.py -> /home/tomasz/Desktop/sese_ws/build/gs_package/build/lib/gs_package
[1.222s] running install
[1.227s] running install_lib
[1.246s] copying /home/tomasz/Desktop/sese_ws/build/gs_package/build/lib/gs_package/gs_transmiter.py -> /home/tomasz/Desktop/sese_ws/install/gs_package/lib/python3.12/site-packages/gs_package
[1.246s] copying /home/tomasz/Desktop/sese_ws/build/gs_package/build/lib/gs_package/gs_robot_state.py -> /home/tomasz/Desktop/sese_ws/install/gs_package/lib/python3.12/site-packages/gs_package
[1.247s] byte-compiling /home/tomasz/Desktop/sese_ws/install/gs_package/lib/python3.12/site-packages/gs_package/gs_transmiter.py to gs_transmiter.cpython-312.pyc
[1.248s] byte-compiling /home/tomasz/Desktop/sese_ws/install/gs_package/lib/python3.12/site-packages/gs_package/gs_robot_state.py to gs_robot_state.cpython-312.pyc
[1.248s] running install_data
[1.248s] running install_egg_info
[1.269s] removing '/home/tomasz/Desktop/sese_ws/install/gs_package/lib/python3.12/site-packages/gs_package-0.0.0-py3.12.egg-info' (and everything under it)
[1.269s] Copying ../../build/gs_package/gs_package.egg-info to /home/tomasz/Desktop/sese_ws/install/gs_package/lib/python3.12/site-packages/gs_package-0.0.0-py3.12.egg-info
[1.270s] running install_scripts
[1.398s] Installing point script to /home/tomasz/Desktop/sese_ws/install/gs_package/lib/gs_package
[1.398s] Installing publish script to /home/tomasz/Desktop/sese_ws/install/gs_package/lib/gs_package
[1.398s] Installing robot script to /home/tomasz/Desktop/sese_ws/install/gs_package/lib/gs_package
[1.398s] Installing subscribe script to /home/tomasz/Desktop/sese_ws/install/gs_package/lib/gs_package
[1.398s] Installing transmit script to /home/tomasz/Desktop/sese_ws/install/gs_package/lib/gs_package
[1.399s] writing list of installed files to '/home/tomasz/Desktop/sese_ws/build/gs_package/install.log'
[1.421s] Invoked command in '/home/tomasz/Desktop/sese_ws/src/gs_package' returned '0': DEBUGINFOD_URLS=https://debuginfod.ubuntu.com PYTHONPATH=/home/tomasz/Desktop/sese_ws/build/gs_package/prefix_override:/usr/lib/python3/dist-packages/colcon_core/task/python/colcon_distutils_commands:/home/tomasz/Desktop/sese_ws/install/gs_package/lib/python3.12/site-packages:${PYTHONPATH} /usr/bin/python3 -W ignore:setup.py install is deprecated -W ignore:easy_install command is deprecated setup.py egg_info --egg-base ../../build/gs_package build --build-base /home/tomasz/Desktop/sese_ws/build/gs_package/build install --record /home/tomasz/Desktop/sese_ws/build/gs_package/install.log --single-version-externally-managed install_data
