[0.029s] Invoking command in '/home/tomasz/Desktop/sese_ws/build/tutorial_interfaces': CMAKE_PREFIX_PATH=${CMAKE_PREFIX_PATH}:/home/tomasz/Desktop/sese_ws/install/py_srvcli:/home/tomasz/Desktop/sese_ws/install/tutorial_interfaces:/home/tomasz/Desktop/sese_ws/install/python_parameters:/home/tomasz/Desktop/sese_ws/install/py_pubsub:/home/tomasz/Desktop/sese_ws/install/my_package:/home/tomasz/Desktop/sese_ws/install/launch_testing_examples:/home/tomasz/Desktop/sese_ws/install/gs_package:/home/tomasz/Desktop/sese_ws/install/examples_rclpy_pointcloud_publisher:/home/tomasz/Desktop/sese_ws/install/examples_rclpy_minimal_subscriber:/home/tomasz/Desktop/sese_ws/install/examples_rclpy_minimal_service:/home/tomasz/Desktop/sese_ws/install/examples_rclpy_minimal_publisher:/home/tomasz/Desktop/sese_ws/install/examples_rclpy_minimal_client:/home/tomasz/Desktop/sese_ws/install/examples_rclpy_minimal_action_server:/home/tomasz/Desktop/sese_ws/install/examples_rclpy_minimal_action_client:/home/tomasz/Desktop/sese_ws/install/examples_rclpy_guard_conditions:/home/tomasz/Desktop/sese_ws/install/examples_rclpy_executors:/opt/ros/jazzy DEBUGINFOD_URLS=https://debuginfod.ubuntu.com /usr/bin/cmake --build /home/tomasz/Desktop/sese_ws/build/tutorial_interfaces -- -j16 -l16
[0.632s] [  1%] Built target tutorial_interfaces__rosidl_generator_type_description
[0.632s] [  1%] Built target ament_cmake_python_copy_tutorial_interfaces
[0.632s] [  3%] Built target tutorial_interfaces__cpp
[0.632s] [ 24%] Built target tutorial_interfaces__rosidl_generator_c
[0.632s] [ 77%] Built target tutorial_interfaces__rosidl_typesupport_introspection_cpp
[0.632s] [ 77%] Built target tutorial_interfaces__rosidl_typesupport_fastrtps_c
[0.632s] [ 77%] Built target tutorial_interfaces__rosidl_typesupport_cpp
[0.632s] [ 77%] Built target tutorial_interfaces__rosidl_typesupport_c
[0.632s] [ 77%] Built target tutorial_interfaces__rosidl_typesupport_fastrtps_cpp
[0.632s] [ 79%] Built target tutorial_interfaces__rosidl_typesupport_introspection_c
[0.632s] [ 79%] Built target tutorial_interfaces
[0.632s] [ 81%] Built target tutorial_interfaces__py
[0.632s] [ 88%] Built target tutorial_interfaces__rosidl_generator_py
[0.633s] [ 98%] Built target tutorial_interfaces_s__rosidl_typesupport_introspection_c
[0.633s] [100%] Built target tutorial_interfaces_s__rosidl_typesupport_fastrtps_c
[0.633s] [100%] Built target tutorial_interfaces_s__rosidl_typesupport_c
[0.633s] running egg_info
[0.633s] writing tutorial_interfaces.egg-info/PKG-INFO
[0.633s] writing dependency_links to tutorial_interfaces.egg-info/dependency_links.txt
[0.633s] writing top-level names to tutorial_interfaces.egg-info/top_level.txt
[0.633s] reading manifest file 'tutorial_interfaces.egg-info/SOURCES.txt'
[0.633s] writing manifest file 'tutorial_interfaces.egg-info/SOURCES.txt'
[0.633s] [100%] Built target ament_cmake_python_build_tutorial_interfaces_egg
[0.838s] Invoked command in '/home/tomasz/Desktop/sese_ws/build/tutorial_interfaces' returned '0': CMAKE_PREFIX_PATH=${CMAKE_PREFIX_PATH}:/home/tomasz/Desktop/sese_ws/install/py_srvcli:/home/tomasz/Desktop/sese_ws/install/tutorial_interfaces:/home/tomasz/Desktop/sese_ws/install/python_parameters:/home/tomasz/Desktop/sese_ws/install/py_pubsub:/home/tomasz/Desktop/sese_ws/install/my_package:/home/tomasz/Desktop/sese_ws/install/launch_testing_examples:/home/tomasz/Desktop/sese_ws/install/gs_package:/home/tomasz/Desktop/sese_ws/install/examples_rclpy_pointcloud_publisher:/home/tomasz/Desktop/sese_ws/install/examples_rclpy_minimal_subscriber:/home/tomasz/Desktop/sese_ws/install/examples_rclpy_minimal_service:/home/tomasz/Desktop/sese_ws/install/examples_rclpy_minimal_publisher:/home/tomasz/Desktop/sese_ws/install/examples_rclpy_minimal_client:/home/tomasz/Desktop/sese_ws/install/examples_rclpy_minimal_action_server:/home/tomasz/Desktop/sese_ws/install/examples_rclpy_minimal_action_client:/home/tomasz/Desktop/sese_ws/install/examples_rclpy_guard_conditions:/home/tomasz/Desktop/sese_ws/install/examples_rclpy_executors:/opt/ros/jazzy DEBUGINFOD_URLS=https://debuginfod.ubuntu.com /usr/bin/cmake --build /home/tomasz/Desktop/sese_ws/build/tutorial_interfaces -- -j16 -l16
[0.960s] Invoking command in '/home/tomasz/Desktop/sese_ws/build/tutorial_interfaces': CMAKE_PREFIX_PATH=${CMAKE_PREFIX_PATH}:/home/tomasz/Desktop/sese_ws/install/py_srvcli:/home/tomasz/Desktop/sese_ws/install/tutorial_interfaces:/home/tomasz/Desktop/sese_ws/install/python_parameters:/home/tomasz/Desktop/sese_ws/install/py_pubsub:/home/tomasz/Desktop/sese_ws/install/my_package:/home/tomasz/Desktop/sese_ws/install/launch_testing_examples:/home/tomasz/Desktop/sese_ws/install/gs_package:/home/tomasz/Desktop/sese_ws/install/examples_rclpy_pointcloud_publisher:/home/tomasz/Desktop/sese_ws/install/examples_rclpy_minimal_subscriber:/home/tomasz/Desktop/sese_ws/install/examples_rclpy_minimal_service:/home/tomasz/Desktop/sese_ws/install/examples_rclpy_minimal_publisher:/home/tomasz/Desktop/sese_ws/install/examples_rclpy_minimal_client:/home/tomasz/Desktop/sese_ws/install/examples_rclpy_minimal_action_server:/home/tomasz/Desktop/sese_ws/install/examples_rclpy_minimal_action_client:/home/tomasz/Desktop/sese_ws/install/examples_rclpy_guard_conditions:/home/tomasz/Desktop/sese_ws/install/examples_rclpy_executors:/opt/ros/jazzy DEBUGINFOD_URLS=https://debuginfod.ubuntu.com /usr/bin/cmake --install /home/tomasz/Desktop/sese_ws/build/tutorial_interfaces
[0.970s] -- Install configuration: ""
[0.970s] -- Up-to-date: /home/tomasz/Desktop/sese_ws/install/tutorial_interfaces/share/ament_index/resource_index/rosidl_interfaces/tutorial_interfaces
[0.971s] -- Up-to-date: /home/tomasz/Desktop/sese_ws/install/tutorial_interfaces/share/tutorial_interfaces/msg/Num.json
[0.971s] -- Up-to-date: /home/tomasz/Desktop/sese_ws/install/tutorial_interfaces/share/tutorial_interfaces/msg/Sphere.json
[0.971s] -- Up-to-date: /home/tomasz/Desktop/sese_ws/install/tutorial_interfaces/share/tutorial_interfaces/srv/AddThreeInts.json
[0.971s] -- Up-to-date: /home/tomasz/Desktop/sese_ws/install/tutorial_interfaces/include/tutorial_interfaces/tutorial_interfaces
[0.971s] -- Up-to-date: /home/tomasz/Desktop/sese_ws/install/tutorial_interfaces/include/tutorial_interfaces/tutorial_interfaces/srv
[0.971s] -- Up-to-date: /home/tomasz/Desktop/sese_ws/install/tutorial_interfaces/include/tutorial_interfaces/tutorial_interfaces/srv/detail
[0.972s] -- Up-to-date: /home/tomasz/Desktop/sese_ws/install/tutorial_interfaces/include/tutorial_interfaces/tutorial_interfaces/srv/detail/add_three_ints__struct.h
[0.972s] -- Up-to-date: /home/tomasz/Desktop/sese_ws/install/tutorial_interfaces/include/tutorial_interfaces/tutorial_interfaces/srv/detail/add_three_ints__functions.c
[0.972s] -- Up-to-date: /home/tomasz/Desktop/sese_ws/install/tutorial_interfaces/include/tutorial_interfaces/tutorial_interfaces/srv/detail/add_three_ints__type_support.h
[0.972s] -- Up-to-date: /home/tomasz/Desktop/sese_ws/install/tutorial_interfaces/include/tutorial_interfaces/tutorial_interfaces/srv/detail/add_three_ints__functions.h
[0.972s] -- Up-to-date: /home/tomasz/Desktop/sese_ws/install/tutorial_interfaces/include/tutorial_interfaces/tutorial_interfaces/srv/detail/add_three_ints__description.c
[0.972s] -- Up-to-date: /home/tomasz/Desktop/sese_ws/install/tutorial_interfaces/include/tutorial_interfaces/tutorial_interfaces/srv/detail/add_three_ints__type_support.c
[0.973s] -- Up-to-date: /home/tomasz/Desktop/sese_ws/install/tutorial_interfaces/include/tutorial_interfaces/tutorial_interfaces/srv/add_three_ints.h
[0.973s] -- Up-to-date: /home/tomasz/Desktop/sese_ws/install/tutorial_interfaces/include/tutorial_interfaces/tutorial_interfaces/msg
[0.973s] -- Up-to-date: /home/tomasz/Desktop/sese_ws/install/tutorial_interfaces/include/tutorial_interfaces/tutorial_interfaces/msg/detail
[0.973s] -- Up-to-date: /home/tomasz/Desktop/sese_ws/install/tutorial_interfaces/include/tutorial_interfaces/tutorial_interfaces/msg/detail/sphere__struct.h
[0.973s] -- Up-to-date: /home/tomasz/Desktop/sese_ws/install/tutorial_interfaces/include/tutorial_interfaces/tutorial_interfaces/msg/detail/sphere__functions.c
[0.973s] -- Up-to-date: /home/tomasz/Desktop/sese_ws/install/tutorial_interfaces/include/tutorial_interfaces/tutorial_interfaces/msg/detail/num__type_support.c
[0.974s] -- Up-to-date: /home/tomasz/Desktop/sese_ws/install/tutorial_interfaces/include/tutorial_interfaces/tutorial_interfaces/msg/detail/sphere__type_support.c
[0.974s] -- Up-to-date: /home/tomasz/Desktop/sese_ws/install/tutorial_interfaces/include/tutorial_interfaces/tutorial_interfaces/msg/detail/num__type_support.h
[0.974s] -- Up-to-date: /home/tomasz/Desktop/sese_ws/install/tutorial_interfaces/include/tutorial_interfaces/tutorial_interfaces/msg/detail/num__description.c
[0.974s] -- Up-to-date: /home/tomasz/Desktop/sese_ws/install/tutorial_interfaces/include/tutorial_interfaces/tutorial_interfaces/msg/detail/sphere__description.c
[0.974s] -- Up-to-date: /home/tomasz/Desktop/sese_ws/install/tutorial_interfaces/include/tutorial_interfaces/tutorial_interfaces/msg/detail/sphere__functions.h
[0.974s] -- Up-to-date: /home/tomasz/Desktop/sese_ws/install/tutorial_interfaces/include/tutorial_interfaces/tutorial_interfaces/msg/detail/num__functions.c
[0.975s] -- Up-to-date: /home/tomasz/Desktop/sese_ws/install/tutorial_interfaces/include/tutorial_interfaces/tutorial_interfaces/msg/detail/sphere__type_support.h
[0.975s] -- Up-to-date: /home/tomasz/Desktop/sese_ws/install/tutorial_interfaces/include/tutorial_interfaces/tutorial_interfaces/msg/detail/num__functions.h
[0.975s] -- Up-to-date: /home/tomasz/Desktop/sese_ws/install/tutorial_interfaces/include/tutorial_interfaces/tutorial_interfaces/msg/detail/num__struct.h
[0.975s] -- Up-to-date: /home/tomasz/Desktop/sese_ws/install/tutorial_interfaces/include/tutorial_interfaces/tutorial_interfaces/msg/rosidl_generator_c__visibility_control.h
[0.975s] -- Up-to-date: /home/tomasz/Desktop/sese_ws/install/tutorial_interfaces/include/tutorial_interfaces/tutorial_interfaces/msg/num.h
[0.975s] -- Up-to-date: /home/tomasz/Desktop/sese_ws/install/tutorial_interfaces/include/tutorial_interfaces/tutorial_interfaces/msg/sphere.h
[0.975s] -- Up-to-date: /home/tomasz/Desktop/sese_ws/install/tutorial_interfaces/share/tutorial_interfaces/environment/library_path.sh
[0.976s] -- Up-to-date: /home/tomasz/Desktop/sese_ws/install/tutorial_interfaces/share/tutorial_interfaces/environment/library_path.dsv
[0.976s] -- Up-to-date: /home/tomasz/Desktop/sese_ws/install/tutorial_interfaces/lib/libtutorial_interfaces__rosidl_generator_c.so
[0.976s] -- Up-to-date: /home/tomasz/Desktop/sese_ws/install/tutorial_interfaces/include/tutorial_interfaces/tutorial_interfaces
[0.976s] -- Up-to-date: /home/tomasz/Desktop/sese_ws/install/tutorial_interfaces/include/tutorial_interfaces/tutorial_interfaces/srv
[0.976s] -- Up-to-date: /home/tomasz/Desktop/sese_ws/install/tutorial_interfaces/include/tutorial_interfaces/tutorial_interfaces/srv/detail
[0.976s] -- Up-to-date: /home/tomasz/Desktop/sese_ws/install/tutorial_interfaces/include/tutorial_interfaces/tutorial_interfaces/srv/detail/add_three_ints__rosidl_typesupport_fastrtps_c.h
[0.977s] -- Up-to-date: /home/tomasz/Desktop/sese_ws/install/tutorial_interfaces/include/tutorial_interfaces/tutorial_interfaces/msg
[0.977s] -- Up-to-date: /home/tomasz/Desktop/sese_ws/install/tutorial_interfaces/include/tutorial_interfaces/tutorial_interfaces/msg/detail
[0.977s] -- Up-to-date: /home/tomasz/Desktop/sese_ws/install/tutorial_interfaces/include/tutorial_interfaces/tutorial_interfaces/msg/detail/sphere__rosidl_typesupport_fastrtps_c.h
[0.977s] -- Up-to-date: /home/tomasz/Desktop/sese_ws/install/tutorial_interfaces/include/tutorial_interfaces/tutorial_interfaces/msg/detail/num__rosidl_typesupport_fastrtps_c.h
[0.977s] -- Up-to-date: /home/tomasz/Desktop/sese_ws/install/tutorial_interfaces/include/tutorial_interfaces/tutorial_interfaces/msg/rosidl_typesupport_fastrtps_c__visibility_control.h
[0.977s] -- Up-to-date: /home/tomasz/Desktop/sese_ws/install/tutorial_interfaces/lib/libtutorial_interfaces__rosidl_typesupport_fastrtps_c.so
[0.977s] -- Up-to-date: /home/tomasz/Desktop/sese_ws/install/tutorial_interfaces/include/tutorial_interfaces/tutorial_interfaces
[0.978s] -- Up-to-date: /home/tomasz/Desktop/sese_ws/install/tutorial_interfaces/include/tutorial_interfaces/tutorial_interfaces/srv
[0.978s] -- Up-to-date: /home/tomasz/Desktop/sese_ws/install/tutorial_interfaces/include/tutorial_interfaces/tutorial_interfaces/srv/detail
[0.978s] -- Up-to-date: /home/tomasz/Desktop/sese_ws/install/tutorial_interfaces/include/tutorial_interfaces/tutorial_interfaces/srv/detail/add_three_ints__builder.hpp
[0.978s] -- Up-to-date: /home/tomasz/Desktop/sese_ws/install/tutorial_interfaces/include/tutorial_interfaces/tutorial_interfaces/srv/detail/add_three_ints__traits.hpp
[0.978s] -- Up-to-date: /home/tomasz/Desktop/sese_ws/install/tutorial_interfaces/include/tutorial_interfaces/tutorial_interfaces/srv/detail/add_three_ints__struct.hpp
[0.978s] -- Up-to-date: /home/tomasz/Desktop/sese_ws/install/tutorial_interfaces/include/tutorial_interfaces/tutorial_interfaces/srv/detail/add_three_ints__type_support.hpp
[0.979s] -- Up-to-date: /home/tomasz/Desktop/sese_ws/install/tutorial_interfaces/include/tutorial_interfaces/tutorial_interfaces/srv/add_three_ints.hpp
[0.979s] -- Up-to-date: /home/tomasz/Desktop/sese_ws/install/tutorial_interfaces/include/tutorial_interfaces/tutorial_interfaces/msg
[0.979s] -- Up-to-date: /home/tomasz/Desktop/sese_ws/install/tutorial_interfaces/include/tutorial_interfaces/tutorial_interfaces/msg/rosidl_generator_cpp__visibility_control.hpp
[0.979s] -- Up-to-date: /home/tomasz/Desktop/sese_ws/install/tutorial_interfaces/include/tutorial_interfaces/tutorial_interfaces/msg/detail
[0.979s] -- Up-to-date: /home/tomasz/Desktop/sese_ws/install/tutorial_interfaces/include/tutorial_interfaces/tutorial_interfaces/msg/detail/sphere__builder.hpp
[0.979s] -- Up-to-date: /home/tomasz/Desktop/sese_ws/install/tutorial_interfaces/include/tutorial_interfaces/tutorial_interfaces/msg/detail/sphere__traits.hpp
[0.979s] -- Up-to-date: /home/tomasz/Desktop/sese_ws/install/tutorial_interfaces/include/tutorial_interfaces/tutorial_interfaces/msg/detail/num__struct.hpp
[0.980s] -- Up-to-date: /home/tomasz/Desktop/sese_ws/install/tutorial_interfaces/include/tutorial_interfaces/tutorial_interfaces/msg/detail/sphere__type_support.hpp
[0.980s] -- Up-to-date: /home/tomasz/Desktop/sese_ws/install/tutorial_interfaces/include/tutorial_interfaces/tutorial_interfaces/msg/detail/num__traits.hpp
[0.980s] -- Up-to-date: /home/tomasz/Desktop/sese_ws/install/tutorial_interfaces/include/tutorial_interfaces/tutorial_interfaces/msg/detail/sphere__struct.hpp
[0.980s] -- Up-to-date: /home/tomasz/Desktop/sese_ws/install/tutorial_interfaces/include/tutorial_interfaces/tutorial_interfaces/msg/detail/num__type_support.hpp
[0.980s] -- Up-to-date: /home/tomasz/Desktop/sese_ws/install/tutorial_interfaces/include/tutorial_interfaces/tutorial_interfaces/msg/detail/num__builder.hpp
[0.980s] -- Up-to-date: /home/tomasz/Desktop/sese_ws/install/tutorial_interfaces/include/tutorial_interfaces/tutorial_interfaces/msg/num.hpp
[0.980s] -- Up-to-date: /home/tomasz/Desktop/sese_ws/install/tutorial_interfaces/include/tutorial_interfaces/tutorial_interfaces/msg/sphere.hpp
[0.980s] -- Up-to-date: /home/tomasz/Desktop/sese_ws/install/tutorial_interfaces/include/tutorial_interfaces/tutorial_interfaces
[0.981s] -- Up-to-date: /home/tomasz/Desktop/sese_ws/install/tutorial_interfaces/include/tutorial_interfaces/tutorial_interfaces/srv
[0.981s] -- Up-to-date: /home/tomasz/Desktop/sese_ws/install/tutorial_interfaces/include/tutorial_interfaces/tutorial_interfaces/srv/detail
[0.981s] -- Up-to-date: /home/tomasz/Desktop/sese_ws/install/tutorial_interfaces/include/tutorial_interfaces/tutorial_interfaces/srv/detail/add_three_ints__rosidl_typesupport_fastrtps_cpp.hpp
[0.981s] -- Up-to-date: /home/tomasz/Desktop/sese_ws/install/tutorial_interfaces/include/tutorial_interfaces/tutorial_interfaces/srv/detail/dds_fastrtps
[0.981s] -- Up-to-date: /home/tomasz/Desktop/sese_ws/install/tutorial_interfaces/include/tutorial_interfaces/tutorial_interfaces/msg
[0.981s] -- Up-to-date: /home/tomasz/Desktop/sese_ws/install/tutorial_interfaces/include/tutorial_interfaces/tutorial_interfaces/msg/detail
[0.981s] -- Up-to-date: /home/tomasz/Desktop/sese_ws/install/tutorial_interfaces/include/tutorial_interfaces/tutorial_interfaces/msg/detail/num__rosidl_typesupport_fastrtps_cpp.hpp
[0.981s] -- Up-to-date: /home/tomasz/Desktop/sese_ws/install/tutorial_interfaces/include/tutorial_interfaces/tutorial_interfaces/msg/detail/sphere__rosidl_typesupport_fastrtps_cpp.hpp
[0.982s] -- Up-to-date: /home/tomasz/Desktop/sese_ws/install/tutorial_interfaces/include/tutorial_interfaces/tutorial_interfaces/msg/detail/dds_fastrtps
[0.982s] -- Up-to-date: /home/tomasz/Desktop/sese_ws/install/tutorial_interfaces/include/tutorial_interfaces/tutorial_interfaces/msg/rosidl_typesupport_fastrtps_cpp__visibility_control.h
[0.982s] -- Up-to-date: /home/tomasz/Desktop/sese_ws/install/tutorial_interfaces/lib/libtutorial_interfaces__rosidl_typesupport_fastrtps_cpp.so
[0.982s] -- Up-to-date: /home/tomasz/Desktop/sese_ws/install/tutorial_interfaces/include/tutorial_interfaces/tutorial_interfaces
[0.982s] -- Up-to-date: /home/tomasz/Desktop/sese_ws/install/tutorial_interfaces/include/tutorial_interfaces/tutorial_interfaces/srv
[0.982s] -- Up-to-date: /home/tomasz/Desktop/sese_ws/install/tutorial_interfaces/include/tutorial_interfaces/tutorial_interfaces/srv/detail
[0.982s] -- Up-to-date: /home/tomasz/Desktop/sese_ws/install/tutorial_interfaces/include/tutorial_interfaces/tutorial_interfaces/srv/detail/add_three_ints__type_support.c
[0.982s] -- Up-to-date: /home/tomasz/Desktop/sese_ws/install/tutorial_interfaces/include/tutorial_interfaces/tutorial_interfaces/srv/detail/add_three_ints__rosidl_typesupport_introspection_c.h
[0.983s] -- Up-to-date: /home/tomasz/Desktop/sese_ws/install/tutorial_interfaces/include/tutorial_interfaces/tutorial_interfaces/msg
[0.983s] -- Up-to-date: /home/tomasz/Desktop/sese_ws/install/tutorial_interfaces/include/tutorial_interfaces/tutorial_interfaces/msg/rosidl_typesupport_introspection_c__visibility_control.h
[0.983s] -- Up-to-date: /home/tomasz/Desktop/sese_ws/install/tutorial_interfaces/include/tutorial_interfaces/tutorial_interfaces/msg/detail
[0.983s] -- Up-to-date: /home/tomasz/Desktop/sese_ws/install/tutorial_interfaces/include/tutorial_interfaces/tutorial_interfaces/msg/detail/sphere__rosidl_typesupport_introspection_c.h
[0.983s] -- Up-to-date: /home/tomasz/Desktop/sese_ws/install/tutorial_interfaces/include/tutorial_interfaces/tutorial_interfaces/msg/detail/num__type_support.c
[0.983s] -- Up-to-date: /home/tomasz/Desktop/sese_ws/install/tutorial_interfaces/include/tutorial_interfaces/tutorial_interfaces/msg/detail/sphere__type_support.c
[0.983s] -- Up-to-date: /home/tomasz/Desktop/sese_ws/install/tutorial_interfaces/include/tutorial_interfaces/tutorial_interfaces/msg/detail/num__rosidl_typesupport_introspection_c.h
[0.984s] -- Up-to-date: /home/tomasz/Desktop/sese_ws/install/tutorial_interfaces/lib/libtutorial_interfaces__rosidl_typesupport_introspection_c.so
[0.984s] -- Up-to-date: /home/tomasz/Desktop/sese_ws/install/tutorial_interfaces/lib/libtutorial_interfaces__rosidl_typesupport_c.so
[0.984s] -- Up-to-date: /home/tomasz/Desktop/sese_ws/install/tutorial_interfaces/include/tutorial_interfaces/tutorial_interfaces
[0.984s] -- Up-to-date: /home/tomasz/Desktop/sese_ws/install/tutorial_interfaces/include/tutorial_interfaces/tutorial_interfaces/srv
[0.984s] -- Up-to-date: /home/tomasz/Desktop/sese_ws/install/tutorial_interfaces/include/tutorial_interfaces/tutorial_interfaces/srv/detail
[0.984s] -- Up-to-date: /home/tomasz/Desktop/sese_ws/install/tutorial_interfaces/include/tutorial_interfaces/tutorial_interfaces/srv/detail/add_three_ints__type_support.cpp
[0.984s] -- Up-to-date: /home/tomasz/Desktop/sese_ws/install/tutorial_interfaces/include/tutorial_interfaces/tutorial_interfaces/srv/detail/add_three_ints__rosidl_typesupport_introspection_cpp.hpp
[0.984s] -- Up-to-date: /home/tomasz/Desktop/sese_ws/install/tutorial_interfaces/include/tutorial_interfaces/tutorial_interfaces/msg
[0.985s] -- Up-to-date: /home/tomasz/Desktop/sese_ws/install/tutorial_interfaces/include/tutorial_interfaces/tutorial_interfaces/msg/detail
[0.985s] -- Up-to-date: /home/tomasz/Desktop/sese_ws/install/tutorial_interfaces/include/tutorial_interfaces/tutorial_interfaces/msg/detail/num__rosidl_typesupport_introspection_cpp.hpp
[0.985s] -- Up-to-date: /home/tomasz/Desktop/sese_ws/install/tutorial_interfaces/include/tutorial_interfaces/tutorial_interfaces/msg/detail/num__type_support.cpp
[0.985s] -- Up-to-date: /home/tomasz/Desktop/sese_ws/install/tutorial_interfaces/include/tutorial_interfaces/tutorial_interfaces/msg/detail/sphere__type_support.cpp
[0.985s] -- Up-to-date: /home/tomasz/Desktop/sese_ws/install/tutorial_interfaces/include/tutorial_interfaces/tutorial_interfaces/msg/detail/sphere__rosidl_typesupport_introspection_cpp.hpp
[0.985s] -- Up-to-date: /home/tomasz/Desktop/sese_ws/install/tutorial_interfaces/lib/libtutorial_interfaces__rosidl_typesupport_introspection_cpp.so
[0.985s] -- Up-to-date: /home/tomasz/Desktop/sese_ws/install/tutorial_interfaces/lib/libtutorial_interfaces__rosidl_typesupport_cpp.so
[0.986s] -- Up-to-date: /home/tomasz/Desktop/sese_ws/install/tutorial_interfaces/share/tutorial_interfaces/environment/pythonpath.sh
[0.986s] -- Up-to-date: /home/tomasz/Desktop/sese_ws/install/tutorial_interfaces/share/tutorial_interfaces/environment/pythonpath.dsv
[0.986s] -- Up-to-date: /home/tomasz/Desktop/sese_ws/install/tutorial_interfaces/lib/python3.12/site-packages/tutorial_interfaces-0.0.0-py3.12.egg-info
[0.986s] -- Installing: /home/tomasz/Desktop/sese_ws/install/tutorial_interfaces/lib/python3.12/site-packages/tutorial_interfaces-0.0.0-py3.12.egg-info/top_level.txt
[0.986s] -- Installing: /home/tomasz/Desktop/sese_ws/install/tutorial_interfaces/lib/python3.12/site-packages/tutorial_interfaces-0.0.0-py3.12.egg-info/dependency_links.txt
[0.986s] -- Installing: /home/tomasz/Desktop/sese_ws/install/tutorial_interfaces/lib/python3.12/site-packages/tutorial_interfaces-0.0.0-py3.12.egg-info/PKG-INFO
[0.986s] -- Installing: /home/tomasz/Desktop/sese_ws/install/tutorial_interfaces/lib/python3.12/site-packages/tutorial_interfaces-0.0.0-py3.12.egg-info/SOURCES.txt
[0.986s] -- Up-to-date: /home/tomasz/Desktop/sese_ws/install/tutorial_interfaces/lib/python3.12/site-packages/tutorial_interfaces
[0.987s] -- Up-to-date: /home/tomasz/Desktop/sese_ws/install/tutorial_interfaces/lib/python3.12/site-packages/tutorial_interfaces/_tutorial_interfaces_s.ep.rosidl_typesupport_fastrtps_c.c
[0.987s] -- Up-to-date: /home/tomasz/Desktop/sese_ws/install/tutorial_interfaces/lib/python3.12/site-packages/tutorial_interfaces/srv
[0.987s] -- Up-to-date: /home/tomasz/Desktop/sese_ws/install/tutorial_interfaces/lib/python3.12/site-packages/tutorial_interfaces/srv/__init__.py
[0.987s] -- Up-to-date: /home/tomasz/Desktop/sese_ws/install/tutorial_interfaces/lib/python3.12/site-packages/tutorial_interfaces/srv/_add_three_ints_s.c
[0.987s] -- Up-to-date: /home/tomasz/Desktop/sese_ws/install/tutorial_interfaces/lib/python3.12/site-packages/tutorial_interfaces/srv/_add_three_ints.py
[0.987s] -- Up-to-date: /home/tomasz/Desktop/sese_ws/install/tutorial_interfaces/lib/python3.12/site-packages/tutorial_interfaces/_tutorial_interfaces_s.ep.rosidl_typesupport_c.c
[0.987s] -- Up-to-date: /home/tomasz/Desktop/sese_ws/install/tutorial_interfaces/lib/python3.12/site-packages/tutorial_interfaces/tutorial_interfaces_s__rosidl_typesupport_fastrtps_c.so
[0.987s] -- Up-to-date: /home/tomasz/Desktop/sese_ws/install/tutorial_interfaces/lib/python3.12/site-packages/tutorial_interfaces/__init__.py
[0.988s] -- Up-to-date: /home/tomasz/Desktop/sese_ws/install/tutorial_interfaces/lib/python3.12/site-packages/tutorial_interfaces/_tutorial_interfaces_s.ep.rosidl_typesupport_introspection_c.c
[0.988s] -- Up-to-date: /home/tomasz/Desktop/sese_ws/install/tutorial_interfaces/lib/python3.12/site-packages/tutorial_interfaces/msg
[0.988s] -- Up-to-date: /home/tomasz/Desktop/sese_ws/install/tutorial_interfaces/lib/python3.12/site-packages/tutorial_interfaces/msg/_num.py
[0.988s] -- Up-to-date: /home/tomasz/Desktop/sese_ws/install/tutorial_interfaces/lib/python3.12/site-packages/tutorial_interfaces/msg/__init__.py
[0.988s] -- Up-to-date: /home/tomasz/Desktop/sese_ws/install/tutorial_interfaces/lib/python3.12/site-packages/tutorial_interfaces/msg/_num_s.c
[0.988s] -- Up-to-date: /home/tomasz/Desktop/sese_ws/install/tutorial_interfaces/lib/python3.12/site-packages/tutorial_interfaces/msg/_sphere.py
[0.988s] -- Up-to-date: /home/tomasz/Desktop/sese_ws/install/tutorial_interfaces/lib/python3.12/site-packages/tutorial_interfaces/msg/_sphere_s.c
[0.988s] -- Up-to-date: /home/tomasz/Desktop/sese_ws/install/tutorial_interfaces/lib/python3.12/site-packages/tutorial_interfaces/tutorial_interfaces_s__rosidl_typesupport_introspection_c.so
[0.989s] -- Up-to-date: /home/tomasz/Desktop/sese_ws/install/tutorial_interfaces/lib/python3.12/site-packages/tutorial_interfaces/tutorial_interfaces_s__rosidl_typesupport_c.so
[1.024s] Listing '/home/tomasz/Desktop/sese_ws/install/tutorial_interfaces/lib/python3.12/site-packages/tutorial_interfaces'...
[1.024s] Listing '/home/tomasz/Desktop/sese_ws/install/tutorial_interfaces/lib/python3.12/site-packages/tutorial_interfaces/msg'...
[1.025s] Listing '/home/tomasz/Desktop/sese_ws/install/tutorial_interfaces/lib/python3.12/site-packages/tutorial_interfaces/srv'...
[1.030s] -- Up-to-date: /home/tomasz/Desktop/sese_ws/install/tutorial_interfaces/lib/python3.12/site-packages/tutorial_interfaces/tutorial_interfaces_s__rosidl_typesupport_fastrtps_c.so
[1.031s] -- Up-to-date: /home/tomasz/Desktop/sese_ws/install/tutorial_interfaces/lib/python3.12/site-packages/tutorial_interfaces/tutorial_interfaces_s__rosidl_typesupport_introspection_c.so
[1.031s] -- Up-to-date: /home/tomasz/Desktop/sese_ws/install/tutorial_interfaces/lib/python3.12/site-packages/tutorial_interfaces/tutorial_interfaces_s__rosidl_typesupport_c.so
[1.031s] -- Up-to-date: /home/tomasz/Desktop/sese_ws/install/tutorial_interfaces/lib/libtutorial_interfaces__rosidl_generator_py.so
[1.032s] -- Up-to-date: /home/tomasz/Desktop/sese_ws/install/tutorial_interfaces/share/tutorial_interfaces/msg/Num.idl
[1.032s] -- Up-to-date: /home/tomasz/Desktop/sese_ws/install/tutorial_interfaces/share/tutorial_interfaces/msg/Sphere.idl
[1.032s] -- Up-to-date: /home/tomasz/Desktop/sese_ws/install/tutorial_interfaces/share/tutorial_interfaces/srv/AddThreeInts.idl
[1.032s] -- Up-to-date: /home/tomasz/Desktop/sese_ws/install/tutorial_interfaces/share/tutorial_interfaces/msg/Num.msg
[1.032s] -- Up-to-date: /home/tomasz/Desktop/sese_ws/install/tutorial_interfaces/share/tutorial_interfaces/msg/Sphere.msg
[1.032s] -- Up-to-date: /home/tomasz/Desktop/sese_ws/install/tutorial_interfaces/share/tutorial_interfaces/srv/AddThreeInts.srv
[1.033s] -- Up-to-date: /home/tomasz/Desktop/sese_ws/install/tutorial_interfaces/share/ament_index/resource_index/package_run_dependencies/tutorial_interfaces
[1.033s] -- Up-to-date: /home/tomasz/Desktop/sese_ws/install/tutorial_interfaces/share/ament_index/resource_index/parent_prefix_path/tutorial_interfaces
[1.033s] -- Up-to-date: /home/tomasz/Desktop/sese_ws/install/tutorial_interfaces/share/tutorial_interfaces/environment/ament_prefix_path.sh
[1.033s] -- Up-to-date: /home/tomasz/Desktop/sese_ws/install/tutorial_interfaces/share/tutorial_interfaces/environment/ament_prefix_path.dsv
[1.033s] -- Up-to-date: /home/tomasz/Desktop/sese_ws/install/tutorial_interfaces/share/tutorial_interfaces/environment/path.sh
[1.033s] -- Up-to-date: /home/tomasz/Desktop/sese_ws/install/tutorial_interfaces/share/tutorial_interfaces/environment/path.dsv
[1.033s] -- Up-to-date: /home/tomasz/Desktop/sese_ws/install/tutorial_interfaces/share/tutorial_interfaces/local_setup.bash
[1.034s] -- Up-to-date: /home/tomasz/Desktop/sese_ws/install/tutorial_interfaces/share/tutorial_interfaces/local_setup.sh
[1.034s] -- Up-to-date: /home/tomasz/Desktop/sese_ws/install/tutorial_interfaces/share/tutorial_interfaces/local_setup.zsh
[1.034s] -- Up-to-date: /home/tomasz/Desktop/sese_ws/install/tutorial_interfaces/share/tutorial_interfaces/local_setup.dsv
[1.034s] -- Installing: /home/tomasz/Desktop/sese_ws/install/tutorial_interfaces/share/tutorial_interfaces/package.dsv
[1.038s] -- Up-to-date: /home/tomasz/Desktop/sese_ws/install/tutorial_interfaces/share/ament_index/resource_index/packages/tutorial_interfaces
[1.038s] -- Up-to-date: /home/tomasz/Desktop/sese_ws/install/tutorial_interfaces/share/tutorial_interfaces/cmake/export_tutorial_interfaces__rosidl_generator_cExport.cmake
[1.038s] -- Up-to-date: /home/tomasz/Desktop/sese_ws/install/tutorial_interfaces/share/tutorial_interfaces/cmake/export_tutorial_interfaces__rosidl_generator_cExport-noconfig.cmake
[1.039s] -- Up-to-date: /home/tomasz/Desktop/sese_ws/install/tutorial_interfaces/share/tutorial_interfaces/cmake/export_tutorial_interfaces__rosidl_typesupport_fastrtps_cExport.cmake
[1.039s] -- Up-to-date: /home/tomasz/Desktop/sese_ws/install/tutorial_interfaces/share/tutorial_interfaces/cmake/export_tutorial_interfaces__rosidl_typesupport_fastrtps_cExport-noconfig.cmake
[1.039s] -- Up-to-date: /home/tomasz/Desktop/sese_ws/install/tutorial_interfaces/share/tutorial_interfaces/cmake/export_tutorial_interfaces__rosidl_generator_cppExport.cmake
[1.039s] -- Up-to-date: /home/tomasz/Desktop/sese_ws/install/tutorial_interfaces/share/tutorial_interfaces/cmake/export_tutorial_interfaces__rosidl_typesupport_fastrtps_cppExport.cmake
[1.039s] -- Up-to-date: /home/tomasz/Desktop/sese_ws/install/tutorial_interfaces/share/tutorial_interfaces/cmake/export_tutorial_interfaces__rosidl_typesupport_fastrtps_cppExport-noconfig.cmake
[1.039s] -- Up-to-date: /home/tomasz/Desktop/sese_ws/install/tutorial_interfaces/share/tutorial_interfaces/cmake/tutorial_interfaces__rosidl_typesupport_introspection_cExport.cmake
[1.040s] -- Up-to-date: /home/tomasz/Desktop/sese_ws/install/tutorial_interfaces/share/tutorial_interfaces/cmake/tutorial_interfaces__rosidl_typesupport_introspection_cExport-noconfig.cmake
[1.040s] -- Up-to-date: /home/tomasz/Desktop/sese_ws/install/tutorial_interfaces/share/tutorial_interfaces/cmake/tutorial_interfaces__rosidl_typesupport_cExport.cmake
[1.040s] -- Up-to-date: /home/tomasz/Desktop/sese_ws/install/tutorial_interfaces/share/tutorial_interfaces/cmake/tutorial_interfaces__rosidl_typesupport_cExport-noconfig.cmake
[1.040s] -- Up-to-date: /home/tomasz/Desktop/sese_ws/install/tutorial_interfaces/share/tutorial_interfaces/cmake/tutorial_interfaces__rosidl_typesupport_introspection_cppExport.cmake
[1.040s] -- Up-to-date: /home/tomasz/Desktop/sese_ws/install/tutorial_interfaces/share/tutorial_interfaces/cmake/tutorial_interfaces__rosidl_typesupport_introspection_cppExport-noconfig.cmake
[1.040s] -- Up-to-date: /home/tomasz/Desktop/sese_ws/install/tutorial_interfaces/share/tutorial_interfaces/cmake/tutorial_interfaces__rosidl_typesupport_cppExport.cmake
[1.041s] -- Up-to-date: /home/tomasz/Desktop/sese_ws/install/tutorial_interfaces/share/tutorial_interfaces/cmake/tutorial_interfaces__rosidl_typesupport_cppExport-noconfig.cmake
[1.041s] -- Up-to-date: /home/tomasz/Desktop/sese_ws/install/tutorial_interfaces/share/tutorial_interfaces/cmake/export_tutorial_interfaces__rosidl_generator_pyExport.cmake
[1.041s] -- Up-to-date: /home/tomasz/Desktop/sese_ws/install/tutorial_interfaces/share/tutorial_interfaces/cmake/export_tutorial_interfaces__rosidl_generator_pyExport-noconfig.cmake
[1.041s] -- Up-to-date: /home/tomasz/Desktop/sese_ws/install/tutorial_interfaces/share/tutorial_interfaces/cmake/rosidl_cmake-extras.cmake
[1.041s] -- Up-to-date: /home/tomasz/Desktop/sese_ws/install/tutorial_interfaces/share/tutorial_interfaces/cmake/ament_cmake_export_dependencies-extras.cmake
[1.041s] -- Up-to-date: /home/tomasz/Desktop/sese_ws/install/tutorial_interfaces/share/tutorial_interfaces/cmake/ament_cmake_export_include_directories-extras.cmake
[1.041s] -- Up-to-date: /home/tomasz/Desktop/sese_ws/install/tutorial_interfaces/share/tutorial_interfaces/cmake/ament_cmake_export_libraries-extras.cmake
[1.041s] -- Up-to-date: /home/tomasz/Desktop/sese_ws/install/tutorial_interfaces/share/tutorial_interfaces/cmake/ament_cmake_export_targets-extras.cmake
[1.041s] -- Up-to-date: /home/tomasz/Desktop/sese_ws/install/tutorial_interfaces/share/tutorial_interfaces/cmake/rosidl_cmake_export_typesupport_targets-extras.cmake
[1.041s] -- Up-to-date: /home/tomasz/Desktop/sese_ws/install/tutorial_interfaces/share/tutorial_interfaces/cmake/rosidl_cmake_export_typesupport_libraries-extras.cmake
[1.041s] -- Up-to-date: /home/tomasz/Desktop/sese_ws/install/tutorial_interfaces/share/tutorial_interfaces/cmake/tutorial_interfacesConfig.cmake
[1.041s] -- Up-to-date: /home/tomasz/Desktop/sese_ws/install/tutorial_interfaces/share/tutorial_interfaces/cmake/tutorial_interfacesConfig-version.cmake
[1.041s] -- Up-to-date: /home/tomasz/Desktop/sese_ws/install/tutorial_interfaces/share/tutorial_interfaces/package.xml
[1.042s] Invoked command in '/home/tomasz/Desktop/sese_ws/build/tutorial_interfaces' returned '0': CMAKE_PREFIX_PATH=${CMAKE_PREFIX_PATH}:/home/tomasz/Desktop/sese_ws/install/py_srvcli:/home/tomasz/Desktop/sese_ws/install/tutorial_interfaces:/home/tomasz/Desktop/sese_ws/install/python_parameters:/home/tomasz/Desktop/sese_ws/install/py_pubsub:/home/tomasz/Desktop/sese_ws/install/my_package:/home/tomasz/Desktop/sese_ws/install/launch_testing_examples:/home/tomasz/Desktop/sese_ws/install/gs_package:/home/tomasz/Desktop/sese_ws/install/examples_rclpy_pointcloud_publisher:/home/tomasz/Desktop/sese_ws/install/examples_rclpy_minimal_subscriber:/home/tomasz/Desktop/sese_ws/install/examples_rclpy_minimal_service:/home/tomasz/Desktop/sese_ws/install/examples_rclpy_minimal_publisher:/home/tomasz/Desktop/sese_ws/install/examples_rclpy_minimal_client:/home/tomasz/Desktop/sese_ws/install/examples_rclpy_minimal_action_server:/home/tomasz/Desktop/sese_ws/install/examples_rclpy_minimal_action_client:/home/tomasz/Desktop/sese_ws/install/examples_rclpy_guard_conditions:/home/tomasz/Desktop/sese_ws/install/examples_rclpy_executors:/opt/ros/jazzy DEBUGINFOD_URLS=https://debuginfod.ubuntu.com /usr/bin/cmake --install /home/tomasz/Desktop/sese_ws/build/tutorial_interfaces
