[1.482s] Invoking command in '/home/tomasz/Desktop/sese_ws/src/gs_package': DEBUGINFOD_URLS=https://debuginfod.ubuntu.com PYTHONPATH=/home/tomasz/Desktop/sese_ws/build/gs_package/prefix_override:/usr/lib/python3/dist-packages/colcon_core/task/python/colcon_distutils_commands:/home/tomasz/Desktop/sese_ws/install/gs_package/lib/python3.12/site-packages:${PYTHONPATH} /usr/bin/python3 -W ignore:setup.py install is deprecated -W ignore:easy_install command is deprecated setup.py egg_info --egg-base ../../build/gs_package build --build-base /home/tomasz/Desktop/sese_ws/build/gs_package/build install --record /home/tomasz/Desktop/sese_ws/build/gs_package/install.log --single-version-externally-managed install_data
[1.754s] running egg_info
[1.773s] writing ../../build/gs_package/gs_package.egg-info/PKG-INFO
[1.774s] writing dependency_links to ../../build/gs_package/gs_package.egg-info/dependency_links.txt
[1.774s] writing entry points to ../../build/gs_package/gs_package.egg-info/entry_points.txt
[1.774s] writing requirements to ../../build/gs_package/gs_package.egg-info/requires.txt
[1.774s] writing top-level names to ../../build/gs_package/gs_package.egg-info/top_level.txt
[1.815s] reading manifest file '../../build/gs_package/gs_package.egg-info/SOURCES.txt'
[1.815s] adding license file 'LICENSE'
[1.816s] writing manifest file '../../build/gs_package/gs_package.egg-info/SOURCES.txt'
[1.816s] running build
[1.816s] running build_py
[1.816s] copying gs_package/gs_batt_pub.py -> /home/tomasz/Desktop/sese_ws/build/gs_package/build/lib/gs_package
[1.817s] running install
[1.822s] running install_lib
[1.842s] copying /home/tomasz/Desktop/sese_ws/build/gs_package/build/lib/gs_package/gs_batt_pub.py -> /home/tomasz/Desktop/sese_ws/install/gs_package/lib/python3.12/site-packages/gs_package
[1.843s] byte-compiling /home/tomasz/Desktop/sese_ws/install/gs_package/lib/python3.12/site-packages/gs_package/gs_batt_pub.py to gs_batt_pub.cpython-312.pyc
[1.843s] running install_data
[1.844s] running install_egg_info
[1.865s] removing '/home/tomasz/Desktop/sese_ws/install/gs_package/lib/python3.12/site-packages/gs_package-0.0.0-py3.12.egg-info' (and everything under it)
[1.866s] Copying ../../build/gs_package/gs_package.egg-info to /home/tomasz/Desktop/sese_ws/install/gs_package/lib/python3.12/site-packages/gs_package-0.0.0-py3.12.egg-info
[1.866s] running install_scripts
[2.007s] Installing point script to /home/tomasz/Desktop/sese_ws/install/gs_package/lib/gs_package
[2.007s] Installing publish script to /home/tomasz/Desktop/sese_ws/install/gs_package/lib/gs_package
[2.008s] Installing subscribe script to /home/tomasz/Desktop/sese_ws/install/gs_package/lib/gs_package
[2.008s] writing list of installed files to '/home/tomasz/Desktop/sese_ws/build/gs_package/install.log'
[2.071s] Invoked command in '/home/tomasz/Desktop/sese_ws/src/gs_package' returned '0': DEBUGINFOD_URLS=https://debuginfod.ubuntu.com PYTHONPATH=/home/tomasz/Desktop/sese_ws/build/gs_package/prefix_override:/usr/lib/python3/dist-packages/colcon_core/task/python/colcon_distutils_commands:/home/tomasz/Desktop/sese_ws/install/gs_package/lib/python3.12/site-packages:${PYTHONPATH} /usr/bin/python3 -W ignore:setup.py install is deprecated -W ignore:easy_install command is deprecated setup.py egg_info --egg-base ../../build/gs_package build --build-base /home/tomasz/Desktop/sese_ws/build/gs_package/build install --record /home/tomasz/Desktop/sese_ws/build/gs_package/install.log --single-version-externally-managed install_data
