[0.113s] Invoking command in '/home/tomasz/Desktop/sese_ws/build/tutorial_interfaces': CMAKE_PREFIX_PATH=${CMAKE_PREFIX_PATH}:/home/tomasz/Desktop/sese_ws/install/py_srvcli:/home/tomasz/Desktop/sese_ws/install/python_parameters:/home/tomasz/Desktop/sese_ws/install/py_pubsub:/home/tomasz/Desktop/sese_ws/install/my_package:/home/tomasz/Desktop/sese_ws/install/launch_testing_examples:/home/tomasz/Desktop/sese_ws/install/gs_package:/home/tomasz/Desktop/sese_ws/install/examples_rclpy_pointcloud_publisher:/home/tomasz/Desktop/sese_ws/install/examples_rclpy_minimal_subscriber:/home/tomasz/Desktop/sese_ws/install/examples_rclpy_minimal_service:/home/tomasz/Desktop/sese_ws/install/examples_rclpy_minimal_publisher:/home/tomasz/Desktop/sese_ws/install/examples_rclpy_minimal_client:/home/tomasz/Desktop/sese_ws/install/examples_rclpy_minimal_action_server:/home/tomasz/Desktop/sese_ws/install/examples_rclpy_minimal_action_client:/home/tomasz/Desktop/sese_ws/install/examples_rclpy_guard_conditions:/home/tomasz/Desktop/sese_ws/install/examples_rclpy_executors:/opt/ros/jazzy DEBUGINFOD_URLS=https://debuginfod.ubuntu.com /usr/bin/cmake --build /home/tomasz/Desktop/sese_ws/build/tutorial_interfaces -- -j16 -l16
[2.031s] [  1%] Built target tutorial_interfaces__rosidl_generator_type_description
[2.032s] [  1%] Built target ament_cmake_python_copy_tutorial_interfaces
[2.033s] [  3%] Built target tutorial_interfaces__cpp
[2.034s] [ 24%] Built target tutorial_interfaces__rosidl_generator_c
[2.035s] [ 51%] Built target tutorial_interfaces__rosidl_typesupport_introspection_c
[2.035s] [ 51%] Built target tutorial_interfaces__rosidl_typesupport_introspection_cpp
[2.036s] [ 51%] Built target tutorial_interfaces__rosidl_typesupport_c
[2.038s] [ 61%] Built target tutorial_interfaces__rosidl_typesupport_fastrtps_cpp
[2.038s] [ 70%] Built target tutorial_interfaces__rosidl_typesupport_fastrtps_c
[2.039s] [ 79%] Built target tutorial_interfaces__rosidl_typesupport_cpp
[2.040s] [ 79%] Built target tutorial_interfaces
[2.040s] [ 81%] Built target tutorial_interfaces__py
[2.041s] [ 88%] Built target tutorial_interfaces__rosidl_generator_py
[2.041s] [100%] Built target tutorial_interfaces_s__rosidl_typesupport_c
[2.042s] [100%] Built target tutorial_interfaces_s__rosidl_typesupport_introspection_c
[2.042s] [100%] Built target tutorial_interfaces_s__rosidl_typesupport_fastrtps_c
[2.042s] running egg_info
[2.042s] writing tutorial_interfaces.egg-info/PKG-INFO
[2.043s] writing dependency_links to tutorial_interfaces.egg-info/dependency_links.txt
[2.043s] writing top-level names to tutorial_interfaces.egg-info/top_level.txt
[2.043s] reading manifest file 'tutorial_interfaces.egg-info/SOURCES.txt'
[2.044s] writing manifest file 'tutorial_interfaces.egg-info/SOURCES.txt'
[2.044s] [100%] Built target ament_cmake_python_build_tutorial_interfaces_egg
[2.724s] Invoked command in '/home/tomasz/Desktop/sese_ws/build/tutorial_interfaces' returned '0': CMAKE_PREFIX_PATH=${CMAKE_PREFIX_PATH}:/home/tomasz/Desktop/sese_ws/install/py_srvcli:/home/tomasz/Desktop/sese_ws/install/python_parameters:/home/tomasz/Desktop/sese_ws/install/py_pubsub:/home/tomasz/Desktop/sese_ws/install/my_package:/home/tomasz/Desktop/sese_ws/install/launch_testing_examples:/home/tomasz/Desktop/sese_ws/install/gs_package:/home/tomasz/Desktop/sese_ws/install/examples_rclpy_pointcloud_publisher:/home/tomasz/Desktop/sese_ws/install/examples_rclpy_minimal_subscriber:/home/tomasz/Desktop/sese_ws/install/examples_rclpy_minimal_service:/home/tomasz/Desktop/sese_ws/install/examples_rclpy_minimal_publisher:/home/tomasz/Desktop/sese_ws/install/examples_rclpy_minimal_client:/home/tomasz/Desktop/sese_ws/install/examples_rclpy_minimal_action_server:/home/tomasz/Desktop/sese_ws/install/examples_rclpy_minimal_action_client:/home/tomasz/Desktop/sese_ws/install/examples_rclpy_guard_conditions:/home/tomasz/Desktop/sese_ws/install/examples_rclpy_executors:/opt/ros/jazzy DEBUGINFOD_URLS=https://debuginfod.ubuntu.com /usr/bin/cmake --build /home/tomasz/Desktop/sese_ws/build/tutorial_interfaces -- -j16 -l16
[3.118s] Invoking command in '/home/tomasz/Desktop/sese_ws/build/tutorial_interfaces': CMAKE_PREFIX_PATH=${CMAKE_PREFIX_PATH}:/home/tomasz/Desktop/sese_ws/install/py_srvcli:/home/tomasz/Desktop/sese_ws/install/python_parameters:/home/tomasz/Desktop/sese_ws/install/py_pubsub:/home/tomasz/Desktop/sese_ws/install/my_package:/home/tomasz/Desktop/sese_ws/install/launch_testing_examples:/home/tomasz/Desktop/sese_ws/install/gs_package:/home/tomasz/Desktop/sese_ws/install/examples_rclpy_pointcloud_publisher:/home/tomasz/Desktop/sese_ws/install/examples_rclpy_minimal_subscriber:/home/tomasz/Desktop/sese_ws/install/examples_rclpy_minimal_service:/home/tomasz/Desktop/sese_ws/install/examples_rclpy_minimal_publisher:/home/tomasz/Desktop/sese_ws/install/examples_rclpy_minimal_client:/home/tomasz/Desktop/sese_ws/install/examples_rclpy_minimal_action_server:/home/tomasz/Desktop/sese_ws/install/examples_rclpy_minimal_action_client:/home/tomasz/Desktop/sese_ws/install/examples_rclpy_guard_conditions:/home/tomasz/Desktop/sese_ws/install/examples_rclpy_executors:/opt/ros/jazzy DEBUGINFOD_URLS=https://debuginfod.ubuntu.com /usr/bin/cmake --install /home/tomasz/Desktop/sese_ws/build/tutorial_interfaces
[3.144s] -- Install configuration: ""
[3.145s] -- Up-to-date: /home/tomasz/Desktop/sese_ws/install/tutorial_interfaces/share/ament_index/resource_index/rosidl_interfaces/tutorial_interfaces
[3.145s] -- Up-to-date: /home/tomasz/Desktop/sese_ws/install/tutorial_interfaces/share/tutorial_interfaces/msg/Num.json
[3.146s] -- Up-to-date: /home/tomasz/Desktop/sese_ws/install/tutorial_interfaces/share/tutorial_interfaces/msg/Sphere.json
[3.146s] -- Up-to-date: /home/tomasz/Desktop/sese_ws/install/tutorial_interfaces/share/tutorial_interfaces/srv/AddThreeInts.json
[3.146s] -- Up-to-date: /home/tomasz/Desktop/sese_ws/install/tutorial_interfaces/include/tutorial_interfaces/tutorial_interfaces
[3.147s] -- Up-to-date: /home/tomasz/Desktop/sese_ws/install/tutorial_interfaces/include/tutorial_interfaces/tutorial_interfaces/srv
[3.147s] -- Up-to-date: /home/tomasz/Desktop/sese_ws/install/tutorial_interfaces/include/tutorial_interfaces/tutorial_interfaces/srv/detail
[3.147s] -- Up-to-date: /home/tomasz/Desktop/sese_ws/install/tutorial_interfaces/include/tutorial_interfaces/tutorial_interfaces/srv/detail/add_three_ints__struct.h
[3.147s] -- Up-to-date: /home/tomasz/Desktop/sese_ws/install/tutorial_interfaces/include/tutorial_interfaces/tutorial_interfaces/srv/detail/add_three_ints__functions.c
[3.147s] -- Up-to-date: /home/tomasz/Desktop/sese_ws/install/tutorial_interfaces/include/tutorial_interfaces/tutorial_interfaces/srv/detail/add_three_ints__type_support.h
[3.148s] -- Up-to-date: /home/tomasz/Desktop/sese_ws/install/tutorial_interfaces/include/tutorial_interfaces/tutorial_interfaces/srv/detail/add_three_ints__functions.h
[3.148s] -- Up-to-date: /home/tomasz/Desktop/sese_ws/install/tutorial_interfaces/include/tutorial_interfaces/tutorial_interfaces/srv/detail/add_three_ints__description.c
[3.148s] -- Up-to-date: /home/tomasz/Desktop/sese_ws/install/tutorial_interfaces/include/tutorial_interfaces/tutorial_interfaces/srv/detail/add_three_ints__type_support.c
[3.149s] -- Up-to-date: /home/tomasz/Desktop/sese_ws/install/tutorial_interfaces/include/tutorial_interfaces/tutorial_interfaces/srv/add_three_ints.h
[3.149s] -- Up-to-date: /home/tomasz/Desktop/sese_ws/install/tutorial_interfaces/include/tutorial_interfaces/tutorial_interfaces/msg
[3.149s] -- Up-to-date: /home/tomasz/Desktop/sese_ws/install/tutorial_interfaces/include/tutorial_interfaces/tutorial_interfaces/msg/detail
[3.149s] -- Up-to-date: /home/tomasz/Desktop/sese_ws/install/tutorial_interfaces/include/tutorial_interfaces/tutorial_interfaces/msg/detail/sphere__struct.h
[3.150s] -- Up-to-date: /home/tomasz/Desktop/sese_ws/install/tutorial_interfaces/include/tutorial_interfaces/tutorial_interfaces/msg/detail/sphere__functions.c
[3.150s] -- Up-to-date: /home/tomasz/Desktop/sese_ws/install/tutorial_interfaces/include/tutorial_interfaces/tutorial_interfaces/msg/detail/num__type_support.c
[3.150s] -- Up-to-date: /home/tomasz/Desktop/sese_ws/install/tutorial_interfaces/include/tutorial_interfaces/tutorial_interfaces/msg/detail/sphere__type_support.c
[3.151s] -- Up-to-date: /home/tomasz/Desktop/sese_ws/install/tutorial_interfaces/include/tutorial_interfaces/tutorial_interfaces/msg/detail/num__type_support.h
[3.151s] -- Up-to-date: /home/tomasz/Desktop/sese_ws/install/tutorial_interfaces/include/tutorial_interfaces/tutorial_interfaces/msg/detail/num__description.c
[3.151s] -- Up-to-date: /home/tomasz/Desktop/sese_ws/install/tutorial_interfaces/include/tutorial_interfaces/tutorial_interfaces/msg/detail/sphere__description.c
[3.152s] -- Up-to-date: /home/tomasz/Desktop/sese_ws/install/tutorial_interfaces/include/tutorial_interfaces/tutorial_interfaces/msg/detail/sphere__functions.h
[3.152s] -- Up-to-date: /home/tomasz/Desktop/sese_ws/install/tutorial_interfaces/include/tutorial_interfaces/tutorial_interfaces/msg/detail/num__functions.c
[3.152s] -- Up-to-date: /home/tomasz/Desktop/sese_ws/install/tutorial_interfaces/include/tutorial_interfaces/tutorial_interfaces/msg/detail/sphere__type_support.h
[3.152s] -- Up-to-date: /home/tomasz/Desktop/sese_ws/install/tutorial_interfaces/include/tutorial_interfaces/tutorial_interfaces/msg/detail/num__functions.h
[3.152s] -- Up-to-date: /home/tomasz/Desktop/sese_ws/install/tutorial_interfaces/include/tutorial_interfaces/tutorial_interfaces/msg/detail/num__struct.h
[3.153s] -- Up-to-date: /home/tomasz/Desktop/sese_ws/install/tutorial_interfaces/include/tutorial_interfaces/tutorial_interfaces/msg/rosidl_generator_c__visibility_control.h
[3.153s] -- Up-to-date: /home/tomasz/Desktop/sese_ws/install/tutorial_interfaces/include/tutorial_interfaces/tutorial_interfaces/msg/num.h
[3.153s] -- Up-to-date: /home/tomasz/Desktop/sese_ws/install/tutorial_interfaces/include/tutorial_interfaces/tutorial_interfaces/msg/sphere.h
[3.153s] -- Up-to-date: /home/tomasz/Desktop/sese_ws/install/tutorial_interfaces/share/tutorial_interfaces/environment/library_path.sh
[3.153s] -- Up-to-date: /home/tomasz/Desktop/sese_ws/install/tutorial_interfaces/share/tutorial_interfaces/environment/library_path.dsv
[3.154s] -- Up-to-date: /home/tomasz/Desktop/sese_ws/install/tutorial_interfaces/lib/libtutorial_interfaces__rosidl_generator_c.so
[3.154s] -- Up-to-date: /home/tomasz/Desktop/sese_ws/install/tutorial_interfaces/include/tutorial_interfaces/tutorial_interfaces
[3.154s] -- Up-to-date: /home/tomasz/Desktop/sese_ws/install/tutorial_interfaces/include/tutorial_interfaces/tutorial_interfaces/srv
[3.154s] -- Up-to-date: /home/tomasz/Desktop/sese_ws/install/tutorial_interfaces/include/tutorial_interfaces/tutorial_interfaces/srv/detail
[3.154s] -- Up-to-date: /home/tomasz/Desktop/sese_ws/install/tutorial_interfaces/include/tutorial_interfaces/tutorial_interfaces/srv/detail/add_three_ints__rosidl_typesupport_fastrtps_c.h
[3.154s] -- Up-to-date: /home/tomasz/Desktop/sese_ws/install/tutorial_interfaces/include/tutorial_interfaces/tutorial_interfaces/msg
[3.155s] -- Up-to-date: /home/tomasz/Desktop/sese_ws/install/tutorial_interfaces/include/tutorial_interfaces/tutorial_interfaces/msg/detail
[3.155s] -- Up-to-date: /home/tomasz/Desktop/sese_ws/install/tutorial_interfaces/include/tutorial_interfaces/tutorial_interfaces/msg/detail/sphere__rosidl_typesupport_fastrtps_c.h
[3.155s] -- Up-to-date: /home/tomasz/Desktop/sese_ws/install/tutorial_interfaces/include/tutorial_interfaces/tutorial_interfaces/msg/detail/num__rosidl_typesupport_fastrtps_c.h
[3.155s] -- Up-to-date: /home/tomasz/Desktop/sese_ws/install/tutorial_interfaces/include/tutorial_interfaces/tutorial_interfaces/msg/rosidl_typesupport_fastrtps_c__visibility_control.h
[3.155s] -- Up-to-date: /home/tomasz/Desktop/sese_ws/install/tutorial_interfaces/lib/libtutorial_interfaces__rosidl_typesupport_fastrtps_c.so
[3.155s] -- Up-to-date: /home/tomasz/Desktop/sese_ws/install/tutorial_interfaces/include/tutorial_interfaces/tutorial_interfaces
[3.155s] -- Up-to-date: /home/tomasz/Desktop/sese_ws/install/tutorial_interfaces/include/tutorial_interfaces/tutorial_interfaces/srv
[3.156s] -- Up-to-date: /home/tomasz/Desktop/sese_ws/install/tutorial_interfaces/include/tutorial_interfaces/tutorial_interfaces/srv/detail
[3.156s] -- Up-to-date: /home/tomasz/Desktop/sese_ws/install/tutorial_interfaces/include/tutorial_interfaces/tutorial_interfaces/srv/detail/add_three_ints__builder.hpp
[3.156s] -- Up-to-date: /home/tomasz/Desktop/sese_ws/install/tutorial_interfaces/include/tutorial_interfaces/tutorial_interfaces/srv/detail/add_three_ints__traits.hpp
[3.157s] -- Up-to-date: /home/tomasz/Desktop/sese_ws/install/tutorial_interfaces/include/tutorial_interfaces/tutorial_interfaces/srv/detail/add_three_ints__struct.hpp
[3.157s] -- Up-to-date: /home/tomasz/Desktop/sese_ws/install/tutorial_interfaces/include/tutorial_interfaces/tutorial_interfaces/srv/detail/add_three_ints__type_support.hpp
[3.157s] -- Up-to-date: /home/tomasz/Desktop/sese_ws/install/tutorial_interfaces/include/tutorial_interfaces/tutorial_interfaces/srv/add_three_ints.hpp
[3.157s] -- Up-to-date: /home/tomasz/Desktop/sese_ws/install/tutorial_interfaces/include/tutorial_interfaces/tutorial_interfaces/msg
[3.157s] -- Up-to-date: /home/tomasz/Desktop/sese_ws/install/tutorial_interfaces/include/tutorial_interfaces/tutorial_interfaces/msg/rosidl_generator_cpp__visibility_control.hpp
[3.158s] -- Up-to-date: /home/tomasz/Desktop/sese_ws/install/tutorial_interfaces/include/tutorial_interfaces/tutorial_interfaces/msg/detail
[3.158s] -- Up-to-date: /home/tomasz/Desktop/sese_ws/install/tutorial_interfaces/include/tutorial_interfaces/tutorial_interfaces/msg/detail/sphere__builder.hpp
[3.158s] -- Up-to-date: /home/tomasz/Desktop/sese_ws/install/tutorial_interfaces/include/tutorial_interfaces/tutorial_interfaces/msg/detail/sphere__traits.hpp
[3.158s] -- Up-to-date: /home/tomasz/Desktop/sese_ws/install/tutorial_interfaces/include/tutorial_interfaces/tutorial_interfaces/msg/detail/num__struct.hpp
[3.158s] -- Up-to-date: /home/tomasz/Desktop/sese_ws/install/tutorial_interfaces/include/tutorial_interfaces/tutorial_interfaces/msg/detail/sphere__type_support.hpp
[3.158s] -- Up-to-date: /home/tomasz/Desktop/sese_ws/install/tutorial_interfaces/include/tutorial_interfaces/tutorial_interfaces/msg/detail/num__traits.hpp
[3.159s] -- Up-to-date: /home/tomasz/Desktop/sese_ws/install/tutorial_interfaces/include/tutorial_interfaces/tutorial_interfaces/msg/detail/sphere__struct.hpp
[3.159s] -- Up-to-date: /home/tomasz/Desktop/sese_ws/install/tutorial_interfaces/include/tutorial_interfaces/tutorial_interfaces/msg/detail/num__type_support.hpp
[3.159s] -- Up-to-date: /home/tomasz/Desktop/sese_ws/install/tutorial_interfaces/include/tutorial_interfaces/tutorial_interfaces/msg/detail/num__builder.hpp
[3.159s] -- Up-to-date: /home/tomasz/Desktop/sese_ws/install/tutorial_interfaces/include/tutorial_interfaces/tutorial_interfaces/msg/num.hpp
[3.159s] -- Up-to-date: /home/tomasz/Desktop/sese_ws/install/tutorial_interfaces/include/tutorial_interfaces/tutorial_interfaces/msg/sphere.hpp
[3.159s] -- Up-to-date: /home/tomasz/Desktop/sese_ws/install/tutorial_interfaces/include/tutorial_interfaces/tutorial_interfaces
[3.160s] -- Up-to-date: /home/tomasz/Desktop/sese_ws/install/tutorial_interfaces/include/tutorial_interfaces/tutorial_interfaces/srv
[3.160s] -- Up-to-date: /home/tomasz/Desktop/sese_ws/install/tutorial_interfaces/include/tutorial_interfaces/tutorial_interfaces/srv/detail
[3.160s] -- Up-to-date: /home/tomasz/Desktop/sese_ws/install/tutorial_interfaces/include/tutorial_interfaces/tutorial_interfaces/srv/detail/add_three_ints__rosidl_typesupport_fastrtps_cpp.hpp
[3.160s] -- Up-to-date: /home/tomasz/Desktop/sese_ws/install/tutorial_interfaces/include/tutorial_interfaces/tutorial_interfaces/srv/detail/dds_fastrtps
[3.160s] -- Up-to-date: /home/tomasz/Desktop/sese_ws/install/tutorial_interfaces/include/tutorial_interfaces/tutorial_interfaces/msg
[3.160s] -- Up-to-date: /home/tomasz/Desktop/sese_ws/install/tutorial_interfaces/include/tutorial_interfaces/tutorial_interfaces/msg/detail
[3.161s] -- Up-to-date: /home/tomasz/Desktop/sese_ws/install/tutorial_interfaces/include/tutorial_interfaces/tutorial_interfaces/msg/detail/num__rosidl_typesupport_fastrtps_cpp.hpp
[3.161s] -- Up-to-date: /home/tomasz/Desktop/sese_ws/install/tutorial_interfaces/include/tutorial_interfaces/tutorial_interfaces/msg/detail/sphere__rosidl_typesupport_fastrtps_cpp.hpp
[3.161s] -- Up-to-date: /home/tomasz/Desktop/sese_ws/install/tutorial_interfaces/include/tutorial_interfaces/tutorial_interfaces/msg/detail/dds_fastrtps
[3.161s] -- Up-to-date: /home/tomasz/Desktop/sese_ws/install/tutorial_interfaces/include/tutorial_interfaces/tutorial_interfaces/msg/rosidl_typesupport_fastrtps_cpp__visibility_control.h
[3.162s] -- Up-to-date: /home/tomasz/Desktop/sese_ws/install/tutorial_interfaces/lib/libtutorial_interfaces__rosidl_typesupport_fastrtps_cpp.so
[3.162s] -- Up-to-date: /home/tomasz/Desktop/sese_ws/install/tutorial_interfaces/include/tutorial_interfaces/tutorial_interfaces
[3.162s] -- Up-to-date: /home/tomasz/Desktop/sese_ws/install/tutorial_interfaces/include/tutorial_interfaces/tutorial_interfaces/srv
[3.162s] -- Up-to-date: /home/tomasz/Desktop/sese_ws/install/tutorial_interfaces/include/tutorial_interfaces/tutorial_interfaces/srv/detail
[3.162s] -- Up-to-date: /home/tomasz/Desktop/sese_ws/install/tutorial_interfaces/include/tutorial_interfaces/tutorial_interfaces/srv/detail/add_three_ints__type_support.c
[3.162s] -- Up-to-date: /home/tomasz/Desktop/sese_ws/install/tutorial_interfaces/include/tutorial_interfaces/tutorial_interfaces/srv/detail/add_three_ints__rosidl_typesupport_introspection_c.h
[3.163s] -- Up-to-date: /home/tomasz/Desktop/sese_ws/install/tutorial_interfaces/include/tutorial_interfaces/tutorial_interfaces/msg
[3.163s] -- Up-to-date: /home/tomasz/Desktop/sese_ws/install/tutorial_interfaces/include/tutorial_interfaces/tutorial_interfaces/msg/rosidl_typesupport_introspection_c__visibility_control.h
[3.163s] -- Up-to-date: /home/tomasz/Desktop/sese_ws/install/tutorial_interfaces/include/tutorial_interfaces/tutorial_interfaces/msg/detail
[3.163s] -- Up-to-date: /home/tomasz/Desktop/sese_ws/install/tutorial_interfaces/include/tutorial_interfaces/tutorial_interfaces/msg/detail/sphere__rosidl_typesupport_introspection_c.h
[3.163s] -- Up-to-date: /home/tomasz/Desktop/sese_ws/install/tutorial_interfaces/include/tutorial_interfaces/tutorial_interfaces/msg/detail/num__type_support.c
[3.163s] -- Up-to-date: /home/tomasz/Desktop/sese_ws/install/tutorial_interfaces/include/tutorial_interfaces/tutorial_interfaces/msg/detail/sphere__type_support.c
[3.163s] -- Up-to-date: /home/tomasz/Desktop/sese_ws/install/tutorial_interfaces/include/tutorial_interfaces/tutorial_interfaces/msg/detail/num__rosidl_typesupport_introspection_c.h
[3.164s] -- Up-to-date: /home/tomasz/Desktop/sese_ws/install/tutorial_interfaces/lib/libtutorial_interfaces__rosidl_typesupport_introspection_c.so
[3.164s] -- Up-to-date: /home/tomasz/Desktop/sese_ws/install/tutorial_interfaces/lib/libtutorial_interfaces__rosidl_typesupport_c.so
[3.164s] -- Up-to-date: /home/tomasz/Desktop/sese_ws/install/tutorial_interfaces/include/tutorial_interfaces/tutorial_interfaces
[3.164s] -- Up-to-date: /home/tomasz/Desktop/sese_ws/install/tutorial_interfaces/include/tutorial_interfaces/tutorial_interfaces/srv
[3.164s] -- Up-to-date: /home/tomasz/Desktop/sese_ws/install/tutorial_interfaces/include/tutorial_interfaces/tutorial_interfaces/srv/detail
[3.165s] -- Up-to-date: /home/tomasz/Desktop/sese_ws/install/tutorial_interfaces/include/tutorial_interfaces/tutorial_interfaces/srv/detail/add_three_ints__type_support.cpp
[3.165s] -- Up-to-date: /home/tomasz/Desktop/sese_ws/install/tutorial_interfaces/include/tutorial_interfaces/tutorial_interfaces/srv/detail/add_three_ints__rosidl_typesupport_introspection_cpp.hpp
[3.165s] -- Up-to-date: /home/tomasz/Desktop/sese_ws/install/tutorial_interfaces/include/tutorial_interfaces/tutorial_interfaces/msg
[3.166s] -- Up-to-date: /home/tomasz/Desktop/sese_ws/install/tutorial_interfaces/include/tutorial_interfaces/tutorial_interfaces/msg/detail
[3.166s] -- Up-to-date: /home/tomasz/Desktop/sese_ws/install/tutorial_interfaces/include/tutorial_interfaces/tutorial_interfaces/msg/detail/num__rosidl_typesupport_introspection_cpp.hpp
[3.166s] -- Up-to-date: /home/tomasz/Desktop/sese_ws/install/tutorial_interfaces/include/tutorial_interfaces/tutorial_interfaces/msg/detail/num__type_support.cpp
[3.167s] -- Up-to-date: /home/tomasz/Desktop/sese_ws/install/tutorial_interfaces/include/tutorial_interfaces/tutorial_interfaces/msg/detail/sphere__type_support.cpp
[3.167s] -- Up-to-date: /home/tomasz/Desktop/sese_ws/install/tutorial_interfaces/include/tutorial_interfaces/tutorial_interfaces/msg/detail/sphere__rosidl_typesupport_introspection_cpp.hpp
[3.167s] -- Up-to-date: /home/tomasz/Desktop/sese_ws/install/tutorial_interfaces/lib/libtutorial_interfaces__rosidl_typesupport_introspection_cpp.so
[3.167s] -- Up-to-date: /home/tomasz/Desktop/sese_ws/install/tutorial_interfaces/lib/libtutorial_interfaces__rosidl_typesupport_cpp.so
[3.168s] -- Up-to-date: /home/tomasz/Desktop/sese_ws/install/tutorial_interfaces/share/tutorial_interfaces/environment/pythonpath.sh
[3.168s] -- Up-to-date: /home/tomasz/Desktop/sese_ws/install/tutorial_interfaces/share/tutorial_interfaces/environment/pythonpath.dsv
[3.168s] -- Up-to-date: /home/tomasz/Desktop/sese_ws/install/tutorial_interfaces/lib/python3.12/site-packages/tutorial_interfaces-0.0.0-py3.12.egg-info
[3.169s] -- Installing: /home/tomasz/Desktop/sese_ws/install/tutorial_interfaces/lib/python3.12/site-packages/tutorial_interfaces-0.0.0-py3.12.egg-info/top_level.txt
[3.169s] -- Installing: /home/tomasz/Desktop/sese_ws/install/tutorial_interfaces/lib/python3.12/site-packages/tutorial_interfaces-0.0.0-py3.12.egg-info/dependency_links.txt
[3.169s] -- Installing: /home/tomasz/Desktop/sese_ws/install/tutorial_interfaces/lib/python3.12/site-packages/tutorial_interfaces-0.0.0-py3.12.egg-info/PKG-INFO
[3.169s] -- Installing: /home/tomasz/Desktop/sese_ws/install/tutorial_interfaces/lib/python3.12/site-packages/tutorial_interfaces-0.0.0-py3.12.egg-info/SOURCES.txt
[3.170s] -- Up-to-date: /home/tomasz/Desktop/sese_ws/install/tutorial_interfaces/lib/python3.12/site-packages/tutorial_interfaces
[3.170s] -- Up-to-date: /home/tomasz/Desktop/sese_ws/install/tutorial_interfaces/lib/python3.12/site-packages/tutorial_interfaces/_tutorial_interfaces_s.ep.rosidl_typesupport_fastrtps_c.c
[3.170s] -- Up-to-date: /home/tomasz/Desktop/sese_ws/install/tutorial_interfaces/lib/python3.12/site-packages/tutorial_interfaces/srv
[3.171s] -- Up-to-date: /home/tomasz/Desktop/sese_ws/install/tutorial_interfaces/lib/python3.12/site-packages/tutorial_interfaces/srv/__init__.py
[3.171s] -- Up-to-date: /home/tomasz/Desktop/sese_ws/install/tutorial_interfaces/lib/python3.12/site-packages/tutorial_interfaces/srv/_add_three_ints_s.c
[3.171s] -- Up-to-date: /home/tomasz/Desktop/sese_ws/install/tutorial_interfaces/lib/python3.12/site-packages/tutorial_interfaces/srv/_add_three_ints.py
[3.171s] -- Up-to-date: /home/tomasz/Desktop/sese_ws/install/tutorial_interfaces/lib/python3.12/site-packages/tutorial_interfaces/_tutorial_interfaces_s.ep.rosidl_typesupport_c.c
[3.172s] -- Up-to-date: /home/tomasz/Desktop/sese_ws/install/tutorial_interfaces/lib/python3.12/site-packages/tutorial_interfaces/tutorial_interfaces_s__rosidl_typesupport_fastrtps_c.so
[3.172s] -- Up-to-date: /home/tomasz/Desktop/sese_ws/install/tutorial_interfaces/lib/python3.12/site-packages/tutorial_interfaces/__init__.py
[3.172s] -- Up-to-date: /home/tomasz/Desktop/sese_ws/install/tutorial_interfaces/lib/python3.12/site-packages/tutorial_interfaces/_tutorial_interfaces_s.ep.rosidl_typesupport_introspection_c.c
[3.173s] -- Up-to-date: /home/tomasz/Desktop/sese_ws/install/tutorial_interfaces/lib/python3.12/site-packages/tutorial_interfaces/msg
[3.173s] -- Up-to-date: /home/tomasz/Desktop/sese_ws/install/tutorial_interfaces/lib/python3.12/site-packages/tutorial_interfaces/msg/_num.py
[3.173s] -- Up-to-date: /home/tomasz/Desktop/sese_ws/install/tutorial_interfaces/lib/python3.12/site-packages/tutorial_interfaces/msg/__init__.py
[3.173s] -- Up-to-date: /home/tomasz/Desktop/sese_ws/install/tutorial_interfaces/lib/python3.12/site-packages/tutorial_interfaces/msg/_num_s.c
[3.174s] -- Up-to-date: /home/tomasz/Desktop/sese_ws/install/tutorial_interfaces/lib/python3.12/site-packages/tutorial_interfaces/msg/_sphere.py
[3.174s] -- Up-to-date: /home/tomasz/Desktop/sese_ws/install/tutorial_interfaces/lib/python3.12/site-packages/tutorial_interfaces/msg/_sphere_s.c
[3.174s] -- Up-to-date: /home/tomasz/Desktop/sese_ws/install/tutorial_interfaces/lib/python3.12/site-packages/tutorial_interfaces/tutorial_interfaces_s__rosidl_typesupport_introspection_c.so
[3.174s] -- Up-to-date: /home/tomasz/Desktop/sese_ws/install/tutorial_interfaces/lib/python3.12/site-packages/tutorial_interfaces/tutorial_interfaces_s__rosidl_typesupport_c.so
[3.279s] Listing '/home/tomasz/Desktop/sese_ws/install/tutorial_interfaces/lib/python3.12/site-packages/tutorial_interfaces'...
[3.280s] Listing '/home/tomasz/Desktop/sese_ws/install/tutorial_interfaces/lib/python3.12/site-packages/tutorial_interfaces/msg'...
[3.280s] Listing '/home/tomasz/Desktop/sese_ws/install/tutorial_interfaces/lib/python3.12/site-packages/tutorial_interfaces/srv'...
[3.293s] -- Up-to-date: /home/tomasz/Desktop/sese_ws/install/tutorial_interfaces/lib/python3.12/site-packages/tutorial_interfaces/tutorial_interfaces_s__rosidl_typesupport_fastrtps_c.so
[3.294s] -- Up-to-date: /home/tomasz/Desktop/sese_ws/install/tutorial_interfaces/lib/python3.12/site-packages/tutorial_interfaces/tutorial_interfaces_s__rosidl_typesupport_introspection_c.so
[3.295s] -- Up-to-date: /home/tomasz/Desktop/sese_ws/install/tutorial_interfaces/lib/python3.12/site-packages/tutorial_interfaces/tutorial_interfaces_s__rosidl_typesupport_c.so
[3.296s] -- Up-to-date: /home/tomasz/Desktop/sese_ws/install/tutorial_interfaces/lib/libtutorial_interfaces__rosidl_generator_py.so
[3.297s] -- Up-to-date: /home/tomasz/Desktop/sese_ws/install/tutorial_interfaces/share/tutorial_interfaces/msg/Num.idl
[3.297s] -- Up-to-date: /home/tomasz/Desktop/sese_ws/install/tutorial_interfaces/share/tutorial_interfaces/msg/Sphere.idl
[3.297s] -- Up-to-date: /home/tomasz/Desktop/sese_ws/install/tutorial_interfaces/share/tutorial_interfaces/srv/AddThreeInts.idl
[3.298s] -- Up-to-date: /home/tomasz/Desktop/sese_ws/install/tutorial_interfaces/share/tutorial_interfaces/msg/Num.msg
[3.298s] -- Up-to-date: /home/tomasz/Desktop/sese_ws/install/tutorial_interfaces/share/tutorial_interfaces/msg/Sphere.msg
[3.298s] -- Up-to-date: /home/tomasz/Desktop/sese_ws/install/tutorial_interfaces/share/tutorial_interfaces/srv/AddThreeInts.srv
[3.299s] -- Up-to-date: /home/tomasz/Desktop/sese_ws/install/tutorial_interfaces/share/ament_index/resource_index/package_run_dependencies/tutorial_interfaces
[3.299s] -- Up-to-date: /home/tomasz/Desktop/sese_ws/install/tutorial_interfaces/share/ament_index/resource_index/parent_prefix_path/tutorial_interfaces
[3.299s] -- Up-to-date: /home/tomasz/Desktop/sese_ws/install/tutorial_interfaces/share/tutorial_interfaces/environment/ament_prefix_path.sh
[3.299s] -- Up-to-date: /home/tomasz/Desktop/sese_ws/install/tutorial_interfaces/share/tutorial_interfaces/environment/ament_prefix_path.dsv
[3.299s] -- Up-to-date: /home/tomasz/Desktop/sese_ws/install/tutorial_interfaces/share/tutorial_interfaces/environment/path.sh
[3.300s] -- Up-to-date: /home/tomasz/Desktop/sese_ws/install/tutorial_interfaces/share/tutorial_interfaces/environment/path.dsv
[3.300s] -- Up-to-date: /home/tomasz/Desktop/sese_ws/install/tutorial_interfaces/share/tutorial_interfaces/local_setup.bash
[3.300s] -- Up-to-date: /home/tomasz/Desktop/sese_ws/install/tutorial_interfaces/share/tutorial_interfaces/local_setup.sh
[3.301s] -- Up-to-date: /home/tomasz/Desktop/sese_ws/install/tutorial_interfaces/share/tutorial_interfaces/local_setup.zsh
[3.301s] -- Up-to-date: /home/tomasz/Desktop/sese_ws/install/tutorial_interfaces/share/tutorial_interfaces/local_setup.dsv
[3.301s] -- Installing: /home/tomasz/Desktop/sese_ws/install/tutorial_interfaces/share/tutorial_interfaces/package.dsv
[3.301s] -- Up-to-date: /home/tomasz/Desktop/sese_ws/install/tutorial_interfaces/share/ament_index/resource_index/packages/tutorial_interfaces
[3.302s] -- Up-to-date: /home/tomasz/Desktop/sese_ws/install/tutorial_interfaces/share/tutorial_interfaces/cmake/export_tutorial_interfaces__rosidl_generator_cExport.cmake
[3.302s] -- Up-to-date: /home/tomasz/Desktop/sese_ws/install/tutorial_interfaces/share/tutorial_interfaces/cmake/export_tutorial_interfaces__rosidl_generator_cExport-noconfig.cmake
[3.303s] -- Up-to-date: /home/tomasz/Desktop/sese_ws/install/tutorial_interfaces/share/tutorial_interfaces/cmake/export_tutorial_interfaces__rosidl_typesupport_fastrtps_cExport.cmake
[3.303s] -- Up-to-date: /home/tomasz/Desktop/sese_ws/install/tutorial_interfaces/share/tutorial_interfaces/cmake/export_tutorial_interfaces__rosidl_typesupport_fastrtps_cExport-noconfig.cmake
[3.303s] -- Up-to-date: /home/tomasz/Desktop/sese_ws/install/tutorial_interfaces/share/tutorial_interfaces/cmake/export_tutorial_interfaces__rosidl_generator_cppExport.cmake
[3.303s] -- Up-to-date: /home/tomasz/Desktop/sese_ws/install/tutorial_interfaces/share/tutorial_interfaces/cmake/export_tutorial_interfaces__rosidl_typesupport_fastrtps_cppExport.cmake
[3.303s] -- Up-to-date: /home/tomasz/Desktop/sese_ws/install/tutorial_interfaces/share/tutorial_interfaces/cmake/export_tutorial_interfaces__rosidl_typesupport_fastrtps_cppExport-noconfig.cmake
[3.304s] -- Up-to-date: /home/tomasz/Desktop/sese_ws/install/tutorial_interfaces/share/tutorial_interfaces/cmake/tutorial_interfaces__rosidl_typesupport_introspection_cExport.cmake
[3.304s] -- Up-to-date: /home/tomasz/Desktop/sese_ws/install/tutorial_interfaces/share/tutorial_interfaces/cmake/tutorial_interfaces__rosidl_typesupport_introspection_cExport-noconfig.cmake
[3.304s] -- Up-to-date: /home/tomasz/Desktop/sese_ws/install/tutorial_interfaces/share/tutorial_interfaces/cmake/tutorial_interfaces__rosidl_typesupport_cExport.cmake
[3.304s] -- Up-to-date: /home/tomasz/Desktop/sese_ws/install/tutorial_interfaces/share/tutorial_interfaces/cmake/tutorial_interfaces__rosidl_typesupport_cExport-noconfig.cmake
[3.304s] -- Up-to-date: /home/tomasz/Desktop/sese_ws/install/tutorial_interfaces/share/tutorial_interfaces/cmake/tutorial_interfaces__rosidl_typesupport_introspection_cppExport.cmake
[3.304s] -- Up-to-date: /home/tomasz/Desktop/sese_ws/install/tutorial_interfaces/share/tutorial_interfaces/cmake/tutorial_interfaces__rosidl_typesupport_introspection_cppExport-noconfig.cmake
[3.304s] -- Up-to-date: /home/tomasz/Desktop/sese_ws/install/tutorial_interfaces/share/tutorial_interfaces/cmake/tutorial_interfaces__rosidl_typesupport_cppExport.cmake
[3.305s] -- Up-to-date: /home/tomasz/Desktop/sese_ws/install/tutorial_interfaces/share/tutorial_interfaces/cmake/tutorial_interfaces__rosidl_typesupport_cppExport-noconfig.cmake
[3.305s] -- Up-to-date: /home/tomasz/Desktop/sese_ws/install/tutorial_interfaces/share/tutorial_interfaces/cmake/export_tutorial_interfaces__rosidl_generator_pyExport.cmake
[3.305s] -- Up-to-date: /home/tomasz/Desktop/sese_ws/install/tutorial_interfaces/share/tutorial_interfaces/cmake/export_tutorial_interfaces__rosidl_generator_pyExport-noconfig.cmake
[3.305s] -- Up-to-date: /home/tomasz/Desktop/sese_ws/install/tutorial_interfaces/share/tutorial_interfaces/cmake/rosidl_cmake-extras.cmake
[3.305s] -- Up-to-date: /home/tomasz/Desktop/sese_ws/install/tutorial_interfaces/share/tutorial_interfaces/cmake/ament_cmake_export_dependencies-extras.cmake
[3.305s] -- Up-to-date: /home/tomasz/Desktop/sese_ws/install/tutorial_interfaces/share/tutorial_interfaces/cmake/ament_cmake_export_include_directories-extras.cmake
[3.306s] -- Up-to-date: /home/tomasz/Desktop/sese_ws/install/tutorial_interfaces/share/tutorial_interfaces/cmake/ament_cmake_export_libraries-extras.cmake
[3.306s] -- Up-to-date: /home/tomasz/Desktop/sese_ws/install/tutorial_interfaces/share/tutorial_interfaces/cmake/ament_cmake_export_targets-extras.cmake
[3.306s] -- Up-to-date: /home/tomasz/Desktop/sese_ws/install/tutorial_interfaces/share/tutorial_interfaces/cmake/rosidl_cmake_export_typesupport_targets-extras.cmake
[3.306s] -- Up-to-date: /home/tomasz/Desktop/sese_ws/install/tutorial_interfaces/share/tutorial_interfaces/cmake/rosidl_cmake_export_typesupport_libraries-extras.cmake
[3.306s] -- Up-to-date: /home/tomasz/Desktop/sese_ws/install/tutorial_interfaces/share/tutorial_interfaces/cmake/tutorial_interfacesConfig.cmake
[3.306s] -- Up-to-date: /home/tomasz/Desktop/sese_ws/install/tutorial_interfaces/share/tutorial_interfaces/cmake/tutorial_interfacesConfig-version.cmake
[3.307s] -- Up-to-date: /home/tomasz/Desktop/sese_ws/install/tutorial_interfaces/share/tutorial_interfaces/package.xml
[3.309s] Invoked command in '/home/tomasz/Desktop/sese_ws/build/tutorial_interfaces' returned '0': CMAKE_PREFIX_PATH=${CMAKE_PREFIX_PATH}:/home/tomasz/Desktop/sese_ws/install/py_srvcli:/home/tomasz/Desktop/sese_ws/install/python_parameters:/home/tomasz/Desktop/sese_ws/install/py_pubsub:/home/tomasz/Desktop/sese_ws/install/my_package:/home/tomasz/Desktop/sese_ws/install/launch_testing_examples:/home/tomasz/Desktop/sese_ws/install/gs_package:/home/tomasz/Desktop/sese_ws/install/examples_rclpy_pointcloud_publisher:/home/tomasz/Desktop/sese_ws/install/examples_rclpy_minimal_subscriber:/home/tomasz/Desktop/sese_ws/install/examples_rclpy_minimal_service:/home/tomasz/Desktop/sese_ws/install/examples_rclpy_minimal_publisher:/home/tomasz/Desktop/sese_ws/install/examples_rclpy_minimal_client:/home/tomasz/Desktop/sese_ws/install/examples_rclpy_minimal_action_server:/home/tomasz/Desktop/sese_ws/install/examples_rclpy_minimal_action_client:/home/tomasz/Desktop/sese_ws/install/examples_rclpy_guard_conditions:/home/tomasz/Desktop/sese_ws/install/examples_rclpy_executors:/opt/ros/jazzy DEBUGINFOD_URLS=https://debuginfod.ubuntu.com /usr/bin/cmake --install /home/tomasz/Desktop/sese_ws/build/tutorial_interfaces
