[5.793s] Invoking command in '/home/tomasz/Desktop/sese_ws/build/examples_rclpy_executors': DEBUGINFOD_URLS=https://debuginfod.ubuntu.com PYTHONPATH=/home/tomasz/Desktop/sese_ws/build/examples_rclpy_executors/prefix_override:/usr/lib/python3/dist-packages/colcon_core/task/python/colcon_distutils_commands:/home/tomasz/Desktop/sese_ws/install/examples_rclpy_executors/lib/python3.12/site-packages:${PYTHONPATH} /usr/bin/python3 -W ignore:setup.py install is deprecated setup.py develop --editable --build-directory /home/tomasz/Desktop/sese_ws/build/examples_rclpy_executors/build --no-deps symlink_data
[49.648s] running develop
[49.659s] running egg_info
[49.659s] creating examples_rclpy_executors.egg-info
[49.659s] writing examples_rclpy_executors.egg-info/PKG-INFO
[49.659s] writing dependency_links to examples_rclpy_executors.egg-info/dependency_links.txt
[49.660s] writing entry points to examples_rclpy_executors.egg-info/entry_points.txt
[49.660s] writing requirements to examples_rclpy_executors.egg-info/requires.txt
[49.660s] writing top-level names to examples_rclpy_executors.egg-info/top_level.txt
[49.660s] writing manifest file 'examples_rclpy_executors.egg-info/SOURCES.txt'
[49.660s] reading manifest file 'examples_rclpy_executors.egg-info/SOURCES.txt'
[49.660s] writing manifest file 'examples_rclpy_executors.egg-info/SOURCES.txt'
[49.660s] running build_ext
[49.661s] Creating /home/tomasz/Desktop/sese_ws/install/examples_rclpy_executors/lib/python3.12/site-packages/examples-rclpy-executors.egg-link (link to .)
[49.661s] Installing callback_group script to /home/tomasz/Desktop/sese_ws/install/examples_rclpy_executors/lib/examples_rclpy_executors
[49.661s] Installing composed script to /home/tomasz/Desktop/sese_ws/install/examples_rclpy_executors/lib/examples_rclpy_executors
[49.661s] Installing custom_callback_group script to /home/tomasz/Desktop/sese_ws/install/examples_rclpy_executors/lib/examples_rclpy_executors
[49.661s] Installing custom_executor script to /home/tomasz/Desktop/sese_ws/install/examples_rclpy_executors/lib/examples_rclpy_executors
[49.661s] Installing listener script to /home/tomasz/Desktop/sese_ws/install/examples_rclpy_executors/lib/examples_rclpy_executors
[49.662s] Installing talker script to /home/tomasz/Desktop/sese_ws/install/examples_rclpy_executors/lib/examples_rclpy_executors
[49.662s] 
[49.662s] Installed /home/tomasz/Desktop/sese_ws/build/examples_rclpy_executors
[49.669s] running symlink_data
[49.669s] creating /home/tomasz/Desktop/sese_ws/install/examples_rclpy_executors/share/ament_index
[49.669s] creating /home/tomasz/Desktop/sese_ws/install/examples_rclpy_executors/share/ament_index/resource_index
[49.670s] creating /home/tomasz/Desktop/sese_ws/install/examples_rclpy_executors/share/ament_index/resource_index/packages
[49.670s] symbolically linking /home/tomasz/Desktop/sese_ws/build/examples_rclpy_executors/resource/examples_rclpy_executors -> /home/tomasz/Desktop/sese_ws/install/examples_rclpy_executors/share/ament_index/resource_index/packages
[49.670s] symbolically linking /home/tomasz/Desktop/sese_ws/build/examples_rclpy_executors/package.xml -> /home/tomasz/Desktop/sese_ws/install/examples_rclpy_executors/share/examples_rclpy_executors
[49.670s] /usr/lib/python3/dist-packages/setuptools/command/develop.py:40: EasyInstallDeprecationWarning: easy_install command is deprecated.
[49.670s] !!
[49.671s] 
[49.671s]         ********************************************************************************
[49.671s]         Please avoid running ``setup.py`` and ``easy_install``.
[49.671s]         Instead, use pypa/build, pypa/installer or other
[49.671s]         standards-based tools.
[49.671s] 
[49.671s]         See https://github.com/pypa/setuptools/issues/917 for details.
[49.672s]         ********************************************************************************
[49.672s] 
[49.672s] !!
[49.672s]   easy_install.initialize_options(self)
[51.154s] Invoked command in '/home/tomasz/Desktop/sese_ws/build/examples_rclpy_executors' returned '0': DEBUGINFOD_URLS=https://debuginfod.ubuntu.com PYTHONPATH=/home/tomasz/Desktop/sese_ws/build/examples_rclpy_executors/prefix_override:/usr/lib/python3/dist-packages/colcon_core/task/python/colcon_distutils_commands:/home/tomasz/Desktop/sese_ws/install/examples_rclpy_executors/lib/python3.12/site-packages:${PYTHONPATH} /usr/bin/python3 -W ignore:setup.py install is deprecated setup.py develop --editable --build-directory /home/tomasz/Desktop/sese_ws/build/examples_rclpy_executors/build --no-deps symlink_data
