[0.092s] DEBUG:colcon:Command line arguments: ['/usr/bin/colcon', 'build']
[0.092s] DEBUG:colcon:Parsed command line arguments: Namespace(log_base=None, log_level=None, verb_name='build', build_base='build', install_base='install', merge_install=False, symlink_install=False, test_result_base=None, continue_on_error=False, executor='parallel', parallel_workers=16, event_handlers=None, ignore_user_meta=False, metas=['./colcon.meta'], base_paths=['.'], packages_ignore=None, packages_ignore_regex=None, paths=None, packages_up_to=None, packages_up_to_regex=None, packages_above=None, packages_above_and_dependencies=None, packages_above_depth=None, packages_select_by_dep=None, packages_skip_by_dep=None, packages_skip_up_to=None, packages_select_build_failed=False, packages_skip_build_finished=False, packages_select_test_failures=False, packages_skip_test_passed=False, packages_select=None, packages_skip=None, packages_select_regex=None, packages_skip_regex=None, packages_start=None, packages_end=None, allow_overriding=[], cmake_args=None, cmake_target=None, cmake_target_skip_unavailable=False, cmake_clean_cache=False, cmake_clean_first=False, cmake_force_configure=False, ament_cmake_args=None, catkin_cmake_args=None, catkin_skip_building_tests=False, mixin_files=None, mixin=None, verb_parser=<colcon_mixin.mixin.mixin_argument.MixinArgumentDecorator object at 0x76dc8e8e0800>, verb_extension=<colcon_core.verb.build.BuildVerb object at 0x76dc8e9fcfe0>, main=<bound method BuildVerb.main of <colcon_core.verb.build.BuildVerb object at 0x76dc8e9fcfe0>>, mixin_verb=('build',))
[0.124s] Level 1:colcon.colcon_core.package_discovery:discover_packages(colcon_meta) check parameters
[0.124s] Level 1:colcon.colcon_core.package_discovery:discover_packages(recursive) check parameters
[0.124s] Level 1:colcon.colcon_core.package_discovery:discover_packages(ignore) check parameters
[0.124s] Level 1:colcon.colcon_core.package_discovery:discover_packages(path) check parameters
[0.124s] Level 1:colcon.colcon_core.package_discovery:discover_packages(colcon_meta) discover
[0.124s] Level 1:colcon.colcon_core.package_discovery:discover_packages(recursive) discover
[0.124s] INFO:colcon.colcon_core.package_discovery:Crawling recursively for packages in '/home/tomasz/Desktop/sese_ws'
[0.124s] Level 1:colcon.colcon_core.package_identification:_identify(.) by extensions ['ignore', 'ignore_ament_install']
[0.124s] Level 1:colcon.colcon_core.package_identification:_identify(.) by extension 'ignore'
[0.124s] Level 1:colcon.colcon_core.package_identification:_identify(.) by extension 'ignore_ament_install'
[0.124s] Level 1:colcon.colcon_core.package_identification:_identify(.) by extensions ['colcon_pkg']
[0.124s] Level 1:colcon.colcon_core.package_identification:_identify(.) by extension 'colcon_pkg'
[0.124s] Level 1:colcon.colcon_core.package_identification:_identify(.) by extensions ['colcon_meta']
[0.124s] Level 1:colcon.colcon_core.package_identification:_identify(.) by extension 'colcon_meta'
[0.124s] Level 1:colcon.colcon_core.package_identification:_identify(.) by extensions ['ros']
[0.124s] Level 1:colcon.colcon_core.package_identification:_identify(.) by extension 'ros'
[0.144s] Level 1:colcon.colcon_core.package_identification:_identify(.) by extensions ['cmake', 'python']
[0.144s] Level 1:colcon.colcon_core.package_identification:_identify(.) by extension 'cmake'
[0.144s] Level 1:colcon.colcon_core.package_identification:_identify(.) by extension 'python'
[0.144s] Level 1:colcon.colcon_core.package_identification:_identify(.) by extensions ['python_setup_py']
[0.144s] Level 1:colcon.colcon_core.package_identification:_identify(.) by extension 'python_setup_py'
[0.144s] Level 1:colcon.colcon_core.package_identification:_identify(build) by extensions ['ignore', 'ignore_ament_install']
[0.144s] Level 1:colcon.colcon_core.package_identification:_identify(build) by extension 'ignore'
[0.144s] Level 1:colcon.colcon_core.package_identification:_identify(build) ignored
[0.144s] Level 1:colcon.colcon_core.package_identification:_identify(install) by extensions ['ignore', 'ignore_ament_install']
[0.144s] Level 1:colcon.colcon_core.package_identification:_identify(install) by extension 'ignore'
[0.145s] Level 1:colcon.colcon_core.package_identification:_identify(install) ignored
[0.145s] Level 1:colcon.colcon_core.package_identification:_identify(log) by extensions ['ignore', 'ignore_ament_install']
[0.145s] Level 1:colcon.colcon_core.package_identification:_identify(log) by extension 'ignore'
[0.145s] Level 1:colcon.colcon_core.package_identification:_identify(log) ignored
[0.145s] Level 1:colcon.colcon_core.package_identification:_identify(src) by extensions ['ignore', 'ignore_ament_install']
[0.145s] Level 1:colcon.colcon_core.package_identification:_identify(src) by extension 'ignore'
[0.145s] Level 1:colcon.colcon_core.package_identification:_identify(src) by extension 'ignore_ament_install'
[0.145s] Level 1:colcon.colcon_core.package_identification:_identify(src) by extensions ['colcon_pkg']
[0.145s] Level 1:colcon.colcon_core.package_identification:_identify(src) by extension 'colcon_pkg'
[0.145s] Level 1:colcon.colcon_core.package_identification:_identify(src) by extensions ['colcon_meta']
[0.145s] Level 1:colcon.colcon_core.package_identification:_identify(src) by extension 'colcon_meta'
[0.145s] Level 1:colcon.colcon_core.package_identification:_identify(src) by extensions ['ros']
[0.145s] Level 1:colcon.colcon_core.package_identification:_identify(src) by extension 'ros'
[0.145s] Level 1:colcon.colcon_core.package_identification:_identify(src) by extensions ['cmake', 'python']
[0.145s] Level 1:colcon.colcon_core.package_identification:_identify(src) by extension 'cmake'
[0.145s] Level 1:colcon.colcon_core.package_identification:_identify(src) by extension 'python'
[0.145s] Level 1:colcon.colcon_core.package_identification:_identify(src) by extensions ['python_setup_py']
[0.145s] Level 1:colcon.colcon_core.package_identification:_identify(src) by extension 'python_setup_py'
[0.145s] Level 1:colcon.colcon_core.package_identification:_identify(src/gs_package) by extensions ['ignore', 'ignore_ament_install']
[0.145s] Level 1:colcon.colcon_core.package_identification:_identify(src/gs_package) by extension 'ignore'
[0.145s] Level 1:colcon.colcon_core.package_identification:_identify(src/gs_package) by extension 'ignore_ament_install'
[0.146s] Level 1:colcon.colcon_core.package_identification:_identify(src/gs_package) by extensions ['colcon_pkg']
[0.146s] Level 1:colcon.colcon_core.package_identification:_identify(src/gs_package) by extension 'colcon_pkg'
[0.146s] Level 1:colcon.colcon_core.package_identification:_identify(src/gs_package) by extensions ['colcon_meta']
[0.146s] Level 1:colcon.colcon_core.package_identification:_identify(src/gs_package) by extension 'colcon_meta'
[0.146s] Level 1:colcon.colcon_core.package_identification:_identify(src/gs_package) by extensions ['ros']
[0.146s] Level 1:colcon.colcon_core.package_identification:_identify(src/gs_package) by extension 'ros'
[0.147s] DEBUG:colcon.colcon_core.package_identification:Package 'src/gs_package' with type 'ros.ament_python' and name 'gs_package'
[0.147s] Level 1:colcon.colcon_core.package_identification:_identify(src/my_package) by extensions ['ignore', 'ignore_ament_install']
[0.147s] Level 1:colcon.colcon_core.package_identification:_identify(src/my_package) by extension 'ignore'
[0.147s] Level 1:colcon.colcon_core.package_identification:_identify(src/my_package) by extension 'ignore_ament_install'
[0.148s] Level 1:colcon.colcon_core.package_identification:_identify(src/my_package) by extensions ['colcon_pkg']
[0.148s] Level 1:colcon.colcon_core.package_identification:_identify(src/my_package) by extension 'colcon_pkg'
[0.148s] Level 1:colcon.colcon_core.package_identification:_identify(src/my_package) by extensions ['colcon_meta']
[0.148s] Level 1:colcon.colcon_core.package_identification:_identify(src/my_package) by extension 'colcon_meta'
[0.148s] Level 1:colcon.colcon_core.package_identification:_identify(src/my_package) by extensions ['ros']
[0.148s] Level 1:colcon.colcon_core.package_identification:_identify(src/my_package) by extension 'ros'
[0.148s] DEBUG:colcon.colcon_core.package_identification:Package 'src/my_package' with type 'ros.ament_python' and name 'my_package'
[0.148s] Level 1:colcon.colcon_core.package_identification:_identify(src/py_pubsub) by extensions ['ignore', 'ignore_ament_install']
[0.148s] Level 1:colcon.colcon_core.package_identification:_identify(src/py_pubsub) by extension 'ignore'
[0.148s] Level 1:colcon.colcon_core.package_identification:_identify(src/py_pubsub) by extension 'ignore_ament_install'
[0.148s] Level 1:colcon.colcon_core.package_identification:_identify(src/py_pubsub) by extensions ['colcon_pkg']
[0.148s] Level 1:colcon.colcon_core.package_identification:_identify(src/py_pubsub) by extension 'colcon_pkg'
[0.148s] Level 1:colcon.colcon_core.package_identification:_identify(src/py_pubsub) by extensions ['colcon_meta']
[0.148s] Level 1:colcon.colcon_core.package_identification:_identify(src/py_pubsub) by extension 'colcon_meta'
[0.148s] Level 1:colcon.colcon_core.package_identification:_identify(src/py_pubsub) by extensions ['ros']
[0.148s] Level 1:colcon.colcon_core.package_identification:_identify(src/py_pubsub) by extension 'ros'
[0.149s] DEBUG:colcon.colcon_core.package_identification:Package 'src/py_pubsub' with type 'ros.ament_python' and name 'py_pubsub'
[0.149s] Level 1:colcon.colcon_core.package_identification:_identify(src/py_srvcli) by extensions ['ignore', 'ignore_ament_install']
[0.149s] Level 1:colcon.colcon_core.package_identification:_identify(src/py_srvcli) by extension 'ignore'
[0.149s] Level 1:colcon.colcon_core.package_identification:_identify(src/py_srvcli) by extension 'ignore_ament_install'
[0.149s] Level 1:colcon.colcon_core.package_identification:_identify(src/py_srvcli) by extensions ['colcon_pkg']
[0.149s] Level 1:colcon.colcon_core.package_identification:_identify(src/py_srvcli) by extension 'colcon_pkg'
[0.149s] Level 1:colcon.colcon_core.package_identification:_identify(src/py_srvcli) by extensions ['colcon_meta']
[0.149s] Level 1:colcon.colcon_core.package_identification:_identify(src/py_srvcli) by extension 'colcon_meta'
[0.149s] Level 1:colcon.colcon_core.package_identification:_identify(src/py_srvcli) by extensions ['ros']
[0.149s] Level 1:colcon.colcon_core.package_identification:_identify(src/py_srvcli) by extension 'ros'
[0.149s] DEBUG:colcon.colcon_core.package_identification:Package 'src/py_srvcli' with type 'ros.ament_python' and name 'py_srvcli'
[0.149s] Level 1:colcon.colcon_core.package_identification:_identify(src/python_parameters) by extensions ['ignore', 'ignore_ament_install']
[0.150s] Level 1:colcon.colcon_core.package_identification:_identify(src/python_parameters) by extension 'ignore'
[0.150s] Level 1:colcon.colcon_core.package_identification:_identify(src/python_parameters) by extension 'ignore_ament_install'
[0.150s] Level 1:colcon.colcon_core.package_identification:_identify(src/python_parameters) by extensions ['colcon_pkg']
[0.150s] Level 1:colcon.colcon_core.package_identification:_identify(src/python_parameters) by extension 'colcon_pkg'
[0.150s] Level 1:colcon.colcon_core.package_identification:_identify(src/python_parameters) by extensions ['colcon_meta']
[0.150s] Level 1:colcon.colcon_core.package_identification:_identify(src/python_parameters) by extension 'colcon_meta'
[0.150s] Level 1:colcon.colcon_core.package_identification:_identify(src/python_parameters) by extensions ['ros']
[0.150s] Level 1:colcon.colcon_core.package_identification:_identify(src/python_parameters) by extension 'ros'
[0.150s] DEBUG:colcon.colcon_core.package_identification:Package 'src/python_parameters' with type 'ros.ament_python' and name 'python_parameters'
[0.150s] Level 1:colcon.colcon_core.package_identification:_identify(src/tutorial_interfaces) by extensions ['ignore', 'ignore_ament_install']
[0.150s] Level 1:colcon.colcon_core.package_identification:_identify(src/tutorial_interfaces) by extension 'ignore'
[0.150s] Level 1:colcon.colcon_core.package_identification:_identify(src/tutorial_interfaces) by extension 'ignore_ament_install'
[0.150s] Level 1:colcon.colcon_core.package_identification:_identify(src/tutorial_interfaces) by extensions ['colcon_pkg']
[0.150s] Level 1:colcon.colcon_core.package_identification:_identify(src/tutorial_interfaces) by extension 'colcon_pkg'
[0.150s] Level 1:colcon.colcon_core.package_identification:_identify(src/tutorial_interfaces) by extensions ['colcon_meta']
[0.150s] Level 1:colcon.colcon_core.package_identification:_identify(src/tutorial_interfaces) by extension 'colcon_meta'
[0.150s] Level 1:colcon.colcon_core.package_identification:_identify(src/tutorial_interfaces) by extensions ['ros']
[0.150s] Level 1:colcon.colcon_core.package_identification:_identify(src/tutorial_interfaces) by extension 'ros'
[0.151s] DEBUG:colcon.colcon_core.package_identification:Package 'src/tutorial_interfaces' with type 'ros.ament_cmake' and name 'tutorial_interfaces'
[0.151s] Level 1:colcon.colcon_core.package_discovery:discover_packages(recursive) using defaults
[0.151s] Level 1:colcon.colcon_core.package_discovery:discover_packages(ignore) discover
[0.151s] Level 1:colcon.colcon_core.package_discovery:discover_packages(ignore) using defaults
[0.151s] Level 1:colcon.colcon_core.package_discovery:discover_packages(path) discover
[0.151s] Level 1:colcon.colcon_core.package_discovery:discover_packages(path) using defaults
[0.166s] Level 1:colcon.colcon_core.package_discovery:discover_packages(prefix_path) check parameters
[0.166s] Level 1:colcon.colcon_core.package_discovery:discover_packages(prefix_path) discover
[0.169s] DEBUG:colcon.colcon_installed_package_information.package_discovery:Found 29 installed packages in /home/tomasz/Desktop/sese_ws/install
[0.170s] DEBUG:colcon.colcon_installed_package_information.package_discovery:Found 381 installed packages in /opt/ros/jazzy
[0.172s] Level 1:colcon.colcon_core.package_discovery:discover_packages(prefix_path) using defaults
[0.215s] Level 5:colcon.colcon_core.verb:set package 'gs_package' build argument 'cmake_args' from command line to 'None'
[0.215s] Level 5:colcon.colcon_core.verb:set package 'gs_package' build argument 'cmake_target' from command line to 'None'
[0.215s] Level 5:colcon.colcon_core.verb:set package 'gs_package' build argument 'cmake_target_skip_unavailable' from command line to 'False'
[0.215s] Level 5:colcon.colcon_core.verb:set package 'gs_package' build argument 'cmake_clean_cache' from command line to 'False'
[0.215s] Level 5:colcon.colcon_core.verb:set package 'gs_package' build argument 'cmake_clean_first' from command line to 'False'
[0.215s] Level 5:colcon.colcon_core.verb:set package 'gs_package' build argument 'cmake_force_configure' from command line to 'False'
[0.215s] Level 5:colcon.colcon_core.verb:set package 'gs_package' build argument 'ament_cmake_args' from command line to 'None'
[0.215s] Level 5:colcon.colcon_core.verb:set package 'gs_package' build argument 'catkin_cmake_args' from command line to 'None'
[0.215s] Level 5:colcon.colcon_core.verb:set package 'gs_package' build argument 'catkin_skip_building_tests' from command line to 'False'
[0.215s] DEBUG:colcon.colcon_core.verb:Building package 'gs_package' with the following arguments: {'ament_cmake_args': None, 'build_base': '/home/tomasz/Desktop/sese_ws/build/gs_package', 'catkin_cmake_args': None, 'catkin_skip_building_tests': False, 'cmake_args': None, 'cmake_clean_cache': False, 'cmake_clean_first': False, 'cmake_force_configure': False, 'cmake_target': None, 'cmake_target_skip_unavailable': False, 'install_base': '/home/tomasz/Desktop/sese_ws/install/gs_package', 'merge_install': False, 'path': '/home/tomasz/Desktop/sese_ws/src/gs_package', 'symlink_install': False, 'test_result_base': None}
[0.215s] Level 5:colcon.colcon_core.verb:set package 'my_package' build argument 'cmake_args' from command line to 'None'
[0.215s] Level 5:colcon.colcon_core.verb:set package 'my_package' build argument 'cmake_target' from command line to 'None'
[0.215s] Level 5:colcon.colcon_core.verb:set package 'my_package' build argument 'cmake_target_skip_unavailable' from command line to 'False'
[0.215s] Level 5:colcon.colcon_core.verb:set package 'my_package' build argument 'cmake_clean_cache' from command line to 'False'
[0.215s] Level 5:colcon.colcon_core.verb:set package 'my_package' build argument 'cmake_clean_first' from command line to 'False'
[0.215s] Level 5:colcon.colcon_core.verb:set package 'my_package' build argument 'cmake_force_configure' from command line to 'False'
[0.215s] Level 5:colcon.colcon_core.verb:set package 'my_package' build argument 'ament_cmake_args' from command line to 'None'
[0.215s] Level 5:colcon.colcon_core.verb:set package 'my_package' build argument 'catkin_cmake_args' from command line to 'None'
[0.215s] Level 5:colcon.colcon_core.verb:set package 'my_package' build argument 'catkin_skip_building_tests' from command line to 'False'
[0.215s] DEBUG:colcon.colcon_core.verb:Building package 'my_package' with the following arguments: {'ament_cmake_args': None, 'build_base': '/home/tomasz/Desktop/sese_ws/build/my_package', 'catkin_cmake_args': None, 'catkin_skip_building_tests': False, 'cmake_args': None, 'cmake_clean_cache': False, 'cmake_clean_first': False, 'cmake_force_configure': False, 'cmake_target': None, 'cmake_target_skip_unavailable': False, 'install_base': '/home/tomasz/Desktop/sese_ws/install/my_package', 'merge_install': False, 'path': '/home/tomasz/Desktop/sese_ws/src/my_package', 'symlink_install': False, 'test_result_base': None}
[0.215s] Level 5:colcon.colcon_core.verb:set package 'py_pubsub' build argument 'cmake_args' from command line to 'None'
[0.215s] Level 5:colcon.colcon_core.verb:set package 'py_pubsub' build argument 'cmake_target' from command line to 'None'
[0.215s] Level 5:colcon.colcon_core.verb:set package 'py_pubsub' build argument 'cmake_target_skip_unavailable' from command line to 'False'
[0.215s] Level 5:colcon.colcon_core.verb:set package 'py_pubsub' build argument 'cmake_clean_cache' from command line to 'False'
[0.215s] Level 5:colcon.colcon_core.verb:set package 'py_pubsub' build argument 'cmake_clean_first' from command line to 'False'
[0.215s] Level 5:colcon.colcon_core.verb:set package 'py_pubsub' build argument 'cmake_force_configure' from command line to 'False'
[0.215s] Level 5:colcon.colcon_core.verb:set package 'py_pubsub' build argument 'ament_cmake_args' from command line to 'None'
[0.215s] Level 5:colcon.colcon_core.verb:set package 'py_pubsub' build argument 'catkin_cmake_args' from command line to 'None'
[0.215s] Level 5:colcon.colcon_core.verb:set package 'py_pubsub' build argument 'catkin_skip_building_tests' from command line to 'False'
[0.215s] DEBUG:colcon.colcon_core.verb:Building package 'py_pubsub' with the following arguments: {'ament_cmake_args': None, 'build_base': '/home/tomasz/Desktop/sese_ws/build/py_pubsub', 'catkin_cmake_args': None, 'catkin_skip_building_tests': False, 'cmake_args': None, 'cmake_clean_cache': False, 'cmake_clean_first': False, 'cmake_force_configure': False, 'cmake_target': None, 'cmake_target_skip_unavailable': False, 'install_base': '/home/tomasz/Desktop/sese_ws/install/py_pubsub', 'merge_install': False, 'path': '/home/tomasz/Desktop/sese_ws/src/py_pubsub', 'symlink_install': False, 'test_result_base': None}
[0.216s] Level 5:colcon.colcon_core.verb:set package 'python_parameters' build argument 'cmake_args' from command line to 'None'
[0.216s] Level 5:colcon.colcon_core.verb:set package 'python_parameters' build argument 'cmake_target' from command line to 'None'
[0.216s] Level 5:colcon.colcon_core.verb:set package 'python_parameters' build argument 'cmake_target_skip_unavailable' from command line to 'False'
[0.216s] Level 5:colcon.colcon_core.verb:set package 'python_parameters' build argument 'cmake_clean_cache' from command line to 'False'
[0.216s] Level 5:colcon.colcon_core.verb:set package 'python_parameters' build argument 'cmake_clean_first' from command line to 'False'
[0.216s] Level 5:colcon.colcon_core.verb:set package 'python_parameters' build argument 'cmake_force_configure' from command line to 'False'
[0.216s] Level 5:colcon.colcon_core.verb:set package 'python_parameters' build argument 'ament_cmake_args' from command line to 'None'
[0.216s] Level 5:colcon.colcon_core.verb:set package 'python_parameters' build argument 'catkin_cmake_args' from command line to 'None'
[0.216s] Level 5:colcon.colcon_core.verb:set package 'python_parameters' build argument 'catkin_skip_building_tests' from command line to 'False'
[0.216s] DEBUG:colcon.colcon_core.verb:Building package 'python_parameters' with the following arguments: {'ament_cmake_args': None, 'build_base': '/home/tomasz/Desktop/sese_ws/build/python_parameters', 'catkin_cmake_args': None, 'catkin_skip_building_tests': False, 'cmake_args': None, 'cmake_clean_cache': False, 'cmake_clean_first': False, 'cmake_force_configure': False, 'cmake_target': None, 'cmake_target_skip_unavailable': False, 'install_base': '/home/tomasz/Desktop/sese_ws/install/python_parameters', 'merge_install': False, 'path': '/home/tomasz/Desktop/sese_ws/src/python_parameters', 'symlink_install': False, 'test_result_base': None}
[0.216s] Level 5:colcon.colcon_core.verb:set package 'tutorial_interfaces' build argument 'cmake_args' from command line to 'None'
[0.216s] Level 5:colcon.colcon_core.verb:set package 'tutorial_interfaces' build argument 'cmake_target' from command line to 'None'
[0.216s] Level 5:colcon.colcon_core.verb:set package 'tutorial_interfaces' build argument 'cmake_target_skip_unavailable' from command line to 'False'
[0.216s] Level 5:colcon.colcon_core.verb:set package 'tutorial_interfaces' build argument 'cmake_clean_cache' from command line to 'False'
[0.216s] Level 5:colcon.colcon_core.verb:set package 'tutorial_interfaces' build argument 'cmake_clean_first' from command line to 'False'
[0.216s] Level 5:colcon.colcon_core.verb:set package 'tutorial_interfaces' build argument 'cmake_force_configure' from command line to 'False'
[0.216s] Level 5:colcon.colcon_core.verb:set package 'tutorial_interfaces' build argument 'ament_cmake_args' from command line to 'None'
[0.216s] Level 5:colcon.colcon_core.verb:set package 'tutorial_interfaces' build argument 'catkin_cmake_args' from command line to 'None'
[0.216s] Level 5:colcon.colcon_core.verb:set package 'tutorial_interfaces' build argument 'catkin_skip_building_tests' from command line to 'False'
[0.216s] DEBUG:colcon.colcon_core.verb:Building package 'tutorial_interfaces' with the following arguments: {'ament_cmake_args': None, 'build_base': '/home/tomasz/Desktop/sese_ws/build/tutorial_interfaces', 'catkin_cmake_args': None, 'catkin_skip_building_tests': False, 'cmake_args': None, 'cmake_clean_cache': False, 'cmake_clean_first': False, 'cmake_force_configure': False, 'cmake_target': None, 'cmake_target_skip_unavailable': False, 'install_base': '/home/tomasz/Desktop/sese_ws/install/tutorial_interfaces', 'merge_install': False, 'path': '/home/tomasz/Desktop/sese_ws/src/tutorial_interfaces', 'symlink_install': False, 'test_result_base': None}
[0.216s] Level 5:colcon.colcon_core.verb:set package 'py_srvcli' build argument 'cmake_args' from command line to 'None'
[0.216s] Level 5:colcon.colcon_core.verb:set package 'py_srvcli' build argument 'cmake_target' from command line to 'None'
[0.216s] Level 5:colcon.colcon_core.verb:set package 'py_srvcli' build argument 'cmake_target_skip_unavailable' from command line to 'False'
[0.216s] Level 5:colcon.colcon_core.verb:set package 'py_srvcli' build argument 'cmake_clean_cache' from command line to 'False'
[0.216s] Level 5:colcon.colcon_core.verb:set package 'py_srvcli' build argument 'cmake_clean_first' from command line to 'False'
[0.216s] Level 5:colcon.colcon_core.verb:set package 'py_srvcli' build argument 'cmake_force_configure' from command line to 'False'
[0.216s] Level 5:colcon.colcon_core.verb:set package 'py_srvcli' build argument 'ament_cmake_args' from command line to 'None'
[0.216s] Level 5:colcon.colcon_core.verb:set package 'py_srvcli' build argument 'catkin_cmake_args' from command line to 'None'
[0.216s] Level 5:colcon.colcon_core.verb:set package 'py_srvcli' build argument 'catkin_skip_building_tests' from command line to 'False'
[0.216s] DEBUG:colcon.colcon_core.verb:Building package 'py_srvcli' with the following arguments: {'ament_cmake_args': None, 'build_base': '/home/tomasz/Desktop/sese_ws/build/py_srvcli', 'catkin_cmake_args': None, 'catkin_skip_building_tests': False, 'cmake_args': None, 'cmake_clean_cache': False, 'cmake_clean_first': False, 'cmake_force_configure': False, 'cmake_target': None, 'cmake_target_skip_unavailable': False, 'install_base': '/home/tomasz/Desktop/sese_ws/install/py_srvcli', 'merge_install': False, 'path': '/home/tomasz/Desktop/sese_ws/src/py_srvcli', 'symlink_install': False, 'test_result_base': None}
[0.217s] INFO:colcon.colcon_core.executor:Executing jobs using 'parallel' executor
[0.217s] DEBUG:colcon.colcon_parallel_executor.executor.parallel:run_until_complete
[0.217s] INFO:colcon.colcon_ros.task.ament_cmake.build:Building ROS package in '/home/tomasz/Desktop/sese_ws/src/tutorial_interfaces' with build type 'ament_cmake'
[0.217s] INFO:colcon.colcon_cmake.task.cmake.build:Building CMake package in '/home/tomasz/Desktop/sese_ws/src/tutorial_interfaces'
[0.219s] INFO:colcon.colcon_core.plugin_system:Skipping extension 'colcon_core.shell.bat': Not used on non-Windows systems
[0.220s] INFO:colcon.colcon_core.shell:Skip shell extension 'powershell' for command environment: Not usable outside of PowerShell
[0.220s] DEBUG:colcon.colcon_core.shell:Skip shell extension 'dsv' for command environment
[0.224s] INFO:colcon.colcon_ros.task.ament_python.build:Building ROS package in '/home/tomasz/Desktop/sese_ws/src/gs_package' with build type 'ament_python'
[0.224s] Level 1:colcon.colcon_core.shell:create_environment_hook('gs_package', 'ament_prefix_path')
[0.224s] INFO:colcon.colcon_core.shell:Creating environment hook '/home/tomasz/Desktop/sese_ws/install/gs_package/share/gs_package/hook/ament_prefix_path.ps1'
[0.225s] INFO:colcon.colcon_core.shell:Creating environment descriptor '/home/tomasz/Desktop/sese_ws/install/gs_package/share/gs_package/hook/ament_prefix_path.dsv'
[0.225s] INFO:colcon.colcon_core.shell:Creating environment hook '/home/tomasz/Desktop/sese_ws/install/gs_package/share/gs_package/hook/ament_prefix_path.sh'
[0.226s] INFO:colcon.colcon_core.shell:Skip shell extension 'powershell' for command environment: Not usable outside of PowerShell
[0.226s] DEBUG:colcon.colcon_core.shell:Skip shell extension 'dsv' for command environment
[0.230s] INFO:colcon.colcon_ros.task.ament_python.build:Building ROS package in '/home/tomasz/Desktop/sese_ws/src/my_package' with build type 'ament_python'
[0.230s] Level 1:colcon.colcon_core.shell:create_environment_hook('my_package', 'ament_prefix_path')
[0.230s] INFO:colcon.colcon_core.shell:Creating environment hook '/home/tomasz/Desktop/sese_ws/install/my_package/share/my_package/hook/ament_prefix_path.ps1'
[0.230s] INFO:colcon.colcon_core.shell:Creating environment descriptor '/home/tomasz/Desktop/sese_ws/install/my_package/share/my_package/hook/ament_prefix_path.dsv'
[0.231s] INFO:colcon.colcon_core.shell:Creating environment hook '/home/tomasz/Desktop/sese_ws/install/my_package/share/my_package/hook/ament_prefix_path.sh'
[0.231s] INFO:colcon.colcon_core.shell:Skip shell extension 'powershell' for command environment: Not usable outside of PowerShell
[0.231s] DEBUG:colcon.colcon_core.shell:Skip shell extension 'dsv' for command environment
[0.235s] INFO:colcon.colcon_ros.task.ament_python.build:Building ROS package in '/home/tomasz/Desktop/sese_ws/src/py_pubsub' with build type 'ament_python'
[0.235s] Level 1:colcon.colcon_core.shell:create_environment_hook('py_pubsub', 'ament_prefix_path')
[0.235s] INFO:colcon.colcon_core.shell:Creating environment hook '/home/tomasz/Desktop/sese_ws/install/py_pubsub/share/py_pubsub/hook/ament_prefix_path.ps1'
[0.235s] INFO:colcon.colcon_core.shell:Creating environment descriptor '/home/tomasz/Desktop/sese_ws/install/py_pubsub/share/py_pubsub/hook/ament_prefix_path.dsv'
[0.236s] INFO:colcon.colcon_core.shell:Creating environment hook '/home/tomasz/Desktop/sese_ws/install/py_pubsub/share/py_pubsub/hook/ament_prefix_path.sh'
[0.236s] INFO:colcon.colcon_core.shell:Skip shell extension 'powershell' for command environment: Not usable outside of PowerShell
[0.236s] DEBUG:colcon.colcon_core.shell:Skip shell extension 'dsv' for command environment
[0.240s] INFO:colcon.colcon_ros.task.ament_python.build:Building ROS package in '/home/tomasz/Desktop/sese_ws/src/python_parameters' with build type 'ament_python'
[0.240s] Level 1:colcon.colcon_core.shell:create_environment_hook('python_parameters', 'ament_prefix_path')
[0.240s] INFO:colcon.colcon_core.shell:Creating environment hook '/home/tomasz/Desktop/sese_ws/install/python_parameters/share/python_parameters/hook/ament_prefix_path.ps1'
[0.240s] INFO:colcon.colcon_core.shell:Creating environment descriptor '/home/tomasz/Desktop/sese_ws/install/python_parameters/share/python_parameters/hook/ament_prefix_path.dsv'
[0.241s] INFO:colcon.colcon_core.shell:Creating environment hook '/home/tomasz/Desktop/sese_ws/install/python_parameters/share/python_parameters/hook/ament_prefix_path.sh'
[0.241s] INFO:colcon.colcon_core.shell:Skip shell extension 'powershell' for command environment: Not usable outside of PowerShell
[0.241s] DEBUG:colcon.colcon_core.shell:Skip shell extension 'dsv' for command environment
[0.249s] DEBUG:colcon.colcon_core.event_handler.log_command:Invoking command in '/home/tomasz/Desktop/sese_ws/build/tutorial_interfaces': CMAKE_PREFIX_PATH=${CMAKE_PREFIX_PATH}:/home/tomasz/Desktop/sese_ws/install/py_srvcli:/home/tomasz/Desktop/sese_ws/install/python_parameters:/home/tomasz/Desktop/sese_ws/install/py_pubsub:/home/tomasz/Desktop/sese_ws/install/my_package:/home/tomasz/Desktop/sese_ws/install/launch_testing_examples:/home/tomasz/Desktop/sese_ws/install/gs_package:/home/tomasz/Desktop/sese_ws/install/examples_rclpy_pointcloud_publisher:/home/tomasz/Desktop/sese_ws/install/examples_rclpy_minimal_subscriber:/home/tomasz/Desktop/sese_ws/install/examples_rclpy_minimal_service:/home/tomasz/Desktop/sese_ws/install/examples_rclpy_minimal_publisher:/home/tomasz/Desktop/sese_ws/install/examples_rclpy_minimal_client:/home/tomasz/Desktop/sese_ws/install/examples_rclpy_minimal_action_server:/home/tomasz/Desktop/sese_ws/install/examples_rclpy_minimal_action_client:/home/tomasz/Desktop/sese_ws/install/examples_rclpy_guard_conditions:/home/tomasz/Desktop/sese_ws/install/examples_rclpy_executors:/opt/ros/jazzy DEBUGINFOD_URLS=https://debuginfod.ubuntu.com /usr/bin/cmake --build /home/tomasz/Desktop/sese_ws/build/tutorial_interfaces -- -j16 -l16
[0.457s] INFO:colcon.colcon_core.task.python.build:Building Python package in '/home/tomasz/Desktop/sese_ws/src/gs_package'
[0.457s] INFO:colcon.colcon_core.shell:Skip shell extension 'powershell' for command environment: Not usable outside of PowerShell
[0.457s] DEBUG:colcon.colcon_core.shell:Skip shell extension 'dsv' for command environment
[0.658s] INFO:colcon.colcon_core.task.python.build:Building Python package in '/home/tomasz/Desktop/sese_ws/src/my_package'
[0.658s] INFO:colcon.colcon_core.shell:Skip shell extension 'powershell' for command environment: Not usable outside of PowerShell
[0.658s] DEBUG:colcon.colcon_core.shell:Skip shell extension 'dsv' for command environment
[0.886s] INFO:colcon.colcon_core.task.python.build:Building Python package in '/home/tomasz/Desktop/sese_ws/src/py_pubsub'
[0.886s] INFO:colcon.colcon_core.shell:Skip shell extension 'powershell' for command environment: Not usable outside of PowerShell
[0.886s] DEBUG:colcon.colcon_core.shell:Skip shell extension 'dsv' for command environment
[0.894s] DEBUG:colcon.colcon_core.event_handler.log_command:Invoked command in '/home/tomasz/Desktop/sese_ws/build/tutorial_interfaces' returned '0': CMAKE_PREFIX_PATH=${CMAKE_PREFIX_PATH}:/home/tomasz/Desktop/sese_ws/install/py_srvcli:/home/tomasz/Desktop/sese_ws/install/python_parameters:/home/tomasz/Desktop/sese_ws/install/py_pubsub:/home/tomasz/Desktop/sese_ws/install/my_package:/home/tomasz/Desktop/sese_ws/install/launch_testing_examples:/home/tomasz/Desktop/sese_ws/install/gs_package:/home/tomasz/Desktop/sese_ws/install/examples_rclpy_pointcloud_publisher:/home/tomasz/Desktop/sese_ws/install/examples_rclpy_minimal_subscriber:/home/tomasz/Desktop/sese_ws/install/examples_rclpy_minimal_service:/home/tomasz/Desktop/sese_ws/install/examples_rclpy_minimal_publisher:/home/tomasz/Desktop/sese_ws/install/examples_rclpy_minimal_client:/home/tomasz/Desktop/sese_ws/install/examples_rclpy_minimal_action_server:/home/tomasz/Desktop/sese_ws/install/examples_rclpy_minimal_action_client:/home/tomasz/Desktop/sese_ws/install/examples_rclpy_guard_conditions:/home/tomasz/Desktop/sese_ws/install/examples_rclpy_executors:/opt/ros/jazzy DEBUGINFOD_URLS=https://debuginfod.ubuntu.com /usr/bin/cmake --build /home/tomasz/Desktop/sese_ws/build/tutorial_interfaces -- -j16 -l16
[1.089s] INFO:colcon.colcon_core.task.python.build:Building Python package in '/home/tomasz/Desktop/sese_ws/src/python_parameters'
[1.089s] INFO:colcon.colcon_core.shell:Skip shell extension 'powershell' for command environment: Not usable outside of PowerShell
[1.089s] DEBUG:colcon.colcon_core.shell:Skip shell extension 'dsv' for command environment
[1.108s] DEBUG:colcon.colcon_core.event_handler.log_command:Invoking command in '/home/tomasz/Desktop/sese_ws/build/tutorial_interfaces': CMAKE_PREFIX_PATH=${CMAKE_PREFIX_PATH}:/home/tomasz/Desktop/sese_ws/install/py_srvcli:/home/tomasz/Desktop/sese_ws/install/python_parameters:/home/tomasz/Desktop/sese_ws/install/py_pubsub:/home/tomasz/Desktop/sese_ws/install/my_package:/home/tomasz/Desktop/sese_ws/install/launch_testing_examples:/home/tomasz/Desktop/sese_ws/install/gs_package:/home/tomasz/Desktop/sese_ws/install/examples_rclpy_pointcloud_publisher:/home/tomasz/Desktop/sese_ws/install/examples_rclpy_minimal_subscriber:/home/tomasz/Desktop/sese_ws/install/examples_rclpy_minimal_service:/home/tomasz/Desktop/sese_ws/install/examples_rclpy_minimal_publisher:/home/tomasz/Desktop/sese_ws/install/examples_rclpy_minimal_client:/home/tomasz/Desktop/sese_ws/install/examples_rclpy_minimal_action_server:/home/tomasz/Desktop/sese_ws/install/examples_rclpy_minimal_action_client:/home/tomasz/Desktop/sese_ws/install/examples_rclpy_guard_conditions:/home/tomasz/Desktop/sese_ws/install/examples_rclpy_executors:/opt/ros/jazzy DEBUGINFOD_URLS=https://debuginfod.ubuntu.com /usr/bin/cmake --install /home/tomasz/Desktop/sese_ws/build/tutorial_interfaces
[1.173s] Level 1:colcon.colcon_core.environment:create_environment_scripts_only(tutorial_interfaces)
[1.173s] DEBUG:colcon.colcon_core.event_handler.log_command:Invoked command in '/home/tomasz/Desktop/sese_ws/build/tutorial_interfaces' returned '0': CMAKE_PREFIX_PATH=${CMAKE_PREFIX_PATH}:/home/tomasz/Desktop/sese_ws/install/py_srvcli:/home/tomasz/Desktop/sese_ws/install/python_parameters:/home/tomasz/Desktop/sese_ws/install/py_pubsub:/home/tomasz/Desktop/sese_ws/install/my_package:/home/tomasz/Desktop/sese_ws/install/launch_testing_examples:/home/tomasz/Desktop/sese_ws/install/gs_package:/home/tomasz/Desktop/sese_ws/install/examples_rclpy_pointcloud_publisher:/home/tomasz/Desktop/sese_ws/install/examples_rclpy_minimal_subscriber:/home/tomasz/Desktop/sese_ws/install/examples_rclpy_minimal_service:/home/tomasz/Desktop/sese_ws/install/examples_rclpy_minimal_publisher:/home/tomasz/Desktop/sese_ws/install/examples_rclpy_minimal_client:/home/tomasz/Desktop/sese_ws/install/examples_rclpy_minimal_action_server:/home/tomasz/Desktop/sese_ws/install/examples_rclpy_minimal_action_client:/home/tomasz/Desktop/sese_ws/install/examples_rclpy_guard_conditions:/home/tomasz/Desktop/sese_ws/install/examples_rclpy_executors:/opt/ros/jazzy DEBUGINFOD_URLS=https://debuginfod.ubuntu.com /usr/bin/cmake --install /home/tomasz/Desktop/sese_ws/build/tutorial_interfaces
[1.175s] Level 1:colcon.colcon_core.environment:checking '/home/tomasz/Desktop/sese_ws/install/tutorial_interfaces' for CMake module files
[1.176s] Level 1:colcon.colcon_core.environment:checking '/home/tomasz/Desktop/sese_ws/install/tutorial_interfaces' for CMake config files
[1.176s] Level 1:colcon.colcon_core.shell:create_environment_hook('tutorial_interfaces', 'cmake_prefix_path')
[1.176s] INFO:colcon.colcon_core.shell:Creating environment hook '/home/tomasz/Desktop/sese_ws/install/tutorial_interfaces/share/tutorial_interfaces/hook/cmake_prefix_path.ps1'
[1.176s] INFO:colcon.colcon_core.shell:Creating environment descriptor '/home/tomasz/Desktop/sese_ws/install/tutorial_interfaces/share/tutorial_interfaces/hook/cmake_prefix_path.dsv'
[1.177s] INFO:colcon.colcon_core.shell:Creating environment hook '/home/tomasz/Desktop/sese_ws/install/tutorial_interfaces/share/tutorial_interfaces/hook/cmake_prefix_path.sh'
[1.177s] Level 1:colcon.colcon_core.environment:checking '/home/tomasz/Desktop/sese_ws/install/tutorial_interfaces/lib'
[1.177s] Level 1:colcon.colcon_core.shell:create_environment_hook('tutorial_interfaces', 'ld_library_path_lib')
[1.178s] INFO:colcon.colcon_core.shell:Creating environment hook '/home/tomasz/Desktop/sese_ws/install/tutorial_interfaces/share/tutorial_interfaces/hook/ld_library_path_lib.ps1'
[1.178s] INFO:colcon.colcon_core.shell:Creating environment descriptor '/home/tomasz/Desktop/sese_ws/install/tutorial_interfaces/share/tutorial_interfaces/hook/ld_library_path_lib.dsv'
[1.178s] INFO:colcon.colcon_core.shell:Creating environment hook '/home/tomasz/Desktop/sese_ws/install/tutorial_interfaces/share/tutorial_interfaces/hook/ld_library_path_lib.sh'
[1.178s] Level 1:colcon.colcon_core.environment:checking '/home/tomasz/Desktop/sese_ws/install/tutorial_interfaces/bin'
[1.178s] Level 1:colcon.colcon_core.environment:checking '/home/tomasz/Desktop/sese_ws/install/tutorial_interfaces/lib/pkgconfig/tutorial_interfaces.pc'
[1.179s] Level 1:colcon.colcon_core.environment:checking '/home/tomasz/Desktop/sese_ws/install/tutorial_interfaces/lib/python3.12/site-packages'
[1.179s] Level 1:colcon.colcon_core.shell:create_environment_hook('tutorial_interfaces', 'pythonpath')
[1.179s] INFO:colcon.colcon_core.shell:Creating environment hook '/home/tomasz/Desktop/sese_ws/install/tutorial_interfaces/share/tutorial_interfaces/hook/pythonpath.ps1'
[1.179s] INFO:colcon.colcon_core.shell:Creating environment descriptor '/home/tomasz/Desktop/sese_ws/install/tutorial_interfaces/share/tutorial_interfaces/hook/pythonpath.dsv'
[1.179s] INFO:colcon.colcon_core.shell:Creating environment hook '/home/tomasz/Desktop/sese_ws/install/tutorial_interfaces/share/tutorial_interfaces/hook/pythonpath.sh'
[1.180s] Level 1:colcon.colcon_core.environment:checking '/home/tomasz/Desktop/sese_ws/install/tutorial_interfaces/bin'
[1.180s] INFO:colcon.colcon_core.shell:Creating package script '/home/tomasz/Desktop/sese_ws/install/tutorial_interfaces/share/tutorial_interfaces/package.ps1'
[1.181s] INFO:colcon.colcon_core.shell:Creating package descriptor '/home/tomasz/Desktop/sese_ws/install/tutorial_interfaces/share/tutorial_interfaces/package.dsv'
[1.181s] INFO:colcon.colcon_core.shell:Creating package script '/home/tomasz/Desktop/sese_ws/install/tutorial_interfaces/share/tutorial_interfaces/package.sh'
[1.181s] INFO:colcon.colcon_core.shell:Creating package script '/home/tomasz/Desktop/sese_ws/install/tutorial_interfaces/share/tutorial_interfaces/package.bash'
[1.182s] INFO:colcon.colcon_core.shell:Creating package script '/home/tomasz/Desktop/sese_ws/install/tutorial_interfaces/share/tutorial_interfaces/package.zsh'
[1.183s] Level 1:colcon.colcon_core.environment:create_file_with_runtime_dependencies(/home/tomasz/Desktop/sese_ws/install/tutorial_interfaces/share/colcon-core/packages/tutorial_interfaces)
[1.298s] Level 1:colcon.colcon_core.environment:create_environment_scripts_only(tutorial_interfaces)
[1.298s] Level 1:colcon.colcon_core.environment:checking '/home/tomasz/Desktop/sese_ws/install/tutorial_interfaces' for CMake module files
[1.299s] Level 1:colcon.colcon_core.environment:checking '/home/tomasz/Desktop/sese_ws/install/tutorial_interfaces' for CMake config files
[1.299s] Level 1:colcon.colcon_core.shell:create_environment_hook('tutorial_interfaces', 'cmake_prefix_path')
[1.299s] INFO:colcon.colcon_core.shell:Creating environment hook '/home/tomasz/Desktop/sese_ws/install/tutorial_interfaces/share/tutorial_interfaces/hook/cmake_prefix_path.ps1'
[1.299s] INFO:colcon.colcon_core.shell:Creating environment descriptor '/home/tomasz/Desktop/sese_ws/install/tutorial_interfaces/share/tutorial_interfaces/hook/cmake_prefix_path.dsv'
[1.300s] INFO:colcon.colcon_core.shell:Creating environment hook '/home/tomasz/Desktop/sese_ws/install/tutorial_interfaces/share/tutorial_interfaces/hook/cmake_prefix_path.sh'
[1.300s] Level 1:colcon.colcon_core.environment:checking '/home/tomasz/Desktop/sese_ws/install/tutorial_interfaces/lib'
[1.300s] Level 1:colcon.colcon_core.shell:create_environment_hook('tutorial_interfaces', 'ld_library_path_lib')
[1.300s] INFO:colcon.colcon_core.shell:Creating environment hook '/home/tomasz/Desktop/sese_ws/install/tutorial_interfaces/share/tutorial_interfaces/hook/ld_library_path_lib.ps1'
[1.301s] INFO:colcon.colcon_core.shell:Creating environment descriptor '/home/tomasz/Desktop/sese_ws/install/tutorial_interfaces/share/tutorial_interfaces/hook/ld_library_path_lib.dsv'
[1.301s] INFO:colcon.colcon_core.shell:Creating environment hook '/home/tomasz/Desktop/sese_ws/install/tutorial_interfaces/share/tutorial_interfaces/hook/ld_library_path_lib.sh'
[1.301s] Level 1:colcon.colcon_core.environment:checking '/home/tomasz/Desktop/sese_ws/install/tutorial_interfaces/bin'
[1.301s] Level 1:colcon.colcon_core.environment:checking '/home/tomasz/Desktop/sese_ws/install/tutorial_interfaces/lib/pkgconfig/tutorial_interfaces.pc'
[1.301s] Level 1:colcon.colcon_core.environment:checking '/home/tomasz/Desktop/sese_ws/install/tutorial_interfaces/lib/python3.12/site-packages'
[1.301s] Level 1:colcon.colcon_core.shell:create_environment_hook('tutorial_interfaces', 'pythonpath')
[1.302s] INFO:colcon.colcon_core.shell:Creating environment hook '/home/tomasz/Desktop/sese_ws/install/tutorial_interfaces/share/tutorial_interfaces/hook/pythonpath.ps1'
[1.302s] INFO:colcon.colcon_core.shell:Creating environment descriptor '/home/tomasz/Desktop/sese_ws/install/tutorial_interfaces/share/tutorial_interfaces/hook/pythonpath.dsv'
[1.302s] INFO:colcon.colcon_core.shell:Creating environment hook '/home/tomasz/Desktop/sese_ws/install/tutorial_interfaces/share/tutorial_interfaces/hook/pythonpath.sh'
[1.302s] Level 1:colcon.colcon_core.environment:checking '/home/tomasz/Desktop/sese_ws/install/tutorial_interfaces/bin'
[1.303s] INFO:colcon.colcon_core.shell:Creating package script '/home/tomasz/Desktop/sese_ws/install/tutorial_interfaces/share/tutorial_interfaces/package.ps1'
[1.303s] INFO:colcon.colcon_core.shell:Creating package descriptor '/home/tomasz/Desktop/sese_ws/install/tutorial_interfaces/share/tutorial_interfaces/package.dsv'
[1.303s] INFO:colcon.colcon_core.shell:Creating package script '/home/tomasz/Desktop/sese_ws/install/tutorial_interfaces/share/tutorial_interfaces/package.sh'
[1.304s] INFO:colcon.colcon_core.shell:Creating package script '/home/tomasz/Desktop/sese_ws/install/tutorial_interfaces/share/tutorial_interfaces/package.bash'
[1.304s] INFO:colcon.colcon_core.shell:Creating package script '/home/tomasz/Desktop/sese_ws/install/tutorial_interfaces/share/tutorial_interfaces/package.zsh'
[1.304s] Level 1:colcon.colcon_core.environment:create_file_with_runtime_dependencies(/home/tomasz/Desktop/sese_ws/install/tutorial_interfaces/share/colcon-core/packages/tutorial_interfaces)
[1.305s] INFO:colcon.colcon_ros.task.ament_python.build:Building ROS package in '/home/tomasz/Desktop/sese_ws/src/py_srvcli' with build type 'ament_python'
[1.305s] Level 1:colcon.colcon_core.shell:create_environment_hook('py_srvcli', 'ament_prefix_path')
[1.305s] INFO:colcon.colcon_core.shell:Creating environment hook '/home/tomasz/Desktop/sese_ws/install/py_srvcli/share/py_srvcli/hook/ament_prefix_path.ps1'
[1.305s] INFO:colcon.colcon_core.shell:Creating environment descriptor '/home/tomasz/Desktop/sese_ws/install/py_srvcli/share/py_srvcli/hook/ament_prefix_path.dsv'
[1.306s] INFO:colcon.colcon_core.shell:Creating environment hook '/home/tomasz/Desktop/sese_ws/install/py_srvcli/share/py_srvcli/hook/ament_prefix_path.sh'
[1.306s] INFO:colcon.colcon_core.shell:Skip shell extension 'powershell' for command environment: Not usable outside of PowerShell
[1.306s] DEBUG:colcon.colcon_core.shell:Skip shell extension 'dsv' for command environment
[1.535s] INFO:colcon.colcon_core.task.python.build:Building Python package in '/home/tomasz/Desktop/sese_ws/src/py_srvcli'
[1.535s] INFO:colcon.colcon_core.shell:Skip shell extension 'powershell' for command environment: Not usable outside of PowerShell
[1.535s] DEBUG:colcon.colcon_core.shell:Skip shell extension 'dsv' for command environment
[1.736s] DEBUG:colcon.colcon_core.event_handler.log_command:Invoking command in '/home/tomasz/Desktop/sese_ws/src/python_parameters': DEBUGINFOD_URLS=https://debuginfod.ubuntu.com PYTHONPATH=/home/tomasz/Desktop/sese_ws/build/python_parameters/prefix_override:/usr/lib/python3/dist-packages/colcon_core/task/python/colcon_distutils_commands:/home/tomasz/Desktop/sese_ws/install/python_parameters/lib/python3.12/site-packages:${PYTHONPATH} /usr/bin/python3 -W ignore:setup.py install is deprecated -W ignore:easy_install command is deprecated setup.py egg_info --egg-base ../../build/python_parameters build --build-base /home/tomasz/Desktop/sese_ws/build/python_parameters/build install --record /home/tomasz/Desktop/sese_ws/build/python_parameters/install.log --single-version-externally-managed install_data
[1.748s] DEBUG:colcon.colcon_core.event_handler.log_command:Invoking command in '/home/tomasz/Desktop/sese_ws/src/gs_package': DEBUGINFOD_URLS=https://debuginfod.ubuntu.com PYTHONPATH=/home/tomasz/Desktop/sese_ws/build/gs_package/prefix_override:/usr/lib/python3/dist-packages/colcon_core/task/python/colcon_distutils_commands:/home/tomasz/Desktop/sese_ws/install/gs_package/lib/python3.12/site-packages:${PYTHONPATH} /usr/bin/python3 -W ignore:setup.py install is deprecated -W ignore:easy_install command is deprecated setup.py egg_info --egg-base ../../build/gs_package build --build-base /home/tomasz/Desktop/sese_ws/build/gs_package/build install --record /home/tomasz/Desktop/sese_ws/build/gs_package/install.log --single-version-externally-managed install_data
[1.753s] DEBUG:colcon.colcon_core.event_handler.log_command:Invoking command in '/home/tomasz/Desktop/sese_ws/src/my_package': DEBUGINFOD_URLS=https://debuginfod.ubuntu.com PYTHONPATH=/home/tomasz/Desktop/sese_ws/build/my_package/prefix_override:/usr/lib/python3/dist-packages/colcon_core/task/python/colcon_distutils_commands:/home/tomasz/Desktop/sese_ws/install/my_package/lib/python3.12/site-packages:${PYTHONPATH} /usr/bin/python3 -W ignore:setup.py install is deprecated -W ignore:easy_install command is deprecated setup.py egg_info --egg-base ../../build/my_package build --build-base /home/tomasz/Desktop/sese_ws/build/my_package/build install --record /home/tomasz/Desktop/sese_ws/build/my_package/install.log --single-version-externally-managed install_data
[1.759s] DEBUG:colcon.colcon_core.event_handler.log_command:Invoking command in '/home/tomasz/Desktop/sese_ws/src/py_pubsub': DEBUGINFOD_URLS=https://debuginfod.ubuntu.com PYTHONPATH=/home/tomasz/Desktop/sese_ws/build/py_pubsub/prefix_override:/usr/lib/python3/dist-packages/colcon_core/task/python/colcon_distutils_commands:/home/tomasz/Desktop/sese_ws/install/py_pubsub/lib/python3.12/site-packages:${PYTHONPATH} /usr/bin/python3 -W ignore:setup.py install is deprecated -W ignore:easy_install command is deprecated setup.py egg_info --egg-base ../../build/py_pubsub build --build-base /home/tomasz/Desktop/sese_ws/build/py_pubsub/build install --record /home/tomasz/Desktop/sese_ws/build/py_pubsub/install.log --single-version-externally-managed install_data
[2.114s] DEBUG:colcon.colcon_core.event_handler.log_command:Invoking command in '/home/tomasz/Desktop/sese_ws/src/py_srvcli': DEBUGINFOD_URLS=https://debuginfod.ubuntu.com PYTHONPATH=/home/tomasz/Desktop/sese_ws/build/py_srvcli/prefix_override:/usr/lib/python3/dist-packages/colcon_core/task/python/colcon_distutils_commands:/home/tomasz/Desktop/sese_ws/install/py_srvcli/lib/python3.12/site-packages:/home/tomasz/Desktop/sese_ws/install/tutorial_interfaces/lib/python3.12/site-packages:/home/tomasz/Desktop/sese_ws/install/py_srvcli/lib/python3.12/site-packages:/home/tomasz/Desktop/sese_ws/install/python_parameters/lib/python3.12/site-packages:/home/tomasz/Desktop/sese_ws/install/py_pubsub/lib/python3.12/site-packages:/home/tomasz/Desktop/sese_ws/install/my_package/lib/python3.12/site-packages:/home/tomasz/Desktop/sese_ws/build/launch_testing_examples:/home/tomasz/Desktop/sese_ws/install/launch_testing_examples/lib/python3.12/site-packages:/home/tomasz/Desktop/sese_ws/install/gs_package/lib/python3.12/site-packages:/home/tomasz/Desktop/sese_ws/build/examples_rclpy_pointcloud_publisher:/home/tomasz/Desktop/sese_ws/install/examples_rclpy_pointcloud_publisher/lib/python3.12/site-packages:/home/tomasz/Desktop/sese_ws/build/examples_rclpy_minimal_subscriber:/home/tomasz/Desktop/sese_ws/install/examples_rclpy_minimal_subscriber/lib/python3.12/site-packages:/home/tomasz/Desktop/sese_ws/build/examples_rclpy_minimal_service:/home/tomasz/Desktop/sese_ws/install/examples_rclpy_minimal_service/lib/python3.12/site-packages:/home/tomasz/Desktop/sese_ws/build/examples_rclpy_minimal_publisher:/home/tomasz/Desktop/sese_ws/install/examples_rclpy_minimal_publisher/lib/python3.12/site-packages:/home/tomasz/Desktop/sese_ws/build/examples_rclpy_minimal_client:/home/tomasz/Desktop/sese_ws/install/examples_rclpy_minimal_client/lib/python3.12/site-packages:/home/tomasz/Desktop/sese_ws/build/examples_rclpy_minimal_action_server:/home/tomasz/Desktop/sese_ws/install/examples_rclpy_minimal_action_server/lib/python3.12/site-packages:/home/tomasz/Desktop/sese_ws/build/examples_rclpy_minimal_action_client:/home/tomasz/Desktop/sese_ws/install/examples_rclpy_minimal_action_client/lib/python3.12/site-packages:/home/tomasz/Desktop/sese_ws/build/examples_rclpy_guard_conditions:/home/tomasz/Desktop/sese_ws/install/examples_rclpy_guard_conditions/lib/python3.12/site-packages:/home/tomasz/Desktop/sese_ws/build/examples_rclpy_executors:/home/tomasz/Desktop/sese_ws/install/examples_rclpy_executors/lib/python3.12/site-packages:/home/tomasz/Desktop/sese_ws/install/custom_action_interfaces/lib/python3.12/site-packages:/opt/ros/jazzy/lib/python3.12/site-packages /usr/bin/python3 -W ignore:setup.py install is deprecated -W ignore:easy_install command is deprecated setup.py egg_info --egg-base ../../build/py_srvcli build --build-base /home/tomasz/Desktop/sese_ws/build/py_srvcli/build install --record /home/tomasz/Desktop/sese_ws/build/py_srvcli/install.log --single-version-externally-managed install_data
[2.313s] Level 1:colcon.colcon_core.environment:checking '/home/tomasz/Desktop/sese_ws/install/my_package' for CMake module files
[2.314s] DEBUG:colcon.colcon_core.event_handler.log_command:Invoked command in '/home/tomasz/Desktop/sese_ws/src/my_package' returned '0': DEBUGINFOD_URLS=https://debuginfod.ubuntu.com PYTHONPATH=/home/tomasz/Desktop/sese_ws/build/my_package/prefix_override:/usr/lib/python3/dist-packages/colcon_core/task/python/colcon_distutils_commands:/home/tomasz/Desktop/sese_ws/install/my_package/lib/python3.12/site-packages:${PYTHONPATH} /usr/bin/python3 -W ignore:setup.py install is deprecated -W ignore:easy_install command is deprecated setup.py egg_info --egg-base ../../build/my_package build --build-base /home/tomasz/Desktop/sese_ws/build/my_package/build install --record /home/tomasz/Desktop/sese_ws/build/my_package/install.log --single-version-externally-managed install_data
[2.314s] Level 1:colcon.colcon_core.environment:checking '/home/tomasz/Desktop/sese_ws/install/my_package' for CMake config files
[2.315s] Level 1:colcon.colcon_core.environment:checking '/home/tomasz/Desktop/sese_ws/install/my_package/lib'
[2.315s] Level 1:colcon.colcon_core.environment:checking '/home/tomasz/Desktop/sese_ws/install/my_package/bin'
[2.315s] Level 1:colcon.colcon_core.environment:checking '/home/tomasz/Desktop/sese_ws/install/my_package/lib/pkgconfig/my_package.pc'
[2.315s] Level 1:colcon.colcon_core.environment:checking '/home/tomasz/Desktop/sese_ws/install/my_package/lib/python3.12/site-packages'
[2.315s] Level 1:colcon.colcon_core.shell:create_environment_hook('my_package', 'pythonpath')
[2.315s] INFO:colcon.colcon_core.shell:Creating environment hook '/home/tomasz/Desktop/sese_ws/install/my_package/share/my_package/hook/pythonpath.ps1'
[2.316s] INFO:colcon.colcon_core.shell:Creating environment descriptor '/home/tomasz/Desktop/sese_ws/install/my_package/share/my_package/hook/pythonpath.dsv'
[2.316s] INFO:colcon.colcon_core.shell:Creating environment hook '/home/tomasz/Desktop/sese_ws/install/my_package/share/my_package/hook/pythonpath.sh'
[2.317s] Level 1:colcon.colcon_core.environment:checking '/home/tomasz/Desktop/sese_ws/install/my_package/bin'
[2.317s] Level 1:colcon.colcon_core.environment:create_environment_scripts_only(my_package)
[2.317s] INFO:colcon.colcon_core.shell:Creating package script '/home/tomasz/Desktop/sese_ws/install/my_package/share/my_package/package.ps1'
[2.317s] INFO:colcon.colcon_core.shell:Creating package descriptor '/home/tomasz/Desktop/sese_ws/install/my_package/share/my_package/package.dsv'
[2.318s] INFO:colcon.colcon_core.shell:Creating package script '/home/tomasz/Desktop/sese_ws/install/my_package/share/my_package/package.sh'
[2.318s] INFO:colcon.colcon_core.shell:Creating package script '/home/tomasz/Desktop/sese_ws/install/my_package/share/my_package/package.bash'
[2.318s] INFO:colcon.colcon_core.shell:Creating package script '/home/tomasz/Desktop/sese_ws/install/my_package/share/my_package/package.zsh'
[2.319s] Level 1:colcon.colcon_core.environment:create_file_with_runtime_dependencies(/home/tomasz/Desktop/sese_ws/install/my_package/share/colcon-core/packages/my_package)
[2.320s] Level 1:colcon.colcon_core.environment:checking '/home/tomasz/Desktop/sese_ws/install/python_parameters' for CMake module files
[2.321s] DEBUG:colcon.colcon_core.event_handler.log_command:Invoked command in '/home/tomasz/Desktop/sese_ws/src/python_parameters' returned '0': DEBUGINFOD_URLS=https://debuginfod.ubuntu.com PYTHONPATH=/home/tomasz/Desktop/sese_ws/build/python_parameters/prefix_override:/usr/lib/python3/dist-packages/colcon_core/task/python/colcon_distutils_commands:/home/tomasz/Desktop/sese_ws/install/python_parameters/lib/python3.12/site-packages:${PYTHONPATH} /usr/bin/python3 -W ignore:setup.py install is deprecated -W ignore:easy_install command is deprecated setup.py egg_info --egg-base ../../build/python_parameters build --build-base /home/tomasz/Desktop/sese_ws/build/python_parameters/build install --record /home/tomasz/Desktop/sese_ws/build/python_parameters/install.log --single-version-externally-managed install_data
[2.321s] Level 1:colcon.colcon_core.environment:checking '/home/tomasz/Desktop/sese_ws/install/python_parameters' for CMake config files
[2.322s] Level 1:colcon.colcon_core.environment:checking '/home/tomasz/Desktop/sese_ws/install/python_parameters/lib'
[2.322s] Level 1:colcon.colcon_core.environment:checking '/home/tomasz/Desktop/sese_ws/install/python_parameters/bin'
[2.322s] Level 1:colcon.colcon_core.environment:checking '/home/tomasz/Desktop/sese_ws/install/python_parameters/lib/pkgconfig/python_parameters.pc'
[2.322s] Level 1:colcon.colcon_core.environment:checking '/home/tomasz/Desktop/sese_ws/install/python_parameters/lib/python3.12/site-packages'
[2.322s] Level 1:colcon.colcon_core.shell:create_environment_hook('python_parameters', 'pythonpath')
[2.323s] INFO:colcon.colcon_core.shell:Creating environment hook '/home/tomasz/Desktop/sese_ws/install/python_parameters/share/python_parameters/hook/pythonpath.ps1'
[2.323s] INFO:colcon.colcon_core.shell:Creating environment descriptor '/home/tomasz/Desktop/sese_ws/install/python_parameters/share/python_parameters/hook/pythonpath.dsv'
[2.324s] INFO:colcon.colcon_core.shell:Creating environment hook '/home/tomasz/Desktop/sese_ws/install/python_parameters/share/python_parameters/hook/pythonpath.sh'
[2.324s] Level 1:colcon.colcon_core.environment:checking '/home/tomasz/Desktop/sese_ws/install/python_parameters/bin'
[2.324s] Level 1:colcon.colcon_core.environment:create_environment_scripts_only(python_parameters)
[2.325s] INFO:colcon.colcon_core.shell:Creating package script '/home/tomasz/Desktop/sese_ws/install/python_parameters/share/python_parameters/package.ps1'
[2.325s] INFO:colcon.colcon_core.shell:Creating package descriptor '/home/tomasz/Desktop/sese_ws/install/python_parameters/share/python_parameters/package.dsv'
[2.326s] INFO:colcon.colcon_core.shell:Creating package script '/home/tomasz/Desktop/sese_ws/install/python_parameters/share/python_parameters/package.sh'
[2.326s] INFO:colcon.colcon_core.shell:Creating package script '/home/tomasz/Desktop/sese_ws/install/python_parameters/share/python_parameters/package.bash'
[2.327s] INFO:colcon.colcon_core.shell:Creating package script '/home/tomasz/Desktop/sese_ws/install/python_parameters/share/python_parameters/package.zsh'
[2.327s] Level 1:colcon.colcon_core.environment:create_file_with_runtime_dependencies(/home/tomasz/Desktop/sese_ws/install/python_parameters/share/colcon-core/packages/python_parameters)
[2.333s] Level 1:colcon.colcon_core.environment:checking '/home/tomasz/Desktop/sese_ws/install/py_pubsub' for CMake module files
[2.334s] DEBUG:colcon.colcon_core.event_handler.log_command:Invoked command in '/home/tomasz/Desktop/sese_ws/src/py_pubsub' returned '0': DEBUGINFOD_URLS=https://debuginfod.ubuntu.com PYTHONPATH=/home/tomasz/Desktop/sese_ws/build/py_pubsub/prefix_override:/usr/lib/python3/dist-packages/colcon_core/task/python/colcon_distutils_commands:/home/tomasz/Desktop/sese_ws/install/py_pubsub/lib/python3.12/site-packages:${PYTHONPATH} /usr/bin/python3 -W ignore:setup.py install is deprecated -W ignore:easy_install command is deprecated setup.py egg_info --egg-base ../../build/py_pubsub build --build-base /home/tomasz/Desktop/sese_ws/build/py_pubsub/build install --record /home/tomasz/Desktop/sese_ws/build/py_pubsub/install.log --single-version-externally-managed install_data
[2.334s] Level 1:colcon.colcon_core.environment:checking '/home/tomasz/Desktop/sese_ws/install/py_pubsub' for CMake config files
[2.335s] Level 1:colcon.colcon_core.environment:checking '/home/tomasz/Desktop/sese_ws/install/py_pubsub/lib'
[2.335s] Level 1:colcon.colcon_core.environment:checking '/home/tomasz/Desktop/sese_ws/install/py_pubsub/bin'
[2.335s] Level 1:colcon.colcon_core.environment:checking '/home/tomasz/Desktop/sese_ws/install/py_pubsub/lib/pkgconfig/py_pubsub.pc'
[2.335s] Level 1:colcon.colcon_core.environment:checking '/home/tomasz/Desktop/sese_ws/install/py_pubsub/lib/python3.12/site-packages'
[2.335s] Level 1:colcon.colcon_core.shell:create_environment_hook('py_pubsub', 'pythonpath')
[2.335s] INFO:colcon.colcon_core.shell:Creating environment hook '/home/tomasz/Desktop/sese_ws/install/py_pubsub/share/py_pubsub/hook/pythonpath.ps1'
[2.336s] INFO:colcon.colcon_core.shell:Creating environment descriptor '/home/tomasz/Desktop/sese_ws/install/py_pubsub/share/py_pubsub/hook/pythonpath.dsv'
[2.336s] INFO:colcon.colcon_core.shell:Creating environment hook '/home/tomasz/Desktop/sese_ws/install/py_pubsub/share/py_pubsub/hook/pythonpath.sh'
[2.336s] Level 1:colcon.colcon_core.environment:checking '/home/tomasz/Desktop/sese_ws/install/py_pubsub/bin'
[2.336s] Level 1:colcon.colcon_core.environment:create_environment_scripts_only(py_pubsub)
[2.337s] INFO:colcon.colcon_core.shell:Creating package script '/home/tomasz/Desktop/sese_ws/install/py_pubsub/share/py_pubsub/package.ps1'
[2.337s] INFO:colcon.colcon_core.shell:Creating package descriptor '/home/tomasz/Desktop/sese_ws/install/py_pubsub/share/py_pubsub/package.dsv'
[2.337s] INFO:colcon.colcon_core.shell:Creating package script '/home/tomasz/Desktop/sese_ws/install/py_pubsub/share/py_pubsub/package.sh'
[2.338s] INFO:colcon.colcon_core.shell:Creating package script '/home/tomasz/Desktop/sese_ws/install/py_pubsub/share/py_pubsub/package.bash'
[2.338s] INFO:colcon.colcon_core.shell:Creating package script '/home/tomasz/Desktop/sese_ws/install/py_pubsub/share/py_pubsub/package.zsh'
[2.338s] Level 1:colcon.colcon_core.environment:create_file_with_runtime_dependencies(/home/tomasz/Desktop/sese_ws/install/py_pubsub/share/colcon-core/packages/py_pubsub)
[2.339s] Level 1:colcon.colcon_core.environment:checking '/home/tomasz/Desktop/sese_ws/install/gs_package' for CMake module files
[2.340s] DEBUG:colcon.colcon_core.event_handler.log_command:Invoked command in '/home/tomasz/Desktop/sese_ws/src/gs_package' returned '0': DEBUGINFOD_URLS=https://debuginfod.ubuntu.com PYTHONPATH=/home/tomasz/Desktop/sese_ws/build/gs_package/prefix_override:/usr/lib/python3/dist-packages/colcon_core/task/python/colcon_distutils_commands:/home/tomasz/Desktop/sese_ws/install/gs_package/lib/python3.12/site-packages:${PYTHONPATH} /usr/bin/python3 -W ignore:setup.py install is deprecated -W ignore:easy_install command is deprecated setup.py egg_info --egg-base ../../build/gs_package build --build-base /home/tomasz/Desktop/sese_ws/build/gs_package/build install --record /home/tomasz/Desktop/sese_ws/build/gs_package/install.log --single-version-externally-managed install_data
[2.340s] Level 1:colcon.colcon_core.environment:checking '/home/tomasz/Desktop/sese_ws/install/gs_package' for CMake config files
[2.340s] Level 1:colcon.colcon_core.environment:checking '/home/tomasz/Desktop/sese_ws/install/gs_package/lib'
[2.341s] Level 1:colcon.colcon_core.environment:checking '/home/tomasz/Desktop/sese_ws/install/gs_package/bin'
[2.341s] Level 1:colcon.colcon_core.environment:checking '/home/tomasz/Desktop/sese_ws/install/gs_package/lib/pkgconfig/gs_package.pc'
[2.341s] Level 1:colcon.colcon_core.environment:checking '/home/tomasz/Desktop/sese_ws/install/gs_package/lib/python3.12/site-packages'
[2.341s] Level 1:colcon.colcon_core.shell:create_environment_hook('gs_package', 'pythonpath')
[2.341s] INFO:colcon.colcon_core.shell:Creating environment hook '/home/tomasz/Desktop/sese_ws/install/gs_package/share/gs_package/hook/pythonpath.ps1'
[2.341s] INFO:colcon.colcon_core.shell:Creating environment descriptor '/home/tomasz/Desktop/sese_ws/install/gs_package/share/gs_package/hook/pythonpath.dsv'
[2.342s] INFO:colcon.colcon_core.shell:Creating environment hook '/home/tomasz/Desktop/sese_ws/install/gs_package/share/gs_package/hook/pythonpath.sh'
[2.342s] Level 1:colcon.colcon_core.environment:checking '/home/tomasz/Desktop/sese_ws/install/gs_package/bin'
[2.342s] Level 1:colcon.colcon_core.environment:create_environment_scripts_only(gs_package)
[2.342s] INFO:colcon.colcon_core.shell:Creating package script '/home/tomasz/Desktop/sese_ws/install/gs_package/share/gs_package/package.ps1'
[2.343s] INFO:colcon.colcon_core.shell:Creating package descriptor '/home/tomasz/Desktop/sese_ws/install/gs_package/share/gs_package/package.dsv'
[2.343s] INFO:colcon.colcon_core.shell:Creating package script '/home/tomasz/Desktop/sese_ws/install/gs_package/share/gs_package/package.sh'
[2.343s] INFO:colcon.colcon_core.shell:Creating package script '/home/tomasz/Desktop/sese_ws/install/gs_package/share/gs_package/package.bash'
[2.343s] INFO:colcon.colcon_core.shell:Creating package script '/home/tomasz/Desktop/sese_ws/install/gs_package/share/gs_package/package.zsh'
[2.344s] Level 1:colcon.colcon_core.environment:create_file_with_runtime_dependencies(/home/tomasz/Desktop/sese_ws/install/gs_package/share/colcon-core/packages/gs_package)
[2.651s] Level 1:colcon.colcon_core.environment:checking '/home/tomasz/Desktop/sese_ws/install/py_srvcli' for CMake module files
[2.651s] DEBUG:colcon.colcon_core.event_handler.log_command:Invoked command in '/home/tomasz/Desktop/sese_ws/src/py_srvcli' returned '0': DEBUGINFOD_URLS=https://debuginfod.ubuntu.com PYTHONPATH=/home/tomasz/Desktop/sese_ws/build/py_srvcli/prefix_override:/usr/lib/python3/dist-packages/colcon_core/task/python/colcon_distutils_commands:/home/tomasz/Desktop/sese_ws/install/py_srvcli/lib/python3.12/site-packages:/home/tomasz/Desktop/sese_ws/install/tutorial_interfaces/lib/python3.12/site-packages:/home/tomasz/Desktop/sese_ws/install/py_srvcli/lib/python3.12/site-packages:/home/tomasz/Desktop/sese_ws/install/python_parameters/lib/python3.12/site-packages:/home/tomasz/Desktop/sese_ws/install/py_pubsub/lib/python3.12/site-packages:/home/tomasz/Desktop/sese_ws/install/my_package/lib/python3.12/site-packages:/home/tomasz/Desktop/sese_ws/build/launch_testing_examples:/home/tomasz/Desktop/sese_ws/install/launch_testing_examples/lib/python3.12/site-packages:/home/tomasz/Desktop/sese_ws/install/gs_package/lib/python3.12/site-packages:/home/tomasz/Desktop/sese_ws/build/examples_rclpy_pointcloud_publisher:/home/tomasz/Desktop/sese_ws/install/examples_rclpy_pointcloud_publisher/lib/python3.12/site-packages:/home/tomasz/Desktop/sese_ws/build/examples_rclpy_minimal_subscriber:/home/tomasz/Desktop/sese_ws/install/examples_rclpy_minimal_subscriber/lib/python3.12/site-packages:/home/tomasz/Desktop/sese_ws/build/examples_rclpy_minimal_service:/home/tomasz/Desktop/sese_ws/install/examples_rclpy_minimal_service/lib/python3.12/site-packages:/home/tomasz/Desktop/sese_ws/build/examples_rclpy_minimal_publisher:/home/tomasz/Desktop/sese_ws/install/examples_rclpy_minimal_publisher/lib/python3.12/site-packages:/home/tomasz/Desktop/sese_ws/build/examples_rclpy_minimal_client:/home/tomasz/Desktop/sese_ws/install/examples_rclpy_minimal_client/lib/python3.12/site-packages:/home/tomasz/Desktop/sese_ws/build/examples_rclpy_minimal_action_server:/home/tomasz/Desktop/sese_ws/install/examples_rclpy_minimal_action_server/lib/python3.12/site-packages:/home/tomasz/Desktop/sese_ws/build/examples_rclpy_minimal_action_client:/home/tomasz/Desktop/sese_ws/install/examples_rclpy_minimal_action_client/lib/python3.12/site-packages:/home/tomasz/Desktop/sese_ws/build/examples_rclpy_guard_conditions:/home/tomasz/Desktop/sese_ws/install/examples_rclpy_guard_conditions/lib/python3.12/site-packages:/home/tomasz/Desktop/sese_ws/build/examples_rclpy_executors:/home/tomasz/Desktop/sese_ws/install/examples_rclpy_executors/lib/python3.12/site-packages:/home/tomasz/Desktop/sese_ws/install/custom_action_interfaces/lib/python3.12/site-packages:/opt/ros/jazzy/lib/python3.12/site-packages /usr/bin/python3 -W ignore:setup.py install is deprecated -W ignore:easy_install command is deprecated setup.py egg_info --egg-base ../../build/py_srvcli build --build-base /home/tomasz/Desktop/sese_ws/build/py_srvcli/build install --record /home/tomasz/Desktop/sese_ws/build/py_srvcli/install.log --single-version-externally-managed install_data
[2.651s] Level 1:colcon.colcon_core.environment:checking '/home/tomasz/Desktop/sese_ws/install/py_srvcli' for CMake config files
[2.652s] Level 1:colcon.colcon_core.environment:checking '/home/tomasz/Desktop/sese_ws/install/py_srvcli/lib'
[2.652s] Level 1:colcon.colcon_core.environment:checking '/home/tomasz/Desktop/sese_ws/install/py_srvcli/bin'
[2.652s] Level 1:colcon.colcon_core.environment:checking '/home/tomasz/Desktop/sese_ws/install/py_srvcli/lib/pkgconfig/py_srvcli.pc'
[2.652s] Level 1:colcon.colcon_core.environment:checking '/home/tomasz/Desktop/sese_ws/install/py_srvcli/lib/python3.12/site-packages'
[2.652s] Level 1:colcon.colcon_core.shell:create_environment_hook('py_srvcli', 'pythonpath')
[2.652s] INFO:colcon.colcon_core.shell:Creating environment hook '/home/tomasz/Desktop/sese_ws/install/py_srvcli/share/py_srvcli/hook/pythonpath.ps1'
[2.653s] INFO:colcon.colcon_core.shell:Creating environment descriptor '/home/tomasz/Desktop/sese_ws/install/py_srvcli/share/py_srvcli/hook/pythonpath.dsv'
[2.653s] INFO:colcon.colcon_core.shell:Creating environment hook '/home/tomasz/Desktop/sese_ws/install/py_srvcli/share/py_srvcli/hook/pythonpath.sh'
[2.654s] Level 1:colcon.colcon_core.environment:checking '/home/tomasz/Desktop/sese_ws/install/py_srvcli/bin'
[2.654s] Level 1:colcon.colcon_core.environment:create_environment_scripts_only(py_srvcli)
[2.654s] INFO:colcon.colcon_core.shell:Creating package script '/home/tomasz/Desktop/sese_ws/install/py_srvcli/share/py_srvcli/package.ps1'
[2.654s] INFO:colcon.colcon_core.shell:Creating package descriptor '/home/tomasz/Desktop/sese_ws/install/py_srvcli/share/py_srvcli/package.dsv'
[2.654s] INFO:colcon.colcon_core.shell:Creating package script '/home/tomasz/Desktop/sese_ws/install/py_srvcli/share/py_srvcli/package.sh'
[2.655s] INFO:colcon.colcon_core.shell:Creating package script '/home/tomasz/Desktop/sese_ws/install/py_srvcli/share/py_srvcli/package.bash'
[2.655s] INFO:colcon.colcon_core.shell:Creating package script '/home/tomasz/Desktop/sese_ws/install/py_srvcli/share/py_srvcli/package.zsh'
[2.655s] Level 1:colcon.colcon_core.environment:create_file_with_runtime_dependencies(/home/tomasz/Desktop/sese_ws/install/py_srvcli/share/colcon-core/packages/py_srvcli)
[2.656s] DEBUG:colcon.colcon_parallel_executor.executor.parallel:closing loop
[2.656s] DEBUG:colcon.colcon_parallel_executor.executor.parallel:loop closed
[2.656s] DEBUG:colcon.colcon_parallel_executor.executor.parallel:run_until_complete finished with '0'
[2.656s] DEBUG:colcon.colcon_core.event_reactor:joining thread
[2.662s] INFO:colcon.colcon_core.plugin_system:Skipping extension 'colcon_notification.desktop_notification.terminal_notifier': Not used on non-Darwin systems
[2.662s] INFO:colcon.colcon_core.plugin_system:Skipping extension 'colcon_notification.desktop_notification.win32': Not used on non-Windows systems
[2.662s] INFO:colcon.colcon_notification.desktop_notification:Sending desktop notification using 'notify2'
[2.673s] DEBUG:colcon.colcon_core.event_reactor:joined thread
[2.673s] INFO:colcon.colcon_core.shell:Creating prefix script '/home/tomasz/Desktop/sese_ws/install/local_setup.ps1'
[2.674s] INFO:colcon.colcon_core.shell:Creating prefix util module '/home/tomasz/Desktop/sese_ws/install/_local_setup_util_ps1.py'
[2.675s] INFO:colcon.colcon_core.shell:Creating prefix chain script '/home/tomasz/Desktop/sese_ws/install/setup.ps1'
[2.676s] INFO:colcon.colcon_core.shell:Creating prefix script '/home/tomasz/Desktop/sese_ws/install/local_setup.sh'
[2.677s] INFO:colcon.colcon_core.shell:Creating prefix util module '/home/tomasz/Desktop/sese_ws/install/_local_setup_util_sh.py'
[2.677s] INFO:colcon.colcon_core.shell:Creating prefix chain script '/home/tomasz/Desktop/sese_ws/install/setup.sh'
[2.679s] INFO:colcon.colcon_core.shell:Creating prefix script '/home/tomasz/Desktop/sese_ws/install/local_setup.bash'
[2.679s] INFO:colcon.colcon_core.shell:Creating prefix chain script '/home/tomasz/Desktop/sese_ws/install/setup.bash'
[2.681s] INFO:colcon.colcon_core.shell:Creating prefix script '/home/tomasz/Desktop/sese_ws/install/local_setup.zsh'
[2.681s] INFO:colcon.colcon_core.shell:Creating prefix chain script '/home/tomasz/Desktop/sese_ws/install/setup.zsh'
