[1.591s] Invoking command in '/home/tomasz/Desktop/sese_ws/src/gs_package': DEBUGINFOD_URLS=https://debuginfod.ubuntu.com PYTHONPATH=/home/tomasz/Desktop/sese_ws/build/gs_package/prefix_override:/usr/lib/python3/dist-packages/colcon_core/task/python/colcon_distutils_commands:/home/tomasz/Desktop/sese_ws/install/gs_package/lib/python3.12/site-packages:${PYTHONPATH} /usr/bin/python3 -W ignore:setup.py install is deprecated -W ignore:easy_install command is deprecated setup.py egg_info --egg-base ../../build/gs_package build --build-base /home/tomasz/Desktop/sese_ws/build/gs_package/build install --record /home/tomasz/Desktop/sese_ws/build/gs_package/install.log --single-version-externally-managed install_data
[1.904s] running egg_info
[1.928s] writing ../../build/gs_package/gs_package.egg-info/PKG-INFO
[1.928s] writing dependency_links to ../../build/gs_package/gs_package.egg-info/dependency_links.txt
[1.928s] writing entry points to ../../build/gs_package/gs_package.egg-info/entry_points.txt
[1.929s] writing requirements to ../../build/gs_package/gs_package.egg-info/requires.txt
[1.929s] writing top-level names to ../../build/gs_package/gs_package.egg-info/top_level.txt
[1.977s] reading manifest file '../../build/gs_package/gs_package.egg-info/SOURCES.txt'
[1.977s] adding license file 'LICENSE'
[1.977s] writing manifest file '../../build/gs_package/gs_package.egg-info/SOURCES.txt'
[1.978s] running build
[1.978s] running build_py
[1.979s] running install
[1.985s] running install_lib
[2.010s] running install_data
[2.010s] copying launch/vol.launch.py -> /home/tomasz/Desktop/sese_ws/install/gs_package/share/gs_package/launch
[2.010s] running install_egg_info
[2.036s] removing '/home/tomasz/Desktop/sese_ws/install/gs_package/lib/python3.12/site-packages/gs_package-0.0.0-py3.12.egg-info' (and everything under it)
[2.036s] Copying ../../build/gs_package/gs_package.egg-info to /home/tomasz/Desktop/sese_ws/install/gs_package/lib/python3.12/site-packages/gs_package-0.0.0-py3.12.egg-info
[2.037s] running install_scripts
[2.203s] Installing point script to /home/tomasz/Desktop/sese_ws/install/gs_package/lib/gs_package
[2.203s] Installing publish script to /home/tomasz/Desktop/sese_ws/install/gs_package/lib/gs_package
[2.203s] Installing subscribe script to /home/tomasz/Desktop/sese_ws/install/gs_package/lib/gs_package
[2.204s] writing list of installed files to '/home/tomasz/Desktop/sese_ws/build/gs_package/install.log'
[2.286s] Invoked command in '/home/tomasz/Desktop/sese_ws/src/gs_package' returned '0': DEBUGINFOD_URLS=https://debuginfod.ubuntu.com PYTHONPATH=/home/tomasz/Desktop/sese_ws/build/gs_package/prefix_override:/usr/lib/python3/dist-packages/colcon_core/task/python/colcon_distutils_commands:/home/tomasz/Desktop/sese_ws/install/gs_package/lib/python3.12/site-packages:${PYTHONPATH} /usr/bin/python3 -W ignore:setup.py install is deprecated -W ignore:easy_install command is deprecated setup.py egg_info --egg-base ../../build/gs_package build --build-base /home/tomasz/Desktop/sese_ws/build/gs_package/build install --record /home/tomasz/Desktop/sese_ws/build/gs_package/install.log --single-version-externally-managed install_data
