[4.314s] Invoking command in '/home/tomasz/Desktop/sese_ws/src/my_package': DEBUGINFOD_URLS=https://debuginfod.ubuntu.com PYTHONPATH=/home/tomasz/Desktop/sese_ws/build/my_package/prefix_override:/usr/lib/python3/dist-packages/colcon_core/task/python/colcon_distutils_commands:/home/tomasz/Desktop/sese_ws/install/my_package/lib/python3.12/site-packages:${PYTHONPATH} /usr/bin/python3 -W ignore:setup.py install is deprecated -W ignore:easy_install command is deprecated setup.py egg_info --egg-base ../../build/my_package build --build-base /home/tomasz/Desktop/sese_ws/build/my_package/build install --record /home/tomasz/Desktop/sese_ws/build/my_package/install.log --single-version-externally-managed install_data
[5.113s] running egg_info
[5.174s] writing ../../build/my_package/my_package.egg-info/PKG-INFO
[5.175s] writing dependency_links to ../../build/my_package/my_package.egg-info/dependency_links.txt
[5.175s] writing entry points to ../../build/my_package/my_package.egg-info/entry_points.txt
[5.175s] writing requirements to ../../build/my_package/my_package.egg-info/requires.txt
[5.176s] writing top-level names to ../../build/my_package/my_package.egg-info/top_level.txt
[5.301s] reading manifest file '../../build/my_package/my_package.egg-info/SOURCES.txt'
[5.302s] adding license file 'LICENSE'
[5.303s] writing manifest file '../../build/my_package/my_package.egg-info/SOURCES.txt'
[5.304s] running build
[5.304s] running build_py
[5.304s] running install
[5.319s] running install_lib
[5.382s] running install_data
[5.382s] running install_egg_info
[5.447s] removing '/home/tomasz/Desktop/sese_ws/install/my_package/lib/python3.12/site-packages/my_package-0.0.0-py3.12.egg-info' (and everything under it)
[5.448s] Copying ../../build/my_package/my_package.egg-info to /home/tomasz/Desktop/sese_ws/install/my_package/lib/python3.12/site-packages/my_package-0.0.0-py3.12.egg-info
[5.451s] running install_scripts
[5.865s] Installing my_node script to /home/tomasz/Desktop/sese_ws/install/my_package/lib/my_package
[5.866s] writing list of installed files to '/home/tomasz/Desktop/sese_ws/build/my_package/install.log'
[5.950s] Invoked command in '/home/tomasz/Desktop/sese_ws/src/my_package' returned '0': DEBUGINFOD_URLS=https://debuginfod.ubuntu.com PYTHONPATH=/home/tomasz/Desktop/sese_ws/build/my_package/prefix_override:/usr/lib/python3/dist-packages/colcon_core/task/python/colcon_distutils_commands:/home/tomasz/Desktop/sese_ws/install/my_package/lib/python3.12/site-packages:${PYTHONPATH} /usr/bin/python3 -W ignore:setup.py install is deprecated -W ignore:easy_install command is deprecated setup.py egg_info --egg-base ../../build/my_package build --build-base /home/tomasz/Desktop/sese_ws/build/my_package/build install --record /home/tomasz/Desktop/sese_ws/build/my_package/install.log --single-version-externally-managed install_data
