[4.448s] Invoking command in '/home/tomasz/Desktop/sese_ws/src/py_pubsub': DEBUGINFOD_URLS=https://debuginfod.ubuntu.com PYTHONPATH=/home/tomasz/Desktop/sese_ws/build/py_pubsub/prefix_override:/usr/lib/python3/dist-packages/colcon_core/task/python/colcon_distutils_commands:/home/tomasz/Desktop/sese_ws/install/py_pubsub/lib/python3.12/site-packages:${PYTHONPATH} /usr/bin/python3 -W ignore:setup.py install is deprecated -W ignore:easy_install command is deprecated setup.py egg_info --egg-base ../../build/py_pubsub build --build-base /home/tomasz/Desktop/sese_ws/build/py_pubsub/build install --record /home/tomasz/Desktop/sese_ws/build/py_pubsub/install.log --single-version-externally-managed install_data
[5.301s] running egg_info
[5.364s] writing ../../build/py_pubsub/py_pubsub.egg-info/PKG-INFO
[5.365s] writing dependency_links to ../../build/py_pubsub/py_pubsub.egg-info/dependency_links.txt
[5.365s] writing entry points to ../../build/py_pubsub/py_pubsub.egg-info/entry_points.txt
[5.366s] writing requirements to ../../build/py_pubsub/py_pubsub.egg-info/requires.txt
[5.366s] writing top-level names to ../../build/py_pubsub/py_pubsub.egg-info/top_level.txt
[5.496s] reading manifest file '../../build/py_pubsub/py_pubsub.egg-info/SOURCES.txt'
[5.497s] adding license file 'LICENSE'
[5.498s] writing manifest file '../../build/py_pubsub/py_pubsub.egg-info/SOURCES.txt'
[5.499s] running build
[5.499s] running build_py
[5.500s] running install
[5.515s] running install_lib
[5.587s] running install_data
[5.587s] running install_egg_info
[5.656s] removing '/home/tomasz/Desktop/sese_ws/install/py_pubsub/lib/python3.12/site-packages/py_pubsub-0.0.0-py3.12.egg-info' (and everything under it)
[5.657s] Copying ../../build/py_pubsub/py_pubsub.egg-info to /home/tomasz/Desktop/sese_ws/install/py_pubsub/lib/python3.12/site-packages/py_pubsub-0.0.0-py3.12.egg-info
[5.660s] running install_scripts
[6.101s] Installing listener script to /home/tomasz/Desktop/sese_ws/install/py_pubsub/lib/py_pubsub
[6.101s] Installing talker script to /home/tomasz/Desktop/sese_ws/install/py_pubsub/lib/py_pubsub
[6.102s] writing list of installed files to '/home/tomasz/Desktop/sese_ws/build/py_pubsub/install.log'
[6.170s] Invoked command in '/home/tomasz/Desktop/sese_ws/src/py_pubsub' returned '0': DEBUGINFOD_URLS=https://debuginfod.ubuntu.com PYTHONPATH=/home/tomasz/Desktop/sese_ws/build/py_pubsub/prefix_override:/usr/lib/python3/dist-packages/colcon_core/task/python/colcon_distutils_commands:/home/tomasz/Desktop/sese_ws/install/py_pubsub/lib/python3.12/site-packages:${PYTHONPATH} /usr/bin/python3 -W ignore:setup.py install is deprecated -W ignore:easy_install command is deprecated setup.py egg_info --egg-base ../../build/py_pubsub build --build-base /home/tomasz/Desktop/sese_ws/build/py_pubsub/build install --record /home/tomasz/Desktop/sese_ws/build/py_pubsub/install.log --single-version-externally-managed install_data
