[2.579s] Invoking command in '/home/tomasz/Desktop/sese_ws/src/gs_package': DEBUGINFOD_URLS=https://debuginfod.ubuntu.com PYTHONPATH=/home/tomasz/Desktop/sese_ws/build/gs_package/prefix_override:/usr/lib/python3/dist-packages/colcon_core/task/python/colcon_distutils_commands:/home/tomasz/Desktop/sese_ws/install/gs_package/lib/python3.12/site-packages:${PYTHONPATH} /usr/bin/python3 -W ignore:setup.py install is deprecated setup.py egg_info --egg-base ../../build/gs_package build --build-base /home/tomasz/Desktop/sese_ws/build/gs_package/build install --record /home/tomasz/Desktop/sese_ws/build/gs_package/install.log --single-version-externally-managed install_data
[2.867s] running egg_info
[2.889s] writing ../../build/gs_package/gs_package.egg-info/PKG-INFO
[2.889s] writing dependency_links to ../../build/gs_package/gs_package.egg-info/dependency_links.txt
[2.889s] writing entry points to ../../build/gs_package/gs_package.egg-info/entry_points.txt
[2.889s] writing requirements to ../../build/gs_package/gs_package.egg-info/requires.txt
[2.889s] writing top-level names to ../../build/gs_package/gs_package.egg-info/top_level.txt
[2.935s] reading manifest file '../../build/gs_package/gs_package.egg-info/SOURCES.txt'
[2.936s] adding license file 'LICENSE'
[2.936s] writing manifest file '../../build/gs_package/gs_package.egg-info/SOURCES.txt'
[2.937s] running build
[2.937s] running build_py
[2.937s] running install
[2.943s] running install_lib
[2.966s] running install_data
[2.966s] running install_egg_info
[2.990s] removing '/home/tomasz/Desktop/sese_ws/install/gs_package/lib/python3.12/site-packages/gs_package-0.0.0-py3.12.egg-info' (and everything under it)
[2.991s] Copying ../../build/gs_package/gs_package.egg-info to /home/tomasz/Desktop/sese_ws/install/gs_package/lib/python3.12/site-packages/gs_package-0.0.0-py3.12.egg-info
[2.992s] running install_scripts
[3.142s] Installing point script to /home/tomasz/Desktop/sese_ws/install/gs_package/lib/gs_package
[3.142s] Installing publish script to /home/tomasz/Desktop/sese_ws/install/gs_package/lib/gs_package
[3.142s] Installing subscribe script to /home/tomasz/Desktop/sese_ws/install/gs_package/lib/gs_package
[3.143s] writing list of installed files to '/home/tomasz/Desktop/sese_ws/build/gs_package/install.log'
[3.191s] Invoked command in '/home/tomasz/Desktop/sese_ws/src/gs_package' returned '0': DEBUGINFOD_URLS=https://debuginfod.ubuntu.com PYTHONPATH=/home/tomasz/Desktop/sese_ws/build/gs_package/prefix_override:/usr/lib/python3/dist-packages/colcon_core/task/python/colcon_distutils_commands:/home/tomasz/Desktop/sese_ws/install/gs_package/lib/python3.12/site-packages:${PYTHONPATH} /usr/bin/python3 -W ignore:setup.py install is deprecated setup.py egg_info --egg-base ../../build/gs_package build --build-base /home/tomasz/Desktop/sese_ws/build/gs_package/build install --record /home/tomasz/Desktop/sese_ws/build/gs_package/install.log --single-version-externally-managed install_data
