[1.546s] Invoking command in '/home/tomasz/Desktop/sese_ws/src/my_package': DEBUGINFOD_URLS=https://debuginfod.ubuntu.com PYTHONPATH=/home/tomasz/Desktop/sese_ws/build/my_package/prefix_override:/usr/lib/python3/dist-packages/colcon_core/task/python/colcon_distutils_commands:/home/tomasz/Desktop/sese_ws/install/my_package/lib/python3.12/site-packages:${PYTHONPATH} /usr/bin/python3 -W ignore:setup.py install is deprecated setup.py egg_info --egg-base ../../build/my_package build --build-base /home/tomasz/Desktop/sese_ws/build/my_package/build install --record /home/tomasz/Desktop/sese_ws/build/my_package/install.log --single-version-externally-managed install_data
[1.838s] running egg_info
[1.859s] writing ../../build/my_package/my_package.egg-info/PKG-INFO
[1.859s] writing dependency_links to ../../build/my_package/my_package.egg-info/dependency_links.txt
[1.859s] writing entry points to ../../build/my_package/my_package.egg-info/entry_points.txt
[1.860s] writing requirements to ../../build/my_package/my_package.egg-info/requires.txt
[1.860s] writing top-level names to ../../build/my_package/my_package.egg-info/top_level.txt
[1.904s] reading manifest file '../../build/my_package/my_package.egg-info/SOURCES.txt'
[1.904s] adding license file 'LICENSE'
[1.905s] writing manifest file '../../build/my_package/my_package.egg-info/SOURCES.txt'
[1.905s] running build
[1.905s] running build_py
[1.905s] running install
[1.911s] running install_lib
[1.934s] running install_data
[1.934s] running install_egg_info
[1.958s] removing '/home/tomasz/Desktop/sese_ws/install/my_package/lib/python3.12/site-packages/my_package-0.0.0-py3.12.egg-info' (and everything under it)
[1.958s] Copying ../../build/my_package/my_package.egg-info to /home/tomasz/Desktop/sese_ws/install/my_package/lib/python3.12/site-packages/my_package-0.0.0-py3.12.egg-info
[1.959s] running install_scripts
[2.115s] Installing my_node script to /home/tomasz/Desktop/sese_ws/install/my_package/lib/my_package
[2.115s] writing list of installed files to '/home/tomasz/Desktop/sese_ws/build/my_package/install.log'
[2.156s] Invoked command in '/home/tomasz/Desktop/sese_ws/src/my_package' returned '0': DEBUGINFOD_URLS=https://debuginfod.ubuntu.com PYTHONPATH=/home/tomasz/Desktop/sese_ws/build/my_package/prefix_override:/usr/lib/python3/dist-packages/colcon_core/task/python/colcon_distutils_commands:/home/tomasz/Desktop/sese_ws/install/my_package/lib/python3.12/site-packages:${PYTHONPATH} /usr/bin/python3 -W ignore:setup.py install is deprecated setup.py egg_info --egg-base ../../build/my_package build --build-base /home/tomasz/Desktop/sese_ws/build/my_package/build install --record /home/tomasz/Desktop/sese_ws/build/my_package/install.log --single-version-externally-managed install_data
