[1.605s] Invoking command in '/home/tomasz/Desktop/sese_ws/src/gs_package': DEBUGINFOD_URLS=https://debuginfod.ubuntu.com PYTHONPATH=/home/tomasz/Desktop/sese_ws/build/gs_package/prefix_override:/usr/lib/python3/dist-packages/colcon_core/task/python/colcon_distutils_commands:/home/tomasz/Desktop/sese_ws/install/gs_package/lib/python3.12/site-packages:${PYTHONPATH} /usr/bin/python3 -W ignore:setup.py install is deprecated setup.py egg_info --egg-base ../../build/gs_package build --build-base /home/tomasz/Desktop/sese_ws/build/gs_package/build install --record /home/tomasz/Desktop/sese_ws/build/gs_package/install.log --single-version-externally-managed install_data
[1.901s] running egg_info
[1.923s] writing ../../build/gs_package/gs_package.egg-info/PKG-INFO
[1.923s] writing dependency_links to ../../build/gs_package/gs_package.egg-info/dependency_links.txt
[1.924s] writing entry points to ../../build/gs_package/gs_package.egg-info/entry_points.txt
[1.924s] writing requirements to ../../build/gs_package/gs_package.egg-info/requires.txt
[1.924s] writing top-level names to ../../build/gs_package/gs_package.egg-info/top_level.txt
[1.969s] reading manifest file '../../build/gs_package/gs_package.egg-info/SOURCES.txt'
[1.969s] adding license file 'LICENSE'
[1.969s] writing manifest file '../../build/gs_package/gs_package.egg-info/SOURCES.txt'
[1.970s] running build
[1.970s] running build_py
[1.970s] copying gs_package/gs_publisher.py -> /home/tomasz/Desktop/sese_ws/build/gs_package/build/lib/gs_package
[1.970s] running install
[1.976s] running install_lib
[1.998s] copying /home/tomasz/Desktop/sese_ws/build/gs_package/build/lib/gs_package/gs_publisher.py -> /home/tomasz/Desktop/sese_ws/install/gs_package/lib/python3.12/site-packages/gs_package
[1.999s] byte-compiling /home/tomasz/Desktop/sese_ws/install/gs_package/lib/python3.12/site-packages/gs_package/gs_publisher.py to gs_publisher.cpython-312.pyc
[2.000s] running install_data
[2.000s] running install_egg_info
[2.024s] removing '/home/tomasz/Desktop/sese_ws/install/gs_package/lib/python3.12/site-packages/gs_package-0.0.0-py3.12.egg-info' (and everything under it)
[2.025s] Copying ../../build/gs_package/gs_package.egg-info to /home/tomasz/Desktop/sese_ws/install/gs_package/lib/python3.12/site-packages/gs_package-0.0.0-py3.12.egg-info
[2.026s] running install_scripts
[2.181s] Installing publish script to /home/tomasz/Desktop/sese_ws/install/gs_package/lib/gs_package
[2.181s] Installing subscribe script to /home/tomasz/Desktop/sese_ws/install/gs_package/lib/gs_package
[2.182s] writing list of installed files to '/home/tomasz/Desktop/sese_ws/build/gs_package/install.log'
[2.230s] Invoked command in '/home/tomasz/Desktop/sese_ws/src/gs_package' returned '0': DEBUGINFOD_URLS=https://debuginfod.ubuntu.com PYTHONPATH=/home/tomasz/Desktop/sese_ws/build/gs_package/prefix_override:/usr/lib/python3/dist-packages/colcon_core/task/python/colcon_distutils_commands:/home/tomasz/Desktop/sese_ws/install/gs_package/lib/python3.12/site-packages:${PYTHONPATH} /usr/bin/python3 -W ignore:setup.py install is deprecated setup.py egg_info --egg-base ../../build/gs_package build --build-base /home/tomasz/Desktop/sese_ws/build/gs_package/build install --record /home/tomasz/Desktop/sese_ws/build/gs_package/install.log --single-version-externally-managed install_data
