[4.238s] Invoking command in '/home/tomasz/Desktop/sese_ws/src/python_parameters': DEBUGINFOD_URLS=https://debuginfod.ubuntu.com PYTHONPATH=/home/tomasz/Desktop/sese_ws/build/python_parameters/prefix_override:/usr/lib/python3/dist-packages/colcon_core/task/python/colcon_distutils_commands:/home/tomasz/Desktop/sese_ws/install/python_parameters/lib/python3.12/site-packages:${PYTHONPATH} /usr/bin/python3 -W ignore:setup.py install is deprecated -W ignore:easy_install command is deprecated setup.py egg_info --egg-base ../../build/python_parameters build --build-base /home/tomasz/Desktop/sese_ws/build/python_parameters/build install --record /home/tomasz/Desktop/sese_ws/build/python_parameters/install.log --single-version-externally-managed install_data
[5.031s] running egg_info
[5.110s] writing ../../build/python_parameters/python_parameters.egg-info/PKG-INFO
[5.110s] writing dependency_links to ../../build/python_parameters/python_parameters.egg-info/dependency_links.txt
[5.111s] writing entry points to ../../build/python_parameters/python_parameters.egg-info/entry_points.txt
[5.111s] writing requirements to ../../build/python_parameters/python_parameters.egg-info/requires.txt
[5.112s] writing top-level names to ../../build/python_parameters/python_parameters.egg-info/top_level.txt
[5.259s] reading manifest file '../../build/python_parameters/python_parameters.egg-info/SOURCES.txt'
[5.260s] adding license file 'LICENSE'
[5.262s] writing manifest file '../../build/python_parameters/python_parameters.egg-info/SOURCES.txt'
[5.269s] running build
[5.270s] running build_py
[5.270s] running install
[5.288s] running install_lib
[5.360s] running install_data
[5.361s] running install_egg_info
[5.454s] removing '/home/tomasz/Desktop/sese_ws/install/python_parameters/lib/python3.12/site-packages/python_parameters-0.0.0-py3.12.egg-info' (and everything under it)
[5.455s] Copying ../../build/python_parameters/python_parameters.egg-info to /home/tomasz/Desktop/sese_ws/install/python_parameters/lib/python3.12/site-packages/python_parameters-0.0.0-py3.12.egg-info
[5.459s] running install_scripts
[5.931s] Installing minimal_param_node script to /home/tomasz/Desktop/sese_ws/install/python_parameters/lib/python_parameters
[5.933s] writing list of installed files to '/home/tomasz/Desktop/sese_ws/build/python_parameters/install.log'
[6.034s] Invoked command in '/home/tomasz/Desktop/sese_ws/src/python_parameters' returned '0': DEBUGINFOD_URLS=https://debuginfod.ubuntu.com PYTHONPATH=/home/tomasz/Desktop/sese_ws/build/python_parameters/prefix_override:/usr/lib/python3/dist-packages/colcon_core/task/python/colcon_distutils_commands:/home/tomasz/Desktop/sese_ws/install/python_parameters/lib/python3.12/site-packages:${PYTHONPATH} /usr/bin/python3 -W ignore:setup.py install is deprecated -W ignore:easy_install command is deprecated setup.py egg_info --egg-base ../../build/python_parameters build --build-base /home/tomasz/Desktop/sese_ws/build/python_parameters/build install --record /home/tomasz/Desktop/sese_ws/build/python_parameters/install.log --single-version-externally-managed install_data
