[5.432s] Invoking command in '/home/tomasz/Desktop/sese_ws/src/gs_package': DEBUGINFOD_URLS=https://debuginfod.ubuntu.com PYTHONPATH=/home/tomasz/Desktop/sese_ws/build/gs_package/prefix_override:/usr/lib/python3/dist-packages/colcon_core/task/python/colcon_distutils_commands:/home/tomasz/Desktop/sese_ws/install/gs_package/lib/python3.12/site-packages:${PYTHONPATH} /usr/bin/python3 -W ignore:setup.py install is deprecated -W ignore:easy_install command is deprecated setup.py egg_info --egg-base ../../build/gs_package build --build-base /home/tomasz/Desktop/sese_ws/build/gs_package/build install --record /home/tomasz/Desktop/sese_ws/build/gs_package/install.log --single-version-externally-managed install_data
[6.263s] running egg_info
[6.324s] writing ../../build/gs_package/gs_package.egg-info/PKG-INFO
[6.325s] writing dependency_links to ../../build/gs_package/gs_package.egg-info/dependency_links.txt
[6.326s] writing entry points to ../../build/gs_package/gs_package.egg-info/entry_points.txt
[6.327s] writing requirements to ../../build/gs_package/gs_package.egg-info/requires.txt
[6.327s] writing top-level names to ../../build/gs_package/gs_package.egg-info/top_level.txt
[6.456s] reading manifest file '../../build/gs_package/gs_package.egg-info/SOURCES.txt'
[6.457s] adding license file 'LICENSE'
[6.459s] writing manifest file '../../build/gs_package/gs_package.egg-info/SOURCES.txt'
[6.460s] running build
[6.460s] running build_py
[6.460s] copying gs_package/north_transmiter.py -> /home/tomasz/Desktop/sese_ws/build/gs_package/build/lib/gs_package
[6.462s] copying gs_package/battery_transmiter.py -> /home/tomasz/Desktop/sese_ws/build/gs_package/build/lib/gs_package
[6.463s] running install
[6.478s] running install_lib
[6.544s] copying /home/tomasz/Desktop/sese_ws/build/gs_package/build/lib/gs_package/north_transmiter.py -> /home/tomasz/Desktop/sese_ws/install/gs_package/lib/python3.12/site-packages/gs_package
[6.545s] copying /home/tomasz/Desktop/sese_ws/build/gs_package/build/lib/gs_package/battery_transmiter.py -> /home/tomasz/Desktop/sese_ws/install/gs_package/lib/python3.12/site-packages/gs_package
[6.548s] byte-compiling /home/tomasz/Desktop/sese_ws/install/gs_package/lib/python3.12/site-packages/gs_package/north_transmiter.py to north_transmiter.cpython-312.pyc
[6.552s] byte-compiling /home/tomasz/Desktop/sese_ws/install/gs_package/lib/python3.12/site-packages/gs_package/battery_transmiter.py to battery_transmiter.cpython-312.pyc
[6.554s] running install_data
[6.555s] running install_egg_info
[6.623s] removing '/home/tomasz/Desktop/sese_ws/install/gs_package/lib/python3.12/site-packages/gs_package-0.0.0-py3.12.egg-info' (and everything under it)
[6.623s] Copying ../../build/gs_package/gs_package.egg-info to /home/tomasz/Desktop/sese_ws/install/gs_package/lib/python3.12/site-packages/gs_package-0.0.0-py3.12.egg-info
[6.626s] running install_scripts
[7.037s] Installing point script to /home/tomasz/Desktop/sese_ws/install/gs_package/lib/gs_package
[7.038s] Installing publish script to /home/tomasz/Desktop/sese_ws/install/gs_package/lib/gs_package
[7.039s] Installing subscribe script to /home/tomasz/Desktop/sese_ws/install/gs_package/lib/gs_package
[7.039s] Installing transmit script to /home/tomasz/Desktop/sese_ws/install/gs_package/lib/gs_package
[7.040s] writing list of installed files to '/home/tomasz/Desktop/sese_ws/build/gs_package/install.log'
[7.117s] Invoked command in '/home/tomasz/Desktop/sese_ws/src/gs_package' returned '0': DEBUGINFOD_URLS=https://debuginfod.ubuntu.com PYTHONPATH=/home/tomasz/Desktop/sese_ws/build/gs_package/prefix_override:/usr/lib/python3/dist-packages/colcon_core/task/python/colcon_distutils_commands:/home/tomasz/Desktop/sese_ws/install/gs_package/lib/python3.12/site-packages:${PYTHONPATH} /usr/bin/python3 -W ignore:setup.py install is deprecated -W ignore:easy_install command is deprecated setup.py egg_info --egg-base ../../build/gs_package build --build-base /home/tomasz/Desktop/sese_ws/build/gs_package/build install --record /home/tomasz/Desktop/sese_ws/build/gs_package/install.log --single-version-externally-managed install_data
