[0.041s] Invoking command in '/home/tomasz/Desktop/sese_ws/build/gs_cpp': CMAKE_PREFIX_PATH=${CMAKE_PREFIX_PATH}:/home/tomasz/Desktop/sese_ws/install/py_srvcli:/home/tomasz/Desktop/sese_ws/install/python_parameters:/home/tomasz/Desktop/sese_ws/install/py_pubsub:/home/tomasz/Desktop/sese_ws/install/my_package:/home/tomasz/Desktop/sese_ws/install/launch_testing_examples:/home/tomasz/Desktop/sese_ws/install/gs_package:/home/tomasz/Desktop/sese_ws/install/examples_rclpy_pointcloud_publisher:/home/tomasz/Desktop/sese_ws/install/examples_rclpy_minimal_subscriber:/home/tomasz/Desktop/sese_ws/install/examples_rclpy_minimal_service:/home/tomasz/Desktop/sese_ws/install/examples_rclpy_minimal_publisher:/home/tomasz/Desktop/sese_ws/install/examples_rclpy_minimal_client:/home/tomasz/Desktop/sese_ws/install/examples_rclpy_minimal_action_server:/home/tomasz/Desktop/sese_ws/install/examples_rclpy_minimal_action_client:/home/tomasz/Desktop/sese_ws/install/examples_rclpy_guard_conditions:/home/tomasz/Desktop/sese_ws/install/examples_rclpy_executors:/opt/ros/jazzy DEBUGINFOD_URLS=https://debuginfod.ubuntu.com /usr/bin/cmake --build /home/tomasz/Desktop/sese_ws/build/gs_cpp -- -j16 -l16
[0.240s] [ 50%] Built target subscribe
[0.255s] [ 75%] [32mBuilding CXX object CMakeFiles/publish.dir/src/gs_publisher.cpp.o[0m
[9.013s] [100%] [32m[1mLinking CXX executable publish[0m
[9.174s] [100%] Built target publish
[9.190s] Invoked command in '/home/tomasz/Desktop/sese_ws/build/gs_cpp' returned '0': CMAKE_PREFIX_PATH=${CMAKE_PREFIX_PATH}:/home/tomasz/Desktop/sese_ws/install/py_srvcli:/home/tomasz/Desktop/sese_ws/install/python_parameters:/home/tomasz/Desktop/sese_ws/install/py_pubsub:/home/tomasz/Desktop/sese_ws/install/my_package:/home/tomasz/Desktop/sese_ws/install/launch_testing_examples:/home/tomasz/Desktop/sese_ws/install/gs_package:/home/tomasz/Desktop/sese_ws/install/examples_rclpy_pointcloud_publisher:/home/tomasz/Desktop/sese_ws/install/examples_rclpy_minimal_subscriber:/home/tomasz/Desktop/sese_ws/install/examples_rclpy_minimal_service:/home/tomasz/Desktop/sese_ws/install/examples_rclpy_minimal_publisher:/home/tomasz/Desktop/sese_ws/install/examples_rclpy_minimal_client:/home/tomasz/Desktop/sese_ws/install/examples_rclpy_minimal_action_server:/home/tomasz/Desktop/sese_ws/install/examples_rclpy_minimal_action_client:/home/tomasz/Desktop/sese_ws/install/examples_rclpy_guard_conditions:/home/tomasz/Desktop/sese_ws/install/examples_rclpy_executors:/opt/ros/jazzy DEBUGINFOD_URLS=https://debuginfod.ubuntu.com /usr/bin/cmake --build /home/tomasz/Desktop/sese_ws/build/gs_cpp -- -j16 -l16
[9.204s] Invoking command in '/home/tomasz/Desktop/sese_ws/build/gs_cpp': CMAKE_PREFIX_PATH=${CMAKE_PREFIX_PATH}:/home/tomasz/Desktop/sese_ws/install/py_srvcli:/home/tomasz/Desktop/sese_ws/install/python_parameters:/home/tomasz/Desktop/sese_ws/install/py_pubsub:/home/tomasz/Desktop/sese_ws/install/my_package:/home/tomasz/Desktop/sese_ws/install/launch_testing_examples:/home/tomasz/Desktop/sese_ws/install/gs_package:/home/tomasz/Desktop/sese_ws/install/examples_rclpy_pointcloud_publisher:/home/tomasz/Desktop/sese_ws/install/examples_rclpy_minimal_subscriber:/home/tomasz/Desktop/sese_ws/install/examples_rclpy_minimal_service:/home/tomasz/Desktop/sese_ws/install/examples_rclpy_minimal_publisher:/home/tomasz/Desktop/sese_ws/install/examples_rclpy_minimal_client:/home/tomasz/Desktop/sese_ws/install/examples_rclpy_minimal_action_server:/home/tomasz/Desktop/sese_ws/install/examples_rclpy_minimal_action_client:/home/tomasz/Desktop/sese_ws/install/examples_rclpy_guard_conditions:/home/tomasz/Desktop/sese_ws/install/examples_rclpy_executors:/opt/ros/jazzy DEBUGINFOD_URLS=https://debuginfod.ubuntu.com /usr/bin/cmake --install /home/tomasz/Desktop/sese_ws/build/gs_cpp
[9.214s] -- Install configuration: ""
[9.214s] -- Installing: /home/tomasz/Desktop/sese_ws/install/gs_cpp/lib/gs_cpp/publish
[9.216s] -- Set non-toolchain portion of runtime path of "/home/tomasz/Desktop/sese_ws/install/gs_cpp/lib/gs_cpp/publish" to ""
[9.216s] -- Up-to-date: /home/tomasz/Desktop/sese_ws/install/gs_cpp/lib/gs_cpp/subscribe
[9.216s] -- Up-to-date: /home/tomasz/Desktop/sese_ws/install/gs_cpp/share/gs_cpp/launch
[9.216s] -- Up-to-date: /home/tomasz/Desktop/sese_ws/install/gs_cpp/share/gs_cpp/launch/vol.launch.py
[9.216s] -- Up-to-date: /home/tomasz/Desktop/sese_ws/install/gs_cpp/share/gs_cpp/config
[9.216s] -- Up-to-date: /home/tomasz/Desktop/sese_ws/install/gs_cpp/share/gs_cpp/config/volt_amp_count.rviz
[9.216s] -- Up-to-date: /home/tomasz/Desktop/sese_ws/install/gs_cpp/share/ament_index/resource_index/package_run_dependencies/gs_cpp
[9.216s] -- Up-to-date: /home/tomasz/Desktop/sese_ws/install/gs_cpp/share/ament_index/resource_index/parent_prefix_path/gs_cpp
[9.216s] -- Up-to-date: /home/tomasz/Desktop/sese_ws/install/gs_cpp/share/gs_cpp/environment/ament_prefix_path.sh
[9.216s] -- Up-to-date: /home/tomasz/Desktop/sese_ws/install/gs_cpp/share/gs_cpp/environment/ament_prefix_path.dsv
[9.217s] -- Up-to-date: /home/tomasz/Desktop/sese_ws/install/gs_cpp/share/gs_cpp/environment/path.sh
[9.217s] -- Up-to-date: /home/tomasz/Desktop/sese_ws/install/gs_cpp/share/gs_cpp/environment/path.dsv
[9.217s] -- Up-to-date: /home/tomasz/Desktop/sese_ws/install/gs_cpp/share/gs_cpp/local_setup.bash
[9.217s] -- Up-to-date: /home/tomasz/Desktop/sese_ws/install/gs_cpp/share/gs_cpp/local_setup.sh
[9.217s] -- Up-to-date: /home/tomasz/Desktop/sese_ws/install/gs_cpp/share/gs_cpp/local_setup.zsh
[9.217s] -- Up-to-date: /home/tomasz/Desktop/sese_ws/install/gs_cpp/share/gs_cpp/local_setup.dsv
[9.217s] -- Installing: /home/tomasz/Desktop/sese_ws/install/gs_cpp/share/gs_cpp/package.dsv
[9.217s] -- Up-to-date: /home/tomasz/Desktop/sese_ws/install/gs_cpp/share/ament_index/resource_index/packages/gs_cpp
[9.217s] -- Up-to-date: /home/tomasz/Desktop/sese_ws/install/gs_cpp/share/gs_cpp/cmake/gs_cppConfig.cmake
[9.217s] -- Up-to-date: /home/tomasz/Desktop/sese_ws/install/gs_cpp/share/gs_cpp/cmake/gs_cppConfig-version.cmake
[9.217s] -- Up-to-date: /home/tomasz/Desktop/sese_ws/install/gs_cpp/share/gs_cpp/package.xml
[9.218s] Invoked command in '/home/tomasz/Desktop/sese_ws/build/gs_cpp' returned '0': CMAKE_PREFIX_PATH=${CMAKE_PREFIX_PATH}:/home/tomasz/Desktop/sese_ws/install/py_srvcli:/home/tomasz/Desktop/sese_ws/install/python_parameters:/home/tomasz/Desktop/sese_ws/install/py_pubsub:/home/tomasz/Desktop/sese_ws/install/my_package:/home/tomasz/Desktop/sese_ws/install/launch_testing_examples:/home/tomasz/Desktop/sese_ws/install/gs_package:/home/tomasz/Desktop/sese_ws/install/examples_rclpy_pointcloud_publisher:/home/tomasz/Desktop/sese_ws/install/examples_rclpy_minimal_subscriber:/home/tomasz/Desktop/sese_ws/install/examples_rclpy_minimal_service:/home/tomasz/Desktop/sese_ws/install/examples_rclpy_minimal_publisher:/home/tomasz/Desktop/sese_ws/install/examples_rclpy_minimal_client:/home/tomasz/Desktop/sese_ws/install/examples_rclpy_minimal_action_server:/home/tomasz/Desktop/sese_ws/install/examples_rclpy_minimal_action_client:/home/tomasz/Desktop/sese_ws/install/examples_rclpy_guard_conditions:/home/tomasz/Desktop/sese_ws/install/examples_rclpy_executors:/opt/ros/jazzy DEBUGINFOD_URLS=https://debuginfod.ubuntu.com /usr/bin/cmake --install /home/tomasz/Desktop/sese_ws/build/gs_cpp
