[4.538s] Invoking command in '/home/tomasz/Desktop/sese_ws/src/my_package': DEBUGINFOD_URLS=https://debuginfod.ubuntu.com PYTHONPATH=/home/tomasz/Desktop/sese_ws/build/my_package/prefix_override:/usr/lib/python3/dist-packages/colcon_core/task/python/colcon_distutils_commands:/home/tomasz/Desktop/sese_ws/install/my_package/lib/python3.12/site-packages:${PYTHONPATH} /usr/bin/python3 -W ignore:setup.py install is deprecated -W ignore:easy_install command is deprecated setup.py egg_info --egg-base ../../build/my_package build --build-base /home/tomasz/Desktop/sese_ws/build/my_package/build install --record /home/tomasz/Desktop/sese_ws/build/my_package/install.log --single-version-externally-managed install_data
[5.377s] running egg_info
[5.438s] writing ../../build/my_package/my_package.egg-info/PKG-INFO
[5.439s] writing dependency_links to ../../build/my_package/my_package.egg-info/dependency_links.txt
[5.439s] writing entry points to ../../build/my_package/my_package.egg-info/entry_points.txt
[5.440s] writing requirements to ../../build/my_package/my_package.egg-info/requires.txt
[5.440s] writing top-level names to ../../build/my_package/my_package.egg-info/top_level.txt
[5.569s] reading manifest file '../../build/my_package/my_package.egg-info/SOURCES.txt'
[5.570s] adding license file 'LICENSE'
[5.571s] writing manifest file '../../build/my_package/my_package.egg-info/SOURCES.txt'
[5.571s] running build
[5.571s] running build_py
[5.572s] running install
[5.588s] running install_lib
[5.662s] running install_data
[5.662s] running install_egg_info
[5.734s] removing '/home/tomasz/Desktop/sese_ws/install/my_package/lib/python3.12/site-packages/my_package-0.0.0-py3.12.egg-info' (and everything under it)
[5.734s] Copying ../../build/my_package/my_package.egg-info to /home/tomasz/Desktop/sese_ws/install/my_package/lib/python3.12/site-packages/my_package-0.0.0-py3.12.egg-info
[5.737s] running install_scripts
[6.198s] Installing my_node script to /home/tomasz/Desktop/sese_ws/install/my_package/lib/my_package
[6.199s] writing list of installed files to '/home/tomasz/Desktop/sese_ws/build/my_package/install.log'
[6.287s] Invoked command in '/home/tomasz/Desktop/sese_ws/src/my_package' returned '0': DEBUGINFOD_URLS=https://debuginfod.ubuntu.com PYTHONPATH=/home/tomasz/Desktop/sese_ws/build/my_package/prefix_override:/usr/lib/python3/dist-packages/colcon_core/task/python/colcon_distutils_commands:/home/tomasz/Desktop/sese_ws/install/my_package/lib/python3.12/site-packages:${PYTHONPATH} /usr/bin/python3 -W ignore:setup.py install is deprecated -W ignore:easy_install command is deprecated setup.py egg_info --egg-base ../../build/my_package build --build-base /home/tomasz/Desktop/sese_ws/build/my_package/build install --record /home/tomasz/Desktop/sese_ws/build/my_package/install.log --single-version-externally-managed install_data
