[0.040s] Invoking command in '/home/tomasz/Desktop/sese_ws/build/examples_rclcpp_minimal_action_client': CMAKE_PREFIX_PATH=${CMAKE_PREFIX_PATH}:/opt/ros/jazzy DEBUGINFOD_URLS=https://debuginfod.ubuntu.com /usr/bin/cmake /home/tomasz/Desktop/sese_ws/src/examples/rclcpp/actions/minimal_action_client -DAMENT_CMAKE_SYMLINK_INSTALL=1 -DCMAKE_INSTALL_PREFIX=/home/tomasz/Desktop/sese_ws/install/examples_rclcpp_minimal_action_client
[1.459s] -- The C compiler identification is GNU 13.2.0
[1.460s] -- The CXX compiler identification is GNU 13.2.0
[1.460s] -- Detecting C compiler ABI info
[1.460s] -- Detecting C compiler ABI info - done
[1.460s] -- Check for working C compiler: /usr/bin/cc - skipped
[1.460s] -- Detecting C compile features
[1.461s] -- Detecting C compile features - done
[1.461s] -- Detecting CXX compiler ABI info
[1.461s] -- Detecting CXX compiler ABI info - done
[1.461s] -- Check for working CXX compiler: /usr/bin/c++ - skipped
[1.461s] -- Detecting CXX compile features
[1.461s] -- Detecting CXX compile features - done
[1.461s] -- Found ament_cmake: 2.5.2 (/opt/ros/jazzy/share/ament_cmake/cmake)
[1.462s] -- Found Python3: /usr/bin/python3 (found version "3.12.3") found components: Interpreter 
[1.462s] -- Override CMake install command with custom implementation using symlinks instead of copying resources
[1.462s] -- Found example_interfaces: 0.12.0 (/opt/ros/jazzy/share/example_interfaces/cmake)
[1.462s] -- Found rosidl_generator_c: 4.6.4 (/opt/ros/jazzy/share/rosidl_generator_c/cmake)
[1.462s] -- Found rosidl_generator_cpp: 4.6.4 (/opt/ros/jazzy/share/rosidl_generator_cpp/cmake)
[1.490s] -- Using all available rosidl_typesupport_c: rosidl_typesupport_fastrtps_c;rosidl_typesupport_introspection_c
[1.492s] -- Using all available rosidl_typesupport_cpp: rosidl_typesupport_fastrtps_cpp;rosidl_typesupport_introspection_cpp
[1.662s] -- Found rclcpp: 28.1.5 (/opt/ros/jazzy/share/rclcpp/cmake)
[1.741s] -- Found rmw_implementation_cmake: 7.3.1 (/opt/ros/jazzy/share/rmw_implementation_cmake/cmake)
[1.743s] -- Found rmw_fastrtps_cpp: 8.4.1 (/opt/ros/jazzy/share/rmw_fastrtps_cpp/cmake)
[1.878s] -- Found OpenSSL: /usr/lib/x86_64-linux-gnu/libcrypto.so (found version "3.0.13")  
[1.906s] -- Found FastRTPS: /opt/ros/jazzy/include (Required is at least version "2.13") 
[1.944s] -- Using RMW implementation 'rmw_fastrtps_cpp' as default
[2.080s] -- Found rclcpp_action: 28.1.5 (/opt/ros/jazzy/share/rclcpp_action/cmake)
[2.113s] -- Found ament_lint_auto: 0.17.1 (/opt/ros/jazzy/share/ament_lint_auto/cmake)
[2.327s] -- Added test 'copyright' to check source files copyright and LICENSE
[2.330s] -- Added test 'cppcheck' to perform static code analysis on C / C++ code
[2.330s] -- Configured cppcheck include dirs: 
[2.330s] -- Configured cppcheck exclude dirs and/or files: 
[2.340s] -- Added test 'cpplint' to check C / C++ code against the Google style
[2.340s] -- Configured cpplint exclude dirs and/or files: 
[2.342s] -- Added test 'lint_cmake' to check CMake code style
[2.342s] -- Added test 'uncrustify' to check C / C++ code style
[2.343s] -- Configured uncrustify additional arguments: 
[2.343s] -- Added test 'xmllint' to check XML markup files
[2.343s] -- Configuring done (2.2s)
[2.357s] -- Generating done (0.0s)
[2.359s] -- Build files have been written to: /home/tomasz/Desktop/sese_ws/build/examples_rclcpp_minimal_action_client
[2.388s] Invoked command in '/home/tomasz/Desktop/sese_ws/build/examples_rclcpp_minimal_action_client' returned '0': CMAKE_PREFIX_PATH=${CMAKE_PREFIX_PATH}:/opt/ros/jazzy DEBUGINFOD_URLS=https://debuginfod.ubuntu.com /usr/bin/cmake /home/tomasz/Desktop/sese_ws/src/examples/rclcpp/actions/minimal_action_client -DAMENT_CMAKE_SYMLINK_INSTALL=1 -DCMAKE_INSTALL_PREFIX=/home/tomasz/Desktop/sese_ws/install/examples_rclcpp_minimal_action_client
[2.390s] Invoking command in '/home/tomasz/Desktop/sese_ws/build/examples_rclcpp_minimal_action_client': CMAKE_PREFIX_PATH=${CMAKE_PREFIX_PATH}:/opt/ros/jazzy DEBUGINFOD_URLS=https://debuginfod.ubuntu.com /usr/bin/cmake --build /home/tomasz/Desktop/sese_ws/build/examples_rclcpp_minimal_action_client -- -j16 -l16
[2.524s] [ 12%] [32mBuilding CXX object CMakeFiles/action_client_not_composable.dir/not_composable.cpp.o[0m
[2.529s] [ 25%] [32mBuilding CXX object CMakeFiles/action_client_not_composable_with_feedback.dir/not_composable_with_feedback.cpp.o[0m
[2.539s] [ 37%] [32mBuilding CXX object CMakeFiles/action_client_not_composable_with_cancel.dir/not_composable_with_cancel.cpp.o[0m
[2.539s] [ 50%] [32mBuilding CXX object CMakeFiles/action_client_member_functions.dir/member_functions.cpp.o[0m
[29.367s] [ 62%] [32m[1mLinking CXX executable action_client_member_functions[0m
[29.777s] [ 62%] Built target action_client_member_functions
[30.865s] [ 75%] [32m[1mLinking CXX executable action_client_not_composable[0m
[31.210s] [ 75%] Built target action_client_not_composable
[56.727s] [ 87%] [32m[1mLinking CXX executable action_client_not_composable_with_feedback[0m
[57.069s] [100%] [32m[1mLinking CXX executable action_client_not_composable_with_cancel[0m
[57.931s] [100%] Built target action_client_not_composable_with_feedback
[57.991s] [100%] Built target action_client_not_composable_with_cancel
[58.124s] Invoked command in '/home/tomasz/Desktop/sese_ws/build/examples_rclcpp_minimal_action_client' returned '0': CMAKE_PREFIX_PATH=${CMAKE_PREFIX_PATH}:/opt/ros/jazzy DEBUGINFOD_URLS=https://debuginfod.ubuntu.com /usr/bin/cmake --build /home/tomasz/Desktop/sese_ws/build/examples_rclcpp_minimal_action_client -- -j16 -l16
[58.347s] Invoking command in '/home/tomasz/Desktop/sese_ws/build/examples_rclcpp_minimal_action_client': CMAKE_PREFIX_PATH=${CMAKE_PREFIX_PATH}:/opt/ros/jazzy DEBUGINFOD_URLS=https://debuginfod.ubuntu.com /usr/bin/cmake --install /home/tomasz/Desktop/sese_ws/build/examples_rclcpp_minimal_action_client
[58.385s] -- Install configuration: ""
[58.387s] -- Execute custom install script
[58.388s] -- Symlinking: /home/tomasz/Desktop/sese_ws/install/examples_rclcpp_minimal_action_client/lib/examples_rclcpp_minimal_action_client/action_client_member_functions
[58.448s] -- Symlinking: /home/tomasz/Desktop/sese_ws/install/examples_rclcpp_minimal_action_client/lib/examples_rclcpp_minimal_action_client/action_client_not_composable
[58.483s] -- Symlinking: /home/tomasz/Desktop/sese_ws/install/examples_rclcpp_minimal_action_client/lib/examples_rclcpp_minimal_action_client/action_client_not_composable_with_cancel
[58.575s] -- Symlinking: /home/tomasz/Desktop/sese_ws/install/examples_rclcpp_minimal_action_client/lib/examples_rclcpp_minimal_action_client/action_client_not_composable_with_feedback
[58.639s] -- Symlinking: /home/tomasz/Desktop/sese_ws/install/examples_rclcpp_minimal_action_client/share/ament_index/resource_index/package_run_dependencies/examples_rclcpp_minimal_action_client
[58.709s] -- Symlinking: /home/tomasz/Desktop/sese_ws/install/examples_rclcpp_minimal_action_client/share/ament_index/resource_index/parent_prefix_path/examples_rclcpp_minimal_action_client
[58.746s] -- Symlinking: /home/tomasz/Desktop/sese_ws/install/examples_rclcpp_minimal_action_client/share/examples_rclcpp_minimal_action_client/environment/ament_prefix_path.sh
[58.776s] -- Symlinking: /home/tomasz/Desktop/sese_ws/install/examples_rclcpp_minimal_action_client/share/examples_rclcpp_minimal_action_client/environment/ament_prefix_path.dsv
[58.819s] -- Symlinking: /home/tomasz/Desktop/sese_ws/install/examples_rclcpp_minimal_action_client/share/examples_rclcpp_minimal_action_client/environment/path.sh
[58.848s] -- Symlinking: /home/tomasz/Desktop/sese_ws/install/examples_rclcpp_minimal_action_client/share/examples_rclcpp_minimal_action_client/environment/path.dsv
[58.898s] -- Symlinking: /home/tomasz/Desktop/sese_ws/install/examples_rclcpp_minimal_action_client/share/examples_rclcpp_minimal_action_client/local_setup.bash
[58.928s] -- Symlinking: /home/tomasz/Desktop/sese_ws/install/examples_rclcpp_minimal_action_client/share/examples_rclcpp_minimal_action_client/local_setup.sh
[58.966s] -- Symlinking: /home/tomasz/Desktop/sese_ws/install/examples_rclcpp_minimal_action_client/share/examples_rclcpp_minimal_action_client/local_setup.zsh
[58.988s] -- Symlinking: /home/tomasz/Desktop/sese_ws/install/examples_rclcpp_minimal_action_client/share/examples_rclcpp_minimal_action_client/local_setup.dsv
[59.015s] -- Symlinking: /home/tomasz/Desktop/sese_ws/install/examples_rclcpp_minimal_action_client/share/examples_rclcpp_minimal_action_client/package.dsv
[59.041s] -- Symlinking: /home/tomasz/Desktop/sese_ws/install/examples_rclcpp_minimal_action_client/share/ament_index/resource_index/packages/examples_rclcpp_minimal_action_client
[59.080s] -- Symlinking: /home/tomasz/Desktop/sese_ws/install/examples_rclcpp_minimal_action_client/share/examples_rclcpp_minimal_action_client/cmake/examples_rclcpp_minimal_action_clientConfig.cmake
[59.118s] -- Symlinking: /home/tomasz/Desktop/sese_ws/install/examples_rclcpp_minimal_action_client/share/examples_rclcpp_minimal_action_client/cmake/examples_rclcpp_minimal_action_clientConfig-version.cmake
[59.137s] -- Symlinking: /home/tomasz/Desktop/sese_ws/install/examples_rclcpp_minimal_action_client/share/examples_rclcpp_minimal_action_client/package.xml
[59.165s] Invoked command in '/home/tomasz/Desktop/sese_ws/build/examples_rclcpp_minimal_action_client' returned '0': CMAKE_PREFIX_PATH=${CMAKE_PREFIX_PATH}:/opt/ros/jazzy DEBUGINFOD_URLS=https://debuginfod.ubuntu.com /usr/bin/cmake --install /home/tomasz/Desktop/sese_ws/build/examples_rclcpp_minimal_action_client
