/home/tomasz/Desktop/sese_ws/install/gs_package/lib/python3.12/site-packages/gs_package/gs_point.py
/home/tomasz/Desktop/sese_ws/install/gs_package/lib/python3.12/site-packages/gs_package/north_transmiter.py
/home/tomasz/Desktop/sese_ws/install/gs_package/lib/python3.12/site-packages/gs_package/gs_publisher.py
/home/tomasz/Desktop/sese_ws/install/gs_package/lib/python3.12/site-packages/gs_package/gs_batt_sub.py
/home/tomasz/Desktop/sese_ws/install/gs_package/lib/python3.12/site-packages/gs_package/gs_subscriber.py
/home/tomasz/Desktop/sese_ws/install/gs_package/lib/python3.12/site-packages/gs_package/gs_north.py
/home/tomasz/Desktop/sese_ws/install/gs_package/lib/python3.12/site-packages/gs_package/__init__.py
/home/tomasz/Desktop/sese_ws/install/gs_package/lib/python3.12/site-packages/gs_package/battery_transmiter.py
/home/tomasz/Desktop/sese_ws/install/gs_package/lib/python3.12/site-packages/gs_package/gs_batt_pub.py
/home/tomasz/Desktop/sese_ws/install/gs_package/lib/python3.12/site-packages/gs_package/__pycache__/gs_point.cpython-312.pyc
/home/tomasz/Desktop/sese_ws/install/gs_package/lib/python3.12/site-packages/gs_package/__pycache__/north_transmiter.cpython-312.pyc
/home/tomasz/Desktop/sese_ws/install/gs_package/lib/python3.12/site-packages/gs_package/__pycache__/gs_publisher.cpython-312.pyc
/home/tomasz/Desktop/sese_ws/install/gs_package/lib/python3.12/site-packages/gs_package/__pycache__/gs_batt_sub.cpython-312.pyc
/home/tomasz/Desktop/sese_ws/install/gs_package/lib/python3.12/site-packages/gs_package/__pycache__/gs_subscriber.cpython-312.pyc
/home/tomasz/Desktop/sese_ws/install/gs_package/lib/python3.12/site-packages/gs_package/__pycache__/gs_north.cpython-312.pyc
/home/tomasz/Desktop/sese_ws/install/gs_package/lib/python3.12/site-packages/gs_package/__pycache__/__init__.cpython-312.pyc
/home/tomasz/Desktop/sese_ws/install/gs_package/lib/python3.12/site-packages/gs_package/__pycache__/battery_transmiter.cpython-312.pyc
/home/tomasz/Desktop/sese_ws/install/gs_package/lib/python3.12/site-packages/gs_package/__pycache__/gs_batt_pub.cpython-312.pyc
/home/tomasz/Desktop/sese_ws/install/gs_package/share/ament_index/resource_index/packages/gs_package
/home/tomasz/Desktop/sese_ws/install/gs_package/share/gs_package/package.xml
/home/tomasz/Desktop/sese_ws/install/gs_package/share/gs_package/launch/vis.launch.py
/home/tomasz/Desktop/sese_ws/install/gs_package/share/gs_package/launch/vol.launch.py
/home/tomasz/Desktop/sese_ws/install/gs_package/lib/python3.12/site-packages/gs_package-0.0.0-py3.12.egg-info/top_level.txt
/home/tomasz/Desktop/sese_ws/install/gs_package/lib/python3.12/site-packages/gs_package-0.0.0-py3.12.egg-info/dependency_links.txt
/home/tomasz/Desktop/sese_ws/install/gs_package/lib/python3.12/site-packages/gs_package-0.0.0-py3.12.egg-info/zip-safe
/home/tomasz/Desktop/sese_ws/install/gs_package/lib/python3.12/site-packages/gs_package-0.0.0-py3.12.egg-info/entry_points.txt
/home/tomasz/Desktop/sese_ws/install/gs_package/lib/python3.12/site-packages/gs_package-0.0.0-py3.12.egg-info/requires.txt
/home/tomasz/Desktop/sese_ws/install/gs_package/lib/python3.12/site-packages/gs_package-0.0.0-py3.12.egg-info/PKG-INFO
/home/tomasz/Desktop/sese_ws/install/gs_package/lib/python3.12/site-packages/gs_package-0.0.0-py3.12.egg-info/SOURCES.txt
/home/tomasz/Desktop/sese_ws/install/gs_package/lib/gs_package/point
/home/tomasz/Desktop/sese_ws/install/gs_package/lib/gs_package/publish
/home/tomasz/Desktop/sese_ws/install/gs_package/lib/gs_package/subscribe
/home/tomasz/Desktop/sese_ws/install/gs_package/lib/gs_package/transmit
