[5.391s] Invoking command in '/home/tomasz/Desktop/sese_ws/src/python_parameters': DEBUGINFOD_URLS=https://debuginfod.ubuntu.com PYTHONPATH=/home/tomasz/Desktop/sese_ws/build/python_parameters/prefix_override:/usr/lib/python3/dist-packages/colcon_core/task/python/colcon_distutils_commands:/home/tomasz/Desktop/sese_ws/install/python_parameters/lib/python3.12/site-packages:${PYTHONPATH} /usr/bin/python3 -W ignore:setup.py install is deprecated -W ignore:easy_install command is deprecated setup.py egg_info --egg-base ../../build/python_parameters build --build-base /home/tomasz/Desktop/sese_ws/build/python_parameters/build install --record /home/tomasz/Desktop/sese_ws/build/python_parameters/install.log --single-version-externally-managed install_data
[6.235s] running egg_info
[6.299s] writing ../../build/python_parameters/python_parameters.egg-info/PKG-INFO
[6.300s] writing dependency_links to ../../build/python_parameters/python_parameters.egg-info/dependency_links.txt
[6.301s] writing entry points to ../../build/python_parameters/python_parameters.egg-info/entry_points.txt
[6.301s] writing requirements to ../../build/python_parameters/python_parameters.egg-info/requires.txt
[6.302s] writing top-level names to ../../build/python_parameters/python_parameters.egg-info/top_level.txt
[6.434s] reading manifest file '../../build/python_parameters/python_parameters.egg-info/SOURCES.txt'
[6.435s] adding license file 'LICENSE'
[6.437s] writing manifest file '../../build/python_parameters/python_parameters.egg-info/SOURCES.txt'
[6.437s] running build
[6.437s] running build_py
[6.439s] running install
[6.454s] running install_lib
[6.526s] running install_data
[6.527s] running install_egg_info
[6.597s] removing '/home/tomasz/Desktop/sese_ws/install/python_parameters/lib/python3.12/site-packages/python_parameters-0.0.0-py3.12.egg-info' (and everything under it)
[6.598s] Copying ../../build/python_parameters/python_parameters.egg-info to /home/tomasz/Desktop/sese_ws/install/python_parameters/lib/python3.12/site-packages/python_parameters-0.0.0-py3.12.egg-info
[6.601s] running install_scripts
[7.026s] Installing minimal_param_node script to /home/tomasz/Desktop/sese_ws/install/python_parameters/lib/python_parameters
[7.027s] writing list of installed files to '/home/tomasz/Desktop/sese_ws/build/python_parameters/install.log'
[7.107s] Invoked command in '/home/tomasz/Desktop/sese_ws/src/python_parameters' returned '0': DEBUGINFOD_URLS=https://debuginfod.ubuntu.com PYTHONPATH=/home/tomasz/Desktop/sese_ws/build/python_parameters/prefix_override:/usr/lib/python3/dist-packages/colcon_core/task/python/colcon_distutils_commands:/home/tomasz/Desktop/sese_ws/install/python_parameters/lib/python3.12/site-packages:${PYTHONPATH} /usr/bin/python3 -W ignore:setup.py install is deprecated -W ignore:easy_install command is deprecated setup.py egg_info --egg-base ../../build/python_parameters build --build-base /home/tomasz/Desktop/sese_ws/build/python_parameters/build install --record /home/tomasz/Desktop/sese_ws/build/python_parameters/install.log --single-version-externally-managed install_data
