[0.036s] Invoking command in '/home/tomasz/Desktop/sese_ws/build/examples_rclcpp_minimal_service': CMAKE_PREFIX_PATH=${CMAKE_PREFIX_PATH}:/opt/ros/jazzy DEBUGINFOD_URLS=https://debuginfod.ubuntu.com /usr/bin/cmake /home/tomasz/Desktop/sese_ws/src/examples/rclcpp/services/minimal_service -DAMENT_CMAKE_SYMLINK_INSTALL=1 -DCMAKE_INSTALL_PREFIX=/home/tomasz/Desktop/sese_ws/install/examples_rclcpp_minimal_service
[1.471s] -- The C compiler identification is GNU 13.2.0
[1.471s] -- The CXX compiler identification is GNU 13.2.0
[1.471s] -- Detecting C compiler ABI info
[1.471s] -- Detecting C compiler ABI info - done
[1.471s] -- Check for working C compiler: /usr/bin/cc - skipped
[1.471s] -- Detecting C compile features
[1.472s] -- Detecting C compile features - done
[1.472s] -- Detecting CXX compiler ABI info
[1.472s] -- Detecting CXX compiler ABI info - done
[1.472s] -- Check for working CXX compiler: /usr/bin/c++ - skipped
[1.473s] -- Detecting CXX compile features
[1.474s] -- Detecting CXX compile features - done
[1.474s] -- Found ament_cmake: 2.5.2 (/opt/ros/jazzy/share/ament_cmake/cmake)
[1.474s] -- Found Python3: /usr/bin/python3 (found version "3.12.3") found components: Interpreter 
[1.474s] -- Override CMake install command with custom implementation using symlinks instead of copying resources
[1.474s] -- Found example_interfaces: 0.12.0 (/opt/ros/jazzy/share/example_interfaces/cmake)
[1.474s] -- Found rosidl_generator_c: 4.6.4 (/opt/ros/jazzy/share/rosidl_generator_c/cmake)
[1.475s] -- Found rosidl_generator_cpp: 4.6.4 (/opt/ros/jazzy/share/rosidl_generator_cpp/cmake)
[1.475s] -- Using all available rosidl_typesupport_c: rosidl_typesupport_fastrtps_c;rosidl_typesupport_introspection_c
[1.481s] -- Using all available rosidl_typesupport_cpp: rosidl_typesupport_fastrtps_cpp;rosidl_typesupport_introspection_cpp
[1.654s] -- Found rclcpp: 28.1.5 (/opt/ros/jazzy/share/rclcpp/cmake)
[1.745s] -- Found rmw_implementation_cmake: 7.3.1 (/opt/ros/jazzy/share/rmw_implementation_cmake/cmake)
[1.750s] -- Found rmw_fastrtps_cpp: 8.4.1 (/opt/ros/jazzy/share/rmw_fastrtps_cpp/cmake)
[1.889s] -- Found OpenSSL: /usr/lib/x86_64-linux-gnu/libcrypto.so (found version "3.0.13")  
[1.922s] -- Found FastRTPS: /opt/ros/jazzy/include (Required is at least version "2.13") 
[1.959s] -- Using RMW implementation 'rmw_fastrtps_cpp' as default
[2.094s] -- Found ament_lint_auto: 0.17.1 (/opt/ros/jazzy/share/ament_lint_auto/cmake)
[2.260s] -- Added test 'copyright' to check source files copyright and LICENSE
[2.262s] -- Added test 'cppcheck' to perform static code analysis on C / C++ code
[2.262s] -- Configured cppcheck include dirs: 
[2.262s] -- Configured cppcheck exclude dirs and/or files: 
[2.263s] -- Added test 'cpplint' to check C / C++ code against the Google style
[2.263s] -- Configured cpplint exclude dirs and/or files: 
[2.264s] -- Added test 'lint_cmake' to check CMake code style
[2.265s] -- Added test 'uncrustify' to check C / C++ code style
[2.266s] -- Configured uncrustify additional arguments: 
[2.266s] -- Added test 'xmllint' to check XML markup files
[2.269s] -- Configuring done (2.2s)
[2.290s] -- Generating done (0.0s)
[2.293s] -- Build files have been written to: /home/tomasz/Desktop/sese_ws/build/examples_rclcpp_minimal_service
[2.342s] Invoked command in '/home/tomasz/Desktop/sese_ws/build/examples_rclcpp_minimal_service' returned '0': CMAKE_PREFIX_PATH=${CMAKE_PREFIX_PATH}:/opt/ros/jazzy DEBUGINFOD_URLS=https://debuginfod.ubuntu.com /usr/bin/cmake /home/tomasz/Desktop/sese_ws/src/examples/rclcpp/services/minimal_service -DAMENT_CMAKE_SYMLINK_INSTALL=1 -DCMAKE_INSTALL_PREFIX=/home/tomasz/Desktop/sese_ws/install/examples_rclcpp_minimal_service
[2.343s] Invoking command in '/home/tomasz/Desktop/sese_ws/build/examples_rclcpp_minimal_service': CMAKE_PREFIX_PATH=${CMAKE_PREFIX_PATH}:/opt/ros/jazzy DEBUGINFOD_URLS=https://debuginfod.ubuntu.com /usr/bin/cmake --build /home/tomasz/Desktop/sese_ws/build/examples_rclcpp_minimal_service -- -j16 -l16
[2.425s] [ 50%] [32mBuilding CXX object CMakeFiles/service_main.dir/main.cpp.o[0m
[54.302s] [100%] [32m[1mLinking CXX executable service_main[0m
[55.138s] [100%] Built target service_main
[57.417s] Invoked command in '/home/tomasz/Desktop/sese_ws/build/examples_rclcpp_minimal_service' returned '0': CMAKE_PREFIX_PATH=${CMAKE_PREFIX_PATH}:/opt/ros/jazzy DEBUGINFOD_URLS=https://debuginfod.ubuntu.com /usr/bin/cmake --build /home/tomasz/Desktop/sese_ws/build/examples_rclcpp_minimal_service -- -j16 -l16
[57.554s] Invoking command in '/home/tomasz/Desktop/sese_ws/build/examples_rclcpp_minimal_service': CMAKE_PREFIX_PATH=${CMAKE_PREFIX_PATH}:/opt/ros/jazzy DEBUGINFOD_URLS=https://debuginfod.ubuntu.com /usr/bin/cmake --install /home/tomasz/Desktop/sese_ws/build/examples_rclcpp_minimal_service
[57.617s] -- Install configuration: ""
[57.623s] -- Execute custom install script
[57.625s] -- Symlinking: /home/tomasz/Desktop/sese_ws/install/examples_rclcpp_minimal_service/lib/examples_rclcpp_minimal_service/service_main
[57.705s] -- Symlinking: /home/tomasz/Desktop/sese_ws/install/examples_rclcpp_minimal_service/share/ament_index/resource_index/package_run_dependencies/examples_rclcpp_minimal_service
[57.741s] -- Symlinking: /home/tomasz/Desktop/sese_ws/install/examples_rclcpp_minimal_service/share/ament_index/resource_index/parent_prefix_path/examples_rclcpp_minimal_service
[57.796s] -- Symlinking: /home/tomasz/Desktop/sese_ws/install/examples_rclcpp_minimal_service/share/examples_rclcpp_minimal_service/environment/ament_prefix_path.sh
[57.861s] -- Symlinking: /home/tomasz/Desktop/sese_ws/install/examples_rclcpp_minimal_service/share/examples_rclcpp_minimal_service/environment/ament_prefix_path.dsv
[57.907s] -- Symlinking: /home/tomasz/Desktop/sese_ws/install/examples_rclcpp_minimal_service/share/examples_rclcpp_minimal_service/environment/path.sh
[57.951s] -- Symlinking: /home/tomasz/Desktop/sese_ws/install/examples_rclcpp_minimal_service/share/examples_rclcpp_minimal_service/environment/path.dsv
[58.003s] -- Symlinking: /home/tomasz/Desktop/sese_ws/install/examples_rclcpp_minimal_service/share/examples_rclcpp_minimal_service/local_setup.bash
[58.055s] -- Symlinking: /home/tomasz/Desktop/sese_ws/install/examples_rclcpp_minimal_service/share/examples_rclcpp_minimal_service/local_setup.sh
[58.105s] -- Symlinking: /home/tomasz/Desktop/sese_ws/install/examples_rclcpp_minimal_service/share/examples_rclcpp_minimal_service/local_setup.zsh
[58.159s] -- Symlinking: /home/tomasz/Desktop/sese_ws/install/examples_rclcpp_minimal_service/share/examples_rclcpp_minimal_service/local_setup.dsv
[58.219s] -- Symlinking: /home/tomasz/Desktop/sese_ws/install/examples_rclcpp_minimal_service/share/examples_rclcpp_minimal_service/package.dsv
[58.249s] -- Symlinking: /home/tomasz/Desktop/sese_ws/install/examples_rclcpp_minimal_service/share/ament_index/resource_index/packages/examples_rclcpp_minimal_service
[58.306s] -- Symlinking: /home/tomasz/Desktop/sese_ws/install/examples_rclcpp_minimal_service/share/examples_rclcpp_minimal_service/cmake/examples_rclcpp_minimal_serviceConfig.cmake
[58.361s] -- Symlinking: /home/tomasz/Desktop/sese_ws/install/examples_rclcpp_minimal_service/share/examples_rclcpp_minimal_service/cmake/examples_rclcpp_minimal_serviceConfig-version.cmake
[58.427s] -- Symlinking: /home/tomasz/Desktop/sese_ws/install/examples_rclcpp_minimal_service/share/examples_rclcpp_minimal_service/package.xml
[58.475s] Invoked command in '/home/tomasz/Desktop/sese_ws/build/examples_rclcpp_minimal_service' returned '0': CMAKE_PREFIX_PATH=${CMAKE_PREFIX_PATH}:/opt/ros/jazzy DEBUGINFOD_URLS=https://debuginfod.ubuntu.com /usr/bin/cmake --install /home/tomasz/Desktop/sese_ws/build/examples_rclcpp_minimal_service
