[0.011s] Invoking command in '/home/tomasz/Desktop/sese_ws/build/tutorial_interfaces': CMAKE_PREFIX_PATH=${CMAKE_PREFIX_PATH}:/home/tomasz/Desktop/sese_ws/install/py_srvcli:/home/tomasz/Desktop/sese_ws/install/py_pubsub:/home/tomasz/Desktop/sese_ws/install/my_package:/home/tomasz/Desktop/sese_ws/install/launch_testing_examples:/home/tomasz/Desktop/sese_ws/install/examples_rclpy_pointcloud_publisher:/home/tomasz/Desktop/sese_ws/install/examples_rclpy_minimal_subscriber:/home/tomasz/Desktop/sese_ws/install/examples_rclpy_minimal_service:/home/tomasz/Desktop/sese_ws/install/examples_rclpy_minimal_publisher:/home/tomasz/Desktop/sese_ws/install/examples_rclpy_minimal_client:/home/tomasz/Desktop/sese_ws/install/examples_rclpy_minimal_action_server:/home/tomasz/Desktop/sese_ws/install/examples_rclpy_minimal_action_client:/home/tomasz/Desktop/sese_ws/install/examples_rclpy_guard_conditions:/home/tomasz/Desktop/sese_ws/install/examples_rclpy_executors:/opt/ros/jazzy DEBUGINFOD_URLS=https://debuginfod.ubuntu.com /usr/bin/cmake /home/tomasz/Desktop/sese_ws/src/tutorial_interfaces -DCMAKE_INSTALL_PREFIX=/home/tomasz/Desktop/sese_ws/install/tutorial_interfaces
[0.164s] -- The C compiler identification is GNU 13.2.0
[0.282s] -- The CXX compiler identification is GNU 13.2.0
[0.300s] -- Detecting C compiler ABI info
[0.378s] -- Detecting C compiler ABI info - done
[0.384s] -- Check for working C compiler: /usr/bin/cc - skipped
[0.385s] -- Detecting C compile features
[0.385s] -- Detecting C compile features - done
[0.394s] -- Detecting CXX compiler ABI info
[0.474s] -- Detecting CXX compiler ABI info - done
[0.481s] -- Check for working CXX compiler: /usr/bin/c++ - skipped
[0.481s] -- Detecting CXX compile features
[0.482s] -- Detecting CXX compile features - done
[0.489s] -- Found ament_cmake: 2.5.2 (/opt/ros/jazzy/share/ament_cmake/cmake)
[0.637s] -- Found Python3: /usr/bin/python3 (found version "3.12.3") found components: Interpreter 
[0.770s] -- Found geometry_msgs: 5.3.5 (/opt/ros/jazzy/share/geometry_msgs/cmake)
[0.831s] -- Found rosidl_generator_c: 4.6.4 (/opt/ros/jazzy/share/rosidl_generator_c/cmake)
[0.849s] -- Found rosidl_generator_cpp: 4.6.4 (/opt/ros/jazzy/share/rosidl_generator_cpp/cmake)
[0.873s] -- Using all available rosidl_typesupport_c: rosidl_typesupport_fastrtps_c;rosidl_typesupport_introspection_c
[0.896s] -- Using all available rosidl_typesupport_cpp: rosidl_typesupport_fastrtps_cpp;rosidl_typesupport_introspection_cpp
[0.949s] -- Found rosidl_default_generators: 1.6.0 (/opt/ros/jazzy/share/rosidl_default_generators/cmake)
[0.972s] -- Found rosidl_adapter: 4.6.4 (/opt/ros/jazzy/share/rosidl_adapter/cmake)
[0.974s] [31mCMake Error at /opt/ros/jazzy/share/rosidl_cmake/cmake/rosidl_generate_interfaces.cmake:95 (message):
[0.974s]   rosidl_generate_interfaces() the passed file 'msg.Sphere/msg' doesn't exist
[0.974s]   relative to the CMAKE_CURRENT_SOURCE_DIR
[0.975s]   '/home/tomasz/Desktop/sese_ws/src/tutorial_interfaces'
[0.975s] Call Stack (most recent call first):
[0.975s]   CMakeLists.txt:16 (rosidl_generate_interfaces)
[0.975s] 
[0.975s] [0m
[0.975s] -- Configuring incomplete, errors occurred!
[0.979s] Invoked command in '/home/tomasz/Desktop/sese_ws/build/tutorial_interfaces' returned '1': CMAKE_PREFIX_PATH=${CMAKE_PREFIX_PATH}:/home/tomasz/Desktop/sese_ws/install/py_srvcli:/home/tomasz/Desktop/sese_ws/install/py_pubsub:/home/tomasz/Desktop/sese_ws/install/my_package:/home/tomasz/Desktop/sese_ws/install/launch_testing_examples:/home/tomasz/Desktop/sese_ws/install/examples_rclpy_pointcloud_publisher:/home/tomasz/Desktop/sese_ws/install/examples_rclpy_minimal_subscriber:/home/tomasz/Desktop/sese_ws/install/examples_rclpy_minimal_service:/home/tomasz/Desktop/sese_ws/install/examples_rclpy_minimal_publisher:/home/tomasz/Desktop/sese_ws/install/examples_rclpy_minimal_client:/home/tomasz/Desktop/sese_ws/install/examples_rclpy_minimal_action_server:/home/tomasz/Desktop/sese_ws/install/examples_rclpy_minimal_action_client:/home/tomasz/Desktop/sese_ws/install/examples_rclpy_guard_conditions:/home/tomasz/Desktop/sese_ws/install/examples_rclpy_executors:/opt/ros/jazzy DEBUGINFOD_URLS=https://debuginfod.ubuntu.com /usr/bin/cmake /home/tomasz/Desktop/sese_ws/src/tutorial_interfaces -DCMAKE_INSTALL_PREFIX=/home/tomasz/Desktop/sese_ws/install/tutorial_interfaces
