[0.034s] Invoking command in '/home/tomasz/Desktop/sese_ws/build/examples_rclcpp_wait_set': CMAKE_PREFIX_PATH=${CMAKE_PREFIX_PATH}:/opt/ros/jazzy DEBUGINFOD_URLS=https://debuginfod.ubuntu.com /usr/bin/cmake /home/tomasz/Desktop/sese_ws/src/examples/rclcpp/wait_set -DAMENT_CMAKE_SYMLINK_INSTALL=1 -DCMAKE_INSTALL_PREFIX=/home/tomasz/Desktop/sese_ws/install/examples_rclcpp_wait_set
[2.303s] -- The C compiler identification is GNU 13.2.0
[2.303s] -- The CXX compiler identification is GNU 13.2.0
[2.303s] -- Detecting C compiler ABI info
[2.303s] -- Detecting C compiler ABI info - done
[2.303s] -- Check for working C compiler: /usr/bin/cc - skipped
[2.303s] -- Detecting C compile features
[2.303s] -- Detecting C compile features - done
[2.303s] -- Detecting CXX compiler ABI info
[2.304s] -- Detecting CXX compiler ABI info - done
[2.304s] -- Check for working CXX compiler: /usr/bin/c++ - skipped
[2.304s] -- Detecting CXX compile features
[2.304s] -- Detecting CXX compile features - done
[2.304s] -- Found ament_cmake: 2.5.2 (/opt/ros/jazzy/share/ament_cmake/cmake)
[2.304s] -- Found Python3: /usr/bin/python3 (found version "3.12.3") found components: Interpreter 
[2.304s] -- Override CMake install command with custom implementation using symlinks instead of copying resources
[2.305s] -- Found example_interfaces: 0.12.0 (/opt/ros/jazzy/share/example_interfaces/cmake)
[2.305s] -- Found rosidl_generator_c: 4.6.4 (/opt/ros/jazzy/share/rosidl_generator_c/cmake)
[2.305s] -- Found rosidl_generator_cpp: 4.6.4 (/opt/ros/jazzy/share/rosidl_generator_cpp/cmake)
[2.305s] -- Using all available rosidl_typesupport_c: rosidl_typesupport_fastrtps_c;rosidl_typesupport_introspection_c
[2.305s] -- Using all available rosidl_typesupport_cpp: rosidl_typesupport_fastrtps_cpp;rosidl_typesupport_introspection_cpp
[2.305s] -- Found rclcpp: 28.1.5 (/opt/ros/jazzy/share/rclcpp/cmake)
[2.305s] -- Found rmw_implementation_cmake: 7.3.1 (/opt/ros/jazzy/share/rmw_implementation_cmake/cmake)
[2.305s] -- Found rmw_fastrtps_cpp: 8.4.1 (/opt/ros/jazzy/share/rmw_fastrtps_cpp/cmake)
[2.306s] -- Found OpenSSL: /usr/lib/x86_64-linux-gnu/libcrypto.so (found version "3.0.13")  
[2.306s] -- Found FastRTPS: /opt/ros/jazzy/include (Required is at least version "2.13") 
[2.306s] -- Using RMW implementation 'rmw_fastrtps_cpp' as default
[2.306s] -- Found rclcpp_components: 28.1.5 (/opt/ros/jazzy/share/rclcpp_components/cmake)
[2.306s] -- Found std_msgs: 5.3.5 (/opt/ros/jazzy/share/std_msgs/cmake)
[2.306s] -- Found ament_lint_auto: 0.17.1 (/opt/ros/jazzy/share/ament_lint_auto/cmake)
[2.345s] -- Added test 'copyright' to check source files copyright and LICENSE
[2.349s] -- Added test 'cppcheck' to perform static code analysis on C / C++ code
[2.350s] -- Configured cppcheck include dirs: /home/tomasz/Desktop/sese_ws/src/examples/rclcpp/wait_set/include
[2.351s] -- Configured cppcheck exclude dirs and/or files: 
[2.352s] -- Added test 'cpplint' to check C / C++ code against the Google style
[2.353s] -- Configured cpplint exclude dirs and/or files: 
[2.354s] -- Added test 'lint_cmake' to check CMake code style
[2.357s] -- Added test 'uncrustify' to check C / C++ code style
[2.357s] -- Configured uncrustify additional arguments: 
[2.358s] -- Added test 'xmllint' to check XML markup files
[2.360s] -- Configuring done (2.3s)
[2.464s] -- Generating done (0.1s)
[2.468s] -- Build files have been written to: /home/tomasz/Desktop/sese_ws/build/examples_rclcpp_wait_set
[2.498s] Invoked command in '/home/tomasz/Desktop/sese_ws/build/examples_rclcpp_wait_set' returned '0': CMAKE_PREFIX_PATH=${CMAKE_PREFIX_PATH}:/opt/ros/jazzy DEBUGINFOD_URLS=https://debuginfod.ubuntu.com /usr/bin/cmake /home/tomasz/Desktop/sese_ws/src/examples/rclcpp/wait_set -DAMENT_CMAKE_SYMLINK_INSTALL=1 -DCMAKE_INSTALL_PREFIX=/home/tomasz/Desktop/sese_ws/install/examples_rclcpp_wait_set
[2.502s] Invoking command in '/home/tomasz/Desktop/sese_ws/build/examples_rclcpp_wait_set': CMAKE_PREFIX_PATH=${CMAKE_PREFIX_PATH}:/opt/ros/jazzy DEBUGINFOD_URLS=https://debuginfod.ubuntu.com /usr/bin/cmake --build /home/tomasz/Desktop/sese_ws/build/examples_rclcpp_wait_set -- -j16 -l16
[42.267s] [  4%] [32mBuilding CXX object CMakeFiles/wait_set.dir/src/wait_set.cpp.o[0m
[42.271s] [  8%] [32mBuilding CXX object CMakeFiles/talker.dir/src/talker.cpp.o[0m
[42.272s] [ 12%] [32mBuilding CXX object CMakeFiles/wait_set_talker.dir/rclcpp_components/node_main_wait_set_talker.cpp.o[0m
[42.272s] [ 16%] [32mBuilding CXX object CMakeFiles/listener.dir/src/listener.cpp.o[0m
[42.272s] [ 25%] [32mBuilding CXX object CMakeFiles/thread_safe_wait_set.dir/src/thread_safe_wait_set.cpp.o[0m
[42.273s] [ 25%] [32mBuilding CXX object CMakeFiles/wait_set_topics_and_timer.dir/src/wait_set_topics_and_timer.cpp.o[0m
[42.273s] [ 29%] [32mBuilding CXX object CMakeFiles/static_wait_set.dir/src/static_wait_set.cpp.o[0m
[42.273s] [ 33%] [32mBuilding CXX object CMakeFiles/wait_set_listener.dir/rclcpp_components/node_main_wait_set_listener.cpp.o[0m
[42.273s] [ 37%] [32mBuilding CXX object CMakeFiles/wait_set_random_order.dir/src/wait_set_random_order.cpp.o[0m
[42.273s] [ 41%] [32mBuilding CXX object CMakeFiles/executor_random_order.dir/src/executor_random_order.cpp.o[0m
[42.273s] [ 45%] [32mBuilding CXX object CMakeFiles/wait_set_topics_with_different_rates.dir/src/wait_set_topics_with_different_rates.cpp.o[0m
[42.273s] [ 50%] [32m[1mLinking CXX executable executor_random_order[0m
[42.273s] [ 50%] Built target executor_random_order
[48.328s] [ 54%] [32m[1mLinking CXX executable wait_set_talker[0m
[49.340s] [ 54%] Built target wait_set_talker
[53.568s] [ 58%] [32m[1mLinking CXX executable wait_set_listener[0m
[53.669s] [ 62%] [32m[1mLinking CXX shared library libtalker.so[0m
[53.972s] [ 62%] Built target wait_set_listener
[54.829s] [ 62%] Built target talker
[57.704s] [ 66%] [32m[1mLinking CXX executable thread_safe_wait_set[0m
[59.485s] [ 66%] Built target thread_safe_wait_set
[59.777s] [ 70%] [32m[1mLinking CXX executable wait_set_random_order[0m
[60.915s] [ 70%] Built target wait_set_random_order
[63.999s] [ 75%] [32m[1mLinking CXX shared library liblistener.so[0m
[64.654s] [ 75%] Built target listener
[66.621s] [ 79%] [32m[1mLinking CXX executable wait_set_topics_with_different_rates[0m
[67.052s] [ 83%] [32m[1mLinking CXX executable wait_set[0m
[67.531s] [ 83%] Built target wait_set_topics_with_different_rates
[67.622s] [ 87%] [32m[1mLinking CXX executable wait_set_topics_and_timer[0m
[67.860s] [ 87%] Built target wait_set
[68.134s] [ 87%] Built target wait_set_topics_and_timer
[68.625s] [ 91%] [32m[1mLinking CXX executable static_wait_set[0m
[68.909s] [ 91%] Built target static_wait_set
[68.930s] [ 95%] [32mBuilding CXX object CMakeFiles/wait_set_composed.dir/src/wait_set_composed.cpp.o[0m
[71.731s] [100%] [32m[1mLinking CXX executable wait_set_composed[0m
[71.887s] [100%] Built target wait_set_composed
[71.911s] Invoked command in '/home/tomasz/Desktop/sese_ws/build/examples_rclcpp_wait_set' returned '0': CMAKE_PREFIX_PATH=${CMAKE_PREFIX_PATH}:/opt/ros/jazzy DEBUGINFOD_URLS=https://debuginfod.ubuntu.com /usr/bin/cmake --build /home/tomasz/Desktop/sese_ws/build/examples_rclcpp_wait_set -- -j16 -l16
[71.959s] Invoking command in '/home/tomasz/Desktop/sese_ws/build/examples_rclcpp_wait_set': CMAKE_PREFIX_PATH=${CMAKE_PREFIX_PATH}:/opt/ros/jazzy DEBUGINFOD_URLS=https://debuginfod.ubuntu.com /usr/bin/cmake --install /home/tomasz/Desktop/sese_ws/build/examples_rclcpp_wait_set
[71.966s] -- Install configuration: ""
[71.967s] -- Execute custom install script
[71.967s] -- Symlinking: /home/tomasz/Desktop/sese_ws/install/examples_rclcpp_wait_set/lib/examples_rclcpp_wait_set/wait_set_talker
[71.976s] -- Symlinking: /home/tomasz/Desktop/sese_ws/install/examples_rclcpp_wait_set/lib/examples_rclcpp_wait_set/wait_set_listener
[71.984s] -- Symlinking: /home/tomasz/Desktop/sese_ws/install/examples_rclcpp_wait_set/lib/libtalker.so
[71.993s] -- Symlinking: /home/tomasz/Desktop/sese_ws/install/examples_rclcpp_wait_set/lib/liblistener.so
[72.001s] -- Symlinking: /home/tomasz/Desktop/sese_ws/install/examples_rclcpp_wait_set/lib/examples_rclcpp_wait_set/wait_set
[72.009s] -- Symlinking: /home/tomasz/Desktop/sese_ws/install/examples_rclcpp_wait_set/lib/examples_rclcpp_wait_set/static_wait_set
[72.017s] -- Symlinking: /home/tomasz/Desktop/sese_ws/install/examples_rclcpp_wait_set/lib/examples_rclcpp_wait_set/thread_safe_wait_set
[72.025s] -- Symlinking: /home/tomasz/Desktop/sese_ws/install/examples_rclcpp_wait_set/lib/examples_rclcpp_wait_set/wait_set_topics_and_timer
[72.033s] -- Symlinking: /home/tomasz/Desktop/sese_ws/install/examples_rclcpp_wait_set/lib/examples_rclcpp_wait_set/wait_set_random_order
[72.040s] -- Symlinking: /home/tomasz/Desktop/sese_ws/install/examples_rclcpp_wait_set/lib/examples_rclcpp_wait_set/executor_random_order
[72.048s] -- Symlinking: /home/tomasz/Desktop/sese_ws/install/examples_rclcpp_wait_set/lib/examples_rclcpp_wait_set/wait_set_topics_with_different_rates
[72.055s] -- Symlinking: /home/tomasz/Desktop/sese_ws/install/examples_rclcpp_wait_set/lib/examples_rclcpp_wait_set/wait_set_composed
[72.070s] -- Symlinking: /home/tomasz/Desktop/sese_ws/install/examples_rclcpp_wait_set/share/ament_index/resource_index/package_run_dependencies/examples_rclcpp_wait_set
[72.080s] -- Symlinking: /home/tomasz/Desktop/sese_ws/install/examples_rclcpp_wait_set/share/ament_index/resource_index/parent_prefix_path/examples_rclcpp_wait_set
[72.089s] -- Symlinking: /home/tomasz/Desktop/sese_ws/install/examples_rclcpp_wait_set/share/examples_rclcpp_wait_set/environment/ament_prefix_path.sh
[72.099s] -- Symlinking: /home/tomasz/Desktop/sese_ws/install/examples_rclcpp_wait_set/share/examples_rclcpp_wait_set/environment/ament_prefix_path.dsv
[72.106s] -- Symlinking: /home/tomasz/Desktop/sese_ws/install/examples_rclcpp_wait_set/share/examples_rclcpp_wait_set/environment/path.sh
[72.113s] -- Symlinking: /home/tomasz/Desktop/sese_ws/install/examples_rclcpp_wait_set/share/examples_rclcpp_wait_set/environment/path.dsv
[72.121s] -- Symlinking: /home/tomasz/Desktop/sese_ws/install/examples_rclcpp_wait_set/share/examples_rclcpp_wait_set/local_setup.bash
[72.128s] -- Symlinking: /home/tomasz/Desktop/sese_ws/install/examples_rclcpp_wait_set/share/examples_rclcpp_wait_set/local_setup.sh
[72.135s] -- Symlinking: /home/tomasz/Desktop/sese_ws/install/examples_rclcpp_wait_set/share/examples_rclcpp_wait_set/local_setup.zsh
[72.143s] -- Symlinking: /home/tomasz/Desktop/sese_ws/install/examples_rclcpp_wait_set/share/examples_rclcpp_wait_set/local_setup.dsv
[72.150s] -- Symlinking: /home/tomasz/Desktop/sese_ws/install/examples_rclcpp_wait_set/share/examples_rclcpp_wait_set/package.dsv
[72.165s] -- Symlinking: /home/tomasz/Desktop/sese_ws/install/examples_rclcpp_wait_set/share/ament_index/resource_index/packages/examples_rclcpp_wait_set
[72.174s] -- Symlinking: /home/tomasz/Desktop/sese_ws/install/examples_rclcpp_wait_set/share/ament_index/resource_index/rclcpp_components/examples_rclcpp_wait_set
[72.182s] -- Symlinking: /home/tomasz/Desktop/sese_ws/install/examples_rclcpp_wait_set/share/examples_rclcpp_wait_set/cmake/examples_rclcpp_wait_setConfig.cmake
[72.190s] -- Symlinking: /home/tomasz/Desktop/sese_ws/install/examples_rclcpp_wait_set/share/examples_rclcpp_wait_set/cmake/examples_rclcpp_wait_setConfig-version.cmake
[72.199s] -- Symlinking: /home/tomasz/Desktop/sese_ws/install/examples_rclcpp_wait_set/share/examples_rclcpp_wait_set/package.xml
[72.209s] Invoked command in '/home/tomasz/Desktop/sese_ws/build/examples_rclcpp_wait_set' returned '0': CMAKE_PREFIX_PATH=${CMAKE_PREFIX_PATH}:/opt/ros/jazzy DEBUGINFOD_URLS=https://debuginfod.ubuntu.com /usr/bin/cmake --install /home/tomasz/Desktop/sese_ws/build/examples_rclcpp_wait_set
