[5.395s] Invoking command in '/home/tomasz/Desktop/sese_ws/src/py_pubsub': DEBUGINFOD_URLS=https://debuginfod.ubuntu.com PYTHONPATH=/home/tomasz/Desktop/sese_ws/build/py_pubsub/prefix_override:/usr/lib/python3/dist-packages/colcon_core/task/python/colcon_distutils_commands:/home/tomasz/Desktop/sese_ws/install/py_pubsub/lib/python3.12/site-packages:${PYTHONPATH} /usr/bin/python3 -W ignore:setup.py install is deprecated -W ignore:easy_install command is deprecated setup.py egg_info --egg-base ../../build/py_pubsub build --build-base /home/tomasz/Desktop/sese_ws/build/py_pubsub/build install --record /home/tomasz/Desktop/sese_ws/build/py_pubsub/install.log --single-version-externally-managed install_data
[6.218s] running egg_info
[6.277s] writing ../../build/py_pubsub/py_pubsub.egg-info/PKG-INFO
[6.278s] writing dependency_links to ../../build/py_pubsub/py_pubsub.egg-info/dependency_links.txt
[6.279s] writing entry points to ../../build/py_pubsub/py_pubsub.egg-info/entry_points.txt
[6.279s] writing requirements to ../../build/py_pubsub/py_pubsub.egg-info/requires.txt
[6.279s] writing top-level names to ../../build/py_pubsub/py_pubsub.egg-info/top_level.txt
[6.405s] reading manifest file '../../build/py_pubsub/py_pubsub.egg-info/SOURCES.txt'
[6.406s] adding license file 'LICENSE'
[6.407s] writing manifest file '../../build/py_pubsub/py_pubsub.egg-info/SOURCES.txt'
[6.408s] running build
[6.408s] running build_py
[6.409s] running install
[6.425s] running install_lib
[6.494s] running install_data
[6.494s] running install_egg_info
[6.561s] removing '/home/tomasz/Desktop/sese_ws/install/py_pubsub/lib/python3.12/site-packages/py_pubsub-0.0.0-py3.12.egg-info' (and everything under it)
[6.562s] Copying ../../build/py_pubsub/py_pubsub.egg-info to /home/tomasz/Desktop/sese_ws/install/py_pubsub/lib/python3.12/site-packages/py_pubsub-0.0.0-py3.12.egg-info
[6.565s] running install_scripts
[6.978s] Installing listener script to /home/tomasz/Desktop/sese_ws/install/py_pubsub/lib/py_pubsub
[6.984s] Installing talker script to /home/tomasz/Desktop/sese_ws/install/py_pubsub/lib/py_pubsub
[6.984s] writing list of installed files to '/home/tomasz/Desktop/sese_ws/build/py_pubsub/install.log'
[7.054s] Invoked command in '/home/tomasz/Desktop/sese_ws/src/py_pubsub' returned '0': DEBUGINFOD_URLS=https://debuginfod.ubuntu.com PYTHONPATH=/home/tomasz/Desktop/sese_ws/build/py_pubsub/prefix_override:/usr/lib/python3/dist-packages/colcon_core/task/python/colcon_distutils_commands:/home/tomasz/Desktop/sese_ws/install/py_pubsub/lib/python3.12/site-packages:${PYTHONPATH} /usr/bin/python3 -W ignore:setup.py install is deprecated -W ignore:easy_install command is deprecated setup.py egg_info --egg-base ../../build/py_pubsub build --build-base /home/tomasz/Desktop/sese_ws/build/py_pubsub/build install --record /home/tomasz/Desktop/sese_ws/build/py_pubsub/install.log --single-version-externally-managed install_data
