[5.702s] Invoking command in '/home/tomasz/Desktop/sese_ws/build/examples_rclpy_guard_conditions': DEBUGINFOD_URLS=https://debuginfod.ubuntu.com PYTHONPATH=/home/tomasz/Desktop/sese_ws/build/examples_rclpy_guard_conditions/prefix_override:/usr/lib/python3/dist-packages/colcon_core/task/python/colcon_distutils_commands:/home/tomasz/Desktop/sese_ws/install/examples_rclpy_guard_conditions/lib/python3.12/site-packages:${PYTHONPATH} /usr/bin/python3 -W ignore:setup.py install is deprecated setup.py develop --editable --build-directory /home/tomasz/Desktop/sese_ws/build/examples_rclpy_guard_conditions/build --no-deps symlink_data
[49.583s] running develop
[49.583s] running egg_info
[49.583s] creating examples_rclpy_guard_conditions.egg-info
[49.584s] writing examples_rclpy_guard_conditions.egg-info/PKG-INFO
[49.584s] writing dependency_links to examples_rclpy_guard_conditions.egg-info/dependency_links.txt
[49.584s] writing entry points to examples_rclpy_guard_conditions.egg-info/entry_points.txt
[49.584s] writing requirements to examples_rclpy_guard_conditions.egg-info/requires.txt
[49.584s] writing top-level names to examples_rclpy_guard_conditions.egg-info/top_level.txt
[49.584s] writing manifest file 'examples_rclpy_guard_conditions.egg-info/SOURCES.txt'
[49.584s] reading manifest file 'examples_rclpy_guard_conditions.egg-info/SOURCES.txt'
[49.585s] writing manifest file 'examples_rclpy_guard_conditions.egg-info/SOURCES.txt'
[49.585s] running build_ext
[49.585s] Creating /home/tomasz/Desktop/sese_ws/install/examples_rclpy_guard_conditions/lib/python3.12/site-packages/examples-rclpy-guard-conditions.egg-link (link to .)
[49.585s] Installing trigger_guard_condition script to /home/tomasz/Desktop/sese_ws/install/examples_rclpy_guard_conditions/lib/examples_rclpy_guard_conditions
[49.585s] 
[49.585s] Installed /home/tomasz/Desktop/sese_ws/build/examples_rclpy_guard_conditions
[49.585s] running symlink_data
[49.586s] creating /home/tomasz/Desktop/sese_ws/install/examples_rclpy_guard_conditions/share/ament_index
[49.586s] creating /home/tomasz/Desktop/sese_ws/install/examples_rclpy_guard_conditions/share/ament_index/resource_index
[49.586s] creating /home/tomasz/Desktop/sese_ws/install/examples_rclpy_guard_conditions/share/ament_index/resource_index/packages
[49.595s] symbolically linking /home/tomasz/Desktop/sese_ws/build/examples_rclpy_guard_conditions/resource/examples_rclpy_guard_conditions -> /home/tomasz/Desktop/sese_ws/install/examples_rclpy_guard_conditions/share/ament_index/resource_index/packages
[49.595s] symbolically linking /home/tomasz/Desktop/sese_ws/build/examples_rclpy_guard_conditions/package.xml -> /home/tomasz/Desktop/sese_ws/install/examples_rclpy_guard_conditions/share/examples_rclpy_guard_conditions
[49.595s] /usr/lib/python3/dist-packages/setuptools/command/develop.py:40: EasyInstallDeprecationWarning: easy_install command is deprecated.
[49.595s] !!
[49.595s] 
[49.595s]         ********************************************************************************
[49.596s]         Please avoid running ``setup.py`` and ``easy_install``.
[49.596s]         Instead, use pypa/build, pypa/installer or other
[49.596s]         standards-based tools.
[49.596s] 
[49.596s]         See https://github.com/pypa/setuptools/issues/917 for details.
[49.596s]         ********************************************************************************
[49.597s] 
[49.597s] !!
[49.597s]   easy_install.initialize_options(self)
[50.090s] Invoked command in '/home/tomasz/Desktop/sese_ws/build/examples_rclpy_guard_conditions' returned '0': DEBUGINFOD_URLS=https://debuginfod.ubuntu.com PYTHONPATH=/home/tomasz/Desktop/sese_ws/build/examples_rclpy_guard_conditions/prefix_override:/usr/lib/python3/dist-packages/colcon_core/task/python/colcon_distutils_commands:/home/tomasz/Desktop/sese_ws/install/examples_rclpy_guard_conditions/lib/python3.12/site-packages:${PYTHONPATH} /usr/bin/python3 -W ignore:setup.py install is deprecated setup.py develop --editable --build-directory /home/tomasz/Desktop/sese_ws/build/examples_rclpy_guard_conditions/build --no-deps symlink_data
