[4.280s] Invoking command in '/home/tomasz/Desktop/sese_ws/src/gs_package': DEBUGINFOD_URLS=https://debuginfod.ubuntu.com PYTHONPATH=/home/tomasz/Desktop/sese_ws/build/gs_package/prefix_override:/usr/lib/python3/dist-packages/colcon_core/task/python/colcon_distutils_commands:/home/tomasz/Desktop/sese_ws/install/gs_package/lib/python3.12/site-packages:${PYTHONPATH} /usr/bin/python3 -W ignore:setup.py install is deprecated -W ignore:easy_install command is deprecated setup.py egg_info --egg-base ../../build/gs_package build --build-base /home/tomasz/Desktop/sese_ws/build/gs_package/build install --record /home/tomasz/Desktop/sese_ws/build/gs_package/install.log --single-version-externally-managed install_data
[5.044s] running egg_info
[5.116s] writing ../../build/gs_package/gs_package.egg-info/PKG-INFO
[5.116s] writing dependency_links to ../../build/gs_package/gs_package.egg-info/dependency_links.txt
[5.117s] writing entry points to ../../build/gs_package/gs_package.egg-info/entry_points.txt
[5.117s] writing requirements to ../../build/gs_package/gs_package.egg-info/requires.txt
[5.118s] writing top-level names to ../../build/gs_package/gs_package.egg-info/top_level.txt
[5.247s] reading manifest file '../../build/gs_package/gs_package.egg-info/SOURCES.txt'
[5.248s] adding license file 'LICENSE'
[5.249s] writing manifest file '../../build/gs_package/gs_package.egg-info/SOURCES.txt'
[5.250s] running build
[5.250s] running build_py
[5.251s] copying gs_package/gs_point.py -> /home/tomasz/Desktop/sese_ws/build/gs_package/build/lib/gs_package
[5.251s] copying gs_package/gs_publisher.py -> /home/tomasz/Desktop/sese_ws/build/gs_package/build/lib/gs_package
[5.252s] copying gs_package/gs_batt_sub.py -> /home/tomasz/Desktop/sese_ws/build/gs_package/build/lib/gs_package
[5.252s] copying gs_package/gs_north.py -> /home/tomasz/Desktop/sese_ws/build/gs_package/build/lib/gs_package
[5.253s] copying gs_package/gs_batt_pub.py -> /home/tomasz/Desktop/sese_ws/build/gs_package/build/lib/gs_package
[5.254s] running install
[5.282s] running install_lib
[5.361s] copying /home/tomasz/Desktop/sese_ws/build/gs_package/build/lib/gs_package/gs_point.py -> /home/tomasz/Desktop/sese_ws/install/gs_package/lib/python3.12/site-packages/gs_package
[5.362s] copying /home/tomasz/Desktop/sese_ws/build/gs_package/build/lib/gs_package/gs_publisher.py -> /home/tomasz/Desktop/sese_ws/install/gs_package/lib/python3.12/site-packages/gs_package
[5.372s] copying /home/tomasz/Desktop/sese_ws/build/gs_package/build/lib/gs_package/gs_batt_sub.py -> /home/tomasz/Desktop/sese_ws/install/gs_package/lib/python3.12/site-packages/gs_package
[5.373s] copying /home/tomasz/Desktop/sese_ws/build/gs_package/build/lib/gs_package/gs_north.py -> /home/tomasz/Desktop/sese_ws/install/gs_package/lib/python3.12/site-packages/gs_package
[5.373s] copying /home/tomasz/Desktop/sese_ws/build/gs_package/build/lib/gs_package/gs_batt_pub.py -> /home/tomasz/Desktop/sese_ws/install/gs_package/lib/python3.12/site-packages/gs_package
[5.373s] byte-compiling /home/tomasz/Desktop/sese_ws/install/gs_package/lib/python3.12/site-packages/gs_package/gs_point.py to gs_point.cpython-312.pyc
[5.374s] byte-compiling /home/tomasz/Desktop/sese_ws/install/gs_package/lib/python3.12/site-packages/gs_package/gs_publisher.py to gs_publisher.cpython-312.pyc
[5.374s] byte-compiling /home/tomasz/Desktop/sese_ws/install/gs_package/lib/python3.12/site-packages/gs_package/gs_batt_sub.py to gs_batt_sub.cpython-312.pyc
[5.374s] byte-compiling /home/tomasz/Desktop/sese_ws/install/gs_package/lib/python3.12/site-packages/gs_package/gs_north.py to gs_north.cpython-312.pyc
[5.375s] byte-compiling /home/tomasz/Desktop/sese_ws/install/gs_package/lib/python3.12/site-packages/gs_package/gs_batt_pub.py to gs_batt_pub.cpython-312.pyc
[5.375s] running install_data
[5.376s] running install_egg_info
[5.447s] removing '/home/tomasz/Desktop/sese_ws/install/gs_package/lib/python3.12/site-packages/gs_package-0.0.0-py3.12.egg-info' (and everything under it)
[5.449s] Copying ../../build/gs_package/gs_package.egg-info to /home/tomasz/Desktop/sese_ws/install/gs_package/lib/python3.12/site-packages/gs_package-0.0.0-py3.12.egg-info
[5.453s] running install_scripts
[5.918s] Installing point script to /home/tomasz/Desktop/sese_ws/install/gs_package/lib/gs_package
[5.918s] Installing publish script to /home/tomasz/Desktop/sese_ws/install/gs_package/lib/gs_package
[5.919s] Installing subscribe script to /home/tomasz/Desktop/sese_ws/install/gs_package/lib/gs_package
[5.920s] writing list of installed files to '/home/tomasz/Desktop/sese_ws/build/gs_package/install.log'
[6.024s] Invoked command in '/home/tomasz/Desktop/sese_ws/src/gs_package' returned '0': DEBUGINFOD_URLS=https://debuginfod.ubuntu.com PYTHONPATH=/home/tomasz/Desktop/sese_ws/build/gs_package/prefix_override:/usr/lib/python3/dist-packages/colcon_core/task/python/colcon_distutils_commands:/home/tomasz/Desktop/sese_ws/install/gs_package/lib/python3.12/site-packages:${PYTHONPATH} /usr/bin/python3 -W ignore:setup.py install is deprecated -W ignore:easy_install command is deprecated setup.py egg_info --egg-base ../../build/gs_package build --build-base /home/tomasz/Desktop/sese_ws/build/gs_package/build install --record /home/tomasz/Desktop/sese_ws/build/gs_package/install.log --single-version-externally-managed install_data
