[1.724s] Invoking command in '/home/tomasz/Desktop/sese_ws/src/gs_package': DEBUGINFOD_URLS=https://debuginfod.ubuntu.com PYTHONPATH=/home/tomasz/Desktop/sese_ws/build/gs_package/prefix_override:/usr/lib/python3/dist-packages/colcon_core/task/python/colcon_distutils_commands:/home/tomasz/Desktop/sese_ws/install/gs_package/lib/python3.12/site-packages:${PYTHONPATH} /usr/bin/python3 -W ignore:setup.py install is deprecated -W ignore:easy_install command is deprecated setup.py egg_info --egg-base ../../build/gs_package build --build-base /home/tomasz/Desktop/sese_ws/build/gs_package/build install --record /home/tomasz/Desktop/sese_ws/build/gs_package/install.log --single-version-externally-managed install_data
[2.052s] running egg_info
[2.077s] writing ../../build/gs_package/gs_package.egg-info/PKG-INFO
[2.077s] writing dependency_links to ../../build/gs_package/gs_package.egg-info/dependency_links.txt
[2.077s] writing entry points to ../../build/gs_package/gs_package.egg-info/entry_points.txt
[2.077s] writing requirements to ../../build/gs_package/gs_package.egg-info/requires.txt
[2.077s] writing top-level names to ../../build/gs_package/gs_package.egg-info/top_level.txt
[2.131s] reading manifest file '../../build/gs_package/gs_package.egg-info/SOURCES.txt'
[2.131s] adding license file 'LICENSE'
[2.132s] writing manifest file '../../build/gs_package/gs_package.egg-info/SOURCES.txt'
[2.132s] running build
[2.132s] running build_py
[2.133s] running install
[2.139s] running install_lib
[2.167s] running install_data
[2.167s] running install_egg_info
[2.194s] removing '/home/tomasz/Desktop/sese_ws/install/gs_package/lib/python3.12/site-packages/gs_package-0.0.0-py3.12.egg-info' (and everything under it)
[2.194s] Copying ../../build/gs_package/gs_package.egg-info to /home/tomasz/Desktop/sese_ws/install/gs_package/lib/python3.12/site-packages/gs_package-0.0.0-py3.12.egg-info
[2.195s] running install_scripts
[2.360s] Installing point script to /home/tomasz/Desktop/sese_ws/install/gs_package/lib/gs_package
[2.360s] Installing publish script to /home/tomasz/Desktop/sese_ws/install/gs_package/lib/gs_package
[2.360s] Installing subscribe script to /home/tomasz/Desktop/sese_ws/install/gs_package/lib/gs_package
[2.360s] Installing transmit script to /home/tomasz/Desktop/sese_ws/install/gs_package/lib/gs_package
[2.361s] writing list of installed files to '/home/tomasz/Desktop/sese_ws/build/gs_package/install.log'
[2.407s] Invoked command in '/home/tomasz/Desktop/sese_ws/src/gs_package' returned '0': DEBUGINFOD_URLS=https://debuginfod.ubuntu.com PYTHONPATH=/home/tomasz/Desktop/sese_ws/build/gs_package/prefix_override:/usr/lib/python3/dist-packages/colcon_core/task/python/colcon_distutils_commands:/home/tomasz/Desktop/sese_ws/install/gs_package/lib/python3.12/site-packages:${PYTHONPATH} /usr/bin/python3 -W ignore:setup.py install is deprecated -W ignore:easy_install command is deprecated setup.py egg_info --egg-base ../../build/gs_package build --build-base /home/tomasz/Desktop/sese_ws/build/gs_package/build install --record /home/tomasz/Desktop/sese_ws/build/gs_package/install.log --single-version-externally-managed install_data
