[3.713s] Invoking command in '/home/tomasz/Desktop/sese_ws/src/my_package': DEBUGINFOD_URLS=https://debuginfod.ubuntu.com PYTHONPATH=/home/tomasz/Desktop/sese_ws/build/my_package/prefix_override:/usr/lib/python3/dist-packages/colcon_core/task/python/colcon_distutils_commands:/home/tomasz/Desktop/sese_ws/install/my_package/lib/python3.12/site-packages:${PYTHONPATH} /usr/bin/python3 -W ignore:setup.py install is deprecated setup.py egg_info --egg-base ../../build/my_package build --build-base /home/tomasz/Desktop/sese_ws/build/my_package/build install --record /home/tomasz/Desktop/sese_ws/build/my_package/install.log --single-version-externally-managed install_data
[4.450s] running egg_info
[4.506s] writing ../../build/my_package/my_package.egg-info/PKG-INFO
[4.507s] writing dependency_links to ../../build/my_package/my_package.egg-info/dependency_links.txt
[4.507s] writing entry points to ../../build/my_package/my_package.egg-info/entry_points.txt
[4.507s] writing requirements to ../../build/my_package/my_package.egg-info/requires.txt
[4.508s] writing top-level names to ../../build/my_package/my_package.egg-info/top_level.txt
[4.627s] reading manifest file '../../build/my_package/my_package.egg-info/SOURCES.txt'
[4.628s] adding license file 'LICENSE'
[4.630s] writing manifest file '../../build/my_package/my_package.egg-info/SOURCES.txt'
[4.631s] running build
[4.631s] running build_py
[4.631s] running install
[4.646s] running install_lib
[4.705s] running install_data
[4.705s] running install_egg_info
[4.765s] removing '/home/tomasz/Desktop/sese_ws/install/my_package/lib/python3.12/site-packages/my_package-0.0.0-py3.12.egg-info' (and everything under it)
[4.766s] Copying ../../build/my_package/my_package.egg-info to /home/tomasz/Desktop/sese_ws/install/my_package/lib/python3.12/site-packages/my_package-0.0.0-py3.12.egg-info
[4.770s] running install_scripts
[5.160s] Installing my_node script to /home/tomasz/Desktop/sese_ws/install/my_package/lib/my_package
[5.161s] writing list of installed files to '/home/tomasz/Desktop/sese_ws/build/my_package/install.log'
[5.226s] Invoked command in '/home/tomasz/Desktop/sese_ws/src/my_package' returned '0': DEBUGINFOD_URLS=https://debuginfod.ubuntu.com PYTHONPATH=/home/tomasz/Desktop/sese_ws/build/my_package/prefix_override:/usr/lib/python3/dist-packages/colcon_core/task/python/colcon_distutils_commands:/home/tomasz/Desktop/sese_ws/install/my_package/lib/python3.12/site-packages:${PYTHONPATH} /usr/bin/python3 -W ignore:setup.py install is deprecated setup.py egg_info --egg-base ../../build/my_package build --build-base /home/tomasz/Desktop/sese_ws/build/my_package/build install --record /home/tomasz/Desktop/sese_ws/build/my_package/install.log --single-version-externally-managed install_data
