[2.162s] Invoking command in '/home/tomasz/Desktop/sese_ws/src/gs_package': DEBUGINFOD_URLS=https://debuginfod.ubuntu.com PYTHONPATH=/home/tomasz/Desktop/sese_ws/build/gs_package/prefix_override:/usr/lib/python3/dist-packages/colcon_core/task/python/colcon_distutils_commands:/home/tomasz/Desktop/sese_ws/install/gs_package/lib/python3.12/site-packages:${PYTHONPATH} /usr/bin/python3 -W ignore:setup.py install is deprecated setup.py egg_info --egg-base ../../build/gs_package build --build-base /home/tomasz/Desktop/sese_ws/build/gs_package/build install --record /home/tomasz/Desktop/sese_ws/build/gs_package/install.log --single-version-externally-managed install_data
[2.460s] running egg_info
[2.481s] writing ../../build/gs_package/gs_package.egg-info/PKG-INFO
[2.482s] writing dependency_links to ../../build/gs_package/gs_package.egg-info/dependency_links.txt
[2.482s] writing entry points to ../../build/gs_package/gs_package.egg-info/entry_points.txt
[2.482s] writing requirements to ../../build/gs_package/gs_package.egg-info/requires.txt
[2.482s] writing top-level names to ../../build/gs_package/gs_package.egg-info/top_level.txt
[2.527s] reading manifest file '../../build/gs_package/gs_package.egg-info/SOURCES.txt'
[2.527s] adding license file 'LICENSE'
[2.528s] writing manifest file '../../build/gs_package/gs_package.egg-info/SOURCES.txt'
[2.528s] running build
[2.528s] running build_py
[2.529s] running install
[2.535s] running install_lib
[2.558s] running install_data
[2.558s] running install_egg_info
[2.581s] removing '/home/tomasz/Desktop/sese_ws/install/gs_package/lib/python3.12/site-packages/gs_package-0.0.0-py3.12.egg-info' (and everything under it)
[2.581s] Copying ../../build/gs_package/gs_package.egg-info to /home/tomasz/Desktop/sese_ws/install/gs_package/lib/python3.12/site-packages/gs_package-0.0.0-py3.12.egg-info
[2.583s] running install_scripts
[2.731s] Installing publish script to /home/tomasz/Desktop/sese_ws/install/gs_package/lib/gs_package
[2.731s] Installing subscribe script to /home/tomasz/Desktop/sese_ws/install/gs_package/lib/gs_package
[2.731s] writing list of installed files to '/home/tomasz/Desktop/sese_ws/build/gs_package/install.log'
[2.782s] Invoked command in '/home/tomasz/Desktop/sese_ws/src/gs_package' returned '0': DEBUGINFOD_URLS=https://debuginfod.ubuntu.com PYTHONPATH=/home/tomasz/Desktop/sese_ws/build/gs_package/prefix_override:/usr/lib/python3/dist-packages/colcon_core/task/python/colcon_distutils_commands:/home/tomasz/Desktop/sese_ws/install/gs_package/lib/python3.12/site-packages:${PYTHONPATH} /usr/bin/python3 -W ignore:setup.py install is deprecated setup.py egg_info --egg-base ../../build/gs_package build --build-base /home/tomasz/Desktop/sese_ws/build/gs_package/build install --record /home/tomasz/Desktop/sese_ws/build/gs_package/install.log --single-version-externally-managed install_data
