[1.497s] Invoking command in '/home/tomasz/Desktop/sese_ws/src/py_pubsub': DEBUGINFOD_URLS=https://debuginfod.ubuntu.com PYTHONPATH=/home/tomasz/Desktop/sese_ws/build/py_pubsub/prefix_override:/usr/lib/python3/dist-packages/colcon_core/task/python/colcon_distutils_commands:/home/tomasz/Desktop/sese_ws/install/py_pubsub/lib/python3.12/site-packages:${PYTHONPATH} /usr/bin/python3 -W ignore:setup.py install is deprecated setup.py egg_info --egg-base ../../build/py_pubsub build --build-base /home/tomasz/Desktop/sese_ws/build/py_pubsub/build install --record /home/tomasz/Desktop/sese_ws/build/py_pubsub/install.log --single-version-externally-managed install_data
[1.795s] running egg_info
[1.818s] writing ../../build/py_pubsub/py_pubsub.egg-info/PKG-INFO
[1.818s] writing dependency_links to ../../build/py_pubsub/py_pubsub.egg-info/dependency_links.txt
[1.818s] writing entry points to ../../build/py_pubsub/py_pubsub.egg-info/entry_points.txt
[1.818s] writing requirements to ../../build/py_pubsub/py_pubsub.egg-info/requires.txt
[1.818s] writing top-level names to ../../build/py_pubsub/py_pubsub.egg-info/top_level.txt
[1.864s] reading manifest file '../../build/py_pubsub/py_pubsub.egg-info/SOURCES.txt'
[1.864s] adding license file 'LICENSE'
[1.864s] writing manifest file '../../build/py_pubsub/py_pubsub.egg-info/SOURCES.txt'
[1.865s] running build
[1.865s] running build_py
[1.865s] running install
[1.871s] running install_lib
[1.896s] running install_data
[1.896s] running install_egg_info
[1.920s] removing '/home/tomasz/Desktop/sese_ws/install/py_pubsub/lib/python3.12/site-packages/py_pubsub-0.0.0-py3.12.egg-info' (and everything under it)
[1.920s] Copying ../../build/py_pubsub/py_pubsub.egg-info to /home/tomasz/Desktop/sese_ws/install/py_pubsub/lib/python3.12/site-packages/py_pubsub-0.0.0-py3.12.egg-info
[1.921s] running install_scripts
[2.073s] Installing listener script to /home/tomasz/Desktop/sese_ws/install/py_pubsub/lib/py_pubsub
[2.073s] Installing talker script to /home/tomasz/Desktop/sese_ws/install/py_pubsub/lib/py_pubsub
[2.074s] writing list of installed files to '/home/tomasz/Desktop/sese_ws/build/py_pubsub/install.log'
[2.120s] Invoked command in '/home/tomasz/Desktop/sese_ws/src/py_pubsub' returned '0': DEBUGINFOD_URLS=https://debuginfod.ubuntu.com PYTHONPATH=/home/tomasz/Desktop/sese_ws/build/py_pubsub/prefix_override:/usr/lib/python3/dist-packages/colcon_core/task/python/colcon_distutils_commands:/home/tomasz/Desktop/sese_ws/install/py_pubsub/lib/python3.12/site-packages:${PYTHONPATH} /usr/bin/python3 -W ignore:setup.py install is deprecated setup.py egg_info --egg-base ../../build/py_pubsub build --build-base /home/tomasz/Desktop/sese_ws/build/py_pubsub/build install --record /home/tomasz/Desktop/sese_ws/build/py_pubsub/install.log --single-version-externally-managed install_data
