[0.037s] Invoking command in '/home/tomasz/Desktop/sese_ws/build/examples_rclcpp_minimal_composition': CMAKE_PREFIX_PATH=${CMAKE_PREFIX_PATH}:/opt/ros/jazzy DEBUGINFOD_URLS=https://debuginfod.ubuntu.com /usr/bin/cmake /home/tomasz/Desktop/sese_ws/src/examples/rclcpp/composition/minimal_composition -DAMENT_CMAKE_SYMLINK_INSTALL=1 -DCMAKE_INSTALL_PREFIX=/home/tomasz/Desktop/sese_ws/install/examples_rclcpp_minimal_composition
[1.469s] -- The C compiler identification is GNU 13.2.0
[1.469s] -- The CXX compiler identification is GNU 13.2.0
[1.469s] -- Detecting C compiler ABI info
[1.469s] -- Detecting C compiler ABI info - done
[1.470s] -- Check for working C compiler: /usr/bin/cc - skipped
[1.470s] -- Detecting C compile features
[1.470s] -- Detecting C compile features - done
[1.470s] -- Detecting CXX compiler ABI info
[1.470s] -- Detecting CXX compiler ABI info - done
[1.470s] -- Check for working CXX compiler: /usr/bin/c++ - skipped
[1.471s] -- Detecting CXX compile features
[1.471s] -- Detecting CXX compile features - done
[1.471s] -- Found ament_cmake: 2.5.2 (/opt/ros/jazzy/share/ament_cmake/cmake)
[1.471s] -- Found Python3: /usr/bin/python3 (found version "3.12.3") found components: Interpreter 
[1.472s] -- Override CMake install command with custom implementation using symlinks instead of copying resources
[1.472s] -- Found rclcpp: 28.1.5 (/opt/ros/jazzy/share/rclcpp/cmake)
[1.472s] -- Found rosidl_generator_c: 4.6.4 (/opt/ros/jazzy/share/rosidl_generator_c/cmake)
[1.472s] -- Found rosidl_generator_cpp: 4.6.4 (/opt/ros/jazzy/share/rosidl_generator_cpp/cmake)
[1.484s] -- Using all available rosidl_typesupport_c: rosidl_typesupport_fastrtps_c;rosidl_typesupport_introspection_c
[1.486s] -- Using all available rosidl_typesupport_cpp: rosidl_typesupport_fastrtps_cpp;rosidl_typesupport_introspection_cpp
[1.627s] -- Found rmw_implementation_cmake: 7.3.1 (/opt/ros/jazzy/share/rmw_implementation_cmake/cmake)
[1.635s] -- Found rmw_fastrtps_cpp: 8.4.1 (/opt/ros/jazzy/share/rmw_fastrtps_cpp/cmake)
[1.781s] -- Found OpenSSL: /usr/lib/x86_64-linux-gnu/libcrypto.so (found version "3.0.13")  
[1.818s] -- Found FastRTPS: /opt/ros/jazzy/include (Required is at least version "2.13") 
[1.860s] -- Using RMW implementation 'rmw_fastrtps_cpp' as default
[2.008s] -- Found rclcpp_components: 28.1.5 (/opt/ros/jazzy/share/rclcpp_components/cmake)
[2.086s] -- Found std_msgs: 5.3.5 (/opt/ros/jazzy/share/std_msgs/cmake)
[2.119s] -- Found ament_lint_auto: 0.17.1 (/opt/ros/jazzy/share/ament_lint_auto/cmake)
[2.338s] -- Added test 'copyright' to check source files copyright and LICENSE
[2.341s] -- Added test 'cppcheck' to perform static code analysis on C / C++ code
[2.341s] -- Configured cppcheck include dirs: /home/tomasz/Desktop/sese_ws/src/examples/rclcpp/composition/minimal_composition/include
[2.342s] -- Configured cppcheck exclude dirs and/or files: 
[2.343s] -- Added test 'cpplint' to check C / C++ code against the Google style
[2.343s] -- Configured cpplint exclude dirs and/or files: 
[2.344s] -- Added test 'lint_cmake' to check CMake code style
[2.345s] -- Added test 'uncrustify' to check C / C++ code style
[2.345s] -- Configured uncrustify additional arguments: 
[2.345s] -- Added test 'xmllint' to check XML markup files
[2.346s] -- Configuring done (2.3s)
[2.377s] -- Generating done (0.0s)
[2.380s] -- Build files have been written to: /home/tomasz/Desktop/sese_ws/build/examples_rclcpp_minimal_composition
[2.425s] Invoked command in '/home/tomasz/Desktop/sese_ws/build/examples_rclcpp_minimal_composition' returned '0': CMAKE_PREFIX_PATH=${CMAKE_PREFIX_PATH}:/opt/ros/jazzy DEBUGINFOD_URLS=https://debuginfod.ubuntu.com /usr/bin/cmake /home/tomasz/Desktop/sese_ws/src/examples/rclcpp/composition/minimal_composition -DAMENT_CMAKE_SYMLINK_INSTALL=1 -DCMAKE_INSTALL_PREFIX=/home/tomasz/Desktop/sese_ws/install/examples_rclcpp_minimal_composition
[2.425s] Invoking command in '/home/tomasz/Desktop/sese_ws/build/examples_rclcpp_minimal_composition': CMAKE_PREFIX_PATH=${CMAKE_PREFIX_PATH}:/opt/ros/jazzy DEBUGINFOD_URLS=https://debuginfod.ubuntu.com /usr/bin/cmake --build /home/tomasz/Desktop/sese_ws/build/examples_rclcpp_minimal_composition -- -j16 -l16
[2.586s] [ 11%] [32mBuilding CXX object CMakeFiles/composition_nodes.dir/src/publisher_node.cpp.o[0m
[2.587s] [ 22%] [32mBuilding CXX object CMakeFiles/composition_nodes.dir/src/subscriber_node.cpp.o[0m
[68.205s] [ 33%] [32m[1mLinking CXX shared library libcomposition_nodes.so[0m
[68.631s] [ 33%] Built target composition_nodes
[68.656s] [ 44%] [32mBuilding CXX object CMakeFiles/composition_publisher.dir/src/standalone_publisher.cpp.o[0m
[71.602s] [ 55%] [32m[1mLinking CXX executable composition_publisher[0m
[71.745s] [ 55%] Built target composition_publisher
[71.763s] [ 66%] [32mBuilding CXX object CMakeFiles/composition_composed.dir/src/composed.cpp.o[0m
[74.371s] [ 77%] [32m[1mLinking CXX executable composition_composed[0m
[74.512s] [ 77%] Built target composition_composed
[74.529s] [ 88%] [32mBuilding CXX object CMakeFiles/composition_subscriber.dir/src/standalone_subscriber.cpp.o[0m
[77.080s] [100%] [32m[1mLinking CXX executable composition_subscriber[0m
[77.216s] [100%] Built target composition_subscriber
[77.240s] Invoked command in '/home/tomasz/Desktop/sese_ws/build/examples_rclcpp_minimal_composition' returned '0': CMAKE_PREFIX_PATH=${CMAKE_PREFIX_PATH}:/opt/ros/jazzy DEBUGINFOD_URLS=https://debuginfod.ubuntu.com /usr/bin/cmake --build /home/tomasz/Desktop/sese_ws/build/examples_rclcpp_minimal_composition -- -j16 -l16
[77.269s] Invoking command in '/home/tomasz/Desktop/sese_ws/build/examples_rclcpp_minimal_composition': CMAKE_PREFIX_PATH=${CMAKE_PREFIX_PATH}:/opt/ros/jazzy DEBUGINFOD_URLS=https://debuginfod.ubuntu.com /usr/bin/cmake --install /home/tomasz/Desktop/sese_ws/build/examples_rclcpp_minimal_composition
[77.275s] -- Install configuration: ""
[77.276s] -- Execute custom install script
[77.276s] -- Symlinking: /home/tomasz/Desktop/sese_ws/install/examples_rclcpp_minimal_composition/share/examples_rclcpp_minimal_composition/environment/library_path.sh
[77.284s] -- Symlinking: /home/tomasz/Desktop/sese_ws/install/examples_rclcpp_minimal_composition/share/examples_rclcpp_minimal_composition/environment/library_path.dsv
[77.291s] -- Symlinking: /home/tomasz/Desktop/sese_ws/install/examples_rclcpp_minimal_composition/lib/libcomposition_nodes.so
[77.298s] -- Symlinking: /home/tomasz/Desktop/sese_ws/install/examples_rclcpp_minimal_composition/lib/examples_rclcpp_minimal_composition/composition_publisher
[77.306s] -- Symlinking: /home/tomasz/Desktop/sese_ws/install/examples_rclcpp_minimal_composition/lib/examples_rclcpp_minimal_composition/composition_subscriber
[77.314s] -- Symlinking: /home/tomasz/Desktop/sese_ws/install/examples_rclcpp_minimal_composition/lib/examples_rclcpp_minimal_composition/composition_composed
[77.322s] -- Symlinking: /home/tomasz/Desktop/sese_ws/install/examples_rclcpp_minimal_composition/share/ament_index/resource_index/package_run_dependencies/examples_rclcpp_minimal_composition
[77.330s] -- Symlinking: /home/tomasz/Desktop/sese_ws/install/examples_rclcpp_minimal_composition/share/ament_index/resource_index/parent_prefix_path/examples_rclcpp_minimal_composition
[77.337s] -- Symlinking: /home/tomasz/Desktop/sese_ws/install/examples_rclcpp_minimal_composition/share/examples_rclcpp_minimal_composition/environment/ament_prefix_path.sh
[77.344s] -- Symlinking: /home/tomasz/Desktop/sese_ws/install/examples_rclcpp_minimal_composition/share/examples_rclcpp_minimal_composition/environment/ament_prefix_path.dsv
[77.351s] -- Symlinking: /home/tomasz/Desktop/sese_ws/install/examples_rclcpp_minimal_composition/share/examples_rclcpp_minimal_composition/environment/path.sh
[77.358s] -- Symlinking: /home/tomasz/Desktop/sese_ws/install/examples_rclcpp_minimal_composition/share/examples_rclcpp_minimal_composition/environment/path.dsv
[77.365s] -- Symlinking: /home/tomasz/Desktop/sese_ws/install/examples_rclcpp_minimal_composition/share/examples_rclcpp_minimal_composition/local_setup.bash
[77.372s] -- Symlinking: /home/tomasz/Desktop/sese_ws/install/examples_rclcpp_minimal_composition/share/examples_rclcpp_minimal_composition/local_setup.sh
[77.379s] -- Symlinking: /home/tomasz/Desktop/sese_ws/install/examples_rclcpp_minimal_composition/share/examples_rclcpp_minimal_composition/local_setup.zsh
[77.386s] -- Symlinking: /home/tomasz/Desktop/sese_ws/install/examples_rclcpp_minimal_composition/share/examples_rclcpp_minimal_composition/local_setup.dsv
[77.393s] -- Symlinking: /home/tomasz/Desktop/sese_ws/install/examples_rclcpp_minimal_composition/share/examples_rclcpp_minimal_composition/package.dsv
[77.405s] -- Symlinking: /home/tomasz/Desktop/sese_ws/install/examples_rclcpp_minimal_composition/share/ament_index/resource_index/packages/examples_rclcpp_minimal_composition
[77.413s] -- Symlinking: /home/tomasz/Desktop/sese_ws/install/examples_rclcpp_minimal_composition/share/examples_rclcpp_minimal_composition/cmake/examples_rclcpp_minimal_compositionConfig.cmake
[77.421s] -- Symlinking: /home/tomasz/Desktop/sese_ws/install/examples_rclcpp_minimal_composition/share/examples_rclcpp_minimal_composition/cmake/examples_rclcpp_minimal_compositionConfig-version.cmake
[77.428s] -- Symlinking: /home/tomasz/Desktop/sese_ws/install/examples_rclcpp_minimal_composition/share/examples_rclcpp_minimal_composition/package.xml
[77.436s] Invoked command in '/home/tomasz/Desktop/sese_ws/build/examples_rclcpp_minimal_composition' returned '0': CMAKE_PREFIX_PATH=${CMAKE_PREFIX_PATH}:/opt/ros/jazzy DEBUGINFOD_URLS=https://debuginfod.ubuntu.com /usr/bin/cmake --install /home/tomasz/Desktop/sese_ws/build/examples_rclcpp_minimal_composition
