[2.162s] Invoking command in '/home/tomasz/Desktop/sese_ws/src/py_pubsub': DEBUGINFOD_URLS=https://debuginfod.ubuntu.com PYTHONPATH=/home/tomasz/Desktop/sese_ws/build/py_pubsub/prefix_override:/usr/lib/python3/dist-packages/colcon_core/task/python/colcon_distutils_commands:/home/tomasz/Desktop/sese_ws/install/py_pubsub/lib/python3.12/site-packages:${PYTHONPATH} /usr/bin/python3 -W ignore:setup.py install is deprecated setup.py egg_info --egg-base ../../build/py_pubsub build --build-base /home/tomasz/Desktop/sese_ws/build/py_pubsub/build install --record /home/tomasz/Desktop/sese_ws/build/py_pubsub/install.log --single-version-externally-managed install_data
[2.456s] running egg_info
[2.478s] writing ../../build/py_pubsub/py_pubsub.egg-info/PKG-INFO
[2.478s] writing dependency_links to ../../build/py_pubsub/py_pubsub.egg-info/dependency_links.txt
[2.478s] writing entry points to ../../build/py_pubsub/py_pubsub.egg-info/entry_points.txt
[2.478s] writing requirements to ../../build/py_pubsub/py_pubsub.egg-info/requires.txt
[2.478s] writing top-level names to ../../build/py_pubsub/py_pubsub.egg-info/top_level.txt
[2.523s] reading manifest file '../../build/py_pubsub/py_pubsub.egg-info/SOURCES.txt'
[2.524s] adding license file 'LICENSE'
[2.524s] writing manifest file '../../build/py_pubsub/py_pubsub.egg-info/SOURCES.txt'
[2.524s] running build
[2.525s] running build_py
[2.525s] running install
[2.531s] running install_lib
[2.554s] running install_data
[2.554s] running install_egg_info
[2.577s] removing '/home/tomasz/Desktop/sese_ws/install/py_pubsub/lib/python3.12/site-packages/py_pubsub-0.0.0-py3.12.egg-info' (and everything under it)
[2.578s] Copying ../../build/py_pubsub/py_pubsub.egg-info to /home/tomasz/Desktop/sese_ws/install/py_pubsub/lib/python3.12/site-packages/py_pubsub-0.0.0-py3.12.egg-info
[2.579s] running install_scripts
[2.729s] Installing listener script to /home/tomasz/Desktop/sese_ws/install/py_pubsub/lib/py_pubsub
[2.729s] Installing talker script to /home/tomasz/Desktop/sese_ws/install/py_pubsub/lib/py_pubsub
[2.729s] writing list of installed files to '/home/tomasz/Desktop/sese_ws/build/py_pubsub/install.log'
[2.793s] Invoked command in '/home/tomasz/Desktop/sese_ws/src/py_pubsub' returned '0': DEBUGINFOD_URLS=https://debuginfod.ubuntu.com PYTHONPATH=/home/tomasz/Desktop/sese_ws/build/py_pubsub/prefix_override:/usr/lib/python3/dist-packages/colcon_core/task/python/colcon_distutils_commands:/home/tomasz/Desktop/sese_ws/install/py_pubsub/lib/python3.12/site-packages:${PYTHONPATH} /usr/bin/python3 -W ignore:setup.py install is deprecated setup.py egg_info --egg-base ../../build/py_pubsub build --build-base /home/tomasz/Desktop/sese_ws/build/py_pubsub/build install --record /home/tomasz/Desktop/sese_ws/build/py_pubsub/install.log --single-version-externally-managed install_data
